TrimmomaticPE: Started with arguments:
 -threads 16 subset_file1.fq subset_file2.fq Dstr_0.trimmed_P1.fq Dstr_0.trimmed_U1.fq Dstr_0.trimmed_P2.fq Dstr_0.trimmed_U2.fq ILLUMINACLIP:/bigdata/littlab/arajewski/Datura/software/Fast-Plast/bin/adapters/TruSeq3-PE.fa:1:30:10 SLIDINGWINDOW:10:20 MINLEN:40
Using PrefixPair: 'TACACTCTTTCCCTACACGACGCTCTTCCGATCT' and 'GTGACTGGAGTTCAGACGTGTGCTCTTCCGATCT'
ILLUMINACLIP: Using 1 prefix pairs, 0 forward/reverse sequences, 0 forward only sequences, 0 reverse only sequences
Quality encoding detected as phred33
Exception in thread "Thread-0" java.lang.RuntimeException: Missing sequence line from record: NB501891:114:HMGF5BGX7:2:22210:7027:9858 1:N:0:ATTCAGAA+AGGCTATA
	at org.usadellab.trimmomatic.fastq.FastqParser.parseOne(FastqParser.java:73)
	at org.usadellab.trimmomatic.fastq.FastqParser.next(FastqParser.java:179)
	at org.usadellab.trimmomatic.threading.ParserWorker.run(ParserWorker.java:42)
	at java.lang.Thread.run(Thread.java:745)
Exception in thread "Thread-1" java.lang.RuntimeException: Missing sequence line from record: NB501891:114:HMGF5BGX7:2:22308:18142:13374 1:N:0:ATTCAGAA+GCCTCTAT
	at org.usadellab.trimmomatic.fastq.FastqParser.parseOne(FastqParser.java:73)
	at org.usadellab.trimmomatic.fastq.FastqParser.next(FastqParser.java:179)
	at org.usadellab.trimmomatic.threading.ParserWorker.run(ParserWorker.java:42)
	at java.lang.Thread.run(Thread.java:745)
Input Read Pairs: 19999000 Both Surviving: 17493066 (87.47%) Forward Only Surviving: 1047775 (5.24%) Reverse Only Surviving: 1375818 (6.88%) Dropped: 82341 (0.41%)
TrimmomaticPE: Completed successfully
cat: Dstr*trimmed_SE.fq: No such file or directory
Building a SMALL index
19916659 reads; of these:
  17493066 (87.83%) were paired; of these:
    17493043 (100.00%) aligned concordantly 0 times
    0 (0.00%) aligned concordantly exactly 1 time
    23 (0.00%) aligned concordantly >1 times
    ----
    17493043 pairs aligned concordantly 0 times; of these:
      0 (0.00%) aligned discordantly 1 time
    ----
    17493043 pairs aligned 0 times concordantly or discordantly; of these:
      34986086 mates make up the pairs; of these:
        34280613 (97.98%) aligned 0 times
        6319 (0.02%) aligned exactly 1 time
        699154 (2.00%) aligned >1 times
  2423593 (12.17%) were unpaired; of these:
    2363599 (97.52%) aligned 0 times
    108 (0.00%) aligned exactly 1 time
    59886 (2.47%) aligned >1 times
2.05% overall alignment rate
Building a SMALL index
ERROR: Invalid aligner in library lib1: ../../1_Trimmed_Reads/Dstr.trimmed_P1.fq. Should be either 'bowtie', 'bwa' or 'bwasw' -- fatal
readline() on closed filehandle $afin_file at ../software/Fast-Plast/fast-plast.pl line 1199.
readline() on closed filehandle $file at /bigdata/littlab/arajewski/Datura/software/Fast-Plast/bin/sequence_based_ir_id.pl line 21.
Use of uninitialized value $seqlen in subtraction (-) at /bigdata/littlab/arajewski/Datura/software/Fast-Plast/bin/sequence_based_ir_id.pl line 38.
Use of uninitialized value $current_start in hash element at /bigdata/littlab/arajewski/Datura/software/Fast-Plast/bin/sequence_based_ir_id.pl line 88.
Use of uninitialized value $current_end in hash element at /bigdata/littlab/arajewski/Datura/software/Fast-Plast/bin/sequence_based_ir_id.pl line 88.
Argument "" isn't numeric in sort at /bigdata/littlab/arajewski/Datura/software/Fast-Plast/bin/sequence_based_ir_id.pl line 90.
Argument "" isn't numeric in subtraction (-) at /bigdata/littlab/arajewski/Datura/software/Fast-Plast/bin/sequence_based_ir_id.pl line 92.
Use of uninitialized value $final_start in hash element at /bigdata/littlab/arajewski/Datura/software/Fast-Plast/bin/sequence_based_ir_id.pl line 137.
Use of uninitialized value $final_end in hash element at /bigdata/littlab/arajewski/Datura/software/Fast-Plast/bin/sequence_based_ir_id.pl line 137.
Argument "" isn't numeric in sort at /bigdata/littlab/arajewski/Datura/software/Fast-Plast/bin/sequence_based_ir_id.pl line 140.
Argument "" isn't numeric in subtraction (-) at /bigdata/littlab/arajewski/Datura/software/Fast-Plast/bin/sequence_based_ir_id.pl line 142.
BLAST options error: File Dstr_regions_split0.fsa is empty
BLAST Database error: No alias or index file found for nucleotide database [Dstr_regions_split0.fsa] in search path [/bigdata/littlab/arajewski/Datura/2_Fast-Plast/Dstr/4.5_Reassemble_Low_Coverage::]
readline() on closed filehandle $file at /bigdata/littlab/arajewski/Datura/software/Fast-Plast/bin/sequence_based_ir_id.pl line 21.
Use of uninitialized value $seqlen in subtraction (-) at /bigdata/littlab/arajewski/Datura/software/Fast-Plast/bin/sequence_based_ir_id.pl line 38.
Use of uninitialized value $current_start in hash element at /bigdata/littlab/arajewski/Datura/software/Fast-Plast/bin/sequence_based_ir_id.pl line 88.
Use of uninitialized value $current_end in hash element at /bigdata/littlab/arajewski/Datura/software/Fast-Plast/bin/sequence_based_ir_id.pl line 88.
Argument "" isn't numeric in sort at /bigdata/littlab/arajewski/Datura/software/Fast-Plast/bin/sequence_based_ir_id.pl line 90.
Argument "" isn't numeric in subtraction (-) at /bigdata/littlab/arajewski/Datura/software/Fast-Plast/bin/sequence_based_ir_id.pl line 92.
Use of uninitialized value $final_start in hash element at /bigdata/littlab/arajewski/Datura/software/Fast-Plast/bin/sequence_based_ir_id.pl line 137.
Use of uninitialized value $final_end in hash element at /bigdata/littlab/arajewski/Datura/software/Fast-Plast/bin/sequence_based_ir_id.pl line 137.
Argument "" isn't numeric in sort at /bigdata/littlab/arajewski/Datura/software/Fast-Plast/bin/sequence_based_ir_id.pl line 140.
Argument "" isn't numeric in subtraction (-) at /bigdata/littlab/arajewski/Datura/software/Fast-Plast/bin/sequence_based_ir_id.pl line 142.
BLAST options error: File Dstr_regions_split1.fsa is empty
BLAST Database error: No alias or index file found for nucleotide database [Dstr_regions_split1.fsa] in search path [/bigdata/littlab/arajewski/Datura/2_Fast-Plast/Dstr/4.5_Reassemble_Low_Coverage::]
readline() on closed filehandle $file at /bigdata/littlab/arajewski/Datura/software/Fast-Plast/bin/sequence_based_ir_id.pl line 21.
Use of uninitialized value $seqlen in subtraction (-) at /bigdata/littlab/arajewski/Datura/software/Fast-Plast/bin/sequence_based_ir_id.pl line 38.
Use of uninitialized value $current_start in hash element at /bigdata/littlab/arajewski/Datura/software/Fast-Plast/bin/sequence_based_ir_id.pl line 88.
Use of uninitialized value $current_end in hash element at /bigdata/littlab/arajewski/Datura/software/Fast-Plast/bin/sequence_based_ir_id.pl line 88.
Argument "" isn't numeric in sort at /bigdata/littlab/arajewski/Datura/software/Fast-Plast/bin/sequence_based_ir_id.pl line 90.
Argument "" isn't numeric in subtraction (-) at /bigdata/littlab/arajewski/Datura/software/Fast-Plast/bin/sequence_based_ir_id.pl line 92.
Use of uninitialized value $final_start in hash element at /bigdata/littlab/arajewski/Datura/software/Fast-Plast/bin/sequence_based_ir_id.pl line 137.
Use of uninitialized value $final_end in hash element at /bigdata/littlab/arajewski/Datura/software/Fast-Plast/bin/sequence_based_ir_id.pl line 137.
Argument "" isn't numeric in sort at /bigdata/littlab/arajewski/Datura/software/Fast-Plast/bin/sequence_based_ir_id.pl line 140.
Argument "" isn't numeric in subtraction (-) at /bigdata/littlab/arajewski/Datura/software/Fast-Plast/bin/sequence_based_ir_id.pl line 142.
BLAST options error: File Dstr_regions_split2.fsa is empty
BLAST Database error: No alias or index file found for nucleotide database [Dstr_regions_split2.fsa] in search path [/bigdata/littlab/arajewski/Datura/2_Fast-Plast/Dstr/4.5_Reassemble_Low_Coverage::]
readline() on closed filehandle $file at /bigdata/littlab/arajewski/Datura/software/Fast-Plast/bin/sequence_based_ir_id.pl line 21.
Use of uninitialized value $seqlen in subtraction (-) at /bigdata/littlab/arajewski/Datura/software/Fast-Plast/bin/sequence_based_ir_id.pl line 38.
Use of uninitialized value $current_start in hash element at /bigdata/littlab/arajewski/Datura/software/Fast-Plast/bin/sequence_based_ir_id.pl line 88.
Use of uninitialized value $current_end in hash element at /bigdata/littlab/arajewski/Datura/software/Fast-Plast/bin/sequence_based_ir_id.pl line 88.
Argument "" isn't numeric in sort at /bigdata/littlab/arajewski/Datura/software/Fast-Plast/bin/sequence_based_ir_id.pl line 90.
Argument "" isn't numeric in subtraction (-) at /bigdata/littlab/arajewski/Datura/software/Fast-Plast/bin/sequence_based_ir_id.pl line 92.
Use of uninitialized value $final_start in hash element at /bigdata/littlab/arajewski/Datura/software/Fast-Plast/bin/sequence_based_ir_id.pl line 137.
Use of uninitialized value $final_end in hash element at /bigdata/littlab/arajewski/Datura/software/Fast-Plast/bin/sequence_based_ir_id.pl line 137.
Argument "" isn't numeric in sort at /bigdata/littlab/arajewski/Datura/software/Fast-Plast/bin/sequence_based_ir_id.pl line 140.
Argument "" isn't numeric in subtraction (-) at /bigdata/littlab/arajewski/Datura/software/Fast-Plast/bin/sequence_based_ir_id.pl line 142.
BLAST options error: File Dstr_regions_split3.fsa is empty
BLAST Database error: No alias or index file found for nucleotide database [Dstr_regions_split3.fsa] in search path [/bigdata/littlab/arajewski/Datura/2_Fast-Plast/Dstr/4.5_Reassemble_Low_Coverage::]
Error: could not open ../Final_Assembly_Fixed_Low_Coverage/Dstr_FULLCP.fsa
Error: Encountered internal Bowtie 2 exception (#1)
Command: /bigdata/operations/pkgadmin/opt/linux/centos/7.x/x86_64/pkgs/bowtie2/2.3.4.1/bin/bowtie2-build-s --wrapper basic-0 ../Final_Assembly_Fixed_Low_Coverage/Dstr_FULLCP.fsa Dstr_bowtie 
(ERR): "Dstr_bowtie" does not exist or is not a Bowtie 2 index
Exiting now ...
terminate called after throwing an instance of 'std::runtime_error'
  what():  Can't open file '0/map_*'
sh: 0/Dstr_25dump: No such file or directory
readline() on closed filehandle $assem at /bigdata/littlab/arajewski/Datura/software/Fast-Plast/Coverage_Analysis/new_window_coverage.pl line 14.
Use of uninitialized value $seq in substitution (s///) at /bigdata/littlab/arajewski/Datura/software/Fast-Plast/Coverage_Analysis/new_window_coverage.pl line 20.
Use of uninitialized value $slen in subtraction (-) at /bigdata/littlab/arajewski/Datura/software/Fast-Plast/Coverage_Analysis/new_window_coverage.pl line 22.
readline() on closed filehandle $dfile at /bigdata/littlab/arajewski/Datura/software/Fast-Plast/Coverage_Analysis/new_window_coverage.pl line 44.
Error in read.table(file = args[1]) : no lines available in input
Execution halted
Use of uninitialized value $total_windows in division (/) at /bigdata/littlab/arajewski/Datura/software/Fast-Plast/Coverage_Analysis/check_plastid_coverage.pl line 27.
Use of uninitialized value $total_cov in division (/) at /bigdata/littlab/arajewski/Datura/software/Fast-Plast/Coverage_Analysis/check_plastid_coverage.pl line 27.
Illegal division by zero at /bigdata/littlab/arajewski/Datura/software/Fast-Plast/Coverage_Analysis/check_plastid_coverage.pl line 27.
