Command line: /opt/linux/centos/7.x/x86_64/pkgs/SPAdes/3.13.1/bin/spades.py	--pe1-1	/rhome/arajewski/bigdata/Datura/1_QCQA/DstrTrim_1P.fq	--pe1-2	/rhome/arajewski/bigdata/Datura/1_QCQA/DstrTrim_2P.fq	--pe1-s	/rhome/arajewski/bigdata/Datura/1_QCQA/DstrTrim_1U.fq	--nanopore	/rhome/arajewski/bigdata/Datura/1_QCQA/Dstr.filt_q10_l500_crop50.fastq.gz	-t	4	-m	500	-o	/rhome/arajewski/bigdata/Datura/2_SPAdes	

System information:
  SPAdes version: 3.13.1
  Python version: 2.7.15
  OS: Linux-3.10.0-957.el7.x86_64-x86_64-with-centos-7.6.1810-Core

Output dir: /rhome/arajewski/bigdata/Datura/2_SPAdes
Mode: read error correction and assembling
Debug mode is turned OFF

Dataset parameters:
  Multi-cell mode (you should set '--sc' flag if input data was obtained with MDA (single-cell) technology or --meta flag if processing metagenomic dataset)
  Reads:
    Library number: 1, library type: paired-end
      orientation: fr
      left reads: ['/rhome/arajewski/bigdata/Datura/1_QCQA/DstrTrim_1P.fq']
      right reads: ['/rhome/arajewski/bigdata/Datura/1_QCQA/DstrTrim_2P.fq']
      interlaced reads: not specified
      single reads: ['/rhome/arajewski/bigdata/Datura/1_QCQA/DstrTrim_1U.fq']
      merged reads: not specified
    Library number: 2, library type: nanopore
      left reads: not specified
      right reads: not specified
      interlaced reads: not specified
      single reads: ['/rhome/arajewski/bigdata/Datura/1_QCQA/Dstr.filt_q10_l500_crop50.fastq.gz']
      merged reads: not specified
Read error correction parameters:
  Iterations: 1
  PHRED offset will be auto-detected
  Corrected reads will be compressed
Assembly parameters:
  k: automatic selection based on read length
  Repeat resolution is enabled
  Mismatch careful mode is turned OFF
  MismatchCorrector will be SKIPPED
  Coverage cutoff is turned OFF
Other parameters:
  Dir for temp files: /rhome/arajewski/bigdata/Datura/2_SPAdes/tmp
  Threads: 4
  Memory limit (in Gb): 500


======= SPAdes pipeline started. Log can be found here: /rhome/arajewski/bigdata/Datura/2_SPAdes/spades.log


===== Read error correction started. 


== Running read error correction tool: /bigdata/operations/pkgadmin/opt/linux/centos/7.x/x86_64/pkgs/SPAdes/3.13.1/bin/spades-hammer /rhome/arajewski/bigdata/Datura/2_SPAdes/corrected/configs/config.info

  0:00:00.000     4M / 4M    INFO    General                 (main.cpp                  :  75)   Starting BayesHammer, built from refs/heads/spades_3.13.1, git revision 9a9d54db2ff9abaac718155bf74c12ec9464e8ca
  0:00:00.001     4M / 4M    INFO    General                 (main.cpp                  :  76)   Loading config from /rhome/arajewski/bigdata/Datura/2_SPAdes/corrected/configs/config.info
  0:00:00.004     4M / 4M    INFO    General                 (main.cpp                  :  78)   Maximum # of threads to use (adjusted due to OMP capabilities): 4
  0:00:00.005     4M / 4M    INFO    General                 (memory_limit.cpp          :  49)   Memory limit set to 500 Gb
  0:00:00.005     4M / 4M    INFO    General                 (main.cpp                  :  86)   Trying to determine PHRED offset
  0:00:00.404     4M / 4M    INFO    General                 (main.cpp                  :  92)   Determined value is 33
  0:00:00.405     4M / 4M    INFO    General                 (hammer_tools.cpp          :  36)   Hamming graph threshold tau=1, k=21, subkmer positions = [ 0 10 ]
  0:00:00.405     4M / 4M    INFO    General                 (main.cpp                  : 113)   Size of aux. kmer data 24 bytes
     === ITERATION 0 begins ===
  0:00:00.410     4M / 4M    INFO   K-mer Index Building     (kmer_index_builder.hpp    : 301)   Building kmer index
  0:00:00.410     4M / 4M    INFO    General                 (kmer_index_builder.hpp    : 117)   Splitting kmer instances into 64 files using 4 threads. This might take a while.
  0:00:00.412     4M / 4M    INFO    General                 (file_limit.hpp            :  32)   Open file limit set to 4096
  0:00:00.412     4M / 4M    INFO    General                 (kmer_splitters.hpp        :  89)   Memory available for splitting buffers: 41.6663 Gb
  0:00:00.412     4M / 4M    INFO    General                 (kmer_splitters.hpp        :  97)   Using cell size of 1048576
  0:00:00.413     3G / 3G    INFO   K-mer Splitting          (kmer_data.cpp             :  97)   Processing /rhome/arajewski/bigdata/Datura/1_QCQA/DstrTrim_1P.fq
  0:00:13.625     3G / 3G    INFO   K-mer Splitting          (kmer_data.cpp             : 107)   Processed 1821998 reads
  0:00:28.765     3G / 3G    INFO   K-mer Splitting          (kmer_data.cpp             : 107)   Processed 3646713 reads
  0:00:43.718     3G / 3G    INFO   K-mer Splitting          (kmer_data.cpp             : 107)   Processed 5461987 reads
  0:00:59.702     3G / 3G    INFO   K-mer Splitting          (kmer_data.cpp             : 107)   Processed 7283660 reads
  0:01:16.135     3G / 3G    INFO   K-mer Splitting          (kmer_data.cpp             : 107)   Processed 9101901 reads
  0:01:32.475     3G / 3G    INFO   K-mer Splitting          (kmer_data.cpp             : 107)   Processed 10942415 reads
  0:01:47.612     3G / 3G    INFO   K-mer Splitting          (kmer_data.cpp             : 107)   Processed 12805464 reads
  0:02:02.011     3G / 3G    INFO   K-mer Splitting          (kmer_data.cpp             : 107)   Processed 14666586 reads
  0:02:14.938     3G / 3G    INFO   K-mer Splitting          (kmer_data.cpp             : 107)   Processed 16527464 reads
  0:02:31.163     3G / 3G    INFO   K-mer Splitting          (kmer_data.cpp             : 107)   Processed 18386498 reads
  0:04:44.940     3G / 3G    INFO   K-mer Splitting          (kmer_data.cpp             : 107)   Processed 34928682 reads
  0:15:01.009     3G / 3G    INFO   K-mer Splitting          (kmer_data.cpp             : 107)   Processed 67530775 reads
  0:36:09.159     3G / 3G    INFO   K-mer Splitting          (kmer_data.cpp             : 107)   Processed 134248590 reads
  1:22:09.070     3G / 3G    INFO   K-mer Splitting          (kmer_data.cpp             : 107)   Processed 269132458 reads
  1:36:30.190     3G / 3G    INFO   K-mer Splitting          (kmer_data.cpp             :  97)   Processing /rhome/arajewski/bigdata/Datura/1_QCQA/DstrTrim_2P.fq
  2:48:14.488     3G / 3G    INFO   K-mer Splitting          (kmer_data.cpp             : 107)   Processed 537164034 reads
  3:17:58.977     3G / 3G    INFO   K-mer Splitting          (kmer_data.cpp             :  97)   Processing /rhome/arajewski/bigdata/Datura/1_QCQA/DstrTrim_1U.fq
  4:06:00.593     3G / 3G    INFO   K-mer Splitting          (kmer_data.cpp             : 112)   Total 827509878 reads processed
  4:06:00.606    16M / 3G    INFO    General                 (kmer_index_builder.hpp    : 120)   Starting k-mer counting.
  5:34:32.228    16M / 3G    INFO    General                 (kmer_index_builder.hpp    : 127)   K-mer counting done. There are 6121625836 kmers in total.
  5:34:32.228    16M / 3G    INFO    General                 (kmer_index_builder.hpp    : 133)   Merging temporary buckets.
  5:38:48.239    16M / 3G    INFO   K-mer Index Building     (kmer_index_builder.hpp    : 314)   Building perfect hash indices
  5:51:15.523     2G / 3G    INFO    General                 (kmer_index_builder.hpp    : 150)   Merging final buckets.
  5:52:08.121     2G / 3G    INFO   K-mer Index Building     (kmer_index_builder.hpp    : 336)   Index built. Total 2838623566 bytes occupied (3.70963 bits per kmer).
  5:52:08.123     2G / 3G    INFO   K-mer Counting           (kmer_data.cpp             : 356)   Arranging kmers in hash map order
202:51:02.921    94G / 94G   INFO    General                 (main.cpp                  : 148)   Clustering Hamming graph.
208:26:24.381    94G / 94G   INFO    General                 (main.cpp                  : 155)   Extracting clusters
209:12:29.520    94G / 247G  INFO    General                 (main.cpp                  : 167)   Clustering done. Total clusters: 2809386344
209:12:29.637    48G / 247G  INFO   K-mer Counting           (kmer_data.cpp             : 376)   Collecting K-mer information, this takes a while.
209:13:35.347   185G / 247G  INFO   K-mer Counting           (kmer_data.cpp             : 382)   Processing /rhome/arajewski/bigdata/Datura/1_QCQA/DstrTrim_1P.fq
213:37:09.215   185G / 247G  INFO   K-mer Counting           (kmer_data.cpp             : 382)   Processing /rhome/arajewski/bigdata/Datura/1_QCQA/DstrTrim_2P.fq
217:57:52.845   185G / 247G  INFO   K-mer Counting           (kmer_data.cpp             : 382)   Processing /rhome/arajewski/bigdata/Datura/1_QCQA/DstrTrim_1U.fq
219:51:06.809   185G / 247G  INFO   K-mer Counting           (kmer_data.cpp             : 389)   Collection done, postprocessing.
219:51:25.235   185G / 247G  INFO   K-mer Counting           (kmer_data.cpp             : 403)   There are 6121625836 kmers in total. Among them 2895424962 (47.2983%) are singletons.
219:51:25.235   185G / 247G  INFO    General                 (main.cpp                  : 173)   Subclustering Hamming graph
