
Running: /opt/linux/centos/7.x/x86_64/pkgs/LINKS/1.8.4/LINKS [v1.8.4]
-f Dstr_v1.3_links1_k15.scaffolds.fa
-s nanopore.txt
-m 
-d 10000
-k 15
-e 0.1
-l 5
-a 0.3
-t 5
-o 0
-z 500
-b Dstr_v1.3_links2_k15
-r 
-p 0.001
-x 0

----------------- Verifying files -----------------

Checking Dstr.filt_q10_l500_crop50.fastq...ok
Checking sequence target file Dstr_v1.3_links1_k15.scaffolds.fa...ok


=>Reading contig/sequence assembly file: Sat Nov  2 08:01:53 PDT 2019
Building a Bloom filter using 15-mers derived from sequences in -f Dstr_v1.3_links1_k15.scaffolds.fa...
*****
Bloom filter specs
elements=2042213018
FPR=0.001
size (bits)=29362096512
hash functions=9
*****
Contigs (>= 500 bp) processed k=15:
599195



=>Writing Bloom filter to disk (Dstr_v1.3_links2_k15.bloom): Sat Nov  2 08:55:18 PDT 2019

Running: /opt/linux/centos/7.x/x86_64/pkgs/LINKS/1.8.4/LINKS [v1.8.4]
-f Dstr_v1.3_links1_k15.scaffolds.fa
-s nanopore.txt
-m 
-d 10000
-k 15
-e 0.1
-l 5
-a 0.3
-t 10
-o 0
-z 500
-b Dstr_v1.3_links2_k15
-r 
-p 0.001
-x 0

----------------- Verifying files -----------------

Checking Dstr.filt_q10_l500_crop50.fastq...ok
Checking sequence target file Dstr_v1.3_links1_k15.scaffolds.fa...ok


=>Reading contig/sequence assembly file: Mon Nov  4 09:34:42 PST 2019
Building a Bloom filter using 15-mers derived from sequences in -f Dstr_v1.3_links1_k15.scaffolds.fa...
