
Running: /opt/linux/centos/7.x/x86_64/pkgs/LINKS/1.8.4/LINKS [v1.8.4]
-f Dstr_v1.3_z100_links1_k15.scaffolds.fa
-s nanopore.txt
-m 
-d 10000
-k 15
-e 0.1
-l 5
-a 0.3
-t 10
-o 0
-z 100
-b Dstr_v1.3_z100_links2_k15
-r 
-p 0.001
-x 0

----------------- Verifying files -----------------

Checking Dstr.filt_q10_l500_crop50.fastq...ok
Checking sequence target file Dstr_v1.3_z100_links1_k15.scaffolds.fa...ok


=>Reading contig/sequence assembly file: Mon Nov  4 09:30:28 PST 2019
Building a Bloom filter using 15-mers derived from sequences in -f Dstr_v1.3_z100_links1_k15.scaffolds.fa...
