/opt/linux/centos/7.x/x86_64/pkgs/miniconda3/4.3.31/bin/mpirun -np 4 ABYSS-P -k50 -q3    --coverage-hist=coverage.hist -s Dstr_v1.3_k50-bubbles.fa  -o Dstr_v1.3_k50-1.fa /rhome/arajewski/bigdata/Datura/1_QCQA/DstrTrim_1P.fq /rhome/arajewski/bigdata/Datura/1_QCQA/DstrTrim_2P.fq /rhome/arajewski/bigdata/Datura/1_QCQA//rhome/bigdata/DstrTrim_1U.fq /rhome/arajewski/bigdata/Datura/1_QCQA//rhome/bigdata/DstrTrim_2U.fq
ABySS 2.0.2
ABYSS-P -k50 -q3 --coverage-hist=coverage.hist -s Dstr_v1.3_k50-bubbles.fa -o Dstr_v1.3_k50-1.fa /rhome/arajewski/bigdata/Datura/1_QCQA/DstrTrim_1P.fq /rhome/arajewski/bigdata/Datura/1_QCQA/DstrTrim_2P.fq /rhome/arajewski/bigdata/Datura/1_QCQA//rhome/bigdata/DstrTrim_1U.fq /rhome/arajewski/bigdata/Datura/1_QCQA//rhome/bigdata/DstrTrim_2U.fq
Running on 4 processors
1: Running on host i39
2: Running on host i39
3: Running on host i39
0: Running on host i39
0: Reading `/rhome/arajewski/bigdata/Datura/1_QCQA/DstrTrim_1P.fq'...
3: Reading `/rhome/arajewski/bigdata/Datura/1_QCQA//rhome/bigdata/DstrTrim_2U.fq'...
1: Reading `/rhome/arajewski/bigdata/Datura/1_QCQA/DstrTrim_2P.fq'...
2: Reading `/rhome/arajewski/bigdata/Datura/1_QCQA//rhome/bigdata/DstrTrim_1U.fq'...
error: `/rhome/arajewski/bigdata/Datura/1_QCQA//rhome/bigdata/DstrTrim_2U.fq': No such file or directoryerror: `
/rhome/arajewski/bigdata/Datura/1_QCQA//rhome/bigdata/DstrTrim_1U.fq': No such file or directory
--------------------------------------------------------------------------
Primary job  terminated normally, but 1 process returned
a non-zero exit code. Per user-direction, the job has been aborted.
--------------------------------------------------------------------------
--------------------------------------------------------------------------
mpirun detected that one or more processes exited with non-zero status, thus causing
the job to be terminated. The first process to do so was:

  Process name: [[57489,1],2]
  Exit code:    1
--------------------------------------------------------------------------
make: *** [Dstr_v1.3_k50-1.fa] Error 1
