[Thu Sep 26 22:00:31 PDT 2019] Processing pe library reads
[Thu Sep 26 22:00:31 PDT 2019] Average PE read length 124
[Thu Sep 26 22:00:32 PDT 2019] Using kmer size of 51 for the graph
[Thu Sep 26 22:00:33 PDT 2019] MIN_Q_CHAR: 33
[Thu Sep 26 22:00:33 PDT 2019] Error correct PE
[Fri Sep 27 06:16:29 PDT 2019] Estimating genome size
[Fri Sep 27 07:24:01 PDT 2019] Estimated genome size: 1743399272
[Fri Sep 27 07:24:01 PDT 2019] Creating k-unitigs with k=51
[Fri Sep 27 22:23:25 PDT 2019] Computing super reads from PE 
[Sun Sep 29 01:44:46 PDT 2019] Using Flye from /bigdata/operations/pkgadmin/opt/linux/centos/7.x/x86_64/pkgs/MaSuRCA/3.3.3/bin/../Flye/bin
[Sun Sep 29 01:44:46 PDT 2019] Running mega-reads correction/assembly
[Sun Sep 29 01:44:46 PDT 2019] Using mer size 15 for mapping, B=15, d=0.02
[Sun Sep 29 01:44:46 PDT 2019] Estimated Genome Size 1743399272
[Sun Sep 29 01:44:46 PDT 2019] Estimated Ploidy 2
[Sun Sep 29 01:44:46 PDT 2019] Using 32 threads
[Sun Sep 29 01:44:46 PDT 2019] Output prefix mr.41.15.15.0.02
[Sun Sep 29 01:44:47 PDT 2019] Using 25x of the longest ONT reads
[Sun Sep 29 01:50:11 PDT 2019] Reducing super-read k-mer size
[Sun Sep 29 10:07:23 PDT 2019] Mega-reads pass 1
[Sun Sep 29 10:07:23 PDT 2019] Running on the grid in 12 batches
 
To submit SLURM jobs, please run
 
sbatch -D /rhome/arajewski/bigdata/Datura/2_MaSuRCA333/mr_pass1 -J create_mega_reads -a 1-12 -n 32 -p intel -N 1 mr_pass1/create_mega_reads.sh
 
Please re-run assemble.sh when all jobs finish. If you get this message again, it means that some jobs failed, simply re-submit again using the above command.
 
[Sun Sep 29 10:07:52 PDT 2019] mega-reads pass 1 on the grid exited, please re-run assemble.sh
[Sun Sep 29 10:07:52 PDT 2019] Assembly with flye failed, see files under flye/
