
module load miniconda3
/usr/bin/modulecmd bash $*
LOADEDMODULES=slurm/19.05.0:openmpi/4.0.1-slurm-19.05.0:ggobi/2.1.11:texlive/2017:pandoc/2.0:netcdf/4.4.1.1:java/8:geos/3.7.1:gdal/2.1.3:hdf5/1.10.1:R/3.6.0:miniconda2/4.4.10:perl/5.20.2:less-highlight/1.0:iigb_utilities/1:vim/8.1:miniconda3/4.3.31 ;export LOADEDMODULES;PATH=/opt/linux/centos/7.x/x86_64/pkgs/miniconda3/4.3.31/bin:/opt/linux/centos/7.x/x86_64/pkgs/vim/8.1/bin:/opt/linux/centos/7.x/x86_64/pkgs/iigb_utilities/1/bin:/opt/linux/centos/7.x/x86_64/pkgs/perl/5.20.2/bin:/opt/linux/centos/7.x/x86_64/pkgs/miniconda2/4.4.10/bin:/opt/linux/centos/7.x/x86_64/pkgs/hdf5/1.10.1/bin:/opt/linux/centos/7.x/x86_64/pkgs/gdal/2.1.3/bin:/opt/linux/centos/7.x/x86_64/pkgs/geos/3.7.1/bin:/opt/linux/centos/7.x/x86_64/pkgs/java/jdk1.8.0_45/bin:/opt/linux/centos/7.x/x86_64/pkgs/netcdf/4.4.1.1/bin:/opt/linux/centos/7.x/x86_64/pkgs/pandoc/2.0/bin:/opt/linux/centos/7.x/x86_64/pkgs/texlive/2017/bin/x86_64-linux:/opt/linux/centos/7.x/x86_64/pkgs/ggobi/2.1.11/bin:/opt/linux/centos/7.x/x86_64/pkgs/R/3.6.0/bin:/opt/linux/centos/7.x/x86_64/pkgs/openmpi/4.0.1-slurm-19.05.0/bin:/opt/linux/centos/7.x/x86_64/pkgs/slurm/19.05.0/bin:/opt/linux/centos/7.x/x86_64/pkgs/slurm/19.05.0/sbin:/usr/bin:/bin:/usr/local/games:/usr/games:/usr/local/bin:/usr/lpp/mmfs/bin:/opt/ibutils/bin ;export PATH;_LMFILES_=/opt/linux/centos/7.x/x86_64/modules/slurm/19.05.0:/opt/linux/centos/7.x/x86_64/modules/openmpi/4.0.1-slurm-19.05.0:/opt/linux/centos/7.x/x86_64/modules/ggobi/2.1.11:/opt/linux/centos/7.x/x86_64/modules/texlive/2017:/opt/linux/centos/7.x/x86_64/modules/pandoc/2.0:/opt/linux/centos/7.x/x86_64/modules/netcdf/4.4.1.1:/opt/linux/centos/7.x/x86_64/modules/java/8:/opt/linux/centos/7.x/x86_64/modules/geos/3.7.1:/opt/linux/centos/7.x/x86_64/modules/gdal/2.1.3:/opt/linux/centos/7.x/x86_64/modules/hdf5/1.10.1:/opt/linux/centos/7.x/x86_64/modules/R/3.6.0:/opt/linux/centos/7.x/x86_64/modules/miniconda2/4.4.10:/opt/linux/centos/7.x/x86_64/modules/perl/5.20.2:/opt/linux/centos/7.x/x86_64/modules/less-highlight/1.0:/opt/linux/centos/7.x/x86_64/modules/iigb_utilities/1:/opt/linux/centos/7.x/x86_64/modules/vim/8.1:/opt/linux/centos/7.x/x86_64/modules/miniconda3/4.3.31 ;export _LMFILES_;
source activate masurca
#!/bin/sh
_CONDA_ROOT="/opt/linux/centos/7.x/x86_64/pkgs/miniconda3/4.3.31"
# Copyright (C) 2012 Anaconda, Inc
# SPDX-License-Identifier: BSD-3-Clause
\. "$_CONDA_ROOT/etc/profile.d/conda.sh" || return $?
export CONDA_EXE='/opt/linux/centos/7.x/x86_64/pkgs/miniconda3/4.3.31/bin/conda'
export _CE_M=''
export _CE_CONDA=''
export CONDA_PYTHON_EXE='/opt/linux/centos/7.x/x86_64/pkgs/miniconda3/4.3.31/bin/python'

# Copyright (C) 2012 Anaconda, Inc
# SPDX-License-Identifier: BSD-3-Clause

__add_sys_prefix_to_path() {
    # In dev-mode CONDA_EXE is python.exe and on Windows
    # it is in a different relative location to condabin.
    if [ -n "${_CE_CONDA}" ] && [ -n "${WINDIR+x}" ]; then
        SYSP=$(\dirname "${CONDA_EXE}")
    else
        SYSP=$(\dirname "${CONDA_EXE}")
        SYSP=$(\dirname "${SYSP}")
    fi

    if [ -n "${WINDIR+x}" ]; then
        PATH="${SYSP}/bin:${PATH}"
        PATH="${SYSP}/Scripts:${PATH}"
        PATH="${SYSP}/Library/bin:${PATH}"
        PATH="${SYSP}/Library/usr/bin:${PATH}"
        PATH="${SYSP}/Library/mingw-w64/bin:${PATH}"
        PATH="${SYSP}:${PATH}"
    else
        PATH="${SYSP}/bin:${PATH}"
    fi
    \export PATH
}

__conda_hashr() {
    if [ -n "${ZSH_VERSION:+x}" ]; then
        \rehash
    elif [ -n "${POSH_VERSION:+x}" ]; then
        :  # pass
    else
        \hash -r
    fi
}

__conda_activate() {
    if [ -n "${CONDA_PS1_BACKUP:+x}" ]; then
        # Handle transition from shell activated with conda <= 4.3 to a subsequent activation
        # after conda updated to >= 4.4. See issue #6173.
        PS1="$CONDA_PS1_BACKUP"
        \unset CONDA_PS1_BACKUP
    fi

    \local cmd="$1"
    shift
    \local ask_conda
    OLDPATH="${PATH}"
    __add_sys_prefix_to_path
    ask_conda="$(PS1="$PS1" "$CONDA_EXE" $_CE_M $_CE_CONDA shell.posix "$cmd" "$@")" || \return $?
    PATH="${OLDPATH}"
    \eval "$ask_conda"
    __conda_hashr
}

__conda_reactivate() {
    \local ask_conda
    OLDPATH="${PATH}"
    __add_sys_prefix_to_path
    ask_conda="$(PS1="$PS1" "$CONDA_EXE" $_CE_M $_CE_CONDA shell.posix reactivate)" || \return $?
    PATH="${OLDPATH}"
    \eval "$ask_conda"
    __conda_hashr
}

conda() {
    if [ "$#" -lt 1 ]; then
        "$CONDA_EXE" $_CE_M $_CE_CONDA
    else
        \local cmd="$1"
        shift
        case "$cmd" in
            activate|deactivate)
                __conda_activate "$cmd" "$@"
                ;;
            install|update|upgrade|remove|uninstall)
                OLDPATH="${PATH}"
                __add_sys_prefix_to_path
                "$CONDA_EXE" $_CE_M $_CE_CONDA "$cmd" "$@"
                \local t1=$?
                PATH="${OLDPATH}"
                if [ $t1 = 0 ]; then
                    __conda_reactivate
                else
                    return $t1
                fi
                ;;
            *)
                OLDPATH="${PATH}"
                __add_sys_prefix_to_path
                "$CONDA_EXE" $_CE_M $_CE_CONDA "$cmd" "$@"
                \local t1=$?
                PATH="${OLDPATH}"
                return $t1
                ;;
        esac
    fi
}

if [ -z "${CONDA_SHLVL+x}" ]; then
    \export CONDA_SHLVL=0
    # In dev-mode CONDA_EXE is python.exe and on Windows
    # it is in a different relative location to condabin.
    if [ -n "${_CE_CONDA+x}" ] && [ -n "${WINDIR+x}" ]; then
        PATH="$(\dirname "$CONDA_EXE")/condabin${PATH:+":${PATH}"}"
    else
        PATH="$(\dirname "$(\dirname "$CONDA_EXE")")/condabin${PATH:+":${PATH}"}"
    fi
    \export PATH

    # We're not allowing PS1 to be unbound. It must at least be set.
    # However, we're not exporting it, which can cause problems when starting a second shell
    # via a first shell (i.e. starting zsh from bash).
    if [ -z "${PS1+x}" ]; then
        PS1=
    fi
fi

conda activate "$@"
PS1='(masurca) '
export PATH='/opt/linux/centos/7.x/x86_64/pkgs/miniconda3/4.3.31/envs/masurca/bin:/opt/linux/centos/7.x/x86_64/pkgs/miniconda3/4.3.31/condabin:/opt/linux/centos/7.x/x86_64/pkgs/miniconda3/4.3.31/bin:/opt/linux/centos/7.x/x86_64/pkgs/vim/8.1/bin:/opt/linux/centos/7.x/x86_64/pkgs/iigb_utilities/1/bin:/opt/linux/centos/7.x/x86_64/pkgs/perl/5.20.2/bin:/opt/linux/centos/7.x/x86_64/pkgs/miniconda2/4.4.10/bin:/opt/linux/centos/7.x/x86_64/pkgs/hdf5/1.10.1/bin:/opt/linux/centos/7.x/x86_64/pkgs/gdal/2.1.3/bin:/opt/linux/centos/7.x/x86_64/pkgs/geos/3.7.1/bin:/opt/linux/centos/7.x/x86_64/pkgs/java/jdk1.8.0_45/bin:/opt/linux/centos/7.x/x86_64/pkgs/netcdf/4.4.1.1/bin:/opt/linux/centos/7.x/x86_64/pkgs/pandoc/2.0/bin:/opt/linux/centos/7.x/x86_64/pkgs/texlive/2017/bin/x86_64-linux:/opt/linux/centos/7.x/x86_64/pkgs/ggobi/2.1.11/bin:/opt/linux/centos/7.x/x86_64/pkgs/R/3.6.0/bin:/opt/linux/centos/7.x/x86_64/pkgs/openmpi/4.0.1-slurm-19.05.0/bin:/opt/linux/centos/7.x/x86_64/pkgs/slurm/19.05.0/bin:/opt/linux/centos/7.x/x86_64/pkgs/slurm/19.05.0/sbin:/usr/bin:/bin:/usr/local/games:/usr/games:/usr/local/bin:/usr/lpp/mmfs/bin:/opt/ibutils/bin'
export CONDA_PREFIX='/opt/linux/centos/7.x/x86_64/pkgs/miniconda3/4.3.31/envs/masurca'
export CONDA_SHLVL='1'
export CONDA_DEFAULT_ENV='masurca'
export CONDA_PROMPT_MODIFIER='(masurca) '
export CONDA_EXE='/opt/linux/centos/7.x/x86_64/pkgs/miniconda3/4.3.31/bin/conda'
export _CE_M=''
export _CE_CONDA=''
export CONDA_PYTHON_EXE='/opt/linux/centos/7.x/x86_64/pkgs/miniconda3/4.3.31/bin/python'

echo $(date): Running Flye
Thu Sep 19 15:45:20 PDT 2019: Running Flye
GS=`cat ESTIMATED_GENOME_SIZE.txt` && flye --nano-corr mr.41.15.15.0.02.1.fa -t $SLURM_NTASKS -g $GS -m 2000 -o flye_assembly -i 0
cat ESTIMATED_GENOME_SIZE.txt
[2019-09-19 15:45:23] INFO: Starting Flye 2.5-release
[2019-09-19 15:45:23] INFO: >>>STAGE: configure
[2019-09-19 15:45:23] INFO: Configuring run
[2019-09-19 15:45:23] WARNING: Input contain non-ACGT characters - they will be converted to arbitrary ACGTs
[2019-09-19 15:45:44] INFO: Total read length: 5684405104
[2019-09-19 15:45:44] INFO: Input genome size: 1743399272
[2019-09-19 15:45:44] INFO: Estimated coverage: 3
[2019-09-19 15:45:44] WARNING: Expected read coverage is 3, the assembly is not guaranteed to be optimal in this setting. Are you sure that the genome size was entered correctly?
[2019-09-19 15:45:44] INFO: Reads N50/N90: 24120 / 6129
[2019-09-19 15:45:44] INFO: Selected minimum overlap: 2000
[2019-09-19 15:45:44] INFO: Selected k-mer size: 17
[2019-09-19 15:45:44] INFO: >>>STAGE: assembly
[2019-09-19 15:45:44] INFO: Assembling disjointigs
[2019-09-19 15:45:44] INFO: Reading sequences
[2019-09-19 15:46:27] INFO: Generating solid k-mer index
[2019-09-19 15:51:51] INFO: Counting k-mers (1/2):
0% 10% 20% 30% 40% 50% 60% 70% 80% 90% 100% 
[2019-09-19 15:53:02] INFO: Counting k-mers (2/2):
0% 10% 20% 30% 40% 50% 60% 70% 80% 90% 100% 
[2019-09-19 15:56:13] INFO: Filling index table
0% 10% 20% 30% 40% 50% 60% 70% 80% 90% 100% 
[2019-09-19 16:00:11] INFO: Extending reads
[2019-09-19 16:01:56] INFO: Overlap-based coverage: 4
[2019-09-19 16:01:56] INFO: Median overlap divergence: -0.00722161
0% 10% 20% 30% 40% 50% 60% 70% 80% 90% 100% 
[2019-09-19 18:32:29] INFO: Assembled 12036 disjointigs
[2019-09-19 18:32:33] INFO: Generating sequence
0% 10% 20% 30% 40% 50% 60% 70% 80% 90% 100% 
[2019-09-19 19:28:46] INFO: >>>STAGE: consensus
[2019-09-19 19:29:06] INFO: Running Minimap2
[2019-09-19 21:47:03] INFO: Computing consensus
[2019-09-19 22:44:02] INFO: Alignment error rate: 0.08827603247
[2019-09-19 22:44:12] INFO: >>>STAGE: repeat
[2019-09-19 22:44:12] INFO: Building and resolving repeat graph
[2019-09-19 22:44:12] INFO: Reading sequences
[2019-09-19 22:45:01] INFO: Building repeat graph
0% 10% 20% slurmstepd-i32: error: *** JOB 126660 ON i32 CANCELLED AT 2019-09-20T11:45:33 DUE TO TIME LIMIT ***
