miniconda2/4.4.10(23):ERROR:150: Module 'miniconda2/4.4.10' conflicts with the currently loaded module(s) 'python/3.6.0'
miniconda2/4.4.10(23):ERROR:102: Tcl command execution failed: conflict    python



#the point of this script is to assess the assembly with the BUSCO database

module load busco/3.0.2
/usr/bin/modulecmd bash $*
PATH=/opt/linux/centos/7.x/x86_64/pkgs/busco/3.0.2/scripts/:/opt/linux/centos/7.x/x86_64/pkgs/augustus/3.3/bin:/opt/linux/centos/7.x/x86_64/pkgs/augustus/3.3/scripts:/opt/linux/centos/7.x/x86_64/pkgs/bamtools/2.4.0/bin:/opt/linux/centos/7.x/x86_64/pkgs/hmmer/3.1b2/bin:/opt/linux/centos/7.x/x86_64/pkgs/ncbi-blast/2.7.1+/bin:/opt/linux/centos/7.x/x86_64/pkgs/python/3.6.0/bin:/opt/linux/centos/7.x/x86_64/pkgs/vim/8.1/bin:/opt/linux/centos/7.x/x86_64/pkgs/iigb_utilities/1/bin:/opt/linux/centos/7.x/x86_64/pkgs/perl/5.20.2/bin:/opt/linux/centos/7.x/x86_64/pkgs/hdf5/1.10.1/bin:/opt/linux/centos/7.x/x86_64/pkgs/gdal/2.1.3/bin:/opt/linux/centos/7.x/x86_64/pkgs/geos/3.7.1/bin:/opt/linux/centos/7.x/x86_64/pkgs/java/jdk1.8.0_45/bin:/opt/linux/centos/7.x/x86_64/pkgs/netcdf/4.4.1.1/bin:/opt/linux/centos/7.x/x86_64/pkgs/pandoc/2.0/bin:/opt/linux/centos/7.x/x86_64/pkgs/texlive/2017/bin/x86_64-linux:/opt/linux/centos/7.x/x86_64/pkgs/ggobi/2.1.11/bin:/opt/linux/centos/7.x/x86_64/pkgs/R/3.6.0/bin:/opt/linux/centos/7.x/x86_64/pkgs/openmpi/4.0.1-slurm-19.05.0/bin:/opt/linux/centos/7.x/x86_64/pkgs/slurm/19.05.0/bin:/opt/linux/centos/7.x/x86_64/pkgs/slurm/19.05.0/sbin:/usr/bin:/bin:/usr/local/games:/usr/games:/usr/local/bin:/usr/lpp/mmfs/bin:/opt/ibutils/bin ;export PATH;
#We need to downgrade our blast version to make it work
module unload ncbi-blast
/usr/bin/modulecmd bash $*
LOADEDMODULES=slurm/19.05.0:openmpi/4.0.1-slurm-19.05.0:ggobi/2.1.11:texlive/2017:pandoc/2.0:netcdf/4.4.1.1:java/8:geos/3.7.1:gdal/2.1.3:hdf5/1.10.1:R/3.6.0:miniconda2/4.4.10:perl/5.20.2:less-highlight/1.0:iigb_utilities/1:vim/8.1:python/3.6.0:hmmer/3.1b2:lp_solve/5.5:bamtools/2.4.0:augustus/3.3:busco/3.0.2 ;export LOADEDMODULES;MODULEPATH=/usr/share/modules/versions:/usr/Modules/\$MODULE_VERSION/modulefiles:/usr/share/Modules/modulefiles:/opt/linux/centos/7.x/x86_64/modules:/opt/linux/centos/7.x/x86_64/profiles ;export MODULEPATH;PATH=/opt/linux/centos/7.x/x86_64/pkgs/busco/3.0.2/scripts/:/opt/linux/centos/7.x/x86_64/pkgs/augustus/3.3/bin:/opt/linux/centos/7.x/x86_64/pkgs/augustus/3.3/scripts:/opt/linux/centos/7.x/x86_64/pkgs/bamtools/2.4.0/bin:/opt/linux/centos/7.x/x86_64/pkgs/hmmer/3.1b2/bin:/opt/linux/centos/7.x/x86_64/pkgs/python/3.6.0/bin:/opt/linux/centos/7.x/x86_64/pkgs/vim/8.1/bin:/opt/linux/centos/7.x/x86_64/pkgs/iigb_utilities/1/bin:/opt/linux/centos/7.x/x86_64/pkgs/perl/5.20.2/bin:/opt/linux/centos/7.x/x86_64/pkgs/hdf5/1.10.1/bin:/opt/linux/centos/7.x/x86_64/pkgs/gdal/2.1.3/bin:/opt/linux/centos/7.x/x86_64/pkgs/geos/3.7.1/bin:/opt/linux/centos/7.x/x86_64/pkgs/java/jdk1.8.0_45/bin:/opt/linux/centos/7.x/x86_64/pkgs/netcdf/4.4.1.1/bin:/opt/linux/centos/7.x/x86_64/pkgs/pandoc/2.0/bin:/opt/linux/centos/7.x/x86_64/pkgs/texlive/2017/bin/x86_64-linux:/opt/linux/centos/7.x/x86_64/pkgs/ggobi/2.1.11/bin:/opt/linux/centos/7.x/x86_64/pkgs/R/3.6.0/bin:/opt/linux/centos/7.x/x86_64/pkgs/openmpi/4.0.1-slurm-19.05.0/bin:/opt/linux/centos/7.x/x86_64/pkgs/slurm/19.05.0/bin:/opt/linux/centos/7.x/x86_64/pkgs/slurm/19.05.0/sbin:/usr/bin:/bin:/usr/local/games:/usr/games:/usr/local/bin:/usr/lpp/mmfs/bin:/opt/ibutils/bin ;export PATH;_LMFILES_=/opt/linux/centos/7.x/x86_64/modules/slurm/19.05.0:/opt/linux/centos/7.x/x86_64/modules/openmpi/4.0.1-slurm-19.05.0:/opt/linux/centos/7.x/x86_64/modules/ggobi/2.1.11:/opt/linux/centos/7.x/x86_64/modules/texlive/2017:/opt/linux/centos/7.x/x86_64/modules/pandoc/2.0:/opt/linux/centos/7.x/x86_64/modules/netcdf/4.4.1.1:/opt/linux/centos/7.x/x86_64/modules/java/8:/opt/linux/centos/7.x/x86_64/modules/geos/3.7.1:/opt/linux/centos/7.x/x86_64/modules/gdal/2.1.3:/opt/linux/centos/7.x/x86_64/modules/hdf5/1.10.1:/opt/linux/centos/7.x/x86_64/modules/R/3.6.0:/opt/linux/centos/7.x/x86_64/modules/miniconda2/4.4.10:/opt/linux/centos/7.x/x86_64/modules/perl/5.20.2:/opt/linux/centos/7.x/x86_64/modules/less-highlight/1.0:/opt/linux/centos/7.x/x86_64/modules/iigb_utilities/1:/opt/linux/centos/7.x/x86_64/modules/vim/8.1:/opt/linux/centos/7.x/x86_64/modules/python/3.6.0:/opt/linux/centos/7.x/x86_64/modules/hmmer/3.1b2:/opt/linux/centos/7.x/x86_64/modules/lp_solve/5.5:/opt/linux/centos/7.x/x86_64/modules/bamtools/2.4.0:/opt/linux/centos/7.x/x86_64/modules/augustus/3.3:/opt/linux/centos/7.x/x86_64/modules/busco/3.0.2 ;export _LMFILES_;
module load ncbi-blast/2.2.30+
/usr/bin/modulecmd bash $*
LOADEDMODULES=slurm/19.05.0:openmpi/4.0.1-slurm-19.05.0:ggobi/2.1.11:texlive/2017:pandoc/2.0:netcdf/4.4.1.1:java/8:geos/3.7.1:gdal/2.1.3:hdf5/1.10.1:R/3.6.0:miniconda2/4.4.10:perl/5.20.2:less-highlight/1.0:iigb_utilities/1:vim/8.1:python/3.6.0:hmmer/3.1b2:lp_solve/5.5:bamtools/2.4.0:augustus/3.3:busco/3.0.2:ncbi-blast/2.2.30+ ;export LOADEDMODULES;MODULEPATH=/usr/share/Modules:/usr/share/modules/versions:/usr/Modules/\$MODULE_VERSION/modulefiles:/usr/share/Modules/modulefiles:/opt/linux/centos/7.x/x86_64/modules:/opt/linux/centos/7.x/x86_64/profiles ;export MODULEPATH;PATH=/opt/linux/centos/7.x/x86_64/pkgs/ncbi-blast/2.2.30+/bin:/opt/linux/centos/7.x/x86_64/pkgs/busco/3.0.2/scripts/:/opt/linux/centos/7.x/x86_64/pkgs/augustus/3.3/bin:/opt/linux/centos/7.x/x86_64/pkgs/augustus/3.3/scripts:/opt/linux/centos/7.x/x86_64/pkgs/bamtools/2.4.0/bin:/opt/linux/centos/7.x/x86_64/pkgs/hmmer/3.1b2/bin:/opt/linux/centos/7.x/x86_64/pkgs/python/3.6.0/bin:/opt/linux/centos/7.x/x86_64/pkgs/vim/8.1/bin:/opt/linux/centos/7.x/x86_64/pkgs/iigb_utilities/1/bin:/opt/linux/centos/7.x/x86_64/pkgs/perl/5.20.2/bin:/opt/linux/centos/7.x/x86_64/pkgs/hdf5/1.10.1/bin:/opt/linux/centos/7.x/x86_64/pkgs/gdal/2.1.3/bin:/opt/linux/centos/7.x/x86_64/pkgs/geos/3.7.1/bin:/opt/linux/centos/7.x/x86_64/pkgs/java/jdk1.8.0_45/bin:/opt/linux/centos/7.x/x86_64/pkgs/netcdf/4.4.1.1/bin:/opt/linux/centos/7.x/x86_64/pkgs/pandoc/2.0/bin:/opt/linux/centos/7.x/x86_64/pkgs/texlive/2017/bin/x86_64-linux:/opt/linux/centos/7.x/x86_64/pkgs/ggobi/2.1.11/bin:/opt/linux/centos/7.x/x86_64/pkgs/R/3.6.0/bin:/opt/linux/centos/7.x/x86_64/pkgs/openmpi/4.0.1-slurm-19.05.0/bin:/opt/linux/centos/7.x/x86_64/pkgs/slurm/19.05.0/bin:/opt/linux/centos/7.x/x86_64/pkgs/slurm/19.05.0/sbin:/usr/bin:/bin:/usr/local/games:/usr/games:/usr/local/bin:/usr/lpp/mmfs/bin:/opt/ibutils/bin ;export PATH;_LMFILES_=/opt/linux/centos/7.x/x86_64/modules/slurm/19.05.0:/opt/linux/centos/7.x/x86_64/modules/openmpi/4.0.1-slurm-19.05.0:/opt/linux/centos/7.x/x86_64/modules/ggobi/2.1.11:/opt/linux/centos/7.x/x86_64/modules/texlive/2017:/opt/linux/centos/7.x/x86_64/modules/pandoc/2.0:/opt/linux/centos/7.x/x86_64/modules/netcdf/4.4.1.1:/opt/linux/centos/7.x/x86_64/modules/java/8:/opt/linux/centos/7.x/x86_64/modules/geos/3.7.1:/opt/linux/centos/7.x/x86_64/modules/gdal/2.1.3:/opt/linux/centos/7.x/x86_64/modules/hdf5/1.10.1:/opt/linux/centos/7.x/x86_64/modules/R/3.6.0:/opt/linux/centos/7.x/x86_64/modules/miniconda2/4.4.10:/opt/linux/centos/7.x/x86_64/modules/perl/5.20.2:/opt/linux/centos/7.x/x86_64/modules/less-highlight/1.0:/opt/linux/centos/7.x/x86_64/modules/iigb_utilities/1:/opt/linux/centos/7.x/x86_64/modules/vim/8.1:/opt/linux/centos/7.x/x86_64/modules/python/3.6.0:/opt/linux/centos/7.x/x86_64/modules/hmmer/3.1b2:/opt/linux/centos/7.x/x86_64/modules/lp_solve/5.5:/opt/linux/centos/7.x/x86_64/modules/bamtools/2.4.0:/opt/linux/centos/7.x/x86_64/modules/augustus/3.3:/opt/linux/centos/7.x/x86_64/modules/busco/3.0.2:/opt/linux/centos/7.x/x86_64/modules/ncbi-blast/2.2.30+ ;export _LMFILES_;
ASSEM=Dstr_v1.0
ASSEMPATH=~/bigdata/Datura/flye_assembly/assembly.fasta

#BUSCO also needs augustus, and because of the cluster environment I have to install it separately
export PATH="/rhome/arajewski/bigdata/Datura/augustus/bin:$PATH"
export PATH="/rhome/arajewski/bigdata/Datura/augustus/scripts:$PATH"
export AUGUSTUS_CONFIG_PATH="/rhome/arajewski/bigdata/Datura/augustus/config/"

run_BUSCO.py \
    -m genome \
    -c $SLURM_NTASKS \
    -i $ASSEMPATH \
    -o $ASSEM \
    -l /srv/projects/db/BUSCO/v9/embryophyta_odb9/ \
    -r \
    --blast_single_core
INFO	****************** Start a BUSCO 3.0.2 analysis, current time: 09/24/2019 15:53:00 ******************
INFO	Configuration loaded from /opt/linux/centos/7.x/x86_64/pkgs/busco/3.0.2/config/config.ini
INFO	Init tools...
INFO	Check dependencies...
INFO	Check input file...
INFO	To reproduce this run: python /opt/linux/centos/7.x/x86_64/pkgs/busco/3.0.2/scripts/run_BUSCO.py -i /rhome/arajewski/bigdata/Datura/flye_assembly/assembly.fasta -o Dstr_v1.0 -l /srv/projects/db/BUSCO/v9/embryophyta_odb9/ -m genome -c 16 -sp arabidopsis
INFO	Mode is: genome
INFO	The lineage dataset is: embryophyta_odb9 (eukaryota)
INFO	Temp directory is ./tmp/
WARNING	Restarting an uncompleted run
INFO	****** Phase 1 of 2, initial predictions ******
INFO	Phase 1 was already completed.
INFO	Results:
INFO	C:83.0%[S:80.4%,D:2.6%],F:1.4%,M:15.6%,n:1440
INFO	1195 Complete BUSCOs (C)
INFO	1158 Complete and single-copy BUSCOs (S)
INFO	37 Complete and duplicated BUSCOs (D)
INFO	20 Fragmented BUSCOs (F)
INFO	225 Missing BUSCOs (M)
INFO	1440 Total BUSCO groups searched
INFO	****** Phase 2 of 2, predictions using species specific training ******
INFO	****** Step 1/3, current time: 09/24/2019 15:53:33 ******
INFO	Extracting missing and fragmented buscos from the ancestral_variants file...
INFO	Running tblastn, writing output to /bigdata/littlab/arajewski/Datura/run_Dstr_v1.0/blast_output/tblastn_Dstr_v1.0_missing_and_frag_rerun.tsv...
INFO	[tblastn]	1 of 1 task(s) completed at 09/24/2019 18:08:31
INFO	Maximum number of candidate contig per BUSCO limited to: 3
INFO	Getting coordinates for candidate regions...
INFO	****** Step 2/3, current time: 09/24/2019 18:08:37 ******
INFO	Training Augustus using Single-Copy Complete BUSCOs:
INFO	Converting predicted genes to short genbank files at 09/24/2019 18:08:37...
INFO	All files converted to short genbank files, now running the training scripts at 09/24/2019 18:18:31...
INFO	Pre-Augustus scaffold extraction...
CRITICAL	Unhandled exception occurred: ['Traceback (most recent call last):\n', '  File "/opt/linux/centos/7.x/x86_64/pkgs/busco/3.0.2/scripts/run_BUSCO.py", line 169, in main\n    analysis.run_analysis()\n', '  File "/opt/linux/centos/7.x/x86_64/pkgs/python/3.6.0/lib/python3.6/site-packages/busco/GenomeAnalysis.py", line 122, in run_analysis\n    self._rerun_augustus()\n', '  File "/opt/linux/centos/7.x/x86_64/pkgs/python/3.6.0/lib/python3.6/site-packages/busco/GenomeAnalysis.py", line 747, in _rerun_augustus\n    self._extract_scaffolds(missing_and_frag_only=True)\n', '  File "/opt/linux/centos/7.x/x86_64/pkgs/python/3.6.0/lib/python3.6/site-packages/busco/GenomeAnalysis.py", line 482, in _extract_scaffolds\n    f = open(self._sequences)\n', "FileNotFoundError: [Errno 2] No such file or directory: '/rhome/arajewski/bigdata/Datura/flye_assembly/assembly.fasta'\n"]

ERROR	BUSCO analysis failed !
ERROR	Check the logs, read the user guide, if you still need technical support, then please contact mailto:support@orthodb.org


scontrol show job $SLURM_JOB_ID
JobId=228283 JobName=3a_BUSCO.sh
   UserId=arajewski(3080) GroupId=littlab(1144) MCS_label=N/A
   Priority=426446 Nice=0 Account=littlab QOS=highmem
   JobState=RUNNING Reason=None Dependency=(null)
   Requeue=1 Restarts=0 BatchFlag=1 Reboot=0 ExitCode=0:0
   RunTime=02:25:50 TimeLimit=6-00:00:00 TimeMin=N/A
   SubmitTime=2019-09-24T15:52:57 EligibleTime=2019-09-24T15:52:57
   AccrueTime=2019-09-24T15:52:57
   StartTime=2019-09-24T15:52:58 EndTime=2019-09-30T15:52:58 Deadline=N/A
   SuspendTime=None SecsPreSuspend=0 LastSchedEval=2019-09-24T15:52:58
   Partition=highmem AllocNode:Sid=pigeon.ib.hpcc.ucr.edu:11393
   ReqNodeList=(null) ExcNodeList=(null)
   NodeList=h02
   BatchHost=h02
   NumNodes=1 NumCPUs=16 NumTasks=16 CPUs/Task=1 ReqB:S:C:T=0:0:*:*
   TRES=cpu=16,mem=100G,node=1,billing=41
   Socks/Node=* NtasksPerN:B:S:C=0:0:*:* CoreSpec=*
   MinCPUsNode=1 MinMemoryNode=100G MinTmpDiskNode=0
   Features=(null) DelayBoot=00:00:00
   OverSubscribe=OK Contiguous=0 Licenses=(null) Network=(null)
   Command=/bigdata/littlab/arajewski/Datura/3a_BUSCO.sh
   WorkDir=/bigdata/littlab/arajewski/Datura
   StdErr=/bigdata/littlab/arajewski/Datura/./history/3a_BUSCO-228283.out
   StdIn=/dev/null
   StdOut=/bigdata/littlab/arajewski/Datura/./history/3a_BUSCO-228283.out
   Power=

