WARNING	An augustus species is mentioned in the config file, dataset default species (arabidopsis) will be ignored
INFO	****************** Start a BUSCO 3.0.2 analysis, current time: 06/24/2020 19:02:15 ******************
INFO	Configuration loaded from /opt/linux/centos/7.x/x86_64/pkgs/busco/3.0.2/config/config.ini
INFO	Init tools...
INFO	Check dependencies...
INFO	Check input file...
INFO	To reproduce this run: python /opt/linux/centos/7.x/x86_64/pkgs/busco/3.0.2/scripts/run_BUSCO.py -i /bigdata/littlab/arajewski/Datura/3_BCGSC/Dstr_v1.7_Iterative/Dstr_v1.7_lnr13_500bp_Sealer_ntEdit2_edited.fa -o 20200624_Dstr_v1.7 -l /srv/projects/db/BUSCO/v9/embryophyta_odb9/ -m genome -c 30 -z -sp tomato
INFO	Mode is: genome
INFO	The lineage dataset is: embryophyta_odb9 (eukaryota)
WARNING	This is not an uncompleted run that can be restarted
INFO	Temp directory is ./tmp/
INFO	****** Phase 1 of 2, initial predictions ******
INFO	****** Step 1/3, current time: 06/24/2020 19:02:37 ******
INFO	Create blast database...
INFO	[makeblastdb]	Building a new DB, current time: 06/24/2020 19:02:37
INFO	[makeblastdb]	New DB name:   /bigdata/littlab/arajewski/Datura/4_BUSCO/tmp/20200624_Dstr_v1.7_4289567000
INFO	[makeblastdb]	New DB title:  /bigdata/littlab/arajewski/Datura/3_BCGSC/Dstr_v1.7_Iterative/Dstr_v1.7_lnr13_500bp_Sealer_ntEdit2_edited.fa
INFO	[makeblastdb]	Sequence type: Nucleotide
INFO	[makeblastdb]	Keep Linkouts: T
INFO	[makeblastdb]	Keep MBits: T
INFO	[makeblastdb]	Maximum file size: 1000000000B
INFO	[makeblastdb]	Adding sequences from FASTA; added 232605 sequences in 89.7283 seconds.
INFO	[makeblastdb]	1 of 1 task(s) completed at 06/24/2020 19:04:07
INFO	Running tblastn, writing output to /bigdata/littlab/arajewski/Datura/4_BUSCO/run_20200624_Dstr_v1.7/blast_output/tblastn_20200624_Dstr_v1.7.tsv...
INFO	[tblastn]	1 of 1 task(s) completed at 06/24/2020 19:26:38
INFO	****** Step 2/3, current time: 06/24/2020 19:26:38 ******
INFO	Maximum number of candidate contig per BUSCO limited to: 3
INFO	Getting coordinates for candidate regions...
INFO	Pre-Augustus scaffold extraction...
INFO	Running Augustus prediction using tomato as species:
INFO	[augustus]	Please find all logs related to Augustus errors here: /bigdata/littlab/arajewski/Datura/4_BUSCO/run_20200624_Dstr_v1.7/augustus_output/augustus.log
INFO	[augustus]	237 of 2364 task(s) completed at 06/24/2020 19:43:55
INFO	[augustus]	473 of 2364 task(s) completed at 06/24/2020 19:56:49
INFO	[augustus]	710 of 2364 task(s) completed at 06/24/2020 20:07:22
INFO	[augustus]	946 of 2364 task(s) completed at 06/24/2020 20:17:43
INFO	[augustus]	1183 of 2364 task(s) completed at 06/24/2020 20:26:35
INFO	[augustus]	1419 of 2364 task(s) completed at 06/24/2020 20:34:41
INFO	[augustus]	1655 of 2364 task(s) completed at 06/24/2020 20:42:04
INFO	[augustus]	1892 of 2364 task(s) completed at 06/24/2020 20:48:23
INFO	[augustus]	2128 of 2364 task(s) completed at 06/24/2020 20:54:21
INFO	[augustus]	2364 of 2364 task(s) completed at 06/24/2020 20:58:48
INFO	Extracting predicted proteins...
INFO	****** Step 3/3, current time: 06/24/2020 21:01:51 ******
INFO	Running HMMER to confirm orthology of predicted proteins:
INFO	[hmmsearch]	1161 of 2322 task(s) completed at 06/24/2020 21:02:04
INFO	[hmmsearch]	2322 of 2322 task(s) completed at 06/24/2020 21:02:17
INFO	Results:
INFO	C:92.0%[S:89.7%,D:2.3%],F:1.9%,M:6.1%,n:1440
INFO	1324 Complete BUSCOs (C)
INFO	1291 Complete and single-copy BUSCOs (S)
INFO	33 Complete and duplicated BUSCOs (D)
INFO	28 Fragmented BUSCOs (F)
INFO	88 Missing BUSCOs (M)
INFO	1440 Total BUSCO groups searched
INFO	****** Phase 2 of 2, predictions using species specific training ******
INFO	****** Step 1/3, current time: 06/24/2020 21:02:19 ******
INFO	Extracting missing and fragmented buscos from the ancestral_variants file...
INFO	Running tblastn, writing output to /bigdata/littlab/arajewski/Datura/4_BUSCO/run_20200624_Dstr_v1.7/blast_output/tblastn_20200624_Dstr_v1.7_missing_and_frag_rerun.tsv...
INFO	[tblastn]	1 of 1 task(s) completed at 06/24/2020 21:18:20
INFO	Maximum number of candidate contig per BUSCO limited to: 3
INFO	Getting coordinates for candidate regions...
INFO	****** Step 2/3, current time: 06/24/2020 21:18:24 ******
INFO	Training Augustus using Single-Copy Complete BUSCOs:
INFO	Converting predicted genes to short genbank files at 06/24/2020 21:18:24...
INFO	All files converted to short genbank files, now running the training scripts at 06/24/2020 23:45:18...
INFO	Pre-Augustus scaffold extraction...
INFO	Re-running Augustus with the new metaparameters, number of target BUSCOs: 116
INFO	[augustus]	22 of 216 task(s) completed at 06/24/2020 23:46:35
INFO	[augustus]	44 of 216 task(s) completed at 06/24/2020 23:47:22
INFO	[augustus]	65 of 216 task(s) completed at 06/24/2020 23:47:52
INFO	[augustus]	87 of 216 task(s) completed at 06/24/2020 23:48:29
INFO	[augustus]	109 of 216 task(s) completed at 06/24/2020 23:49:12
INFO	[augustus]	130 of 216 task(s) completed at 06/24/2020 23:49:50
INFO	[augustus]	152 of 216 task(s) completed at 06/24/2020 23:50:24
INFO	[augustus]	173 of 216 task(s) completed at 06/24/2020 23:51:16
INFO	[augustus]	195 of 216 task(s) completed at 06/24/2020 23:51:53
INFO	[augustus]	216 of 216 task(s) completed at 06/24/2020 23:52:40
INFO	Extracting predicted proteins...
INFO	****** Step 3/3, current time: 06/24/2020 23:52:51 ******
INFO	Running HMMER to confirm orthology of predicted proteins:
INFO	[hmmsearch]	22 of 216 task(s) completed at 06/24/2020 23:52:51
INFO	[hmmsearch]	216 of 216 task(s) completed at 06/24/2020 23:52:53
INFO	Results:
INFO	C:94.7%[S:92.2%,D:2.5%],F:1.6%,M:3.7%,n:1440
INFO	1363 Complete BUSCOs (C)
INFO	1327 Complete and single-copy BUSCOs (S)
INFO	36 Complete and duplicated BUSCOs (D)
INFO	23 Fragmented BUSCOs (F)
INFO	54 Missing BUSCOs (M)
INFO	1440 Total BUSCO groups searched
INFO	BUSCO analysis done with WARNING(s). Total running time: 17466.277891159058 seconds
INFO	Results written in /bigdata/littlab/arajewski/Datura/4_BUSCO/run_20200624_Dstr_v1.7/

JobId=1609035 JobName=4a_BUSCO.sh
   UserId=arajewski(3080) GroupId=littlab(1144) MCS_label=N/A
   Priority=100000 Nice=0 Account=littlab QOS=normal
   JobState=RUNNING Reason=None Dependency=(null)
   Requeue=1 Restarts=0 BatchFlag=1 Reboot=0 ExitCode=0:0
   RunTime=04:51:10 TimeLimit=09:00:00 TimeMin=N/A
   SubmitTime=2020-06-24T19:00:17 EligibleTime=2020-06-24T19:00:17
   AccrueTime=2020-06-24T19:00:17
   StartTime=2020-06-24T19:02:11 EndTime=2020-06-25T04:02:11 Deadline=N/A
   SuspendTime=None SecsPreSuspend=0 LastSchedEval=2020-06-24T19:02:11
   Partition=batch AllocNode:Sid=pelican.ib.hpcc.ucr.edu:57587
   ReqNodeList=(null) ExcNodeList=(null)
   NodeList=c35
   BatchHost=c35
   NumNodes=1 NumCPUs=30 NumTasks=1 CPUs/Task=30 ReqB:S:C:T=0:0:*:*
   TRES=cpu=30,mem=210G,node=1,billing=82
   Socks/Node=* NtasksPerN:B:S:C=0:0:*:* CoreSpec=*
   MinCPUsNode=30 MinMemoryCPU=7G MinTmpDiskNode=0
   Features=(null) DelayBoot=00:00:00
   OverSubscribe=OK Contiguous=0 Licenses=(null) Network=(null)
   Command=/bigdata/littlab/arajewski/Datura/4_BUSCO/4a_BUSCO.sh
   WorkDir=/bigdata/littlab/arajewski/Datura/4_BUSCO
   StdErr=/bigdata/littlab/arajewski/Datura/4_BUSCO/../history/4a_BUSCO-1609035.out
   StdIn=/dev/null
   StdOut=/bigdata/littlab/arajewski/Datura/4_BUSCO/../history/4a_BUSCO-1609035.out
   Power=

