miniconda2/4.4.10(23):ERROR:150: Module 'miniconda2/4.4.10' conflicts with the currently loaded module(s) 'python/3.6.0'
miniconda2/4.4.10(23):ERROR:102: Tcl command execution failed: conflict    python

miniconda3/4.3.31(23):ERROR:150: Module 'miniconda3/4.3.31' conflicts with the currently loaded module(s) 'python/3.6.0'
miniconda3/4.3.31(23):ERROR:102: Tcl command execution failed: conflict    python

WARNING	An augustus species is mentioned in the config file, dataset default species (arabidopsis) will be ignored
INFO	****************** Start a BUSCO 3.0.2 analysis, current time: 04/30/2020 13:33:50 ******************
INFO	Configuration loaded from /opt/linux/centos/7.x/x86_64/pkgs/busco/3.0.2/config/config.ini
INFO	Init tools...
INFO	Check dependencies...
INFO	Check input file...
INFO	To reproduce this run: python /opt/linux/centos/7.x/x86_64/pkgs/busco/3.0.2/scripts/run_BUSCO.py -i /bigdata/littlab/arajewski/Datura/3_BCGSC/Dstr_v1.3_ntEdit_RAILS/lordecreads.fa_vs_Dstr_v1.3_ntEdit3_edited.fa_250_0.9_rails.scaffolds.fa -o 20200429_Dstr_v1.3 -l /srv/projects/db/BUSCO/v9/embryophyta_odb9/ -m genome -c 1 -z -sp tomato
INFO	Mode is: genome
INFO	The lineage dataset is: embryophyta_odb9 (eukaryota)
INFO	Temp directory is ./tmp/
WARNING	Restarting an uncompleted run
INFO	****** Phase 1 of 2, initial predictions ******
INFO	****** Step 2/3, current time: 04/30/2020 13:35:19 ******
INFO	Maximum number of candidate contig per BUSCO limited to: 3
INFO	Getting coordinates for candidate regions...
INFO	Pre-Augustus scaffold extraction...
INFO	Running Augustus prediction using tomato as species:
INFO	[augustus]	Please find all logs related to Augustus errors here: /bigdata/littlab/arajewski/Datura/4_BUSCO/run_20200429_Dstr_v1.3/augustus_output/augustus.log
slurmstepd-c24: error: *** JOB 1071716 ON c24 CANCELLED AT 2020-04-30T14:31:43 ***
