WARNING	An augustus species is mentioned in the config file, dataset default species (arabidopsis) will be ignored
INFO	****************** Start a BUSCO 3.0.2 analysis, current time: 10/05/2020 12:17:00 ******************
INFO	Configuration loaded from /opt/linux/centos/7.x/x86_64/pkgs/busco/3.0.2/config/config.ini
INFO	Init tools...
INFO	Check dependencies...
INFO	Check input file...
INFO	To reproduce this run: python /opt/linux/centos/7.x/x86_64/pkgs/busco/3.0.2/scripts/run_BUSCO.py -i /bigdata/littlab/arajewski/Datura/3_BCGSC/Dstr_v1.7_Iterative/Dstr_v1.7_l1n2r1n3_l1n3r1n3_l1n3r1n3r1n2_l1n2r1n2_l1n2r1n2_l1n2r1n2_l1n2r1n1_l1n2r1n1_l1n2r1n1_l1n2r1n1_l1n2_l1n2_l1n2_edited.fa -o 20201005_MS_ScaffGapFill -l /srv/projects/db/BUSCO/v9/embryophyta_odb9/ -m genome -c 30 -z -sp tomato
INFO	Mode is: genome
INFO	The lineage dataset is: embryophyta_odb9 (eukaryota)
WARNING	This is not an uncompleted run that can be restarted
INFO	Temp directory is ./tmp/
INFO	****** Phase 1 of 2, initial predictions ******
INFO	****** Step 1/3, current time: 10/05/2020 12:18:03 ******
INFO	Create blast database...
INFO	[makeblastdb]	Building a new DB, current time: 10/05/2020 12:18:03
INFO	[makeblastdb]	New DB name:   /bigdata/littlab/arajewski/Datura/4_BUSCO/tmp/20201005_MS_ScaffGapFill_326896654
INFO	[makeblastdb]	New DB title:  /bigdata/littlab/arajewski/Datura/3_BCGSC/Dstr_v1.7_Iterative/Dstr_v1.7_l1n2r1n3_l1n3r1n3_l1n3r1n3r1n2_l1n2r1n2_l1n2r1n2_l1n2r1n2_l1n2r1n1_l1n2r1n1_l1n2r1n1_l1n2r1n1_l1n2_l1n2_l1n2_edited.fa
INFO	[makeblastdb]	Sequence type: Nucleotide
INFO	[makeblastdb]	Keep Linkouts: T
INFO	[makeblastdb]	Keep MBits: T
INFO	[makeblastdb]	Maximum file size: 1000000000B
INFO	[makeblastdb]	Adding sequences from FASTA; added 3458610 sequences in 201.357 seconds.
INFO	[makeblastdb]	1 of 1 task(s) completed at 10/05/2020 12:21:25
INFO	Running tblastn, writing output to /bigdata/littlab/arajewski/Datura/4_BUSCO/run_20201005_MS_ScaffGapFill/blast_output/tblastn_20201005_MS_ScaffGapFill.tsv...
INFO	[tblastn]	1 of 1 task(s) completed at 10/05/2020 12:37:34
INFO	****** Step 2/3, current time: 10/05/2020 12:37:34 ******
INFO	Maximum number of candidate contig per BUSCO limited to: 3
INFO	Getting coordinates for candidate regions...
INFO	Pre-Augustus scaffold extraction...
INFO	Running Augustus prediction using tomato as species:
INFO	[augustus]	Please find all logs related to Augustus errors here: /bigdata/littlab/arajewski/Datura/4_BUSCO/run_20201005_MS_ScaffGapFill/augustus_output/augustus.log
INFO	[augustus]	237 of 2366 task(s) completed at 10/05/2020 12:49:58
INFO	[augustus]	474 of 2366 task(s) completed at 10/05/2020 12:56:43
INFO	[augustus]	710 of 2366 task(s) completed at 10/05/2020 13:02:20
INFO	[augustus]	947 of 2366 task(s) completed at 10/05/2020 13:07:27
INFO	[augustus]	1183 of 2366 task(s) completed at 10/05/2020 13:12:07
INFO	[augustus]	1420 of 2366 task(s) completed at 10/05/2020 13:16:18
INFO	[augustus]	1657 of 2366 task(s) completed at 10/05/2020 13:20:04
INFO	[augustus]	1893 of 2366 task(s) completed at 10/05/2020 13:23:19
INFO	[augustus]	2130 of 2366 task(s) completed at 10/05/2020 13:26:23
INFO	[augustus]	2366 of 2366 task(s) completed at 10/05/2020 13:28:44
INFO	Extracting predicted proteins...
INFO	****** Step 3/3, current time: 10/05/2020 13:31:10 ******
INFO	Running HMMER to confirm orthology of predicted proteins:
INFO	[hmmsearch]	2324 of 2324 task(s) completed at 10/05/2020 13:31:21
INFO	Results:
INFO	C:91.1%[S:88.7%,D:2.4%],F:2.3%,M:6.6%,n:1440
INFO	1311 Complete BUSCOs (C)
INFO	1277 Complete and single-copy BUSCOs (S)
INFO	34 Complete and duplicated BUSCOs (D)
INFO	33 Fragmented BUSCOs (F)
INFO	96 Missing BUSCOs (M)
INFO	1440 Total BUSCO groups searched
INFO	****** Phase 2 of 2, predictions using species specific training ******
INFO	****** Step 1/3, current time: 10/05/2020 13:31:22 ******
INFO	Extracting missing and fragmented buscos from the ancestral_variants file...
INFO	Running tblastn, writing output to /bigdata/littlab/arajewski/Datura/4_BUSCO/run_20201005_MS_ScaffGapFill/blast_output/tblastn_20201005_MS_ScaffGapFill_missing_and_frag_rerun.tsv...
INFO	[tblastn]	1 of 1 task(s) completed at 10/05/2020 13:45:06
INFO	Maximum number of candidate contig per BUSCO limited to: 3
INFO	Getting coordinates for candidate regions...
INFO	****** Step 2/3, current time: 10/05/2020 13:45:09 ******
INFO	Training Augustus using Single-Copy Complete BUSCOs:
INFO	Converting predicted genes to short genbank files at 10/05/2020 13:45:09...
INFO	All files converted to short genbank files, now running the training scripts at 10/05/2020 15:15:19...
INFO	Pre-Augustus scaffold extraction...
INFO	Re-running Augustus with the new metaparameters, number of target BUSCOs: 129
INFO	[augustus]	25 of 249 task(s) completed at 10/05/2020 15:16:51
INFO	[augustus]	50 of 249 task(s) completed at 10/05/2020 15:17:11
INFO	[augustus]	75 of 249 task(s) completed at 10/05/2020 15:17:36
INFO	[augustus]	100 of 249 task(s) completed at 10/05/2020 15:17:59
INFO	[augustus]	125 of 249 task(s) completed at 10/05/2020 15:18:21
INFO	[augustus]	150 of 249 task(s) completed at 10/05/2020 15:18:42
INFO	[augustus]	175 of 249 task(s) completed at 10/05/2020 15:19:02
INFO	[augustus]	200 of 249 task(s) completed at 10/05/2020 15:19:34
INFO	[augustus]	225 of 249 task(s) completed at 10/05/2020 15:19:58
INFO	[augustus]	249 of 249 task(s) completed at 10/05/2020 15:20:32
INFO	Extracting predicted proteins...
INFO	****** Step 3/3, current time: 10/05/2020 15:20:41 ******
INFO	Running HMMER to confirm orthology of predicted proteins:
INFO	[hmmsearch]	75 of 248 task(s) completed at 10/05/2020 15:20:41
INFO	[hmmsearch]	149 of 248 task(s) completed at 10/05/2020 15:20:42
INFO	[hmmsearch]	248 of 248 task(s) completed at 10/05/2020 15:20:42
INFO	Results:
INFO	C:94.0%[S:91.5%,D:2.5%],F:1.9%,M:4.1%,n:1440
INFO	1353 Complete BUSCOs (C)
INFO	1317 Complete and single-copy BUSCOs (S)
INFO	36 Complete and duplicated BUSCOs (D)
INFO	27 Fragmented BUSCOs (F)
INFO	60 Missing BUSCOs (M)
INFO	1440 Total BUSCO groups searched
INFO	BUSCO analysis done with WARNING(s). Total running time: 11041.086527109146 seconds
INFO	Results written in /bigdata/littlab/arajewski/Datura/4_BUSCO/run_20201005_MS_ScaffGapFill/

JobId=2375514 JobName=4a_BUSCO.sh
   UserId=arajewski(3080) GroupId=littlab(1144) MCS_label=N/A
   Priority=2981437 Nice=0 Account=littlab QOS=highmem
   JobState=RUNNING Reason=None Dependency=(null)
   Requeue=1 Restarts=0 BatchFlag=1 Reboot=0 ExitCode=0:0
   RunTime=03:04:03 TimeLimit=09:00:00 TimeMin=N/A
   SubmitTime=2020-10-05T12:16:53 EligibleTime=2020-10-05T12:16:53
   AccrueTime=2020-10-05T12:16:53
   StartTime=2020-10-05T12:16:58 EndTime=2020-10-05T21:16:58 Deadline=N/A
   SuspendTime=None SecsPreSuspend=0 LastSchedEval=2020-10-05T12:16:58
   Partition=highmem AllocNode:Sid=pelican.ib.hpcc.ucr.edu:47917
   ReqNodeList=(null) ExcNodeList=(null)
   NodeList=h02
   BatchHost=h02
   NumNodes=1 NumCPUs=30 NumTasks=1 CPUs/Task=30 ReqB:S:C:T=0:0:*:*
   TRES=cpu=30,mem=210G,node=1,billing=82
   Socks/Node=* NtasksPerN:B:S:C=0:0:*:* CoreSpec=*
   MinCPUsNode=30 MinMemoryCPU=7G MinTmpDiskNode=0
   Features=(null) DelayBoot=00:00:00
   OverSubscribe=OK Contiguous=0 Licenses=(null) Network=(null)
   Command=/bigdata/littlab/arajewski/Datura/4_BUSCO/4a_BUSCO.sh
   WorkDir=/bigdata/littlab/arajewski/Datura/4_BUSCO
   StdErr=/bigdata/littlab/arajewski/Datura/4_BUSCO/../history/4a_BUSCO-2375514.out
   StdIn=/dev/null
   StdOut=/bigdata/littlab/arajewski/Datura/4_BUSCO/../history/4a_BUSCO-2375514.out
   Power=

