WARNING	An augustus species is mentioned in the config file, dataset default species (arabidopsis) will be ignored
INFO	****************** Start a BUSCO 3.0.2 analysis, current time: 12/13/2019 08:21:56 ******************
INFO	Configuration loaded from /opt/linux/centos/7.x/x86_64/pkgs/busco/3.0.2/config/config.ini
INFO	Init tools...
INFO	Check dependencies...
INFO	Check input file...
INFO	To reproduce this run: python /opt/linux/centos/7.x/x86_64/pkgs/busco/3.0.2/scripts/run_BUSCO.py -i /rhome/arajewski/bigdata/Datura/3_BCGSC/Dstr_v1.3_ntEdit_edited.fa -o Dstr_v1.3_ntEdit_edited.fa -l /srv/projects/db/BUSCO/v9/embryophyta_odb9/ -m genome -c 16 -z -sp tomato
INFO	Mode is: genome
INFO	The lineage dataset is: embryophyta_odb9 (eukaryota)
INFO	Temp directory is ./tmp/
INFO	****** Phase 1 of 2, initial predictions ******
INFO	****** Step 1/3, current time: 12/13/2019 08:22:59 ******
INFO	Create blast database...
INFO	[makeblastdb]	Building a new DB, current time: 12/13/2019 08:23:00
INFO	[makeblastdb]	New DB name:   /bigdata/littlab/arajewski/Datura/4_BUSCO/tmp/Dstr_v1.3_ntEdit_edited.fa_2553736416
INFO	[makeblastdb]	New DB title:  /rhome/arajewski/bigdata/Datura/3_BCGSC/Dstr_v1.3_ntEdit_edited.fa
INFO	[makeblastdb]	Sequence type: Nucleotide
INFO	[makeblastdb]	Keep MBits: T
INFO	[makeblastdb]	Maximum file size: 1000000000B
INFO	[makeblastdb]	Adding sequences from FASTA; added 3099314 sequences in 156.507 seconds.
INFO	[makeblastdb]	1 of 1 task(s) completed at 12/13/2019 08:25:37
INFO	Running tblastn, writing output to /bigdata/littlab/arajewski/Datura/4_BUSCO/run_Dstr_v1.3_ntEdit_edited.fa/blast_output/tblastn_Dstr_v1.3_ntEdit_edited.fa.tsv...
INFO	[tblastn]	1 of 1 task(s) completed at 12/13/2019 08:44:58
INFO	****** Step 2/3, current time: 12/13/2019 08:44:58 ******
INFO	Maximum number of candidate contig per BUSCO limited to: 3
INFO	Getting coordinates for candidate regions...
INFO	Pre-Augustus scaffold extraction...
INFO	Running Augustus prediction using tomato as species:
INFO	[augustus]	Please find all logs related to Augustus errors here: /bigdata/littlab/arajewski/Datura/4_BUSCO/run_Dstr_v1.3_ntEdit_edited.fa/augustus_output/augustus.log
INFO	[augustus]	227 of 2269 task(s) completed at 12/13/2019 09:02:26
INFO	[augustus]	454 of 2269 task(s) completed at 12/13/2019 09:13:42
INFO	[augustus]	681 of 2269 task(s) completed at 12/13/2019 09:23:06
INFO	[augustus]	908 of 2269 task(s) completed at 12/13/2019 09:31:37
INFO	[augustus]	1135 of 2269 task(s) completed at 12/13/2019 09:39:25
INFO	[augustus]	1362 of 2269 task(s) completed at 12/13/2019 09:46:25
INFO	[augustus]	1589 of 2269 task(s) completed at 12/13/2019 09:53:00
INFO	[augustus]	1816 of 2269 task(s) completed at 12/13/2019 09:58:40
INFO	[augustus]	2043 of 2269 task(s) completed at 12/13/2019 10:03:46
INFO	[augustus]	2269 of 2269 task(s) completed at 12/13/2019 10:07:37
INFO	Extracting predicted proteins...
INFO	****** Step 3/3, current time: 12/13/2019 10:08:43 ******
INFO	Running HMMER to confirm orthology of predicted proteins:
INFO	[hmmsearch]	223 of 2224 task(s) completed at 12/13/2019 10:08:45
INFO	[hmmsearch]	445 of 2224 task(s) completed at 12/13/2019 10:08:46
INFO	[hmmsearch]	668 of 2224 task(s) completed at 12/13/2019 10:08:47
INFO	[hmmsearch]	1335 of 2224 task(s) completed at 12/13/2019 10:08:50
INFO	[hmmsearch]	1557 of 2224 task(s) completed at 12/13/2019 10:08:52
INFO	[hmmsearch]	2224 of 2224 task(s) completed at 12/13/2019 10:08:54
INFO	Results:
INFO	C:92.7%[S:90.1%,D:2.6%],F:1.9%,M:5.4%,n:1440
INFO	1336 Complete BUSCOs (C)
INFO	1298 Complete and single-copy BUSCOs (S)
INFO	38 Complete and duplicated BUSCOs (D)
INFO	27 Fragmented BUSCOs (F)
INFO	77 Missing BUSCOs (M)
INFO	1440 Total BUSCO groups searched
INFO	****** Phase 2 of 2, predictions using species specific training ******
INFO	****** Step 1/3, current time: 12/13/2019 10:08:56 ******
INFO	Extracting missing and fragmented buscos from the ancestral_variants file...
INFO	Running tblastn, writing output to /bigdata/littlab/arajewski/Datura/4_BUSCO/run_Dstr_v1.3_ntEdit_edited.fa/blast_output/tblastn_Dstr_v1.3_ntEdit_edited.fa_missing_and_frag_rerun.tsv...
INFO	[tblastn]	1 of 1 task(s) completed at 12/13/2019 10:20:10
INFO	Maximum number of candidate contig per BUSCO limited to: 3
INFO	Getting coordinates for candidate regions...
INFO	****** Step 2/3, current time: 12/13/2019 10:20:13 ******
INFO	Training Augustus using Single-Copy Complete BUSCOs:
INFO	Converting predicted genes to short genbank files at 12/13/2019 10:20:13...
INFO	All files converted to short genbank files, now running the training scripts at 12/13/2019 11:33:17...
INFO	Pre-Augustus scaffold extraction...
INFO	Re-running Augustus with the new metaparameters, number of target BUSCOs: 104
INFO	[augustus]	20 of 194 task(s) completed at 12/13/2019 11:34:43
INFO	[augustus]	39 of 194 task(s) completed at 12/13/2019 11:35:24
INFO	[augustus]	59 of 194 task(s) completed at 12/13/2019 11:35:56
INFO	[augustus]	78 of 194 task(s) completed at 12/13/2019 11:36:16
INFO	[augustus]	97 of 194 task(s) completed at 12/13/2019 11:36:42
INFO	[augustus]	117 of 194 task(s) completed at 12/13/2019 11:37:22
INFO	[augustus]	136 of 194 task(s) completed at 12/13/2019 11:37:52
INFO	[augustus]	156 of 194 task(s) completed at 12/13/2019 11:38:28
INFO	[augustus]	175 of 194 task(s) completed at 12/13/2019 11:38:52
INFO	[augustus]	194 of 194 task(s) completed at 12/13/2019 11:39:37
INFO	Extracting predicted proteins...
INFO	****** Step 3/3, current time: 12/13/2019 11:39:48 ******
INFO	Running HMMER to confirm orthology of predicted proteins:
INFO	[hmmsearch]	78 of 194 task(s) completed at 12/13/2019 11:39:49
INFO	[hmmsearch]	97 of 194 task(s) completed at 12/13/2019 11:39:49
INFO	[hmmsearch]	117 of 194 task(s) completed at 12/13/2019 11:39:49
INFO	[hmmsearch]	175 of 194 task(s) completed at 12/13/2019 11:39:49
INFO	[hmmsearch]	194 of 194 task(s) completed at 12/13/2019 11:39:50
INFO	Results:
INFO	C:95.3%[S:92.7%,D:2.6%],F:1.2%,M:3.5%,n:1440
INFO	1373 Complete BUSCOs (C)
INFO	1335 Complete and single-copy BUSCOs (S)
INFO	38 Complete and duplicated BUSCOs (D)
INFO	18 Fragmented BUSCOs (F)
INFO	49 Missing BUSCOs (M)
INFO	1440 Total BUSCO groups searched
INFO	BUSCO analysis done with WARNING(s). Total running time: 11900.264938116074 seconds
INFO	Results written in /bigdata/littlab/arajewski/Datura/4_BUSCO/run_Dstr_v1.3_ntEdit_edited.fa/

JobId=558033 JobName=4a_BUSCO.sh
   UserId=arajewski(3080) GroupId=littlab(1144) MCS_label=N/A
   Priority=100000 Nice=0 Account=littlab QOS=highmem
   JobState=RUNNING Reason=None Dependency=(null)
   Requeue=1 Restarts=0 BatchFlag=1 Reboot=0 ExitCode=0:0
   RunTime=03:18:28 TimeLimit=09:00:00 TimeMin=N/A
   SubmitTime=2019-12-13T08:21:46 EligibleTime=2019-12-13T08:21:46
   AccrueTime=2019-12-13T08:21:46
   StartTime=2019-12-13T08:21:46 EndTime=2019-12-13T17:21:46 Deadline=N/A
   SuspendTime=None SecsPreSuspend=0 LastSchedEval=2019-12-13T08:21:46
   Partition=highmem AllocNode:Sid=parrot.ib.hpcc.ucr.edu:38930
   ReqNodeList=(null) ExcNodeList=(null)
   NodeList=h02
   BatchHost=h02
   NumNodes=1 NumCPUs=16 NumTasks=16 CPUs/Task=1 ReqB:S:C:T=0:0:*:*
   TRES=cpu=16,mem=100G,node=1,billing=41
   Socks/Node=* NtasksPerN:B:S:C=0:0:*:* CoreSpec=*
   MinCPUsNode=1 MinMemoryNode=100G MinTmpDiskNode=0
   Features=(null) DelayBoot=00:00:00
   OverSubscribe=OK Contiguous=0 Licenses=(null) Network=(null)
   Command=/bigdata/littlab/arajewski/Datura/4_BUSCO/4a_BUSCO.sh
   WorkDir=/bigdata/littlab/arajewski/Datura/4_BUSCO
   StdErr=/bigdata/littlab/arajewski/Datura/4_BUSCO/../history/4a_BUSCO-558033.out
   StdIn=/dev/null
   StdOut=/bigdata/littlab/arajewski/Datura/4_BUSCO/../history/4a_BUSCO-558033.out
   Power=

