WARNING	An augustus species is mentioned in the config file, dataset default species (arabidopsis) will be ignored
INFO	****************** Start a BUSCO 3.0.2 analysis, current time: 04/15/2020 13:34:39 ******************
INFO	Configuration loaded from /opt/linux/centos/7.x/x86_64/pkgs/busco/3.0.2/config/config.ini
INFO	Init tools...
INFO	Check dependencies...
INFO	Check input file...
INFO	To reproduce this run: python /opt/linux/centos/7.x/x86_64/pkgs/busco/3.0.2/scripts/run_BUSCO.py -i /rhome/arajewski/bigdata/Datura/5_Funannotate/Dstr_v1.5_predict/predict_results/Datura_stramonium_4.mrna-transcripts.fa -o Dstr_v1.4_20200415 -l /srv/projects/db/BUSCO/v9/embryophyta_odb9/ -m transcriptome -c 1 -z
INFO	Mode is: transcriptome
INFO	The lineage dataset is: embryophyta_odb9 (eukaryota)
INFO	Temp directory is ./tmp/
INFO	****** Step 1/2, current time: 04/15/2020 13:34:41 ******
INFO	Create blast database...
INFO	[makeblastdb]	Building a new DB, current time: 04/15/2020 13:34:41
INFO	[makeblastdb]	New DB name:   /bigdata/littlab/arajewski/Datura/4_BUSCO/tmp/Dstr_v1.4_20200415_4025645767
INFO	[makeblastdb]	New DB title:  /rhome/arajewski/bigdata/Datura/5_Funannotate/Dstr_v1.5_predict/predict_results/Datura_stramonium_4.mrna-transcripts.fa
INFO	[makeblastdb]	Sequence type: Nucleotide
INFO	[makeblastdb]	Keep Linkouts: T
INFO	[makeblastdb]	Keep MBits: T
INFO	[makeblastdb]	Maximum file size: 1000000000B
INFO	[makeblastdb]	Adding sequences from FASTA; added 80228 sequences in 3.51228 seconds.
INFO	[makeblastdb]	1 of 1 task(s) completed at 04/15/2020 13:34:45
INFO	Running tblastn, writing output to /bigdata/littlab/arajewski/Datura/4_BUSCO/run_Dstr_v1.4_20200415/blast_output/tblastn_Dstr_v1.4_20200415.tsv...
INFO	[tblastn]	1 of 1 task(s) completed at 04/15/2020 15:15:55
INFO	****** Step 2/2, current time: 04/15/2020 15:15:57 ******
INFO	Maximum number of candidate transcript per BUSCO limited to: 3
INFO	Getting coordinates for candidate transcripts...
INFO	Extracting candidate transcripts...
INFO	Translating candidate transcripts...
INFO	Running HMMER to confirm transcript orthology:
INFO	[hmmsearch]	275 of 2749 task(s) completed at 04/15/2020 15:17:10
INFO	[hmmsearch]	550 of 2749 task(s) completed at 04/15/2020 15:17:33
INFO	[hmmsearch]	825 of 2749 task(s) completed at 04/15/2020 15:17:57
INFO	[hmmsearch]	1100 of 2749 task(s) completed at 04/15/2020 15:18:21
INFO	[hmmsearch]	1375 of 2749 task(s) completed at 04/15/2020 15:18:44
INFO	[hmmsearch]	1650 of 2749 task(s) completed at 04/15/2020 15:19:06
INFO	[hmmsearch]	1925 of 2749 task(s) completed at 04/15/2020 15:19:28
INFO	[hmmsearch]	2200 of 2749 task(s) completed at 04/15/2020 15:19:50
INFO	[hmmsearch]	2475 of 2749 task(s) completed at 04/15/2020 15:20:08
INFO	[hmmsearch]	2749 of 2749 task(s) completed at 04/15/2020 15:20:27
INFO	Results:
INFO	C:76.2%[S:73.5%,D:2.7%],F:5.6%,M:18.2%,n:1440
INFO	1098 Complete BUSCOs (C)
INFO	1059 Complete and single-copy BUSCOs (S)
INFO	39 Complete and duplicated BUSCOs (D)
INFO	80 Fragmented BUSCOs (F)
INFO	262 Missing BUSCOs (M)
INFO	1440 Total BUSCO groups searched
INFO	BUSCO analysis done with WARNING(s). Total running time: 6352.408438682556 seconds
INFO	Results written in /bigdata/littlab/arajewski/Datura/4_BUSCO/run_Dstr_v1.4_20200415/

JobId=989854 JobName=4a_BUSCO.sh
   UserId=arajewski(3080) GroupId=littlab(1144) MCS_label=N/A
   Priority=100000 Nice=0 Account=littlab QOS=normal
   JobState=RUNNING Reason=None Dependency=(null)
   Requeue=1 Restarts=0 BatchFlag=1 Reboot=0 ExitCode=0:0
   RunTime=01:45:55 TimeLimit=09:00:00 TimeMin=N/A
   SubmitTime=2020-04-15T13:34:15 EligibleTime=2020-04-15T13:34:15
   AccrueTime=2020-04-15T13:34:15
   StartTime=2020-04-15T13:34:36 EndTime=2020-04-15T22:34:36 Deadline=N/A
   SuspendTime=None SecsPreSuspend=0 LastSchedEval=2020-04-15T13:34:36
   Partition=intel AllocNode:Sid=parrot.clust.hpcc.ucr.edu:8361
   ReqNodeList=(null) ExcNodeList=(null)
   NodeList=i19
   BatchHost=i19
   NumNodes=1 NumCPUs=16 NumTasks=1 CPUs/Task=16 ReqB:S:C:T=0:0:*:*
   TRES=cpu=16,mem=112G,node=1,billing=44
   Socks/Node=* NtasksPerN:B:S:C=0:0:*:* CoreSpec=*
   MinCPUsNode=16 MinMemoryCPU=7G MinTmpDiskNode=0
   Features=(null) DelayBoot=00:00:00
   OverSubscribe=OK Contiguous=0 Licenses=(null) Network=(null)
   Command=/bigdata/littlab/arajewski/Datura/4_BUSCO/4a_BUSCO.sh
   WorkDir=/bigdata/littlab/arajewski/Datura/4_BUSCO
   StdErr=/bigdata/littlab/arajewski/Datura/4_BUSCO/../history/4a_BUSCO-989854.out
   StdIn=/dev/null
   StdOut=/bigdata/littlab/arajewski/Datura/4_BUSCO/../history/4a_BUSCO-989854.out
   Power=

