WARNING	An augustus species is mentioned in the config file, dataset default species (arabidopsis) will be ignored
INFO	****************** Start a BUSCO 3.0.2 analysis, current time: 04/20/2020 09:12:53 ******************
INFO	Configuration loaded from /opt/linux/centos/7.x/x86_64/pkgs/busco/3.0.2/config/config.ini
INFO	Init tools...
INFO	Check dependencies...
INFO	Check input file...
INFO	To reproduce this run: python /opt/linux/centos/7.x/x86_64/pkgs/busco/3.0.2/scripts/run_BUSCO.py -i /bigdata/littlab/arajewski/Datura/Alkaloids/Abel_trinity/Abel_trinity.fasta -o Abel -l /srv/projects/db/BUSCO/v9/embryophyta_odb9/ -m transcriptome -c 1 -z
INFO	Mode is: transcriptome
INFO	The lineage dataset is: embryophyta_odb9 (eukaryota)
INFO	Temp directory is ./tmp/
INFO	****** Step 1/2, current time: 04/20/2020 09:12:58 ******
INFO	Create blast database...
INFO	[makeblastdb]	Building a new DB, current time: 04/20/2020 09:12:58
INFO	[makeblastdb]	New DB name:   /bigdata/littlab/arajewski/Datura/4_BUSCO/tmp/Abel_1220078000
INFO	[makeblastdb]	New DB title:  /bigdata/littlab/arajewski/Datura/Alkaloids/Abel_trinity/Abel_trinity.fasta
INFO	[makeblastdb]	Sequence type: Nucleotide
INFO	[makeblastdb]	Keep Linkouts: T
INFO	[makeblastdb]	Keep MBits: T
INFO	[makeblastdb]	Maximum file size: 1000000000B
INFO	[makeblastdb]	Adding sequences from FASTA; added 316449 sequences in 16.3552 seconds.
INFO	[makeblastdb]	1 of 1 task(s) completed at 04/20/2020 09:13:14
INFO	Running tblastn, writing output to /bigdata/littlab/arajewski/Datura/4_BUSCO/run_Abel/blast_output/tblastn_Abel.tsv...
INFO	[tblastn]	1 of 1 task(s) completed at 04/20/2020 15:30:58
INFO	****** Step 2/2, current time: 04/20/2020 15:31:00 ******
INFO	Maximum number of candidate transcript per BUSCO limited to: 3
INFO	Getting coordinates for candidate transcripts...
INFO	Extracting candidate transcripts...
INFO	Translating candidate transcripts...
INFO	Running HMMER to confirm transcript orthology:
INFO	[hmmsearch]	410 of 4093 task(s) completed at 04/20/2020 15:33:57
INFO	[hmmsearch]	819 of 4093 task(s) completed at 04/20/2020 15:34:22
INFO	[hmmsearch]	1228 of 4093 task(s) completed at 04/20/2020 15:34:45
INFO	[hmmsearch]	1638 of 4093 task(s) completed at 04/20/2020 15:35:08
INFO	[hmmsearch]	2047 of 4093 task(s) completed at 04/20/2020 15:35:29
INFO	[hmmsearch]	2456 of 4093 task(s) completed at 04/20/2020 15:35:51
INFO	[hmmsearch]	2866 of 4093 task(s) completed at 04/20/2020 15:36:10
INFO	[hmmsearch]	3275 of 4093 task(s) completed at 04/20/2020 15:36:30
INFO	[hmmsearch]	3684 of 4093 task(s) completed at 04/20/2020 15:36:52
INFO	[hmmsearch]	4093 of 4093 task(s) completed at 04/20/2020 15:37:15
INFO	Results:
INFO	C:92.0%[S:17.4%,D:74.6%],F:3.8%,M:4.2%,n:1440
INFO	1324 Complete BUSCOs (C)
INFO	250 Complete and single-copy BUSCOs (S)
INFO	1074 Complete and duplicated BUSCOs (D)
INFO	55 Fragmented BUSCOs (F)
INFO	61 Missing BUSCOs (M)
INFO	1440 Total BUSCO groups searched
INFO	BUSCO analysis done with WARNING(s). Total running time: 23067.23208642006 seconds
INFO	Results written in /bigdata/littlab/arajewski/Datura/4_BUSCO/run_Abel/

JobId=1011932 JobName=4a_BUSCO.sh
   UserId=arajewski(3080) GroupId=littlab(1144) MCS_label=N/A
   Priority=100042 Nice=0 Account=littlab QOS=normal
   JobState=RUNNING Reason=None Dependency=(null)
   Requeue=1 Restarts=0 BatchFlag=1 Reboot=0 ExitCode=0:0
   RunTime=06:24:29 TimeLimit=09:00:00 TimeMin=N/A
   SubmitTime=2020-04-20T09:12:42 EligibleTime=2020-04-20T09:12:42
   AccrueTime=2020-04-20T09:12:42
   StartTime=2020-04-20T09:12:52 EndTime=2020-04-20T18:12:52 Deadline=N/A
   SuspendTime=None SecsPreSuspend=0 LastSchedEval=2020-04-20T09:12:52
   Partition=intel AllocNode:Sid=pelican.ib.hpcc.ucr.edu:64076
   ReqNodeList=(null) ExcNodeList=(null)
   NodeList=i27
   BatchHost=i27
   NumNodes=1 NumCPUs=16 NumTasks=1 CPUs/Task=16 ReqB:S:C:T=0:0:*:*
   TRES=cpu=16,mem=112G,node=1,billing=44
   Socks/Node=* NtasksPerN:B:S:C=0:0:*:* CoreSpec=*
   MinCPUsNode=16 MinMemoryCPU=7G MinTmpDiskNode=0
   Features=(null) DelayBoot=00:00:00
   OverSubscribe=OK Contiguous=0 Licenses=(null) Network=(null)
   Command=/bigdata/littlab/arajewski/Datura/4_BUSCO/4a_BUSCO.sh
   WorkDir=/bigdata/littlab/arajewski/Datura/4_BUSCO
   StdErr=/bigdata/littlab/arajewski/Datura/4_BUSCO/../history/4a_BUSCO-1011932.out
   StdIn=/dev/null
   StdOut=/bigdata/littlab/arajewski/Datura/4_BUSCO/../history/4a_BUSCO-1011932.out
   Power=

