WARNING	An augustus species is mentioned in the config file, dataset default species (arabidopsis) will be ignored
INFO	****************** Start a BUSCO 3.0.2 analysis, current time: 10/26/2019 09:14:14 ******************
INFO	Configuration loaded from /opt/linux/centos/7.x/x86_64/pkgs/busco/3.0.2/config/config.ini
INFO	Init tools...
INFO	Check dependencies...
INFO	Check input file...
INFO	To reproduce this run: python /opt/linux/centos/7.x/x86_64/pkgs/busco/3.0.2/scripts/run_BUSCO.py -i /rhome/arajewski/bigdata/Datura/2_ABySS/k_121/Dstr_v1.3_k121-scaffolds.fa -o Dstr_v1.3_k121 -l /srv/projects/db/BUSCO/v9/embryophyta_odb9/ -m genome -c 16 -z -sp tomato
INFO	Mode is: genome
INFO	The lineage dataset is: embryophyta_odb9 (eukaryota)
INFO	Temp directory is ./tmp/
INFO	****** Phase 1 of 2, initial predictions ******
INFO	****** Step 1/3, current time: 10/26/2019 09:15:08 ******
INFO	Create blast database...
INFO	[makeblastdb]	Building a new DB, current time: 10/26/2019 09:15:08
INFO	[makeblastdb]	New DB name:   /bigdata/littlab/arajewski/Datura/4_BUSCO/tmp/Dstr_v1.3_k121_3228163008
INFO	[makeblastdb]	New DB title:  /rhome/arajewski/bigdata/Datura/2_ABySS/k_121/Dstr_v1.3_k121-scaffolds.fa
INFO	[makeblastdb]	Sequence type: Nucleotide
INFO	[makeblastdb]	Keep MBits: T
INFO	[makeblastdb]	Maximum file size: 1000000000B
INFO	[makeblastdb]	Adding sequences from FASTA; added 4174290 sequences in 111.547 seconds.
INFO	[makeblastdb]	1 of 1 task(s) completed at 10/26/2019 09:17:00
INFO	Running tblastn, writing output to /bigdata/littlab/arajewski/Datura/4_BUSCO/run_Dstr_v1.3_k121/blast_output/tblastn_Dstr_v1.3_k121.tsv...
INFO	[tblastn]	1 of 1 task(s) completed at 10/26/2019 09:37:51
INFO	****** Step 2/3, current time: 10/26/2019 09:37:51 ******
INFO	Maximum number of candidate contig per BUSCO limited to: 3
INFO	Getting coordinates for candidate regions...
INFO	Pre-Augustus scaffold extraction...
INFO	Running Augustus prediction using tomato as species:
INFO	[augustus]	Please find all logs related to Augustus errors here: /bigdata/littlab/arajewski/Datura/4_BUSCO/run_Dstr_v1.3_k121/augustus_output/augustus.log
INFO	[augustus]	245 of 2442 task(s) completed at 10/26/2019 09:44:51
INFO	[augustus]	489 of 2442 task(s) completed at 10/26/2019 09:45:27
INFO	[augustus]	733 of 2442 task(s) completed at 10/26/2019 09:45:58
INFO	[augustus]	977 of 2442 task(s) completed at 10/26/2019 09:46:28
INFO	[augustus]	1221 of 2442 task(s) completed at 10/26/2019 09:46:54
INFO	[augustus]	1466 of 2442 task(s) completed at 10/26/2019 09:47:17
INFO	[augustus]	1710 of 2442 task(s) completed at 10/26/2019 09:47:39
INFO	[augustus]	1954 of 2442 task(s) completed at 10/26/2019 09:47:55
INFO	[augustus]	2198 of 2442 task(s) completed at 10/26/2019 09:48:10
INFO	[augustus]	2442 of 2442 task(s) completed at 10/26/2019 09:48:22
INFO	Extracting predicted proteins...
INFO	****** Step 3/3, current time: 10/26/2019 09:48:55 ******
INFO	Running HMMER to confirm orthology of predicted proteins:
INFO	[hmmsearch]	223 of 2222 task(s) completed at 10/26/2019 09:48:57
INFO	[hmmsearch]	1334 of 2222 task(s) completed at 10/26/2019 09:49:01
INFO	[hmmsearch]	1556 of 2222 task(s) completed at 10/26/2019 09:49:02
INFO	[hmmsearch]	1778 of 2222 task(s) completed at 10/26/2019 09:49:03
INFO	[hmmsearch]	2000 of 2222 task(s) completed at 10/26/2019 09:49:04
INFO	[hmmsearch]	2222 of 2222 task(s) completed at 10/26/2019 09:49:05
INFO	Results:
INFO	C:24.8%[S:23.8%,D:1.0%],F:27.8%,M:47.4%,n:1440
INFO	356 Complete BUSCOs (C)
INFO	342 Complete and single-copy BUSCOs (S)
INFO	14 Complete and duplicated BUSCOs (D)
INFO	401 Fragmented BUSCOs (F)
INFO	683 Missing BUSCOs (M)
INFO	1440 Total BUSCO groups searched
INFO	****** Phase 2 of 2, predictions using species specific training ******
INFO	****** Step 1/3, current time: 10/26/2019 09:49:06 ******
INFO	Extracting missing and fragmented buscos from the ancestral_variants file...
INFO	Running tblastn, writing output to /bigdata/littlab/arajewski/Datura/4_BUSCO/run_Dstr_v1.3_k121/blast_output/tblastn_Dstr_v1.3_k121_missing_and_frag_rerun.tsv...
INFO	[tblastn]	1 of 1 task(s) completed at 10/26/2019 12:17:09
INFO	Maximum number of candidate contig per BUSCO limited to: 3
INFO	Getting coordinates for candidate regions...
INFO	****** Step 2/3, current time: 10/26/2019 12:17:26 ******
INFO	Training Augustus using Single-Copy Complete BUSCOs:
INFO	Converting predicted genes to short genbank files at 10/26/2019 12:17:26...
INFO	All files converted to short genbank files, now running the training scripts at 10/26/2019 12:43:20...
INFO	Pre-Augustus scaffold extraction...
INFO	Re-running Augustus with the new metaparameters, number of target BUSCOs: 1084
INFO	[augustus]	191 of 1909 task(s) completed at 10/26/2019 12:48:37
INFO	[augustus]	382 of 1909 task(s) completed at 10/26/2019 12:48:50
INFO	[augustus]	573 of 1909 task(s) completed at 10/26/2019 12:49:03
INFO	[augustus]	764 of 1909 task(s) completed at 10/26/2019 12:49:16
INFO	[augustus]	955 of 1909 task(s) completed at 10/26/2019 12:49:30
INFO	[augustus]	1146 of 1909 task(s) completed at 10/26/2019 12:49:45
INFO	[augustus]	1337 of 1909 task(s) completed at 10/26/2019 12:50:05
INFO	[augustus]	1528 of 1909 task(s) completed at 10/26/2019 12:50:24
INFO	[augustus]	1719 of 1909 task(s) completed at 10/26/2019 12:50:36
INFO	[augustus]	1909 of 1909 task(s) completed at 10/26/2019 12:50:44
INFO	Extracting predicted proteins...
INFO	****** Step 3/3, current time: 10/26/2019 12:51:10 ******
INFO	Running HMMER to confirm orthology of predicted proteins:
INFO	[hmmsearch]	Error: Failed to open sequence file /bigdata/littlab/arajewski/Datura/4_BUSCO/run_Dstr_v1.3_k121/augustus_output/extracted_proteins/EOG09360IBU.faa.1 for reading
INFO	[hmmsearch]	Error: Failed to open sequence file /bigdata/littlab/arajewski/Datura/4_BUSCO/run_Dstr_v1.3_k121/augustus_output/extracted_proteins/EOG09360JMJ.faa.2 for reading
INFO	[hmmsearch]	Error: Failed to open sequence file /bigdata/littlab/arajewski/Datura/4_BUSCO/run_Dstr_v1.3_k121/augustus_output/extracted_proteins/EOG09360XE7.faa.2 for reading
INFO	[hmmsearch]	Error: Failed to open sequence file /bigdata/littlab/arajewski/Datura/4_BUSCO/run_Dstr_v1.3_k121/augustus_output/extracted_proteins/EOG09360N0I.faa.2 for reading
INFO	[hmmsearch]	Error: Failed to open sequence file /bigdata/littlab/arajewski/Datura/4_BUSCO/run_Dstr_v1.3_k121/augustus_output/extracted_proteins/EOG09360VCN.faa.1 for reading
INFO	[hmmsearch]	Error: Failed to open sequence file /bigdata/littlab/arajewski/Datura/4_BUSCO/run_Dstr_v1.3_k121/augustus_output/extracted_proteins/EOG093606NA.faa.2 for reading
INFO	[hmmsearch]	Error: Failed to open sequence file /bigdata/littlab/arajewski/Datura/4_BUSCO/run_Dstr_v1.3_k121/augustus_output/extracted_proteins/EOG09360RCD.faa.2 for reading
INFO	[hmmsearch]	Error: Failed to open sequence file /bigdata/littlab/arajewski/Datura/4_BUSCO/run_Dstr_v1.3_k121/augustus_output/extracted_proteins/EOG09360R4F.faa.2 for reading
INFO	[hmmsearch]	Error: Failed to open sequence file /bigdata/littlab/arajewski/Datura/4_BUSCO/run_Dstr_v1.3_k121/augustus_output/extracted_proteins/EOG09360HOF.faa.2 for reading
INFO	[hmmsearch]	Error: Failed to open sequence file /bigdata/littlab/arajewski/Datura/4_BUSCO/run_Dstr_v1.3_k121/augustus_output/extracted_proteins/EOG09360LFY.faa.2 for reading
INFO	[hmmsearch]	Error: Failed to open sequence file /bigdata/littlab/arajewski/Datura/4_BUSCO/run_Dstr_v1.3_k121/augustus_output/extracted_proteins/EOG09360QMN.faa.1 for reading
INFO	[hmmsearch]	Error: Failed to open sequence file /bigdata/littlab/arajewski/Datura/4_BUSCO/run_Dstr_v1.3_k121/augustus_output/extracted_proteins/EOG09360E7L.faa.2 for reading
INFO	[hmmsearch]	Error: Failed to open sequence file /bigdata/littlab/arajewski/Datura/4_BUSCO/run_Dstr_v1.3_k121/augustus_output/extracted_proteins/EOG09360NB8.faa.2 for reading
INFO	[hmmsearch]	Error: Failed to open sequence file /bigdata/littlab/arajewski/Datura/4_BUSCO/run_Dstr_v1.3_k121/augustus_output/extracted_proteins/EOG093601V0.faa.2 for reading
INFO	[hmmsearch]	Error: Failed to open sequence file /bigdata/littlab/arajewski/Datura/4_BUSCO/run_Dstr_v1.3_k121/augustus_output/extracted_proteins/EOG09360RS5.faa.2 for reading
INFO	[hmmsearch]	Error: Failed to open sequence file /bigdata/littlab/arajewski/Datura/4_BUSCO/run_Dstr_v1.3_k121/augustus_output/extracted_proteins/EOG09360T1O.faa.3 for reading
INFO	[hmmsearch]	Error: Failed to open sequence file /bigdata/littlab/arajewski/Datura/4_BUSCO/run_Dstr_v1.3_k121/augustus_output/extracted_proteins/EOG09360IQC.faa.2 for reading
INFO	[hmmsearch]	Error: Failed to open sequence file /bigdata/littlab/arajewski/Datura/4_BUSCO/run_Dstr_v1.3_k121/augustus_output/extracted_proteins/EOG09360BJO.faa.1 for reading
INFO	[hmmsearch]	Error: Failed to open sequence file /bigdata/littlab/arajewski/Datura/4_BUSCO/run_Dstr_v1.3_k121/augustus_output/extracted_proteins/EOG09360MCT.faa.2 for reading
INFO	[hmmsearch]	Error: Failed to open sequence file /bigdata/littlab/arajewski/Datura/4_BUSCO/run_Dstr_v1.3_k121/augustus_output/extracted_proteins/EOG0936065V.faa.3 for reading
INFO	[hmmsearch]	Error: Failed to open sequence file /bigdata/littlab/arajewski/Datura/4_BUSCO/run_Dstr_v1.3_k121/augustus_output/extracted_proteins/EOG09360RHO.faa.1 for reading
INFO	[hmmsearch]	Error: Failed to open sequence file /bigdata/littlab/arajewski/Datura/4_BUSCO/run_Dstr_v1.3_k121/augustus_output/extracted_proteins/EOG093605TN.faa.2 for reading
INFO	[hmmsearch]	Error: Failed to open sequence file /bigdata/littlab/arajewski/Datura/4_BUSCO/run_Dstr_v1.3_k121/augustus_output/extracted_proteins/EOG09360LL8.faa.2 for reading
INFO	[hmmsearch]	Error: Failed to open sequence file /bigdata/littlab/arajewski/Datura/4_BUSCO/run_Dstr_v1.3_k121/augustus_output/extracted_proteins/EOG09360XZ1.faa.1 for reading
INFO	[hmmsearch]	Error: Failed to open sequence file /bigdata/littlab/arajewski/Datura/4_BUSCO/run_Dstr_v1.3_k121/augustus_output/extracted_proteins/EOG09360LLC.faa.2 for reading
INFO	[hmmsearch]	Error: Failed to open sequence file /bigdata/littlab/arajewski/Datura/4_BUSCO/run_Dstr_v1.3_k121/augustus_output/extracted_proteins/EOG09360N69.faa.1 for reading
INFO	[hmmsearch]	Error: Failed to open sequence file /bigdata/littlab/arajewski/Datura/4_BUSCO/run_Dstr_v1.3_k121/augustus_output/extracted_proteins/EOG09360829.faa.2 for reading
INFO	[hmmsearch]	Error: Failed to open sequence file /bigdata/littlab/arajewski/Datura/4_BUSCO/run_Dstr_v1.3_k121/augustus_output/extracted_proteins/EOG09360BWZ.faa.1 for reading
INFO	[hmmsearch]	Error: Failed to open sequence file /bigdata/littlab/arajewski/Datura/4_BUSCO/run_Dstr_v1.3_k121/augustus_output/extracted_proteins/EOG09360EFH.faa.2 for reading
INFO	[hmmsearch]	Error: Failed to open sequence file /bigdata/littlab/arajewski/Datura/4_BUSCO/run_Dstr_v1.3_k121/augustus_output/extracted_proteins/EOG09360EEW.faa.2 for reading
INFO	[hmmsearch]	453 of 1509 task(s) completed at 10/26/2019 12:51:11
INFO	[hmmsearch]	Error: Failed to open sequence file /bigdata/littlab/arajewski/Datura/4_BUSCO/run_Dstr_v1.3_k121/augustus_output/extracted_proteins/EOG09360M1M.faa.2 for reading
INFO	[hmmsearch]	Error: Failed to open sequence file /bigdata/littlab/arajewski/Datura/4_BUSCO/run_Dstr_v1.3_k121/augustus_output/extracted_proteins/EOG09360EV2.faa.1 for reading
INFO	[hmmsearch]	Error: Failed to open sequence file /bigdata/littlab/arajewski/Datura/4_BUSCO/run_Dstr_v1.3_k121/augustus_output/extracted_proteins/EOG09360EV2.faa.3 for reading
INFO	[hmmsearch]	Error: Failed to open sequence file /bigdata/littlab/arajewski/Datura/4_BUSCO/run_Dstr_v1.3_k121/augustus_output/extracted_proteins/EOG09360LX9.faa.3 for reading
INFO	[hmmsearch]	Error: Failed to open sequence file /bigdata/littlab/arajewski/Datura/4_BUSCO/run_Dstr_v1.3_k121/augustus_output/extracted_proteins/EOG09360P5M.faa.2 for reading
INFO	[hmmsearch]	Error: Failed to open sequence file /bigdata/littlab/arajewski/Datura/4_BUSCO/run_Dstr_v1.3_k121/augustus_output/extracted_proteins/EOG093607NG.faa.2 for reading
INFO	[hmmsearch]	Error: Failed to open sequence file /bigdata/littlab/arajewski/Datura/4_BUSCO/run_Dstr_v1.3_k121/augustus_output/extracted_proteins/EOG09360RTI.faa.2 for reading
INFO	[hmmsearch]	Error: Failed to open sequence file /bigdata/littlab/arajewski/Datura/4_BUSCO/run_Dstr_v1.3_k121/augustus_output/extracted_proteins/EOG09360K1I.faa.3 for reading
INFO	[hmmsearch]	Error: Failed to open sequence file /bigdata/littlab/arajewski/Datura/4_BUSCO/run_Dstr_v1.3_k121/augustus_output/extracted_proteins/EOG09360DQD.faa.1 for reading
INFO	[hmmsearch]	Error: Failed to open sequence file /bigdata/littlab/arajewski/Datura/4_BUSCO/run_Dstr_v1.3_k121/augustus_output/extracted_proteins/EOG09360BAH.faa.2 for reading
INFO	[hmmsearch]	Error: Failed to open sequence file /bigdata/littlab/arajewski/Datura/4_BUSCO/run_Dstr_v1.3_k121/augustus_output/extracted_proteins/EOG09360ROA.faa.1 for reading
INFO	[hmmsearch]	Error: Failed to open sequence file /bigdata/littlab/arajewski/Datura/4_BUSCO/run_Dstr_v1.3_k121/augustus_output/extracted_proteins/EOG093608BO.faa.3 for reading
INFO	[hmmsearch]	Error: Failed to open sequence file /bigdata/littlab/arajewski/Datura/4_BUSCO/run_Dstr_v1.3_k121/augustus_output/extracted_proteins/EOG09360DJM.faa.2 for reading
INFO	[hmmsearch]	Error: Failed to open sequence file /bigdata/littlab/arajewski/Datura/4_BUSCO/run_Dstr_v1.3_k121/augustus_output/extracted_proteins/EOG09360CXD.faa.2 for reading
INFO	[hmmsearch]	Error: Failed to open sequence file /bigdata/littlab/arajewski/Datura/4_BUSCO/run_Dstr_v1.3_k121/augustus_output/extracted_proteins/EOG09360IS4.faa.2 for reading
INFO	[hmmsearch]	Error: Failed to open sequence file /bigdata/littlab/arajewski/Datura/4_BUSCO/run_Dstr_v1.3_k121/augustus_output/extracted_proteins/EOG09360LA3.faa.1 for reading
INFO	[hmmsearch]	Error: Failed to open sequence file /bigdata/littlab/arajewski/Datura/4_BUSCO/run_Dstr_v1.3_k121/augustus_output/extracted_proteins/EOG09360MRP.faa.3 for reading
INFO	[hmmsearch]	Error: Failed to open sequence file /bigdata/littlab/arajewski/Datura/4_BUSCO/run_Dstr_v1.3_k121/augustus_output/extracted_proteins/EOG09360CCQ.faa.2 for reading
INFO	[hmmsearch]	Error: Failed to open sequence file /bigdata/littlab/arajewski/Datura/4_BUSCO/run_Dstr_v1.3_k121/augustus_output/extracted_proteins/EOG09360IGG.faa.3 for reading
INFO	[hmmsearch]	Error: Failed to open sequence file /bigdata/littlab/arajewski/Datura/4_BUSCO/run_Dstr_v1.3_k121/augustus_output/extracted_proteins/EOG09360IGG.faa.1 for reading
INFO	[hmmsearch]	Error: Failed to open sequence file /bigdata/littlab/arajewski/Datura/4_BUSCO/run_Dstr_v1.3_k121/augustus_output/extracted_proteins/EOG09360LVI.faa.1 for reading
INFO	[hmmsearch]	Error: Failed to open sequence file /bigdata/littlab/arajewski/Datura/4_BUSCO/run_Dstr_v1.3_k121/augustus_output/extracted_proteins/EOG09360FVD.faa.2 for reading
INFO	[hmmsearch]	Error: Failed to open sequence file /bigdata/littlab/arajewski/Datura/4_BUSCO/run_Dstr_v1.3_k121/augustus_output/extracted_proteins/EOG09360GUO.faa.1 for reading
INFO	[hmmsearch]	Error: Failed to open sequence file /bigdata/littlab/arajewski/Datura/4_BUSCO/run_Dstr_v1.3_k121/augustus_output/extracted_proteins/EOG09360M1I.faa.3 for reading
INFO	[hmmsearch]	Error: Failed to open sequence file /bigdata/littlab/arajewski/Datura/4_BUSCO/run_Dstr_v1.3_k121/augustus_output/extracted_proteins/EOG09360M1I.faa.1 for reading
INFO	[hmmsearch]	Error: Failed to open sequence file /bigdata/littlab/arajewski/Datura/4_BUSCO/run_Dstr_v1.3_k121/augustus_output/extracted_proteins/EOG09360M2U.faa.1 for reading
INFO	[hmmsearch]	Error: Failed to open sequence file /bigdata/littlab/arajewski/Datura/4_BUSCO/run_Dstr_v1.3_k121/augustus_output/extracted_proteins/EOG09360JVX.faa.2 for reading
INFO	[hmmsearch]	Error: Failed to open sequence file /bigdata/littlab/arajewski/Datura/4_BUSCO/run_Dstr_v1.3_k121/augustus_output/extracted_proteins/EOG09360SKX.faa.1 for reading
INFO	[hmmsearch]	755 of 1509 task(s) completed at 10/26/2019 12:51:12
INFO	[hmmsearch]	Error: Failed to open sequence file /bigdata/littlab/arajewski/Datura/4_BUSCO/run_Dstr_v1.3_k121/augustus_output/extracted_proteins/EOG09360C6T.faa.2 for reading
INFO	[hmmsearch]	Error: Failed to open sequence file /bigdata/littlab/arajewski/Datura/4_BUSCO/run_Dstr_v1.3_k121/augustus_output/extracted_proteins/EOG09360LK3.faa.2 for reading
INFO	[hmmsearch]	Error: Failed to open sequence file /bigdata/littlab/arajewski/Datura/4_BUSCO/run_Dstr_v1.3_k121/augustus_output/extracted_proteins/EOG09360QEX.faa.2 for reading
INFO	[hmmsearch]	Error: Failed to open sequence file /bigdata/littlab/arajewski/Datura/4_BUSCO/run_Dstr_v1.3_k121/augustus_output/extracted_proteins/EOG09360N12.faa.2 for reading
INFO	[hmmsearch]	Error: Failed to open sequence file /bigdata/littlab/arajewski/Datura/4_BUSCO/run_Dstr_v1.3_k121/augustus_output/extracted_proteins/EOG09360K8L.faa.2 for reading
INFO	[hmmsearch]	Error: Failed to open sequence file /bigdata/littlab/arajewski/Datura/4_BUSCO/run_Dstr_v1.3_k121/augustus_output/extracted_proteins/EOG09360NEY.faa.2 for reading
INFO	[hmmsearch]	Error: Failed to open sequence file /bigdata/littlab/arajewski/Datura/4_BUSCO/run_Dstr_v1.3_k121/augustus_output/extracted_proteins/EOG093605XW.faa.2 for reading
INFO	[hmmsearch]	Error: Failed to open sequence file /bigdata/littlab/arajewski/Datura/4_BUSCO/run_Dstr_v1.3_k121/augustus_output/extracted_proteins/EOG09360F40.faa.2 for reading
INFO	[hmmsearch]	Error: Failed to open sequence file /bigdata/littlab/arajewski/Datura/4_BUSCO/run_Dstr_v1.3_k121/augustus_output/extracted_proteins/EOG09360L1R.faa.3 for reading
INFO	[hmmsearch]	Error: Failed to open sequence file /bigdata/littlab/arajewski/Datura/4_BUSCO/run_Dstr_v1.3_k121/augustus_output/extracted_proteins/EOG09360L1R.faa.1 for reading
INFO	[hmmsearch]	Error: Failed to open sequence file /bigdata/littlab/arajewski/Datura/4_BUSCO/run_Dstr_v1.3_k121/augustus_output/extracted_proteins/EOG09360S1U.faa.2 for reading
INFO	[hmmsearch]	Error: Failed to open sequence file /bigdata/littlab/arajewski/Datura/4_BUSCO/run_Dstr_v1.3_k121/augustus_output/extracted_proteins/EOG09360UGG.faa.1 for reading
INFO	[hmmsearch]	Error: Failed to open sequence file /bigdata/littlab/arajewski/Datura/4_BUSCO/run_Dstr_v1.3_k121/augustus_output/extracted_proteins/EOG09360F56.faa.3 for reading
INFO	[hmmsearch]	Error: Failed to open sequence file /bigdata/littlab/arajewski/Datura/4_BUSCO/run_Dstr_v1.3_k121/augustus_output/extracted_proteins/EOG09360LK7.faa.2 for reading
INFO	[hmmsearch]	1057 of 1509 task(s) completed at 10/26/2019 12:51:14
INFO	[hmmsearch]	Error: Failed to open sequence file /bigdata/littlab/arajewski/Datura/4_BUSCO/run_Dstr_v1.3_k121/augustus_output/extracted_proteins/EOG0936066R.faa.2 for reading
INFO	[hmmsearch]	Error: Failed to open sequence file /bigdata/littlab/arajewski/Datura/4_BUSCO/run_Dstr_v1.3_k121/augustus_output/extracted_proteins/EOG0936091G.faa.2 for reading
INFO	[hmmsearch]	Error: Failed to open sequence file /bigdata/littlab/arajewski/Datura/4_BUSCO/run_Dstr_v1.3_k121/augustus_output/extracted_proteins/EOG09360BQM.faa.2 for reading
INFO	[hmmsearch]	Error: Failed to open sequence file /bigdata/littlab/arajewski/Datura/4_BUSCO/run_Dstr_v1.3_k121/augustus_output/extracted_proteins/EOG09360BN6.faa.3 for reading
INFO	[hmmsearch]	Error: Failed to open sequence file /bigdata/littlab/arajewski/Datura/4_BUSCO/run_Dstr_v1.3_k121/augustus_output/extracted_proteins/EOG09360BYY.faa.2 for reading
INFO	[hmmsearch]	Error: Failed to open sequence file /bigdata/littlab/arajewski/Datura/4_BUSCO/run_Dstr_v1.3_k121/augustus_output/extracted_proteins/EOG09360EPY.faa.2 for reading
INFO	[hmmsearch]	Error: Failed to open sequence file /bigdata/littlab/arajewski/Datura/4_BUSCO/run_Dstr_v1.3_k121/augustus_output/extracted_proteins/EOG09360FBI.faa.2 for reading
INFO	[hmmsearch]	Error: Failed to open sequence file /bigdata/littlab/arajewski/Datura/4_BUSCO/run_Dstr_v1.3_k121/augustus_output/extracted_proteins/EOG09360HN7.faa.3 for reading
INFO	[hmmsearch]	Error: Failed to open sequence file /bigdata/littlab/arajewski/Datura/4_BUSCO/run_Dstr_v1.3_k121/augustus_output/extracted_proteins/EOG09360IKP.faa.3 for reading
INFO	[hmmsearch]	Error: Failed to open sequence file /bigdata/littlab/arajewski/Datura/4_BUSCO/run_Dstr_v1.3_k121/augustus_output/extracted_proteins/EOG09360NGB.faa.2 for reading
INFO	[hmmsearch]	Error: Failed to open sequence file /bigdata/littlab/arajewski/Datura/4_BUSCO/run_Dstr_v1.3_k121/augustus_output/extracted_proteins/EOG09360NM4.faa.2 for reading
INFO	[hmmsearch]	Error: Failed to open sequence file /bigdata/littlab/arajewski/Datura/4_BUSCO/run_Dstr_v1.3_k121/augustus_output/extracted_proteins/EOG09360R2K.faa.2 for reading
INFO	[hmmsearch]	1509 of 1509 task(s) completed at 10/26/2019 12:51:15
INFO	Results:
INFO	C:25.3%[S:24.3%,D:1.0%],F:23.1%,M:51.6%,n:1440
INFO	364 Complete BUSCOs (C)
INFO	350 Complete and single-copy BUSCOs (S)
INFO	14 Complete and duplicated BUSCOs (D)
INFO	333 Fragmented BUSCOs (F)
INFO	743 Missing BUSCOs (M)
INFO	1440 Total BUSCO groups searched
INFO	BUSCO analysis done with WARNING(s). Total running time: 13026.560048818588 seconds
INFO	Results written in /bigdata/littlab/arajewski/Datura/4_BUSCO/run_Dstr_v1.3_k121/

JobId=390296 JobName=4a_BUSCO.sh
   UserId=arajewski(3080) GroupId=littlab(1144) MCS_label=N/A
   Priority=100000 Nice=0 Account=littlab QOS=normal
   JobState=RUNNING Reason=None Dependency=(null)
   Requeue=1 Restarts=0 BatchFlag=1 Reboot=0 ExitCode=0:0
   RunTime=03:37:10 TimeLimit=09:00:00 TimeMin=N/A
   SubmitTime=2019-10-26T09:13:39 EligibleTime=2019-10-26T09:13:39
   AccrueTime=2019-10-26T09:13:39
   StartTime=2019-10-26T09:14:10 EndTime=2019-10-26T18:14:10 Deadline=N/A
   SuspendTime=None SecsPreSuspend=0 LastSchedEval=2019-10-26T09:14:10
   Partition=intel AllocNode:Sid=pelican.ib.hpcc.ucr.edu:40704
   ReqNodeList=(null) ExcNodeList=(null)
   NodeList=i19
   BatchHost=i19
   NumNodes=1 NumCPUs=16 NumTasks=16 CPUs/Task=1 ReqB:S:C:T=0:0:*:*
   TRES=cpu=16,mem=100G,node=1,billing=41
   Socks/Node=* NtasksPerN:B:S:C=0:0:*:* CoreSpec=*
   MinCPUsNode=1 MinMemoryNode=100G MinTmpDiskNode=0
   Features=(null) DelayBoot=00:00:00
   OverSubscribe=OK Contiguous=0 Licenses=(null) Network=(null)
   Command=/bigdata/littlab/arajewski/Datura/4_BUSCO/4a_BUSCO.sh
   WorkDir=/bigdata/littlab/arajewski/Datura/4_BUSCO
   StdErr=/bigdata/littlab/arajewski/Datura/4_BUSCO/../history/4a_BUSCO-390296.out
   StdIn=/dev/null
   StdOut=/bigdata/littlab/arajewski/Datura/4_BUSCO/../history/4a_BUSCO-390296.out
   Power=

