WARNING	An augustus species is mentioned in the config file, dataset default species (arabidopsis) will be ignored
INFO	****************** Start a BUSCO 3.0.2 analysis, current time: 10/28/2019 08:47:14 ******************
INFO	Configuration loaded from /opt/linux/centos/7.x/x86_64/pkgs/busco/3.0.2/config/config.ini
INFO	Init tools...
INFO	Check dependencies...
INFO	Check input file...
INFO	To reproduce this run: python /opt/linux/centos/7.x/x86_64/pkgs/busco/3.0.2/scripts/run_BUSCO.py -i /rhome/arajewski/bigdata/Datura/2_ABySS/k_89/Dstr_v1.3_k89-scaffolds.fa -o Dstr_v1.3_k89 -l /srv/projects/db/BUSCO/v9/embryophyta_odb9/ -m genome -c 16 -z -sp tomato
INFO	Mode is: genome
INFO	The lineage dataset is: embryophyta_odb9 (eukaryota)
INFO	Temp directory is ./tmp/
INFO	****** Phase 1 of 2, initial predictions ******
INFO	****** Step 1/3, current time: 10/28/2019 08:48:21 ******
INFO	Create blast database...
INFO	[makeblastdb]	Building a new DB, current time: 10/28/2019 08:48:21
INFO	[makeblastdb]	New DB name:   /bigdata/littlab/arajewski/Datura/4_BUSCO/tmp/Dstr_v1.3_k89_3698877754
INFO	[makeblastdb]	New DB title:  /rhome/arajewski/bigdata/Datura/2_ABySS/k_89/Dstr_v1.3_k89-scaffolds.fa
INFO	[makeblastdb]	Sequence type: Nucleotide
INFO	[makeblastdb]	Keep MBits: T
INFO	[makeblastdb]	Maximum file size: 1000000000B
INFO	[makeblastdb]	Adding sequences from FASTA; added 5315453 sequences in 148.083 seconds.
INFO	[makeblastdb]	1 of 1 task(s) completed at 10/28/2019 08:50:50
INFO	Running tblastn, writing output to /bigdata/littlab/arajewski/Datura/4_BUSCO/run_Dstr_v1.3_k89/blast_output/tblastn_Dstr_v1.3_k89.tsv...
INFO	[tblastn]	1 of 1 task(s) completed at 10/28/2019 09:16:57
INFO	****** Step 2/3, current time: 10/28/2019 09:16:57 ******
INFO	Maximum number of candidate contig per BUSCO limited to: 3
INFO	Getting coordinates for candidate regions...
INFO	Pre-Augustus scaffold extraction...
INFO	Running Augustus prediction using tomato as species:
INFO	[augustus]	Please find all logs related to Augustus errors here: /bigdata/littlab/arajewski/Datura/4_BUSCO/run_Dstr_v1.3_k89/augustus_output/augustus.log
INFO	[augustus]	236 of 2359 task(s) completed at 10/28/2019 09:27:26
INFO	[augustus]	472 of 2359 task(s) completed at 10/28/2019 09:28:47
INFO	[augustus]	708 of 2359 task(s) completed at 10/28/2019 09:30:06
INFO	[augustus]	944 of 2359 task(s) completed at 10/28/2019 09:31:21
INFO	[augustus]	1180 of 2359 task(s) completed at 10/28/2019 09:32:25
INFO	[augustus]	1416 of 2359 task(s) completed at 10/28/2019 09:33:27
INFO	[augustus]	1652 of 2359 task(s) completed at 10/28/2019 09:34:24
INFO	[augustus]	1888 of 2359 task(s) completed at 10/28/2019 09:35:12
INFO	[augustus]	2124 of 2359 task(s) completed at 10/28/2019 09:35:54
INFO	[augustus]	2359 of 2359 task(s) completed at 10/28/2019 09:36:32
INFO	Extracting predicted proteins...
INFO	****** Step 3/3, current time: 10/28/2019 09:37:20 ******
INFO	Running HMMER to confirm orthology of predicted proteins:
INFO	[hmmsearch]	455 of 2271 task(s) completed at 10/28/2019 09:37:24
INFO	[hmmsearch]	682 of 2271 task(s) completed at 10/28/2019 09:37:25
INFO	[hmmsearch]	1136 of 2271 task(s) completed at 10/28/2019 09:37:28
INFO	[hmmsearch]	1363 of 2271 task(s) completed at 10/28/2019 09:37:29
INFO	[hmmsearch]	2044 of 2271 task(s) completed at 10/28/2019 09:37:32
INFO	[hmmsearch]	2271 of 2271 task(s) completed at 10/28/2019 09:37:33
INFO	Results:
INFO	C:47.1%[S:46.0%,D:1.1%],F:24.0%,M:28.9%,n:1440
INFO	679 Complete BUSCOs (C)
INFO	663 Complete and single-copy BUSCOs (S)
INFO	16 Complete and duplicated BUSCOs (D)
INFO	345 Fragmented BUSCOs (F)
INFO	416 Missing BUSCOs (M)
INFO	1440 Total BUSCO groups searched
INFO	****** Phase 2 of 2, predictions using species specific training ******
INFO	****** Step 1/3, current time: 10/28/2019 09:37:33 ******
INFO	Extracting missing and fragmented buscos from the ancestral_variants file...
INFO	Running tblastn, writing output to /bigdata/littlab/arajewski/Datura/4_BUSCO/run_Dstr_v1.3_k89/blast_output/tblastn_Dstr_v1.3_k89_missing_and_frag_rerun.tsv...
INFO	[tblastn]	1 of 1 task(s) completed at 10/28/2019 11:51:20
INFO	Maximum number of candidate contig per BUSCO limited to: 3
INFO	Getting coordinates for candidate regions...
INFO	****** Step 2/3, current time: 10/28/2019 11:51:30 ******
INFO	Training Augustus using Single-Copy Complete BUSCOs:
INFO	Converting predicted genes to short genbank files at 10/28/2019 11:51:30...
INFO	All files converted to short genbank files, now running the training scripts at 10/28/2019 13:08:54...
INFO	Pre-Augustus scaffold extraction...
INFO	Re-running Augustus with the new metaparameters, number of target BUSCOs: 761
INFO	[augustus]	129 of 1287 task(s) completed at 10/28/2019 13:14:27
INFO	[augustus]	258 of 1287 task(s) completed at 10/28/2019 13:14:48
INFO	[augustus]	387 of 1287 task(s) completed at 10/28/2019 13:15:10
INFO	[augustus]	515 of 1287 task(s) completed at 10/28/2019 13:15:27
INFO	[augustus]	644 of 1287 task(s) completed at 10/28/2019 13:15:47
INFO	[augustus]	773 of 1287 task(s) completed at 10/28/2019 13:16:17
INFO	[augustus]	901 of 1287 task(s) completed at 10/28/2019 13:16:53
INFO	[augustus]	1030 of 1287 task(s) completed at 10/28/2019 13:17:18
INFO	[augustus]	1159 of 1287 task(s) completed at 10/28/2019 13:17:35
INFO	[augustus]	1287 of 1287 task(s) completed at 10/28/2019 13:17:47
INFO	Extracting predicted proteins...
INFO	****** Step 3/3, current time: 10/28/2019 13:18:10 ******
INFO	Running HMMER to confirm orthology of predicted proteins:
INFO	[hmmsearch]	Error: Failed to open sequence file /bigdata/littlab/arajewski/Datura/4_BUSCO/run_Dstr_v1.3_k89/augustus_output/extracted_proteins/EOG09360T7J.faa.1 for reading
INFO	[hmmsearch]	Error: Failed to open sequence file /bigdata/littlab/arajewski/Datura/4_BUSCO/run_Dstr_v1.3_k89/augustus_output/extracted_proteins/EOG09360MCT.faa.2 for reading
INFO	[hmmsearch]	Error: Failed to open sequence file /bigdata/littlab/arajewski/Datura/4_BUSCO/run_Dstr_v1.3_k89/augustus_output/extracted_proteins/EOG093602S0.faa.2 for reading
INFO	[hmmsearch]	Error: Failed to open sequence file /bigdata/littlab/arajewski/Datura/4_BUSCO/run_Dstr_v1.3_k89/augustus_output/extracted_proteins/EOG09360GU6.faa.3 for reading
INFO	[hmmsearch]	Error: Failed to open sequence file /bigdata/littlab/arajewski/Datura/4_BUSCO/run_Dstr_v1.3_k89/augustus_output/extracted_proteins/EOG093602VE.faa.1 for reading
INFO	[hmmsearch]	Error: Failed to open sequence file /bigdata/littlab/arajewski/Datura/4_BUSCO/run_Dstr_v1.3_k89/augustus_output/extracted_proteins/EOG09360ROY.faa.2 for reading
INFO	[hmmsearch]	Error: Failed to open sequence file /bigdata/littlab/arajewski/Datura/4_BUSCO/run_Dstr_v1.3_k89/augustus_output/extracted_proteins/EOG09360EUK.faa.1 for reading
INFO	[hmmsearch]	Error: Failed to open sequence file /bigdata/littlab/arajewski/Datura/4_BUSCO/run_Dstr_v1.3_k89/augustus_output/extracted_proteins/EOG093603UU.faa.2 for reading
INFO	[hmmsearch]	Error: Failed to open sequence file /bigdata/littlab/arajewski/Datura/4_BUSCO/run_Dstr_v1.3_k89/augustus_output/extracted_proteins/EOG09360CNL.faa.2 for reading
INFO	[hmmsearch]	719 of 1198 task(s) completed at 10/28/2019 13:18:14
INFO	[hmmsearch]	Error: Failed to open sequence file /bigdata/littlab/arajewski/Datura/4_BUSCO/run_Dstr_v1.3_k89/augustus_output/extracted_proteins/EOG093604XX.faa.1 for reading
INFO	[hmmsearch]	Error: Failed to open sequence file /bigdata/littlab/arajewski/Datura/4_BUSCO/run_Dstr_v1.3_k89/augustus_output/extracted_proteins/EOG09360F40.faa.2 for reading
INFO	[hmmsearch]	Error: Failed to open sequence file /bigdata/littlab/arajewski/Datura/4_BUSCO/run_Dstr_v1.3_k89/augustus_output/extracted_proteins/EOG09360OW8.faa.3 for reading
INFO	[hmmsearch]	1198 of 1198 task(s) completed at 10/28/2019 13:18:16
INFO	Results:
INFO	C:48.9%[S:47.8%,D:1.1%],F:21.0%,M:30.1%,n:1440
INFO	704 Complete BUSCOs (C)
INFO	688 Complete and single-copy BUSCOs (S)
INFO	16 Complete and duplicated BUSCOs (D)
INFO	303 Fragmented BUSCOs (F)
INFO	433 Missing BUSCOs (M)
INFO	1440 Total BUSCO groups searched
INFO	BUSCO analysis done with WARNING(s). Total running time: 16267.380666732788 seconds
INFO	Results written in /bigdata/littlab/arajewski/Datura/4_BUSCO/run_Dstr_v1.3_k89/

JobId=392607 JobName=4a_BUSCO.sh
   UserId=arajewski(3080) GroupId=littlab(1144) MCS_label=N/A
   Priority=100000 Nice=0 Account=littlab QOS=normal
   JobState=RUNNING Reason=None Dependency=(null)
   Requeue=1 Restarts=0 BatchFlag=1 Reboot=0 ExitCode=0:0
   RunTime=04:31:14 TimeLimit=09:00:00 TimeMin=N/A
   SubmitTime=2019-10-28T08:46:59 EligibleTime=2019-10-28T08:46:59
   AccrueTime=2019-10-28T08:46:59
   StartTime=2019-10-28T08:47:07 EndTime=2019-10-28T17:47:07 Deadline=N/A
   SuspendTime=None SecsPreSuspend=0 LastSchedEval=2019-10-28T08:47:07
   Partition=intel AllocNode:Sid=pigeon.ib.hpcc.ucr.edu:17347
   ReqNodeList=(null) ExcNodeList=(null)
   NodeList=i30
   BatchHost=i30
   NumNodes=1 NumCPUs=16 NumTasks=16 CPUs/Task=1 ReqB:S:C:T=0:0:*:*
   TRES=cpu=16,mem=100G,node=1,billing=41
   Socks/Node=* NtasksPerN:B:S:C=0:0:*:* CoreSpec=*
   MinCPUsNode=1 MinMemoryNode=100G MinTmpDiskNode=0
   Features=(null) DelayBoot=00:00:00
   OverSubscribe=OK Contiguous=0 Licenses=(null) Network=(null)
   Command=/bigdata/littlab/arajewski/Datura/4_BUSCO/4a_BUSCO.sh
   WorkDir=/bigdata/littlab/arajewski/Datura/4_BUSCO
   StdErr=/bigdata/littlab/arajewski/Datura/4_BUSCO/../history/4a_BUSCO-392607.out
   StdIn=/dev/null
   StdOut=/bigdata/littlab/arajewski/Datura/4_BUSCO/../history/4a_BUSCO-392607.out
   Power=

