WARNING	An augustus species is mentioned in the config file, dataset default species (arabidopsis) will be ignored
INFO	****************** Start a BUSCO 3.0.2 analysis, current time: 04/14/2020 12:16:49 ******************
INFO	Configuration loaded from /opt/linux/centos/7.x/x86_64/pkgs/busco/3.0.2/config/config.ini
INFO	Init tools...
INFO	Check dependencies...
INFO	Check input file...
INFO	To reproduce this run: python /opt/linux/centos/7.x/x86_64/pkgs/busco/3.0.2/scripts/run_BUSCO.py -i /rhome/arajewski/bigdata/Datura/5_Funannotate/predict/update_results/Datura_stramonium_3.mrna-transcripts.fa -o Dstr_v1.4_20200408 -l /srv/projects/db/BUSCO/v9/embryophyta_odb9/ -m transcriptome -c 1 -z
INFO	Mode is: transcriptome
INFO	The lineage dataset is: embryophyta_odb9 (eukaryota)
INFO	Temp directory is ./tmp/
INFO	****** Step 1/2, current time: 04/14/2020 12:16:51 ******
INFO	Create blast database...
INFO	[makeblastdb]	Building a new DB, current time: 04/14/2020 12:16:52
INFO	[makeblastdb]	New DB name:   /bigdata/littlab/arajewski/Datura/4_BUSCO/tmp/Dstr_v1.4_20200408_49735970
INFO	[makeblastdb]	New DB title:  /rhome/arajewski/bigdata/Datura/5_Funannotate/predict/update_results/Datura_stramonium_3.mrna-transcripts.fa
INFO	[makeblastdb]	Sequence type: Nucleotide
INFO	[makeblastdb]	Keep Linkouts: T
INFO	[makeblastdb]	Keep MBits: T
INFO	[makeblastdb]	Maximum file size: 1000000000B
INFO	[makeblastdb]	Adding sequences from FASTA; added 103455 sequences in 4.14404 seconds.
INFO	[makeblastdb]	1 of 1 task(s) completed at 04/14/2020 12:16:56
INFO	Running tblastn, writing output to /bigdata/littlab/arajewski/Datura/4_BUSCO/run_Dstr_v1.4_20200408/blast_output/tblastn_Dstr_v1.4_20200408.tsv...
INFO	[tblastn]	1 of 1 task(s) completed at 04/14/2020 14:13:23
INFO	****** Step 2/2, current time: 04/14/2020 14:13:24 ******
INFO	Maximum number of candidate transcript per BUSCO limited to: 3
INFO	Getting coordinates for candidate transcripts...
INFO	Extracting candidate transcripts...
INFO	Translating candidate transcripts...
INFO	Running HMMER to confirm transcript orthology:
INFO	[hmmsearch]	298 of 2972 task(s) completed at 04/14/2020 14:14:54
INFO	[hmmsearch]	595 of 2972 task(s) completed at 04/14/2020 14:15:17
INFO	[hmmsearch]	892 of 2972 task(s) completed at 04/14/2020 14:15:36
INFO	[hmmsearch]	1189 of 2972 task(s) completed at 04/14/2020 14:15:57
INFO	[hmmsearch]	1486 of 2972 task(s) completed at 04/14/2020 14:16:15
INFO	[hmmsearch]	1784 of 2972 task(s) completed at 04/14/2020 14:16:35
INFO	[hmmsearch]	2081 of 2972 task(s) completed at 04/14/2020 14:16:53
INFO	[hmmsearch]	2378 of 2972 task(s) completed at 04/14/2020 14:17:10
INFO	[hmmsearch]	2675 of 2972 task(s) completed at 04/14/2020 14:17:29
INFO	[hmmsearch]	2972 of 2972 task(s) completed at 04/14/2020 14:17:49
INFO	Results:
INFO	C:82.4%[S:74.9%,D:7.5%],F:8.0%,M:9.6%,n:1440
INFO	1186 Complete BUSCOs (C)
INFO	1078 Complete and single-copy BUSCOs (S)
INFO	108 Complete and duplicated BUSCOs (D)
INFO	115 Fragmented BUSCOs (F)
INFO	139 Missing BUSCOs (M)
INFO	1440 Total BUSCO groups searched
INFO	BUSCO analysis done with WARNING(s). Total running time: 7263.736867904663 seconds
INFO	Results written in /bigdata/littlab/arajewski/Datura/4_BUSCO/run_Dstr_v1.4_20200408/

JobId=982527 JobName=4a_BUSCO.sh
   UserId=arajewski(3080) GroupId=littlab(1144) MCS_label=N/A
   Priority=100000 Nice=0 Account=littlab QOS=normal
   JobState=RUNNING Reason=None Dependency=(null)
   Requeue=1 Restarts=0 BatchFlag=1 Reboot=0 ExitCode=0:0
   RunTime=02:01:05 TimeLimit=09:00:00 TimeMin=N/A
   SubmitTime=2020-04-14T12:16:43 EligibleTime=2020-04-14T12:16:43
   AccrueTime=2020-04-14T12:16:43
   StartTime=2020-04-14T12:16:48 EndTime=2020-04-14T21:16:48 Deadline=N/A
   SuspendTime=None SecsPreSuspend=0 LastSchedEval=2020-04-14T12:16:48
   Partition=intel AllocNode:Sid=pelican.ib.hpcc.ucr.edu:36903
   ReqNodeList=(null) ExcNodeList=(null)
   NodeList=i36
   BatchHost=i36
   NumNodes=1 NumCPUs=16 NumTasks=1 CPUs/Task=16 ReqB:S:C:T=0:0:*:*
   TRES=cpu=16,mem=112G,node=1,billing=44
   Socks/Node=* NtasksPerN:B:S:C=0:0:*:* CoreSpec=*
   MinCPUsNode=16 MinMemoryCPU=7G MinTmpDiskNode=0
   Features=(null) DelayBoot=00:00:00
   OverSubscribe=OK Contiguous=0 Licenses=(null) Network=(null)
   Command=/bigdata/littlab/arajewski/Datura/4_BUSCO/4a_BUSCO.sh
   WorkDir=/bigdata/littlab/arajewski/Datura/4_BUSCO
   StdErr=/bigdata/littlab/arajewski/Datura/4_BUSCO/../history/4a_BUSCO-982527.out
   StdIn=/dev/null
   StdOut=/bigdata/littlab/arajewski/Datura/4_BUSCO/../history/4a_BUSCO-982527.out
   Power=

