WARNING	An augustus species is mentioned in the config file, dataset default species (arabidopsis) will be ignored
INFO	****************** Start a BUSCO 3.0.2 analysis, current time: 05/14/2020 09:54:18 ******************
INFO	Configuration loaded from /opt/linux/centos/7.x/x86_64/pkgs/busco/3.0.2/config/config.ini
INFO	Init tools...
INFO	Check dependencies...
INFO	Check input file...
INFO	To reproduce this run: python /opt/linux/centos/7.x/x86_64/pkgs/busco/3.0.2/scripts/run_BUSCO.py -i /bigdata/littlab/arajewski/Datura/3_BCGSC/Dstr_v1.4_iterative_l1000.fa -o 20200514_Dstr_v1.4_iterated -l /srv/projects/db/BUSCO/v9/embryophyta_odb9/ -m genome -c 60 -z -sp tomato
INFO	Mode is: genome
INFO	The lineage dataset is: embryophyta_odb9 (eukaryota)
WARNING	This is not an uncompleted run that can be restarted
INFO	Temp directory is ./tmp/
INFO	****** Phase 1 of 2, initial predictions ******
INFO	****** Step 1/3, current time: 05/14/2020 09:55:06 ******
INFO	Create blast database...
INFO	[makeblastdb]	Building a new DB, current time: 05/14/2020 09:55:06
INFO	[makeblastdb]	New DB name:   /bigdata/littlab/arajewski/Datura/4_BUSCO/tmp/20200514_Dstr_v1.4_iterated_1656662134
INFO	[makeblastdb]	New DB title:  /bigdata/littlab/arajewski/Datura/3_BCGSC/Dstr_v1.4_iterative_l1000.fa
INFO	[makeblastdb]	Sequence type: Nucleotide
INFO	[makeblastdb]	Keep Linkouts: T
INFO	[makeblastdb]	Keep MBits: T
INFO	[makeblastdb]	Maximum file size: 1000000000B
INFO	[makeblastdb]	Adding sequences from FASTA; added 65431 sequences in 36.6156 seconds.
INFO	[makeblastdb]	1 of 1 task(s) completed at 05/14/2020 09:55:43
INFO	Running tblastn, writing output to /bigdata/littlab/arajewski/Datura/4_BUSCO/run_20200514_Dstr_v1.4_iterated/blast_output/tblastn_20200514_Dstr_v1.4_iterated.tsv...
INFO	[tblastn]	1 of 1 task(s) completed at 05/14/2020 10:04:56
INFO	****** Step 2/3, current time: 05/14/2020 10:04:56 ******
INFO	Maximum number of candidate contig per BUSCO limited to: 3
INFO	Getting coordinates for candidate regions...
INFO	Pre-Augustus scaffold extraction...
INFO	Running Augustus prediction using tomato as species:
INFO	[augustus]	Please find all logs related to Augustus errors here: /bigdata/littlab/arajewski/Datura/4_BUSCO/run_20200514_Dstr_v1.4_iterated/augustus_output/augustus.log
INFO	[augustus]	227 of 2265 task(s) completed at 05/14/2020 10:12:33
INFO	[augustus]	453 of 2265 task(s) completed at 05/14/2020 10:18:08
INFO	[augustus]	680 of 2265 task(s) completed at 05/14/2020 10:22:26
INFO	[augustus]	906 of 2265 task(s) completed at 05/14/2020 10:26:35
INFO	[augustus]	1133 of 2265 task(s) completed at 05/14/2020 10:30:16
INFO	[augustus]	1359 of 2265 task(s) completed at 05/14/2020 10:33:44
INFO	[augustus]	1586 of 2265 task(s) completed at 05/14/2020 10:36:54
INFO	[augustus]	1812 of 2265 task(s) completed at 05/14/2020 10:39:35
INFO	[augustus]	2039 of 2265 task(s) completed at 05/14/2020 10:42:04
INFO	[augustus]	2265 of 2265 task(s) completed at 05/14/2020 10:43:53
INFO	Extracting predicted proteins...
INFO	****** Step 3/3, current time: 05/14/2020 10:46:25 ******
INFO	Running HMMER to confirm orthology of predicted proteins:
INFO	[hmmsearch]	2229 of 2229 task(s) completed at 05/14/2020 10:46:47
INFO	Results:
INFO	C:92.9%[S:90.9%,D:2.0%],F:1.9%,M:5.2%,n:1440
INFO	1338 Complete BUSCOs (C)
INFO	1309 Complete and single-copy BUSCOs (S)
INFO	29 Complete and duplicated BUSCOs (D)
INFO	27 Fragmented BUSCOs (F)
INFO	75 Missing BUSCOs (M)
INFO	1440 Total BUSCO groups searched
INFO	****** Phase 2 of 2, predictions using species specific training ******
INFO	****** Step 1/3, current time: 05/14/2020 10:46:49 ******
INFO	Extracting missing and fragmented buscos from the ancestral_variants file...
INFO	Running tblastn, writing output to /bigdata/littlab/arajewski/Datura/4_BUSCO/run_20200514_Dstr_v1.4_iterated/blast_output/tblastn_20200514_Dstr_v1.4_iterated_missing_and_frag_rerun.tsv...
INFO	[tblastn]	1 of 1 task(s) completed at 05/14/2020 10:52:25
INFO	Maximum number of candidate contig per BUSCO limited to: 3
INFO	Getting coordinates for candidate regions...
INFO	****** Step 2/3, current time: 05/14/2020 10:52:26 ******
INFO	Training Augustus using Single-Copy Complete BUSCOs:
INFO	Converting predicted genes to short genbank files at 05/14/2020 10:52:26...
INFO	All files converted to short genbank files, now running the training scripts at 05/14/2020 11:42:56...
INFO	Pre-Augustus scaffold extraction...
INFO	Re-running Augustus with the new metaparameters, number of target BUSCOs: 102
INFO	[augustus]	18 of 179 task(s) completed at 05/14/2020 11:43:53
INFO	[augustus]	36 of 179 task(s) completed at 05/14/2020 11:44:05
INFO	[augustus]	54 of 179 task(s) completed at 05/14/2020 11:44:20
INFO	[augustus]	72 of 179 task(s) completed at 05/14/2020 11:44:32
INFO	[augustus]	90 of 179 task(s) completed at 05/14/2020 11:44:48
INFO	[augustus]	108 of 179 task(s) completed at 05/14/2020 11:45:03
INFO	[augustus]	126 of 179 task(s) completed at 05/14/2020 11:45:24
INFO	[augustus]	144 of 179 task(s) completed at 05/14/2020 11:45:34
INFO	[augustus]	162 of 179 task(s) completed at 05/14/2020 11:45:42
INFO	[augustus]	179 of 179 task(s) completed at 05/14/2020 11:46:08
INFO	Extracting predicted proteins...
INFO	****** Step 3/3, current time: 05/14/2020 11:46:14 ******
INFO	Running HMMER to confirm orthology of predicted proteins:
INFO	[hmmsearch]	54 of 179 task(s) completed at 05/14/2020 11:46:15
INFO	[hmmsearch]	179 of 179 task(s) completed at 05/14/2020 11:46:16
INFO	Results:
INFO	C:95.3%[S:93.3%,D:2.0%],F:1.4%,M:3.3%,n:1440
INFO	1372 Complete BUSCOs (C)
INFO	1343 Complete and single-copy BUSCOs (S)
INFO	29 Complete and duplicated BUSCOs (D)
INFO	20 Fragmented BUSCOs (F)
INFO	48 Missing BUSCOs (M)
INFO	1440 Total BUSCO groups searched
INFO	BUSCO analysis done with WARNING(s). Total running time: 6738.318588972092 seconds
INFO	Results written in /bigdata/littlab/arajewski/Datura/4_BUSCO/run_20200514_Dstr_v1.4_iterated/

JobId=1133976 JobName=4a_BUSCO.sh
   UserId=arajewski(3080) GroupId=littlab(1144) MCS_label=N/A
   Priority=100000 Nice=0 Account=littlab QOS=normal
   JobState=RUNNING Reason=None Dependency=(null)
   Requeue=1 Restarts=0 BatchFlag=1 Reboot=0 ExitCode=0:0
   RunTime=01:52:20 TimeLimit=09:00:00 TimeMin=N/A
   SubmitTime=2020-05-14T09:54:15 EligibleTime=2020-05-14T09:54:15
   AccrueTime=2020-05-14T09:54:15
   StartTime=2020-05-14T09:54:16 EndTime=2020-05-14T18:54:16 Deadline=N/A
   SuspendTime=None SecsPreSuspend=0 LastSchedEval=2020-05-14T09:54:16
   Partition=intel AllocNode:Sid=pelican.ib.hpcc.ucr.edu:12011
   ReqNodeList=(null) ExcNodeList=(null)
   NodeList=i40
   BatchHost=i40
   NumNodes=1 NumCPUs=60 NumTasks=1 CPUs/Task=60 ReqB:S:C:T=0:0:*:*
   TRES=cpu=60,mem=300G,node=1,billing=135
   Socks/Node=* NtasksPerN:B:S:C=0:0:*:* CoreSpec=*
   MinCPUsNode=60 MinMemoryCPU=5G MinTmpDiskNode=0
   Features=(null) DelayBoot=00:00:00
   OverSubscribe=OK Contiguous=0 Licenses=(null) Network=(null)
   Command=/bigdata/littlab/arajewski/Datura/4_BUSCO/4a_BUSCO.sh
   WorkDir=/bigdata/littlab/arajewski/Datura/4_BUSCO
   StdErr=/bigdata/littlab/arajewski/Datura/4_BUSCO/../history/4a_BUSCO-1133976.out
   StdIn=/dev/null
   StdOut=/bigdata/littlab/arajewski/Datura/4_BUSCO/../history/4a_BUSCO-1133976.out
   Power=

