WARNING	An augustus species is mentioned in the config file, dataset default species (arabidopsis) will be ignored
INFO	****************** Start a BUSCO 3.0.2 analysis, current time: 04/20/2020 09:15:24 ******************
INFO	Configuration loaded from /opt/linux/centos/7.x/x86_64/pkgs/busco/3.0.2/config/config.ini
INFO	Init tools...
INFO	Check dependencies...
INFO	Check input file...
INFO	To reproduce this run: python /opt/linux/centos/7.x/x86_64/pkgs/busco/3.0.2/scripts/run_BUSCO.py -i /bigdata/littlab/arajewski/Datura/Alkaloids/ExternalData/Slyc/Slyc.transcripts.fa -o Slyc4.0 -l /srv/projects/db/BUSCO/v9/embryophyta_odb9/ -m transcriptome -c 1 -z
INFO	Mode is: transcriptome
INFO	The lineage dataset is: embryophyta_odb9 (eukaryota)
INFO	Temp directory is ./tmp/
INFO	****** Step 1/2, current time: 04/20/2020 09:15:25 ******
INFO	Create blast database...
INFO	[makeblastdb]	Building a new DB, current time: 04/20/2020 09:15:25
INFO	[makeblastdb]	New DB name:   /bigdata/littlab/arajewski/Datura/4_BUSCO/tmp/Slyc4.0_673625086
INFO	[makeblastdb]	New DB title:  /bigdata/littlab/arajewski/Datura/Alkaloids/ExternalData/Slyc/Slyc.transcripts.fa
INFO	[makeblastdb]	Sequence type: Nucleotide
INFO	[makeblastdb]	Keep Linkouts: T
INFO	[makeblastdb]	Keep MBits: T
INFO	[makeblastdb]	Maximum file size: 1000000000B
INFO	[makeblastdb]	Adding sequences from FASTA; added 34075 sequences in 1.66187 seconds.
INFO	[makeblastdb]	1 of 1 task(s) completed at 04/20/2020 09:15:26
INFO	Running tblastn, writing output to /bigdata/littlab/arajewski/Datura/4_BUSCO/run_Slyc4.0/blast_output/tblastn_Slyc4.0.tsv...
INFO	[tblastn]	1 of 1 task(s) completed at 04/20/2020 10:29:18
INFO	****** Step 2/2, current time: 04/20/2020 10:29:19 ******
INFO	Maximum number of candidate transcript per BUSCO limited to: 3
INFO	Getting coordinates for candidate transcripts...
INFO	Extracting candidate transcripts...
INFO	Translating candidate transcripts...
INFO	Running HMMER to confirm transcript orthology:
INFO	[hmmsearch]	288 of 2875 task(s) completed at 04/20/2020 10:30:19
INFO	[hmmsearch]	575 of 2875 task(s) completed at 04/20/2020 10:30:40
INFO	[hmmsearch]	863 of 2875 task(s) completed at 04/20/2020 10:30:59
INFO	[hmmsearch]	1150 of 2875 task(s) completed at 04/20/2020 10:31:19
INFO	[hmmsearch]	1438 of 2875 task(s) completed at 04/20/2020 10:31:36
INFO	[hmmsearch]	1725 of 2875 task(s) completed at 04/20/2020 10:31:53
INFO	[hmmsearch]	2013 of 2875 task(s) completed at 04/20/2020 10:32:10
INFO	[hmmsearch]	2300 of 2875 task(s) completed at 04/20/2020 10:32:27
INFO	[hmmsearch]	2588 of 2875 task(s) completed at 04/20/2020 10:32:44
INFO	[hmmsearch]	2875 of 2875 task(s) completed at 04/20/2020 10:32:58
INFO	Results:
INFO	C:93.5%[S:92.1%,D:1.4%],F:3.2%,M:3.3%,n:1440
INFO	1346 Complete BUSCOs (C)
INFO	1326 Complete and single-copy BUSCOs (S)
INFO	20 Complete and duplicated BUSCOs (D)
INFO	46 Fragmented BUSCOs (F)
INFO	48 Missing BUSCOs (M)
INFO	1440 Total BUSCO groups searched
INFO	BUSCO analysis done with WARNING(s). Total running time: 4658.483980178833 seconds
INFO	Results written in /bigdata/littlab/arajewski/Datura/4_BUSCO/run_Slyc4.0/

JobId=1011943 JobName=4a_BUSCO.sh
   UserId=arajewski(3080) GroupId=littlab(1144) MCS_label=N/A
   Priority=100042 Nice=0 Account=littlab QOS=normal
   JobState=RUNNING Reason=None Dependency=(null)
   Requeue=1 Restarts=0 BatchFlag=1 Reboot=0 ExitCode=0:0
   RunTime=01:17:40 TimeLimit=09:00:00 TimeMin=N/A
   SubmitTime=2020-04-20T09:15:09 EligibleTime=2020-04-20T09:15:09
   AccrueTime=2020-04-20T09:15:09
   StartTime=2020-04-20T09:15:23 EndTime=2020-04-20T18:15:23 Deadline=N/A
   SuspendTime=None SecsPreSuspend=0 LastSchedEval=2020-04-20T09:15:23
   Partition=intel AllocNode:Sid=pelican.ib.hpcc.ucr.edu:64076
   ReqNodeList=(null) ExcNodeList=(null)
   NodeList=i27
   BatchHost=i27
   NumNodes=1 NumCPUs=16 NumTasks=1 CPUs/Task=16 ReqB:S:C:T=0:0:*:*
   TRES=cpu=16,mem=112G,node=1,billing=44
   Socks/Node=* NtasksPerN:B:S:C=0:0:*:* CoreSpec=*
   MinCPUsNode=16 MinMemoryCPU=7G MinTmpDiskNode=0
   Features=(null) DelayBoot=00:00:00
   OverSubscribe=OK Contiguous=0 Licenses=(null) Network=(null)
   Command=/bigdata/littlab/arajewski/Datura/4_BUSCO/4a_BUSCO.sh
   WorkDir=/bigdata/littlab/arajewski/Datura/4_BUSCO
   StdErr=/bigdata/littlab/arajewski/Datura/4_BUSCO/../history/4a_BUSCO-1011943.out
   StdIn=/dev/null
   StdOut=/bigdata/littlab/arajewski/Datura/4_BUSCO/../history/4a_BUSCO-1011943.out
   Power=

