WARNING	An augustus species is mentioned in the config file, dataset default species (arabidopsis) will be ignored
INFO	****************** Start a BUSCO 3.0.2 analysis, current time: 10/28/2019 08:46:42 ******************
INFO	Configuration loaded from /opt/linux/centos/7.x/x86_64/pkgs/busco/3.0.2/config/config.ini
INFO	Init tools...
INFO	Check dependencies...
INFO	Check input file...
INFO	To reproduce this run: python /opt/linux/centos/7.x/x86_64/pkgs/busco/3.0.2/scripts/run_BUSCO.py -i /rhome/arajewski/bigdata/Datura/2_ABySS/k_105/Dstr_v1.3_k105-scaffolds.fa -o Dstr_v1.3_k105 -l /srv/projects/db/BUSCO/v9/embryophyta_odb9/ -m genome -c 16 -z -sp tomato
INFO	Mode is: genome
INFO	The lineage dataset is: embryophyta_odb9 (eukaryota)
INFO	Temp directory is ./tmp/
INFO	****** Phase 1 of 2, initial predictions ******
INFO	****** Step 1/3, current time: 10/28/2019 08:47:30 ******
INFO	Create blast database...
INFO	[makeblastdb]	Building a new DB, current time: 10/28/2019 08:47:30
INFO	[makeblastdb]	New DB name:   /bigdata/littlab/arajewski/Datura/4_BUSCO/tmp/Dstr_v1.3_k105_3971037485
INFO	[makeblastdb]	New DB title:  /rhome/arajewski/bigdata/Datura/2_ABySS/k_105/Dstr_v1.3_k105-scaffolds.fa
INFO	[makeblastdb]	Sequence type: Nucleotide
INFO	[makeblastdb]	Keep MBits: T
INFO	[makeblastdb]	Maximum file size: 1000000000B
INFO	[makeblastdb]	Adding sequences from FASTA; added 3559538 sequences in 101.277 seconds.
INFO	[makeblastdb]	1 of 1 task(s) completed at 10/28/2019 08:49:12
INFO	Running tblastn, writing output to /bigdata/littlab/arajewski/Datura/4_BUSCO/run_Dstr_v1.3_k105/blast_output/tblastn_Dstr_v1.3_k105.tsv...
INFO	[tblastn]	1 of 1 task(s) completed at 10/28/2019 09:11:15
INFO	****** Step 2/3, current time: 10/28/2019 09:11:15 ******
INFO	Maximum number of candidate contig per BUSCO limited to: 3
INFO	Getting coordinates for candidate regions...
INFO	Pre-Augustus scaffold extraction...
INFO	Running Augustus prediction using tomato as species:
INFO	[augustus]	Please find all logs related to Augustus errors here: /bigdata/littlab/arajewski/Datura/4_BUSCO/run_Dstr_v1.3_k105/augustus_output/augustus.log
INFO	[augustus]	231 of 2303 task(s) completed at 10/28/2019 09:18:24
INFO	[augustus]	461 of 2303 task(s) completed at 10/28/2019 09:19:47
INFO	[augustus]	691 of 2303 task(s) completed at 10/28/2019 09:21:08
INFO	[augustus]	922 of 2303 task(s) completed at 10/28/2019 09:22:15
INFO	[augustus]	1152 of 2303 task(s) completed at 10/28/2019 09:23:24
INFO	[augustus]	1382 of 2303 task(s) completed at 10/28/2019 09:24:24
INFO	[augustus]	1613 of 2303 task(s) completed at 10/28/2019 09:25:16
INFO	[augustus]	1843 of 2303 task(s) completed at 10/28/2019 09:26:04
INFO	[augustus]	2073 of 2303 task(s) completed at 10/28/2019 09:26:43
INFO	[augustus]	2303 of 2303 task(s) completed at 10/28/2019 09:27:15
INFO	Extracting predicted proteins...
INFO	****** Step 3/3, current time: 10/28/2019 09:27:53 ******
INFO	Running HMMER to confirm orthology of predicted proteins:
INFO	[hmmsearch]	227 of 2261 task(s) completed at 10/28/2019 09:27:55
INFO	[hmmsearch]	453 of 2261 task(s) completed at 10/28/2019 09:27:56
INFO	[hmmsearch]	679 of 2261 task(s) completed at 10/28/2019 09:27:57
INFO	[hmmsearch]	1131 of 2261 task(s) completed at 10/28/2019 09:27:59
INFO	[hmmsearch]	1357 of 2261 task(s) completed at 10/28/2019 09:28:00
INFO	[hmmsearch]	1583 of 2261 task(s) completed at 10/28/2019 09:28:01
INFO	[hmmsearch]	2035 of 2261 task(s) completed at 10/28/2019 09:28:04
INFO	[hmmsearch]	2261 of 2261 task(s) completed at 10/28/2019 09:28:05
INFO	Results:
INFO	C:63.1%[S:62.2%,D:0.9%],F:17.6%,M:19.3%,n:1440
INFO	909 Complete BUSCOs (C)
INFO	896 Complete and single-copy BUSCOs (S)
INFO	13 Complete and duplicated BUSCOs (D)
INFO	253 Fragmented BUSCOs (F)
INFO	278 Missing BUSCOs (M)
INFO	1440 Total BUSCO groups searched
INFO	****** Phase 2 of 2, predictions using species specific training ******
INFO	****** Step 1/3, current time: 10/28/2019 09:28:06 ******
INFO	Extracting missing and fragmented buscos from the ancestral_variants file...
INFO	Running tblastn, writing output to /bigdata/littlab/arajewski/Datura/4_BUSCO/run_Dstr_v1.3_k105/blast_output/tblastn_Dstr_v1.3_k105_missing_and_frag_rerun.tsv...
INFO	[tblastn]	1 of 1 task(s) completed at 10/28/2019 10:43:17
INFO	Maximum number of candidate contig per BUSCO limited to: 3
INFO	Getting coordinates for candidate regions...
INFO	****** Step 2/3, current time: 10/28/2019 10:43:22 ******
INFO	Training Augustus using Single-Copy Complete BUSCOs:
INFO	Converting predicted genes to short genbank files at 10/28/2019 10:43:22...
INFO	All files converted to short genbank files, now running the training scripts at 10/28/2019 11:44:26...
INFO	Pre-Augustus scaffold extraction...
INFO	Re-running Augustus with the new metaparameters, number of target BUSCOs: 531
INFO	[augustus]	91 of 904 task(s) completed at 10/28/2019 11:47:01
INFO	[augustus]	181 of 904 task(s) completed at 10/28/2019 11:47:15
INFO	[augustus]	272 of 904 task(s) completed at 10/28/2019 11:47:32
INFO	[augustus]	362 of 904 task(s) completed at 10/28/2019 11:47:44
INFO	[augustus]	453 of 904 task(s) completed at 10/28/2019 11:48:01
INFO	[augustus]	543 of 904 task(s) completed at 10/28/2019 11:48:28
INFO	[augustus]	633 of 904 task(s) completed at 10/28/2019 11:48:52
INFO	[augustus]	724 of 904 task(s) completed at 10/28/2019 11:49:08
INFO	[augustus]	814 of 904 task(s) completed at 10/28/2019 11:49:21
INFO	[augustus]	904 of 904 task(s) completed at 10/28/2019 11:49:29
INFO	Extracting predicted proteins...
INFO	****** Step 3/3, current time: 10/28/2019 11:49:41 ******
INFO	Running HMMER to confirm orthology of predicted proteins:
INFO	[hmmsearch]	Error: Failed to open sequence file /bigdata/littlab/arajewski/Datura/4_BUSCO/run_Dstr_v1.3_k105/augustus_output/extracted_proteins/EOG093609I7.faa.1 for reading
INFO	[hmmsearch]	86 of 856 task(s) completed at 10/28/2019 11:49:41
INFO	[hmmsearch]	172 of 856 task(s) completed at 10/28/2019 11:49:42
INFO	[hmmsearch]	Error: Failed to open sequence file /bigdata/littlab/arajewski/Datura/4_BUSCO/run_Dstr_v1.3_k105/augustus_output/extracted_proteins/EOG09360ZQL.faa.1 for reading
INFO	[hmmsearch]	Error: Failed to open sequence file /bigdata/littlab/arajewski/Datura/4_BUSCO/run_Dstr_v1.3_k105/augustus_output/extracted_proteins/EOG09360M2U.faa.2 for reading
INFO	[hmmsearch]	343 of 856 task(s) completed at 10/28/2019 11:49:42
INFO	[hmmsearch]	Error: Failed to open sequence file /bigdata/littlab/arajewski/Datura/4_BUSCO/run_Dstr_v1.3_k105/augustus_output/extracted_proteins/EOG09360LK3.faa.2 for reading
INFO	[hmmsearch]	428 of 856 task(s) completed at 10/28/2019 11:49:43
INFO	[hmmsearch]	Error: Failed to open sequence file /bigdata/littlab/arajewski/Datura/4_BUSCO/run_Dstr_v1.3_k105/augustus_output/extracted_proteins/EOG09360WK5.faa.2 for reading
INFO	[hmmsearch]	514 of 856 task(s) completed at 10/28/2019 11:49:43
INFO	[hmmsearch]	600 of 856 task(s) completed at 10/28/2019 11:49:43
INFO	[hmmsearch]	Error: Failed to open sequence file /bigdata/littlab/arajewski/Datura/4_BUSCO/run_Dstr_v1.3_k105/augustus_output/extracted_proteins/EOG09360LJ0.faa.2 for reading
INFO	[hmmsearch]	856 of 856 task(s) completed at 10/28/2019 11:49:44
INFO	Results:
INFO	C:65.1%[S:64.2%,D:0.9%],F:15.5%,M:19.4%,n:1440
INFO	938 Complete BUSCOs (C)
INFO	925 Complete and single-copy BUSCOs (S)
INFO	13 Complete and duplicated BUSCOs (D)
INFO	223 Fragmented BUSCOs (F)
INFO	279 Missing BUSCOs (M)
INFO	1440 Total BUSCO groups searched
INFO	BUSCO analysis done with WARNING(s). Total running time: 10998.181642532349 seconds
INFO	Results written in /bigdata/littlab/arajewski/Datura/4_BUSCO/run_Dstr_v1.3_k105/

JobId=392589 JobName=4a_BUSCO.sh
   UserId=arajewski(3080) GroupId=littlab(1144) MCS_label=N/A
   Priority=100000 Nice=0 Account=littlab QOS=normal
   JobState=RUNNING Reason=None Dependency=(null)
   Requeue=1 Restarts=0 BatchFlag=1 Reboot=0 ExitCode=0:0
   RunTime=03:03:23 TimeLimit=09:00:00 TimeMin=N/A
   SubmitTime=2019-10-28T08:46:08 EligibleTime=2019-10-28T08:46:08
   AccrueTime=2019-10-28T08:46:08
   StartTime=2019-10-28T08:46:37 EndTime=2019-10-28T17:46:37 Deadline=N/A
   SuspendTime=None SecsPreSuspend=0 LastSchedEval=2019-10-28T08:46:37
   Partition=intel AllocNode:Sid=pigeon.ib.hpcc.ucr.edu:17347
   ReqNodeList=(null) ExcNodeList=(null)
   NodeList=i26
   BatchHost=i26
   NumNodes=1 NumCPUs=16 NumTasks=16 CPUs/Task=1 ReqB:S:C:T=0:0:*:*
   TRES=cpu=16,mem=100G,node=1,billing=41
   Socks/Node=* NtasksPerN:B:S:C=0:0:*:* CoreSpec=*
   MinCPUsNode=1 MinMemoryNode=100G MinTmpDiskNode=0
   Features=(null) DelayBoot=00:00:00
   OverSubscribe=OK Contiguous=0 Licenses=(null) Network=(null)
   Command=/bigdata/littlab/arajewski/Datura/4_BUSCO/4a_BUSCO.sh
   WorkDir=/bigdata/littlab/arajewski/Datura/4_BUSCO
   StdErr=/bigdata/littlab/arajewski/Datura/4_BUSCO/../history/4a_BUSCO-392589.out
   StdIn=/dev/null
   StdOut=/bigdata/littlab/arajewski/Datura/4_BUSCO/../history/4a_BUSCO-392589.out
   Power=

