WARNING	An augustus species is mentioned in the config file, dataset default species (arabidopsis) will be ignored
INFO	****************** Start a BUSCO 3.0.2 analysis, current time: 10/25/2019 09:30:55 ******************
INFO	Configuration loaded from /opt/linux/centos/7.x/x86_64/pkgs/busco/3.0.2/config/config.ini
INFO	Init tools...
INFO	Check dependencies...
INFO	Check input file...
INFO	To reproduce this run: python /opt/linux/centos/7.x/x86_64/pkgs/busco/3.0.2/scripts/run_BUSCO.py -i /rhome/arajewski/bigdata/Datura/2_ABySS/k_64/Dstr_v1.3_k64-scaffolds.fa -o Dstr_v1.3_k64 -l /srv/projects/db/BUSCO/v9/embryophyta_odb9/ -m genome -c 16 -z -sp tomato
INFO	Mode is: genome
INFO	The lineage dataset is: embryophyta_odb9 (eukaryota)
INFO	Temp directory is ./tmp/
INFO	****** Phase 1 of 2, initial predictions ******
INFO	****** Step 1/3, current time: 10/25/2019 09:33:10 ******
INFO	Create blast database...
INFO	[makeblastdb]	Building a new DB, current time: 10/25/2019 09:33:10
INFO	[makeblastdb]	New DB name:   /bigdata/littlab/arajewski/Datura/4_BUSCO/tmp/Dstr_v1.3_k64_125618855
INFO	[makeblastdb]	New DB title:  /rhome/arajewski/bigdata/Datura/2_ABySS/k_64/Dstr_v1.3_k64-scaffolds.fa
INFO	[makeblastdb]	Sequence type: Nucleotide
INFO	[makeblastdb]	Keep MBits: T
INFO	[makeblastdb]	Maximum file size: 1000000000B
INFO	[makeblastdb]	Adding sequences from FASTA; added 11947979 sequences in 281.643 seconds.
INFO	[makeblastdb]	1 of 1 task(s) completed at 10/25/2019 09:37:53
INFO	Running tblastn, writing output to /bigdata/littlab/arajewski/Datura/4_BUSCO/run_Dstr_v1.3_k64/blast_output/tblastn_Dstr_v1.3_k64.tsv...
INFO	[tblastn]	1 of 1 task(s) completed at 10/25/2019 10:02:43
INFO	****** Step 2/3, current time: 10/25/2019 10:02:44 ******
INFO	Maximum number of candidate contig per BUSCO limited to: 3
INFO	Getting coordinates for candidate regions...
INFO	Pre-Augustus scaffold extraction...
INFO	Running Augustus prediction using tomato as species:
INFO	[augustus]	Please find all logs related to Augustus errors here: /bigdata/littlab/arajewski/Datura/4_BUSCO/run_Dstr_v1.3_k64/augustus_output/augustus.log
INFO	[augustus]	252 of 2517 task(s) completed at 10/25/2019 10:24:03
INFO	[augustus]	504 of 2517 task(s) completed at 10/25/2019 10:24:29
INFO	[augustus]	756 of 2517 task(s) completed at 10/25/2019 10:24:55
INFO	[augustus]	1007 of 2517 task(s) completed at 10/25/2019 10:25:16
INFO	[augustus]	1259 of 2517 task(s) completed at 10/25/2019 10:25:35
INFO	[augustus]	1511 of 2517 task(s) completed at 10/25/2019 10:25:52
INFO	[augustus]	1762 of 2517 task(s) completed at 10/25/2019 10:26:07
INFO	[augustus]	2014 of 2517 task(s) completed at 10/25/2019 10:26:20
INFO	[augustus]	2266 of 2517 task(s) completed at 10/25/2019 10:26:31
INFO	[augustus]	2517 of 2517 task(s) completed at 10/25/2019 10:26:40
INFO	Extracting predicted proteins...
INFO	****** Step 3/3, current time: 10/25/2019 10:27:13 ******
INFO	Running HMMER to confirm orthology of predicted proteins:
INFO	[hmmsearch]	1435 of 2050 task(s) completed at 10/25/2019 10:27:18
INFO	[hmmsearch]	1640 of 2050 task(s) completed at 10/25/2019 10:27:19
INFO	[hmmsearch]	1845 of 2050 task(s) completed at 10/25/2019 10:27:20
INFO	[hmmsearch]	2050 of 2050 task(s) completed at 10/25/2019 10:27:20
INFO	Results:
INFO	C:12.3%[S:11.9%,D:0.4%],F:22.9%,M:64.8%,n:1440
INFO	177 Complete BUSCOs (C)
INFO	171 Complete and single-copy BUSCOs (S)
INFO	6 Complete and duplicated BUSCOs (D)
INFO	330 Fragmented BUSCOs (F)
INFO	933 Missing BUSCOs (M)
INFO	1440 Total BUSCO groups searched
INFO	****** Phase 2 of 2, predictions using species specific training ******
INFO	****** Step 1/3, current time: 10/25/2019 10:27:21 ******
INFO	Extracting missing and fragmented buscos from the ancestral_variants file...
INFO	Running tblastn, writing output to /bigdata/littlab/arajewski/Datura/4_BUSCO/run_Dstr_v1.3_k64/blast_output/tblastn_Dstr_v1.3_k64_missing_and_frag_rerun.tsv...
slurmstepd-i19: error: *** JOB 387550 ON i19 CANCELLED AT 2019-10-25T12:31:06 DUE TO TIME LIMIT ***
