miniconda2/4.4.10(23):ERROR:150: Module 'miniconda2/4.4.10' conflicts with the currently loaded module(s) 'python/3.6.0'
miniconda2/4.4.10(23):ERROR:102: Tcl command execution failed: conflict    python

miniconda3/4.3.31(23):ERROR:150: Module 'miniconda3/4.3.31' conflicts with the currently loaded module(s) 'python/3.6.0'
miniconda3/4.3.31(23):ERROR:102: Tcl command execution failed: conflict    python

WARNING	An augustus species is mentioned in the config file, dataset default species (arabidopsis) will be ignored
INFO	****************** Start a BUSCO 3.0.2 analysis, current time: 04/29/2020 12:49:29 ******************
INFO	Configuration loaded from /opt/linux/centos/7.x/x86_64/pkgs/busco/3.0.2/config/config.ini
INFO	Init tools...
INFO	Check dependencies...
INFO	Check input file...
INFO	To reproduce this run: python /opt/linux/centos/7.x/x86_64/pkgs/busco/3.0.2/scripts/run_BUSCO.py -i /bigdata/littlab/arajewski/Datura/3_BCGSC/Dstr_v1.3_ntEdit_RAILS/Dstr_v1.3_ntEdit_RAILS_2kb.fa -o 20200429_Dstr_v1.3_2kb -l /srv/projects/db/BUSCO/v9/embryophyta_odb9/ -m genome -c 1 -z -sp tomato
INFO	Mode is: genome
INFO	The lineage dataset is: embryophyta_odb9 (eukaryota)
INFO	Temp directory is ./tmp/
INFO	****** Phase 1 of 2, initial predictions ******
INFO	****** Step 1/3, current time: 04/29/2020 12:50:36 ******
INFO	Create blast database...
INFO	[makeblastdb]	Building a new DB, current time: 04/29/2020 12:50:36
INFO	[makeblastdb]	New DB name:   /bigdata/littlab/arajewski/Datura/4_BUSCO/tmp/20200429_Dstr_v1.3_2kb_2757903918
INFO	[makeblastdb]	New DB title:  /bigdata/littlab/arajewski/Datura/3_BCGSC/Dstr_v1.3_ntEdit_RAILS/Dstr_v1.3_ntEdit_RAILS_2kb.fa
INFO	[makeblastdb]	Sequence type: Nucleotide
INFO	[makeblastdb]	Keep Linkouts: T
INFO	[makeblastdb]	Keep MBits: T
INFO	[makeblastdb]	Maximum file size: 1000000000B
INFO	[makeblastdb]	Adding sequences from FASTA; added 183078 sequences in 44.0843 seconds.
INFO	[makeblastdb]	1 of 1 task(s) completed at 04/29/2020 12:51:20
INFO	Running tblastn, writing output to /bigdata/littlab/arajewski/Datura/4_BUSCO/run_20200429_Dstr_v1.3_2kb/blast_output/tblastn_20200429_Dstr_v1.3_2kb.tsv...
INFO	[tblastn]	1 of 1 task(s) completed at 04/29/2020 16:34:17
INFO	****** Step 2/3, current time: 04/29/2020 16:34:17 ******
INFO	Maximum number of candidate contig per BUSCO limited to: 3
INFO	Getting coordinates for candidate regions...
INFO	Pre-Augustus scaffold extraction...
INFO	Running Augustus prediction using tomato as species:
INFO	[augustus]	Please find all logs related to Augustus errors here: /bigdata/littlab/arajewski/Datura/4_BUSCO/run_20200429_Dstr_v1.3_2kb/augustus_output/augustus.log
INFO	[augustus]	259 of 2582 task(s) completed at 04/29/2020 18:04:51
INFO	[augustus]	517 of 2582 task(s) completed at 04/29/2020 19:07:20
INFO	[augustus]	775 of 2582 task(s) completed at 04/29/2020 20:04:35
INFO	[augustus]	1033 of 2582 task(s) completed at 04/29/2020 20:53:35
INFO	[augustus]	1291 of 2582 task(s) completed at 04/29/2020 21:40:27
slurmstepd-c12: error: *** JOB 1059552 ON c12 CANCELLED AT 2020-04-29T21:49:26 DUE TO TIME LIMIT ***
