WARNING	An augustus species is mentioned in the config file, dataset default species (arabidopsis) will be ignored
INFO	****************** Start a BUSCO 3.0.2 analysis, current time: 04/30/2020 14:32:07 ******************
INFO	Configuration loaded from /opt/linux/centos/7.x/x86_64/pkgs/busco/3.0.2/config/config.ini
INFO	Init tools...
INFO	Check dependencies...
INFO	Check input file...
INFO	To reproduce this run: python /opt/linux/centos/7.x/x86_64/pkgs/busco/3.0.2/scripts/run_BUSCO.py -i /bigdata/littlab/arajewski/Datura/3_BCGSC/Dstr_v1.3_ntEdit_RAILS/lordecreads.fa_vs_Dstr_v1.3_ntEdit3_edited.fa_250_0.9_rails.scaffolds.fa -o 20200429_Dstr_v1.3 -l /srv/projects/db/BUSCO/v9/embryophyta_odb9/ -m genome -c 30 -z -sp tomato
INFO	Mode is: genome
INFO	The lineage dataset is: embryophyta_odb9 (eukaryota)
INFO	Temp directory is ./tmp/
WARNING	Restarting an uncompleted run
INFO	****** Phase 1 of 2, initial predictions ******
INFO	****** Step 2/3, current time: 04/30/2020 14:33:21 ******
INFO	Maximum number of candidate contig per BUSCO limited to: 3
INFO	Getting coordinates for candidate regions...
INFO	Pre-Augustus scaffold extraction...
INFO	Running Augustus prediction using tomato as species:
INFO	[augustus]	Please find all logs related to Augustus errors here: /bigdata/littlab/arajewski/Datura/4_BUSCO/run_20200429_Dstr_v1.3/augustus_output/augustus.log
INFO	[augustus]	260 of 2594 task(s) completed at 04/30/2020 14:42:42
INFO	[augustus]	519 of 2594 task(s) completed at 04/30/2020 14:45:27
INFO	[augustus]	779 of 2594 task(s) completed at 04/30/2020 14:47:57
INFO	[augustus]	1038 of 2594 task(s) completed at 04/30/2020 14:50:09
INFO	[augustus]	1297 of 2594 task(s) completed at 04/30/2020 14:52:16
INFO	[augustus]	1557 of 2594 task(s) completed at 04/30/2020 14:54:04
INFO	[augustus]	1816 of 2594 task(s) completed at 04/30/2020 14:55:45
INFO	[augustus]	2076 of 2594 task(s) completed at 04/30/2020 14:57:14
INFO	[augustus]	2335 of 2594 task(s) completed at 04/30/2020 14:58:36
INFO	[augustus]	2594 of 2594 task(s) completed at 04/30/2020 14:59:44
INFO	Extracting predicted proteins...
INFO	****** Step 3/3, current time: 04/30/2020 15:01:39 ******
INFO	Running HMMER to confirm orthology of predicted proteins:
INFO	[hmmsearch]	256 of 2560 task(s) completed at 04/30/2020 15:01:41
INFO	[hmmsearch]	2560 of 2560 task(s) completed at 04/30/2020 15:01:50
INFO	Results:
INFO	C:73.1%[S:71.7%,D:1.4%],F:12.1%,M:14.8%,n:1440
INFO	1053 Complete BUSCOs (C)
INFO	1033 Complete and single-copy BUSCOs (S)
INFO	20 Complete and duplicated BUSCOs (D)
INFO	174 Fragmented BUSCOs (F)
INFO	213 Missing BUSCOs (M)
INFO	1440 Total BUSCO groups searched
INFO	****** Phase 2 of 2, predictions using species specific training ******
INFO	****** Step 1/3, current time: 04/30/2020 15:01:52 ******
INFO	Extracting missing and fragmented buscos from the ancestral_variants file...
INFO	Running tblastn, writing output to /bigdata/littlab/arajewski/Datura/4_BUSCO/run_20200429_Dstr_v1.3/blast_output/tblastn_20200429_Dstr_v1.3_missing_and_frag_rerun.tsv...
INFO	[tblastn]	1 of 1 task(s) completed at 04/30/2020 15:47:35
INFO	Maximum number of candidate contig per BUSCO limited to: 3
INFO	Getting coordinates for candidate regions...
INFO	****** Step 2/3, current time: 04/30/2020 15:47:40 ******
INFO	Training Augustus using Single-Copy Complete BUSCOs:
INFO	Converting predicted genes to short genbank files at 04/30/2020 15:47:40...
INFO	All files converted to short genbank files, now running the training scripts at 04/30/2020 17:16:14...
INFO	Pre-Augustus scaffold extraction...
INFO	Re-running Augustus with the new metaparameters, number of target BUSCOs: 387
INFO	[augustus]	71 of 710 task(s) completed at 04/30/2020 17:18:33
INFO	[augustus]	142 of 710 task(s) completed at 04/30/2020 17:18:54
INFO	[augustus]	213 of 710 task(s) completed at 04/30/2020 17:19:18
INFO	[augustus]	284 of 710 task(s) completed at 04/30/2020 17:19:44
INFO	[augustus]	355 of 710 task(s) completed at 04/30/2020 17:20:05
INFO	[augustus]	426 of 710 task(s) completed at 04/30/2020 17:20:46
INFO	[augustus]	497 of 710 task(s) completed at 04/30/2020 17:21:19
INFO	[augustus]	568 of 710 task(s) completed at 04/30/2020 17:21:47
INFO	[augustus]	639 of 710 task(s) completed at 04/30/2020 17:22:05
INFO	[augustus]	710 of 710 task(s) completed at 04/30/2020 17:22:23
INFO	Extracting predicted proteins...
INFO	****** Step 3/3, current time: 04/30/2020 17:22:43 ******
INFO	Running HMMER to confirm orthology of predicted proteins:
INFO	[hmmsearch]	70 of 699 task(s) completed at 04/30/2020 17:22:44
INFO	[hmmsearch]	Error: Failed to open sequence file /bigdata/littlab/arajewski/Datura/4_BUSCO/run_20200429_Dstr_v1.3/augustus_output/extracted_proteins/EOG09360WK5.faa.2 for reading
INFO	[hmmsearch]	350 of 699 task(s) completed at 04/30/2020 17:22:45
INFO	[hmmsearch]	Error: Failed to open sequence file /bigdata/littlab/arajewski/Datura/4_BUSCO/run_20200429_Dstr_v1.3/augustus_output/extracted_proteins/EOG09360LK7.faa.2 for reading
INFO	[hmmsearch]	490 of 699 task(s) completed at 04/30/2020 17:22:45
INFO	[hmmsearch]	699 of 699 task(s) completed at 04/30/2020 17:22:46
INFO	Results:
INFO	C:76.5%[S:75.1%,D:1.4%],F:9.8%,M:13.7%,n:1440
INFO	1102 Complete BUSCOs (C)
INFO	1082 Complete and single-copy BUSCOs (S)
INFO	20 Complete and duplicated BUSCOs (D)
INFO	141 Fragmented BUSCOs (F)
INFO	197 Missing BUSCOs (M)
INFO	1440 Total BUSCO groups searched
INFO	BUSCO analysis done with WARNING(s). Total running time: 10252.296523094177 seconds
INFO	Results written in /bigdata/littlab/arajewski/Datura/4_BUSCO/run_20200429_Dstr_v1.3/

JobId=1071813 JobName=4a_BUSCO.sh
   UserId=arajewski(3080) GroupId=littlab(1144) MCS_label=N/A
   Priority=131649 Nice=0 Account=littlab QOS=highmem
   JobState=RUNNING Reason=None Dependency=(null)
   Requeue=1 Restarts=0 BatchFlag=1 Reboot=0 ExitCode=0:0
   RunTime=02:50:54 TimeLimit=09:00:00 TimeMin=N/A
   SubmitTime=2020-04-30T14:32:04 EligibleTime=2020-04-30T14:32:04
   AccrueTime=2020-04-30T14:32:04
   StartTime=2020-04-30T14:32:05 EndTime=2020-04-30T23:32:05 Deadline=N/A
   SuspendTime=None SecsPreSuspend=0 LastSchedEval=2020-04-30T14:32:05
   Partition=highmem AllocNode:Sid=i03.ib.hpcc.ucr.edu:108916
   ReqNodeList=(null) ExcNodeList=(null)
   NodeList=h05
   BatchHost=h05
   NumNodes=1 NumCPUs=30 NumTasks=1 CPUs/Task=30 ReqB:S:C:T=0:0:*:*
   TRES=cpu=30,mem=150G,node=1,billing=67
   Socks/Node=* NtasksPerN:B:S:C=0:0:*:* CoreSpec=*
   MinCPUsNode=30 MinMemoryCPU=5G MinTmpDiskNode=0
   Features=(null) DelayBoot=00:00:00
   OverSubscribe=OK Contiguous=0 Licenses=(null) Network=(null)
   Command=/bigdata/littlab/arajewski/Datura/4_BUSCO/4a_BUSCO.sh
   WorkDir=/bigdata/littlab/arajewski/Datura/4_BUSCO
   StdErr=/bigdata/littlab/arajewski/Datura/4_BUSCO/../history/4a_BUSCO-1071813.out
   StdIn=/dev/null
   StdOut=/bigdata/littlab/arajewski/Datura/4_BUSCO/../history/4a_BUSCO-1071813.out
   Power=

