WARNING	An augustus species is mentioned in the config file, dataset default species (arabidopsis) will be ignored
INFO	****************** Start a BUSCO 3.0.2 analysis, current time: 03/17/2020 09:38:19 ******************
INFO	Configuration loaded from /opt/linux/centos/7.x/x86_64/pkgs/busco/3.0.2/config/config.ini
INFO	Init tools...
INFO	Check dependencies...
INFO	Check input file...
INFO	To reproduce this run: python /opt/linux/centos/7.x/x86_64/pkgs/busco/3.0.2/scripts/run_BUSCO.py -i /rhome/arajewski/bigdata/Datura/5_Funannotate/Dstr_v1.4.masked.l5000.fa -o Dstr_v1.4.masked.l5000.fa -l /srv/projects/db/BUSCO/v9/embryophyta_odb9/ -m genome -c 16 -z -sp tomato
INFO	Mode is: genome
INFO	The lineage dataset is: embryophyta_odb9 (eukaryota)
INFO	Temp directory is ./tmp/
INFO	****** Phase 1 of 2, initial predictions ******
INFO	****** Step 1/3, current time: 03/17/2020 09:39:33 ******
INFO	Create blast database...
INFO	[makeblastdb]	Building a new DB, current time: 03/17/2020 09:39:33
INFO	[makeblastdb]	New DB name:   /bigdata/littlab/arajewski/Datura/4_BUSCO/tmp/Dstr_v1.4.masked.l5000.fa_375803491
INFO	[makeblastdb]	New DB title:  /rhome/arajewski/bigdata/Datura/5_Funannotate/Dstr_v1.4.masked.l5000.fa
INFO	[makeblastdb]	Sequence type: Nucleotide
INFO	[makeblastdb]	Keep Linkouts: T
INFO	[makeblastdb]	Keep MBits: T
INFO	[makeblastdb]	Maximum file size: 1000000000B
INFO	[makeblastdb]	Adding sequences from FASTA; added 19150 sequences in 53.6158 seconds.
INFO	[makeblastdb]	1 of 1 task(s) completed at 03/17/2020 09:40:27
INFO	Running tblastn, writing output to /bigdata/littlab/arajewski/Datura/4_BUSCO/run_Dstr_v1.4.masked.l5000.fa/blast_output/tblastn_Dstr_v1.4.masked.l5000.fa.tsv...
INFO	[tblastn]	1 of 1 task(s) completed at 03/17/2020 10:08:20
INFO	****** Step 2/3, current time: 03/17/2020 10:08:20 ******
INFO	Maximum number of candidate contig per BUSCO limited to: 3
INFO	Getting coordinates for candidate regions...
INFO	Pre-Augustus scaffold extraction...
INFO	Running Augustus prediction using tomato as species:
INFO	[augustus]	Please find all logs related to Augustus errors here: /bigdata/littlab/arajewski/Datura/4_BUSCO/run_Dstr_v1.4.masked.l5000.fa/augustus_output/augustus.log
INFO	[augustus]	227 of 2266 task(s) completed at 03/17/2020 10:40:32
INFO	[augustus]	454 of 2266 task(s) completed at 03/17/2020 11:05:28
INFO	[augustus]	680 of 2266 task(s) completed at 03/17/2020 11:25:17
INFO	[augustus]	907 of 2266 task(s) completed at 03/17/2020 11:44:51
INFO	[augustus]	1133 of 2266 task(s) completed at 03/17/2020 12:01:51
INFO	[augustus]	1360 of 2266 task(s) completed at 03/17/2020 12:17:55
INFO	[augustus]	1587 of 2266 task(s) completed at 03/17/2020 12:32:44
INFO	[augustus]	1813 of 2266 task(s) completed at 03/17/2020 12:45:23
INFO	[augustus]	2040 of 2266 task(s) completed at 03/17/2020 12:56:26
INFO	[augustus]	2266 of 2266 task(s) completed at 03/17/2020 13:04:46
INFO	Extracting predicted proteins...
INFO	****** Step 3/3, current time: 03/17/2020 13:07:21 ******
INFO	Running HMMER to confirm orthology of predicted proteins:
INFO	[hmmsearch]	223 of 2229 task(s) completed at 03/17/2020 13:07:24
INFO	[hmmsearch]	1115 of 2229 task(s) completed at 03/17/2020 13:07:32
INFO	[hmmsearch]	1561 of 2229 task(s) completed at 03/17/2020 13:07:34
INFO	[hmmsearch]	2007 of 2229 task(s) completed at 03/17/2020 13:07:37
INFO	[hmmsearch]	2229 of 2229 task(s) completed at 03/17/2020 13:07:38
INFO	Results:
INFO	C:92.8%[S:90.8%,D:2.0%],F:1.9%,M:5.3%,n:1440
INFO	1337 Complete BUSCOs (C)
INFO	1308 Complete and single-copy BUSCOs (S)
INFO	29 Complete and duplicated BUSCOs (D)
INFO	27 Fragmented BUSCOs (F)
INFO	76 Missing BUSCOs (M)
INFO	1440 Total BUSCO groups searched
INFO	****** Phase 2 of 2, predictions using species specific training ******
INFO	****** Step 1/3, current time: 03/17/2020 13:07:40 ******
INFO	Extracting missing and fragmented buscos from the ancestral_variants file...
INFO	Running tblastn, writing output to /bigdata/littlab/arajewski/Datura/4_BUSCO/run_Dstr_v1.4.masked.l5000.fa/blast_output/tblastn_Dstr_v1.4.masked.l5000.fa_missing_and_frag_rerun.tsv...
INFO	[tblastn]	1 of 1 task(s) completed at 03/17/2020 13:24:08
INFO	Maximum number of candidate contig per BUSCO limited to: 3
INFO	Getting coordinates for candidate regions...
INFO	****** Step 2/3, current time: 03/17/2020 13:24:10 ******
INFO	Training Augustus using Single-Copy Complete BUSCOs:
INFO	Converting predicted genes to short genbank files at 03/17/2020 13:24:10...
INFO	All files converted to short genbank files, now running the training scripts at 03/17/2020 14:25:39...
INFO	Pre-Augustus scaffold extraction...
INFO	Re-running Augustus with the new metaparameters, number of target BUSCOs: 103
INFO	[augustus]	19 of 182 task(s) completed at 03/17/2020 14:28:17
INFO	[augustus]	37 of 182 task(s) completed at 03/17/2020 14:29:30
INFO	[augustus]	55 of 182 task(s) completed at 03/17/2020 14:30:19
INFO	[augustus]	73 of 182 task(s) completed at 03/17/2020 14:31:17
INFO	[augustus]	91 of 182 task(s) completed at 03/17/2020 14:32:26
INFO	[augustus]	110 of 182 task(s) completed at 03/17/2020 14:33:29
INFO	[augustus]	128 of 182 task(s) completed at 03/17/2020 14:34:47
INFO	[augustus]	146 of 182 task(s) completed at 03/17/2020 14:36:03
INFO	[augustus]	164 of 182 task(s) completed at 03/17/2020 14:37:23
INFO	[augustus]	182 of 182 task(s) completed at 03/17/2020 14:38:12
INFO	Extracting predicted proteins...
INFO	****** Step 3/3, current time: 03/17/2020 14:38:23 ******
INFO	Running HMMER to confirm orthology of predicted proteins:
INFO	[hmmsearch]	37 of 182 task(s) completed at 03/17/2020 14:38:24
INFO	[hmmsearch]	73 of 182 task(s) completed at 03/17/2020 14:38:24
INFO	[hmmsearch]	110 of 182 task(s) completed at 03/17/2020 14:38:24
INFO	[hmmsearch]	128 of 182 task(s) completed at 03/17/2020 14:38:24
INFO	[hmmsearch]	146 of 182 task(s) completed at 03/17/2020 14:38:24
INFO	[hmmsearch]	182 of 182 task(s) completed at 03/17/2020 14:38:25
INFO	Results:
INFO	C:95.2%[S:93.2%,D:2.0%],F:1.4%,M:3.4%,n:1440
INFO	1371 Complete BUSCOs (C)
INFO	1342 Complete and single-copy BUSCOs (S)
INFO	29 Complete and duplicated BUSCOs (D)
INFO	20 Fragmented BUSCOs (F)
INFO	49 Missing BUSCOs (M)
INFO	1440 Total BUSCO groups searched
INFO	BUSCO analysis done with WARNING(s). Total running time: 18094.596799135208 seconds
INFO	Results written in /bigdata/littlab/arajewski/Datura/4_BUSCO/run_Dstr_v1.4.masked.l5000.fa/

JobId=907113 JobName=4a_BUSCO.sh
   UserId=arajewski(3080) GroupId=littlab(1144) MCS_label=N/A
   Priority=100000 Nice=0 Account=littlab QOS=normal
   JobState=RUNNING Reason=None Dependency=(null)
   Requeue=1 Restarts=0 BatchFlag=1 Reboot=0 ExitCode=0:0
   RunTime=05:01:38 TimeLimit=09:00:00 TimeMin=N/A
   SubmitTime=2020-03-17T09:38:14 EligibleTime=2020-03-17T09:38:14
   AccrueTime=2020-03-17T09:38:14
   StartTime=2020-03-17T09:38:15 EndTime=2020-03-17T18:38:15 Deadline=N/A
   SuspendTime=None SecsPreSuspend=0 LastSchedEval=2020-03-17T09:38:15
   Partition=batch AllocNode:Sid=parrot.clust.hpcc.ucr.edu:57512
   ReqNodeList=(null) ExcNodeList=(null)
   NodeList=c33
   BatchHost=c33
   NumNodes=1 NumCPUs=16 NumTasks=16 CPUs/Task=1 ReqB:S:C:T=0:0:*:*
   TRES=cpu=16,mem=100G,node=1,billing=41
   Socks/Node=* NtasksPerN:B:S:C=0:0:*:* CoreSpec=*
   MinCPUsNode=1 MinMemoryNode=100G MinTmpDiskNode=0
   Features=(null) DelayBoot=00:00:00
   OverSubscribe=OK Contiguous=0 Licenses=(null) Network=(null)
   Command=/bigdata/littlab/arajewski/Datura/4_BUSCO/4a_BUSCO.sh
   WorkDir=/bigdata/littlab/arajewski/Datura/4_BUSCO
   StdErr=/bigdata/littlab/arajewski/Datura/4_BUSCO/../history/4a_BUSCO-907113.out
   StdIn=/dev/null
   StdOut=/bigdata/littlab/arajewski/Datura/4_BUSCO/../history/4a_BUSCO-907113.out
   Power=

