WARNING	An augustus species is mentioned in the config file, dataset default species (arabidopsis) will be ignored
INFO	****************** Start a BUSCO 3.0.2 analysis, current time: 10/30/2019 08:11:14 ******************
INFO	Configuration loaded from /opt/linux/centos/7.x/x86_64/pkgs/busco/3.0.2/config/config.ini
INFO	Init tools...
INFO	Check dependencies...
INFO	Check input file...
INFO	To reproduce this run: python /opt/linux/centos/7.x/x86_64/pkgs/busco/3.0.2/scripts/run_BUSCO.py -i /rhome/arajewski/bigdata/Datura/2_ABySS/k_111/Dstr_v1.3_k111-scaffolds.fa -o Dstr_v1.3_k111 -l /srv/projects/db/BUSCO/v9/embryophyta_odb9/ -m genome -c 16 -z -sp tomato
INFO	Mode is: genome
INFO	The lineage dataset is: embryophyta_odb9 (eukaryota)
INFO	Temp directory is ./tmp/
INFO	****** Phase 1 of 2, initial predictions ******
INFO	****** Step 1/3, current time: 10/30/2019 08:11:56 ******
INFO	Create blast database...
INFO	[makeblastdb]	Building a new DB, current time: 10/30/2019 08:11:56
INFO	[makeblastdb]	New DB name:   /bigdata/littlab/arajewski/Datura/4_BUSCO/tmp/Dstr_v1.3_k111_520141334
INFO	[makeblastdb]	New DB title:  /rhome/arajewski/bigdata/Datura/2_ABySS/k_111/Dstr_v1.3_k111-scaffolds.fa
INFO	[makeblastdb]	Sequence type: Nucleotide
INFO	[makeblastdb]	Keep MBits: T
INFO	[makeblastdb]	Maximum file size: 1000000000B
INFO	[makeblastdb]	Adding sequences from FASTA; added 3238435 sequences in 89.6725 seconds.
INFO	[makeblastdb]	1 of 1 task(s) completed at 10/30/2019 08:13:26
INFO	Running tblastn, writing output to /bigdata/littlab/arajewski/Datura/4_BUSCO/run_Dstr_v1.3_k111/blast_output/tblastn_Dstr_v1.3_k111.tsv...
INFO	[tblastn]	1 of 1 task(s) completed at 10/30/2019 08:34:36
INFO	****** Step 2/3, current time: 10/30/2019 08:34:36 ******
INFO	Maximum number of candidate contig per BUSCO limited to: 3
INFO	Getting coordinates for candidate regions...
INFO	Pre-Augustus scaffold extraction...
INFO	Running Augustus prediction using tomato as species:
INFO	[augustus]	Please find all logs related to Augustus errors here: /bigdata/littlab/arajewski/Datura/4_BUSCO/run_Dstr_v1.3_k111/augustus_output/augustus.log
INFO	[augustus]	235 of 2345 task(s) completed at 10/30/2019 08:40:46
INFO	[augustus]	469 of 2345 task(s) completed at 10/30/2019 08:41:51
INFO	[augustus]	704 of 2345 task(s) completed at 10/30/2019 08:42:54
INFO	[augustus]	938 of 2345 task(s) completed at 10/30/2019 08:43:49
INFO	[augustus]	1173 of 2345 task(s) completed at 10/30/2019 08:44:41
INFO	[augustus]	1407 of 2345 task(s) completed at 10/30/2019 08:45:26
INFO	[augustus]	1642 of 2345 task(s) completed at 10/30/2019 08:46:08
INFO	[augustus]	1876 of 2345 task(s) completed at 10/30/2019 08:46:42
INFO	[augustus]	2111 of 2345 task(s) completed at 10/30/2019 08:47:11
INFO	[augustus]	2345 of 2345 task(s) completed at 10/30/2019 08:47:34
INFO	Extracting predicted proteins...
INFO	****** Step 3/3, current time: 10/30/2019 08:48:10 ******
INFO	Running HMMER to confirm orthology of predicted proteins:
INFO	[hmmsearch]	228 of 2279 task(s) completed at 10/30/2019 08:48:11
INFO	[hmmsearch]	684 of 2279 task(s) completed at 10/30/2019 08:48:14
INFO	[hmmsearch]	1824 of 2279 task(s) completed at 10/30/2019 08:48:17
INFO	[hmmsearch]	2052 of 2279 task(s) completed at 10/30/2019 08:48:18
INFO	[hmmsearch]	2279 of 2279 task(s) completed at 10/30/2019 08:48:19
INFO	Results:
INFO	C:53.8%[S:52.8%,D:1.0%],F:21.7%,M:24.5%,n:1440
INFO	776 Complete BUSCOs (C)
INFO	761 Complete and single-copy BUSCOs (S)
INFO	15 Complete and duplicated BUSCOs (D)
INFO	312 Fragmented BUSCOs (F)
INFO	352 Missing BUSCOs (M)
INFO	1440 Total BUSCO groups searched
INFO	****** Phase 2 of 2, predictions using species specific training ******
INFO	****** Step 1/3, current time: 10/30/2019 08:48:20 ******
INFO	Extracting missing and fragmented buscos from the ancestral_variants file...
INFO	Running tblastn, writing output to /bigdata/littlab/arajewski/Datura/4_BUSCO/run_Dstr_v1.3_k111/blast_output/tblastn_Dstr_v1.3_k111_missing_and_frag_rerun.tsv...
INFO	[tblastn]	1 of 1 task(s) completed at 10/30/2019 10:19:19
INFO	Maximum number of candidate contig per BUSCO limited to: 3
INFO	Getting coordinates for candidate regions...
INFO	****** Step 2/3, current time: 10/30/2019 10:19:25 ******
INFO	Training Augustus using Single-Copy Complete BUSCOs:
INFO	Converting predicted genes to short genbank files at 10/30/2019 10:19:25...
INFO	All files converted to short genbank files, now running the training scripts at 10/30/2019 11:05:53...
INFO	Pre-Augustus scaffold extraction...
INFO	Re-running Augustus with the new metaparameters, number of target BUSCOs: 664
INFO	[augustus]	113 of 1123 task(s) completed at 10/30/2019 11:08:50
INFO	[augustus]	225 of 1123 task(s) completed at 10/30/2019 11:09:03
INFO	[augustus]	337 of 1123 task(s) completed at 10/30/2019 11:09:20
INFO	[augustus]	450 of 1123 task(s) completed at 10/30/2019 11:09:32
INFO	[augustus]	562 of 1123 task(s) completed at 10/30/2019 11:09:50
INFO	[augustus]	674 of 1123 task(s) completed at 10/30/2019 11:10:16
INFO	[augustus]	787 of 1123 task(s) completed at 10/30/2019 11:10:42
INFO	[augustus]	899 of 1123 task(s) completed at 10/30/2019 11:11:01
INFO	[augustus]	1011 of 1123 task(s) completed at 10/30/2019 11:11:16
INFO	[augustus]	1123 of 1123 task(s) completed at 10/30/2019 11:11:28
INFO	Extracting predicted proteins...
INFO	****** Step 3/3, current time: 10/30/2019 11:11:48 ******
INFO	Running HMMER to confirm orthology of predicted proteins:
INFO	[hmmsearch]	Error: Failed to open sequence file /bigdata/littlab/arajewski/Datura/4_BUSCO/run_Dstr_v1.3_k111/augustus_output/extracted_proteins/EOG093609I7.faa.1 for reading
INFO	[hmmsearch]	Error: Failed to open sequence file /bigdata/littlab/arajewski/Datura/4_BUSCO/run_Dstr_v1.3_k111/augustus_output/extracted_proteins/EOG09360HR3.faa.1 for reading
INFO	[hmmsearch]	104 of 1036 task(s) completed at 10/30/2019 11:11:49
INFO	[hmmsearch]	Error: Failed to open sequence file /bigdata/littlab/arajewski/Datura/4_BUSCO/run_Dstr_v1.3_k111/augustus_output/extracted_proteins/EOG093606L0.faa.3 for reading
INFO	[hmmsearch]	208 of 1036 task(s) completed at 10/30/2019 11:11:49
INFO	[hmmsearch]	Error: Failed to open sequence file /bigdata/littlab/arajewski/Datura/4_BUSCO/run_Dstr_v1.3_k111/augustus_output/extracted_proteins/EOG093607NG.faa.2 for reading
INFO	[hmmsearch]	311 of 1036 task(s) completed at 10/30/2019 11:11:50
INFO	[hmmsearch]	Error: Failed to open sequence file /bigdata/littlab/arajewski/Datura/4_BUSCO/run_Dstr_v1.3_k111/augustus_output/extracted_proteins/EOG09360ZQL.faa.1 for reading
INFO	[hmmsearch]	Error: Failed to open sequence file /bigdata/littlab/arajewski/Datura/4_BUSCO/run_Dstr_v1.3_k111/augustus_output/extracted_proteins/EOG09360M2U.faa.2 for reading
INFO	[hmmsearch]	415 of 1036 task(s) completed at 10/30/2019 11:11:50
INFO	[hmmsearch]	Error: Failed to open sequence file /bigdata/littlab/arajewski/Datura/4_BUSCO/run_Dstr_v1.3_k111/augustus_output/extracted_proteins/EOG09360LK3.faa.2 for reading
INFO	[hmmsearch]	518 of 1036 task(s) completed at 10/30/2019 11:11:51
INFO	[hmmsearch]	Error: Failed to open sequence file /bigdata/littlab/arajewski/Datura/4_BUSCO/run_Dstr_v1.3_k111/augustus_output/extracted_proteins/EOG09360WK5.faa.2 for reading
INFO	[hmmsearch]	Error: Failed to open sequence file /bigdata/littlab/arajewski/Datura/4_BUSCO/run_Dstr_v1.3_k111/augustus_output/extracted_proteins/EOG09360CNL.faa.2 for reading
INFO	[hmmsearch]	726 of 1036 task(s) completed at 10/30/2019 11:11:52
INFO	[hmmsearch]	829 of 1036 task(s) completed at 10/30/2019 11:11:52
INFO	[hmmsearch]	Error: Failed to open sequence file /bigdata/littlab/arajewski/Datura/4_BUSCO/run_Dstr_v1.3_k111/augustus_output/extracted_proteins/EOG09360F40.faa.3 for reading
INFO	[hmmsearch]	933 of 1036 task(s) completed at 10/30/2019 11:11:53
INFO	[hmmsearch]	Error: Failed to open sequence file /bigdata/littlab/arajewski/Datura/4_BUSCO/run_Dstr_v1.3_k111/augustus_output/extracted_proteins/EOG09360MJR.faa.2 for reading
INFO	[hmmsearch]	1036 of 1036 task(s) completed at 10/30/2019 11:11:53
INFO	Results:
INFO	C:55.4%[S:54.4%,D:1.0%],F:19.0%,M:25.6%,n:1440
INFO	799 Complete BUSCOs (C)
INFO	784 Complete and single-copy BUSCOs (S)
INFO	15 Complete and duplicated BUSCOs (D)
INFO	273 Fragmented BUSCOs (F)
INFO	368 Missing BUSCOs (M)
INFO	1440 Total BUSCO groups searched
INFO	BUSCO analysis done with WARNING(s). Total running time: 10859.772043466568 seconds
INFO	Results written in /bigdata/littlab/arajewski/Datura/4_BUSCO/run_Dstr_v1.3_k111/

JobId=401673 JobName=4a_BUSCO.sh
   UserId=arajewski(3080) GroupId=littlab(1144) MCS_label=N/A
   Priority=100000 Nice=0 Account=littlab QOS=normal
   JobState=RUNNING Reason=None Dependency=(null)
   Requeue=1 Restarts=0 BatchFlag=1 Reboot=0 ExitCode=0:0
   RunTime=03:01:01 TimeLimit=09:00:00 TimeMin=N/A
   SubmitTime=2019-10-30T08:10:48 EligibleTime=2019-10-30T08:10:48
   AccrueTime=2019-10-30T08:10:48
   StartTime=2019-10-30T08:11:13 EndTime=2019-10-30T17:11:13 Deadline=N/A
   SuspendTime=None SecsPreSuspend=0 LastSchedEval=2019-10-30T08:11:13
   Partition=intel AllocNode:Sid=parrot.ib.hpcc.ucr.edu:21822
   ReqNodeList=(null) ExcNodeList=(null)
   NodeList=i01
   BatchHost=i01
   NumNodes=1 NumCPUs=16 NumTasks=16 CPUs/Task=1 ReqB:S:C:T=0:0:*:*
   TRES=cpu=16,mem=100G,node=1,billing=41
   Socks/Node=* NtasksPerN:B:S:C=0:0:*:* CoreSpec=*
   MinCPUsNode=1 MinMemoryNode=100G MinTmpDiskNode=0
   Features=(null) DelayBoot=00:00:00
   OverSubscribe=OK Contiguous=0 Licenses=(null) Network=(null)
   Command=/bigdata/littlab/arajewski/Datura/4_BUSCO/4a_BUSCO.sh
   WorkDir=/bigdata/littlab/arajewski/Datura/4_BUSCO
   StdErr=/bigdata/littlab/arajewski/Datura/4_BUSCO/../history/4a_BUSCO-401673.out
   StdIn=/dev/null
   StdOut=/bigdata/littlab/arajewski/Datura/4_BUSCO/../history/4a_BUSCO-401673.out
   Power=

