WARNING	An augustus species is mentioned in the config file, dataset default species (arabidopsis) will be ignored
ERROR	Impossible to read /rhome/arajewski/bigdata/Datura/2_AbySS/k_64/Dstr_v1.3_k64-scaffolds.fa
JobId=387547 JobName=4a_BUSCO.sh
   UserId=arajewski(3080) GroupId=littlab(1144) MCS_label=N/A
   Priority=100349 Nice=0 Account=littlab QOS=normal
   JobState=RUNNING Reason=None Dependency=(null)
   Requeue=1 Restarts=0 BatchFlag=1 Reboot=0 ExitCode=0:0
   RunTime=00:00:03 TimeLimit=03:00:00 TimeMin=N/A
   SubmitTime=2019-10-25T09:28:40 EligibleTime=2019-10-25T09:28:40
   AccrueTime=2019-10-25T09:28:40
   StartTime=2019-10-25T09:28:52 EndTime=2019-10-25T12:28:52 Deadline=N/A
   SuspendTime=None SecsPreSuspend=0 LastSchedEval=2019-10-25T09:28:52
   Partition=intel AllocNode:Sid=pelican.ib.hpcc.ucr.edu:58186
   ReqNodeList=(null) ExcNodeList=(null)
   NodeList=i19
   BatchHost=i19
   NumNodes=1 NumCPUs=16 NumTasks=16 CPUs/Task=1 ReqB:S:C:T=0:0:*:*
   TRES=cpu=16,mem=100G,node=1,billing=41
   Socks/Node=* NtasksPerN:B:S:C=0:0:*:* CoreSpec=*
   MinCPUsNode=1 MinMemoryNode=100G MinTmpDiskNode=0
   Features=(null) DelayBoot=00:00:00
   OverSubscribe=OK Contiguous=0 Licenses=(null) Network=(null)
   Command=/bigdata/littlab/arajewski/Datura/4_BUSCO/4a_BUSCO.sh
   WorkDir=/bigdata/littlab/arajewski/Datura/4_BUSCO
   StdErr=/bigdata/littlab/arajewski/Datura/4_BUSCO/../history/4a_BUSCO-387547.out
   StdIn=/dev/null
   StdOut=/bigdata/littlab/arajewski/Datura/4_BUSCO/../history/4a_BUSCO-387547.out
   Power=

