WARNING	An augustus species is mentioned in the config file, dataset default species (arabidopsis) will be ignored
INFO	****************** Start a BUSCO 3.0.2 analysis, current time: 10/30/2019 08:11:14 ******************
INFO	Configuration loaded from /opt/linux/centos/7.x/x86_64/pkgs/busco/3.0.2/config/config.ini
INFO	Init tools...
INFO	Check dependencies...
INFO	Check input file...
INFO	To reproduce this run: python /opt/linux/centos/7.x/x86_64/pkgs/busco/3.0.2/scripts/run_BUSCO.py -i /rhome/arajewski/bigdata/Datura/2_ABySS/k_99/Dstr_v1.3_k99-scaffolds.fa -o Dstr_v1.3_k99 -l /srv/projects/db/BUSCO/v9/embryophyta_odb9/ -m genome -c 16 -z -sp tomato
INFO	Mode is: genome
INFO	The lineage dataset is: embryophyta_odb9 (eukaryota)
INFO	Temp directory is ./tmp/
INFO	****** Phase 1 of 2, initial predictions ******
INFO	****** Step 1/3, current time: 10/30/2019 08:12:03 ******
INFO	Create blast database...
INFO	[makeblastdb]	Building a new DB, current time: 10/30/2019 08:12:03
INFO	[makeblastdb]	New DB name:   /bigdata/littlab/arajewski/Datura/4_BUSCO/tmp/Dstr_v1.3_k99_1012207282
INFO	[makeblastdb]	New DB title:  /rhome/arajewski/bigdata/Datura/2_ABySS/k_99/Dstr_v1.3_k99-scaffolds.fa
INFO	[makeblastdb]	Sequence type: Nucleotide
INFO	[makeblastdb]	Keep MBits: T
INFO	[makeblastdb]	Maximum file size: 1000000000B
INFO	[makeblastdb]	Adding sequences from FASTA; added 4053175 sequences in 110.774 seconds.
INFO	[makeblastdb]	1 of 1 task(s) completed at 10/30/2019 08:13:55
INFO	Running tblastn, writing output to /bigdata/littlab/arajewski/Datura/4_BUSCO/run_Dstr_v1.3_k99/blast_output/tblastn_Dstr_v1.3_k99.tsv...
INFO	[tblastn]	1 of 1 task(s) completed at 10/30/2019 08:36:02
INFO	****** Step 2/3, current time: 10/30/2019 08:36:03 ******
INFO	Maximum number of candidate contig per BUSCO limited to: 3
INFO	Getting coordinates for candidate regions...
INFO	Pre-Augustus scaffold extraction...
INFO	Running Augustus prediction using tomato as species:
INFO	[augustus]	Please find all logs related to Augustus errors here: /bigdata/littlab/arajewski/Datura/4_BUSCO/run_Dstr_v1.3_k99/augustus_output/augustus.log
INFO	[augustus]	232 of 2320 task(s) completed at 10/30/2019 08:44:01
INFO	[augustus]	464 of 2320 task(s) completed at 10/30/2019 08:45:35
INFO	[augustus]	696 of 2320 task(s) completed at 10/30/2019 08:46:53
INFO	[augustus]	928 of 2320 task(s) completed at 10/30/2019 08:48:03
INFO	[augustus]	1160 of 2320 task(s) completed at 10/30/2019 08:49:15
INFO	[augustus]	1392 of 2320 task(s) completed at 10/30/2019 08:50:16
INFO	[augustus]	1624 of 2320 task(s) completed at 10/30/2019 08:51:11
INFO	[augustus]	1856 of 2320 task(s) completed at 10/30/2019 08:51:59
INFO	[augustus]	2088 of 2320 task(s) completed at 10/30/2019 08:52:40
INFO	[augustus]	2320 of 2320 task(s) completed at 10/30/2019 08:53:12
INFO	Extracting predicted proteins...
INFO	****** Step 3/3, current time: 10/30/2019 08:53:47 ******
INFO	Running HMMER to confirm orthology of predicted proteins:
INFO	[hmmsearch]	684 of 2279 task(s) completed at 10/30/2019 08:53:51
INFO	[hmmsearch]	912 of 2279 task(s) completed at 10/30/2019 08:53:52
INFO	[hmmsearch]	1140 of 2279 task(s) completed at 10/30/2019 08:53:52
INFO	[hmmsearch]	2279 of 2279 task(s) completed at 10/30/2019 08:53:56
INFO	Results:
INFO	C:65.4%[S:64.4%,D:1.0%],F:17.2%,M:17.4%,n:1440
INFO	941 Complete BUSCOs (C)
INFO	927 Complete and single-copy BUSCOs (S)
INFO	14 Complete and duplicated BUSCOs (D)
INFO	247 Fragmented BUSCOs (F)
INFO	252 Missing BUSCOs (M)
INFO	1440 Total BUSCO groups searched
INFO	****** Phase 2 of 2, predictions using species specific training ******
INFO	****** Step 1/3, current time: 10/30/2019 08:53:56 ******
INFO	Extracting missing and fragmented buscos from the ancestral_variants file...
INFO	Running tblastn, writing output to /bigdata/littlab/arajewski/Datura/4_BUSCO/run_Dstr_v1.3_k99/blast_output/tblastn_Dstr_v1.3_k99_missing_and_frag_rerun.tsv...
INFO	[tblastn]	1 of 1 task(s) completed at 10/30/2019 10:07:51
INFO	Maximum number of candidate contig per BUSCO limited to: 3
INFO	Getting coordinates for candidate regions...
INFO	****** Step 2/3, current time: 10/30/2019 10:07:56 ******
INFO	Training Augustus using Single-Copy Complete BUSCOs:
INFO	Converting predicted genes to short genbank files at 10/30/2019 10:07:56...
INFO	All files converted to short genbank files, now running the training scripts at 10/30/2019 11:16:06...
INFO	Pre-Augustus scaffold extraction...
INFO	Re-running Augustus with the new metaparameters, number of target BUSCOs: 499
INFO	[augustus]	86 of 855 task(s) completed at 10/30/2019 11:18:48
INFO	[augustus]	171 of 855 task(s) completed at 10/30/2019 11:19:02
INFO	[augustus]	257 of 855 task(s) completed at 10/30/2019 11:19:18
INFO	[augustus]	342 of 855 task(s) completed at 10/30/2019 11:19:29
INFO	[augustus]	428 of 855 task(s) completed at 10/30/2019 11:19:45
INFO	[augustus]	513 of 855 task(s) completed at 10/30/2019 11:20:15
INFO	[augustus]	599 of 855 task(s) completed at 10/30/2019 11:20:39
INFO	[augustus]	684 of 855 task(s) completed at 10/30/2019 11:20:54
INFO	[augustus]	770 of 855 task(s) completed at 10/30/2019 11:21:05
INFO	[augustus]	855 of 855 task(s) completed at 10/30/2019 11:21:13
INFO	Extracting predicted proteins...
INFO	****** Step 3/3, current time: 10/30/2019 11:21:24 ******
INFO	Running HMMER to confirm orthology of predicted proteins:
INFO	[hmmsearch]	Error: Failed to open sequence file /bigdata/littlab/arajewski/Datura/4_BUSCO/run_Dstr_v1.3_k99/augustus_output/extracted_proteins/EOG09360IQI.faa.1 for reading
INFO	[hmmsearch]	245 of 815 task(s) completed at 10/30/2019 11:21:25
INFO	[hmmsearch]	Error: Failed to open sequence file /bigdata/littlab/arajewski/Datura/4_BUSCO/run_Dstr_v1.3_k99/augustus_output/extracted_proteins/EOG09360M2U.faa.2 for reading
INFO	[hmmsearch]	489 of 815 task(s) completed at 10/30/2019 11:21:26
INFO	[hmmsearch]	652 of 815 task(s) completed at 10/30/2019 11:21:26
INFO	[hmmsearch]	734 of 815 task(s) completed at 10/30/2019 11:21:27
INFO	[hmmsearch]	815 of 815 task(s) completed at 10/30/2019 11:21:27
INFO	Results:
INFO	C:66.8%[S:65.8%,D:1.0%],F:15.1%,M:18.1%,n:1440
INFO	962 Complete BUSCOs (C)
INFO	948 Complete and single-copy BUSCOs (S)
INFO	14 Complete and duplicated BUSCOs (D)
INFO	218 Fragmented BUSCOs (F)
INFO	260 Missing BUSCOs (M)
INFO	1440 Total BUSCO groups searched
INFO	BUSCO analysis done with WARNING(s). Total running time: 11443.96111869812 seconds
INFO	Results written in /bigdata/littlab/arajewski/Datura/4_BUSCO/run_Dstr_v1.3_k99/

JobId=401674 JobName=4a_BUSCO.sh
   UserId=arajewski(3080) GroupId=littlab(1144) MCS_label=N/A
   Priority=100000 Nice=0 Account=littlab QOS=normal
   JobState=RUNNING Reason=None Dependency=(null)
   Requeue=1 Restarts=0 BatchFlag=1 Reboot=0 ExitCode=0:0
   RunTime=03:10:45 TimeLimit=09:00:00 TimeMin=N/A
   SubmitTime=2019-10-30T08:11:10 EligibleTime=2019-10-30T08:11:10
   AccrueTime=2019-10-30T08:11:10
   StartTime=2019-10-30T08:11:13 EndTime=2019-10-30T17:11:13 Deadline=N/A
   SuspendTime=None SecsPreSuspend=0 LastSchedEval=2019-10-30T08:11:13
   Partition=intel AllocNode:Sid=parrot.ib.hpcc.ucr.edu:21822
   ReqNodeList=(null) ExcNodeList=(null)
   NodeList=i01
   BatchHost=i01
   NumNodes=1 NumCPUs=16 NumTasks=16 CPUs/Task=1 ReqB:S:C:T=0:0:*:*
   TRES=cpu=16,mem=100G,node=1,billing=41
   Socks/Node=* NtasksPerN:B:S:C=0:0:*:* CoreSpec=*
   MinCPUsNode=1 MinMemoryNode=100G MinTmpDiskNode=0
   Features=(null) DelayBoot=00:00:00
   OverSubscribe=OK Contiguous=0 Licenses=(null) Network=(null)
   Command=/bigdata/littlab/arajewski/Datura/4_BUSCO/4a_BUSCO.sh
   WorkDir=/bigdata/littlab/arajewski/Datura/4_BUSCO
   StdErr=/bigdata/littlab/arajewski/Datura/4_BUSCO/../history/4a_BUSCO-401674.out
   StdIn=/dev/null
   StdOut=/bigdata/littlab/arajewski/Datura/4_BUSCO/../history/4a_BUSCO-401674.out
   Power=

