WARNING	An augustus species is mentioned in the config file, dataset default species (arabidopsis) will be ignored
INFO	****************** Start a BUSCO 3.0.2 analysis, current time: 10/31/2019 08:28:25 ******************
INFO	Configuration loaded from /opt/linux/centos/7.x/x86_64/pkgs/busco/3.0.2/config/config.ini
INFO	Init tools...
INFO	Check dependencies...
INFO	Check input file...
INFO	To reproduce this run: python /opt/linux/centos/7.x/x86_64/pkgs/busco/3.0.2/scripts/run_BUSCO.py -i /rhome/arajewski/bigdata/Datura/2_ABySS/k_95/Dstr_v1.3_k95-scaffolds.fa -o Dstr_v1.3_k95 -l /srv/projects/db/BUSCO/v9/embryophyta_odb9/ -m genome -c 16 -z -sp tomato
INFO	Mode is: genome
INFO	The lineage dataset is: embryophyta_odb9 (eukaryota)
INFO	Temp directory is ./tmp/
INFO	****** Phase 1 of 2, initial predictions ******
INFO	****** Step 1/3, current time: 10/31/2019 08:29:22 ******
INFO	Create blast database...
INFO	[makeblastdb]	Building a new DB, current time: 10/31/2019 08:29:22
INFO	[makeblastdb]	New DB name:   /bigdata/littlab/arajewski/Datura/4_BUSCO/tmp/Dstr_v1.3_k95_3180153980
INFO	[makeblastdb]	New DB title:  /rhome/arajewski/bigdata/Datura/2_ABySS/k_95/Dstr_v1.3_k95-scaffolds.fa
INFO	[makeblastdb]	Sequence type: Nucleotide
INFO	[makeblastdb]	Keep MBits: T
INFO	[makeblastdb]	Maximum file size: 1000000000B
INFO	[makeblastdb]	Adding sequences from FASTA; added 4446499 sequences in 117.176 seconds.
INFO	[makeblastdb]	1 of 1 task(s) completed at 10/31/2019 08:31:20
INFO	Running tblastn, writing output to /bigdata/littlab/arajewski/Datura/4_BUSCO/run_Dstr_v1.3_k95/blast_output/tblastn_Dstr_v1.3_k95.tsv...
INFO	[tblastn]	1 of 1 task(s) completed at 10/31/2019 08:59:31
INFO	****** Step 2/3, current time: 10/31/2019 08:59:31 ******
INFO	Maximum number of candidate contig per BUSCO limited to: 3
INFO	Getting coordinates for candidate regions...
INFO	Pre-Augustus scaffold extraction...
INFO	Running Augustus prediction using tomato as species:
INFO	[augustus]	Please find all logs related to Augustus errors here: /bigdata/littlab/arajewski/Datura/4_BUSCO/run_Dstr_v1.3_k95/augustus_output/augustus.log
INFO	[augustus]	234 of 2340 task(s) completed at 10/31/2019 09:08:03
INFO	[augustus]	468 of 2340 task(s) completed at 10/31/2019 09:09:29
INFO	[augustus]	702 of 2340 task(s) completed at 10/31/2019 09:10:42
INFO	[augustus]	936 of 2340 task(s) completed at 10/31/2019 09:11:52
INFO	[augustus]	1170 of 2340 task(s) completed at 10/31/2019 09:13:00
INFO	[augustus]	1404 of 2340 task(s) completed at 10/31/2019 09:14:00
INFO	[augustus]	1638 of 2340 task(s) completed at 10/31/2019 09:14:56
INFO	[augustus]	1872 of 2340 task(s) completed at 10/31/2019 09:15:46
INFO	[augustus]	2106 of 2340 task(s) completed at 10/31/2019 09:16:27
INFO	[augustus]	2340 of 2340 task(s) completed at 10/31/2019 09:16:59
INFO	Extracting predicted proteins...
INFO	****** Step 3/3, current time: 10/31/2019 09:17:40 ******
INFO	Running HMMER to confirm orthology of predicted proteins:
INFO	[hmmsearch]	230 of 2298 task(s) completed at 10/31/2019 09:17:41
INFO	[hmmsearch]	920 of 2298 task(s) completed at 10/31/2019 09:17:44
INFO	[hmmsearch]	2298 of 2298 task(s) completed at 10/31/2019 09:17:49
INFO	Results:
INFO	C:57.4%[S:56.5%,D:0.9%],F:21.3%,M:21.3%,n:1440
INFO	827 Complete BUSCOs (C)
INFO	814 Complete and single-copy BUSCOs (S)
INFO	13 Complete and duplicated BUSCOs (D)
INFO	307 Fragmented BUSCOs (F)
INFO	306 Missing BUSCOs (M)
INFO	1440 Total BUSCO groups searched
INFO	****** Phase 2 of 2, predictions using species specific training ******
INFO	****** Step 1/3, current time: 10/31/2019 09:17:50 ******
INFO	Extracting missing and fragmented buscos from the ancestral_variants file...
INFO	Running tblastn, writing output to /bigdata/littlab/arajewski/Datura/4_BUSCO/run_Dstr_v1.3_k95/blast_output/tblastn_Dstr_v1.3_k95_missing_and_frag_rerun.tsv...
INFO	[tblastn]	1 of 1 task(s) completed at 10/31/2019 11:08:20
INFO	Maximum number of candidate contig per BUSCO limited to: 3
INFO	Getting coordinates for candidate regions...
INFO	****** Step 2/3, current time: 10/31/2019 11:08:27 ******
INFO	Training Augustus using Single-Copy Complete BUSCOs:
INFO	Converting predicted genes to short genbank files at 10/31/2019 11:08:27...
INFO	All files converted to short genbank files, now running the training scripts at 10/31/2019 12:18:37...
INFO	Pre-Augustus scaffold extraction...
INFO	Re-running Augustus with the new metaparameters, number of target BUSCOs: 613
INFO	[augustus]	103 of 1024 task(s) completed at 10/31/2019 12:22:18
INFO	[augustus]	205 of 1024 task(s) completed at 10/31/2019 12:22:33
INFO	[augustus]	308 of 1024 task(s) completed at 10/31/2019 12:22:50
INFO	[augustus]	410 of 1024 task(s) completed at 10/31/2019 12:23:08
INFO	[augustus]	513 of 1024 task(s) completed at 10/31/2019 12:23:25
INFO	[augustus]	615 of 1024 task(s) completed at 10/31/2019 12:24:00
INFO	[augustus]	717 of 1024 task(s) completed at 10/31/2019 12:24:26
INFO	[augustus]	820 of 1024 task(s) completed at 10/31/2019 12:24:45
INFO	[augustus]	922 of 1024 task(s) completed at 10/31/2019 12:24:59
INFO	[augustus]	1024 of 1024 task(s) completed at 10/31/2019 12:25:08
INFO	Extracting predicted proteins...
INFO	****** Step 3/3, current time: 10/31/2019 12:25:25 ******
INFO	Running HMMER to confirm orthology of predicted proteins:
INFO	[hmmsearch]	Error: Failed to open sequence file /bigdata/littlab/arajewski/Datura/4_BUSCO/run_Dstr_v1.3_k95/augustus_output/extracted_proteins/EOG09360JMJ.faa.1 for reading
INFO	[hmmsearch]	197 of 982 task(s) completed at 10/31/2019 12:25:26
INFO	[hmmsearch]	295 of 982 task(s) completed at 10/31/2019 12:25:26
INFO	[hmmsearch]	Error: Failed to open sequence file /bigdata/littlab/arajewski/Datura/4_BUSCO/run_Dstr_v1.3_k95/augustus_output/extracted_proteins/EOG09360PQR.faa.1 for reading
INFO	[hmmsearch]	Error: Failed to open sequence file /bigdata/littlab/arajewski/Datura/4_BUSCO/run_Dstr_v1.3_k95/augustus_output/extracted_proteins/EOG09360UCN.faa.1 for reading
INFO	[hmmsearch]	492 of 982 task(s) completed at 10/31/2019 12:25:27
INFO	[hmmsearch]	Error: Failed to open sequence file /bigdata/littlab/arajewski/Datura/4_BUSCO/run_Dstr_v1.3_k95/augustus_output/extracted_proteins/EOG09360WK5.faa.2 for reading
INFO	[hmmsearch]	688 of 982 task(s) completed at 10/31/2019 12:25:28
INFO	[hmmsearch]	982 of 982 task(s) completed at 10/31/2019 12:25:29
INFO	Results:
INFO	C:59.0%[S:58.1%,D:0.9%],F:18.7%,M:22.3%,n:1440
INFO	850 Complete BUSCOs (C)
INFO	837 Complete and single-copy BUSCOs (S)
INFO	13 Complete and duplicated BUSCOs (D)
INFO	269 Fragmented BUSCOs (F)
INFO	321 Missing BUSCOs (M)
INFO	1440 Total BUSCO groups searched
INFO	BUSCO analysis done with WARNING(s). Total running time: 14240.822522878647 seconds
INFO	Results written in /bigdata/littlab/arajewski/Datura/4_BUSCO/run_Dstr_v1.3_k95/

JobId=411252 JobName=4a_BUSCO.sh
   UserId=arajewski(3080) GroupId=littlab(1144) MCS_label=N/A
   Priority=100000 Nice=0 Account=littlab QOS=normal
   JobState=RUNNING Reason=None Dependency=(null)
   Requeue=1 Restarts=0 BatchFlag=1 Reboot=0 ExitCode=0:0
   RunTime=03:57:22 TimeLimit=09:00:00 TimeMin=N/A
   SubmitTime=2019-10-31T08:28:23 EligibleTime=2019-10-31T08:28:23
   AccrueTime=2019-10-31T08:28:23
   StartTime=2019-10-31T08:28:24 EndTime=2019-10-31T17:28:24 Deadline=N/A
   SuspendTime=None SecsPreSuspend=0 LastSchedEval=2019-10-31T08:28:24
   Partition=intel AllocNode:Sid=parrot.ib.hpcc.ucr.edu:30569
   ReqNodeList=(null) ExcNodeList=(null)
   NodeList=i21
   BatchHost=i21
   NumNodes=1 NumCPUs=16 NumTasks=16 CPUs/Task=1 ReqB:S:C:T=0:0:*:*
   TRES=cpu=16,mem=100G,node=1,billing=41
   Socks/Node=* NtasksPerN:B:S:C=0:0:*:* CoreSpec=*
   MinCPUsNode=1 MinMemoryNode=100G MinTmpDiskNode=0
   Features=(null) DelayBoot=00:00:00
   OverSubscribe=OK Contiguous=0 Licenses=(null) Network=(null)
   Command=/bigdata/littlab/arajewski/Datura/4_BUSCO/4a_BUSCO.sh
   WorkDir=/bigdata/littlab/arajewski/Datura/4_BUSCO
   StdErr=/bigdata/littlab/arajewski/Datura/4_BUSCO/../history/4a_BUSCO-411252.out
   StdIn=/dev/null
   StdOut=/bigdata/littlab/arajewski/Datura/4_BUSCO/../history/4a_BUSCO-411252.out
   Power=

