WARNING	An augustus species is mentioned in the config file, dataset default species (arabidopsis) will be ignored
INFO	****************** Start a BUSCO 3.0.2 analysis, current time: 10/28/2019 08:48:13 ******************
INFO	Configuration loaded from /opt/linux/centos/7.x/x86_64/pkgs/busco/3.0.2/config/config.ini
INFO	Init tools...
INFO	Check dependencies...
INFO	Check input file...
INFO	To reproduce this run: python /opt/linux/centos/7.x/x86_64/pkgs/busco/3.0.2/scripts/run_BUSCO.py -i /rhome/arajewski/bigdata/Datura/2_ABySS/k_72/Dstr_v1.3_k72-scaffolds.fa -o Dstr_v1.3_k72 -l /srv/projects/db/BUSCO/v9/embryophyta_odb9/ -m genome -c 16 -z -sp tomato
INFO	Mode is: genome
INFO	The lineage dataset is: embryophyta_odb9 (eukaryota)
INFO	Temp directory is ./tmp/
INFO	****** Phase 1 of 2, initial predictions ******
INFO	****** Step 1/3, current time: 10/28/2019 08:50:08 ******
INFO	Create blast database...
INFO	[makeblastdb]	Building a new DB, current time: 10/28/2019 08:50:09
INFO	[makeblastdb]	New DB name:   /bigdata/littlab/arajewski/Datura/4_BUSCO/tmp/Dstr_v1.3_k72_2555239237
INFO	[makeblastdb]	New DB title:  /rhome/arajewski/bigdata/Datura/2_ABySS/k_72/Dstr_v1.3_k72-scaffolds.fa
INFO	[makeblastdb]	Sequence type: Nucleotide
INFO	[makeblastdb]	Keep MBits: T
INFO	[makeblastdb]	Maximum file size: 1000000000B
INFO	[makeblastdb]	Adding sequences from FASTA; added 9532063 sequences in 235.127 seconds.
INFO	[makeblastdb]	1 of 1 task(s) completed at 10/28/2019 08:54:05
INFO	Running tblastn, writing output to /bigdata/littlab/arajewski/Datura/4_BUSCO/run_Dstr_v1.3_k72/blast_output/tblastn_Dstr_v1.3_k72.tsv...
INFO	[tblastn]	1 of 1 task(s) completed at 10/28/2019 09:19:11
INFO	****** Step 2/3, current time: 10/28/2019 09:19:11 ******
INFO	Maximum number of candidate contig per BUSCO limited to: 3
INFO	Getting coordinates for candidate regions...
INFO	Pre-Augustus scaffold extraction...
INFO	Running Augustus prediction using tomato as species:
INFO	[augustus]	Please find all logs related to Augustus errors here: /bigdata/littlab/arajewski/Datura/4_BUSCO/run_Dstr_v1.3_k72/augustus_output/augustus.log
INFO	[augustus]	248 of 2473 task(s) completed at 10/28/2019 09:36:41
INFO	[augustus]	495 of 2473 task(s) completed at 10/28/2019 09:37:12
INFO	[augustus]	742 of 2473 task(s) completed at 10/28/2019 09:37:43
INFO	[augustus]	990 of 2473 task(s) completed at 10/28/2019 09:38:09
INFO	[augustus]	1237 of 2473 task(s) completed at 10/28/2019 09:38:32
INFO	[augustus]	1484 of 2473 task(s) completed at 10/28/2019 09:38:53
INFO	[augustus]	1732 of 2473 task(s) completed at 10/28/2019 09:39:12
INFO	[augustus]	1979 of 2473 task(s) completed at 10/28/2019 09:39:28
INFO	[augustus]	2226 of 2473 task(s) completed at 10/28/2019 09:39:41
INFO	[augustus]	2473 of 2473 task(s) completed at 10/28/2019 09:39:53
INFO	Extracting predicted proteins...
INFO	****** Step 3/3, current time: 10/28/2019 09:40:40 ******
INFO	Running HMMER to confirm orthology of predicted proteins:
INFO	[hmmsearch]	211 of 2108 task(s) completed at 10/28/2019 09:40:42
INFO	[hmmsearch]	422 of 2108 task(s) completed at 10/28/2019 09:40:43
INFO	[hmmsearch]	1055 of 2108 task(s) completed at 10/28/2019 09:40:46
INFO	[hmmsearch]	1476 of 2108 task(s) completed at 10/28/2019 09:40:47
INFO	[hmmsearch]	1687 of 2108 task(s) completed at 10/28/2019 09:40:48
INFO	[hmmsearch]	2108 of 2108 task(s) completed at 10/28/2019 09:40:49
INFO	Results:
INFO	C:16.5%[S:15.9%,D:0.6%],F:24.8%,M:58.7%,n:1440
INFO	238 Complete BUSCOs (C)
INFO	229 Complete and single-copy BUSCOs (S)
INFO	9 Complete and duplicated BUSCOs (D)
INFO	357 Fragmented BUSCOs (F)
INFO	845 Missing BUSCOs (M)
INFO	1440 Total BUSCO groups searched
INFO	****** Phase 2 of 2, predictions using species specific training ******
INFO	****** Step 1/3, current time: 10/28/2019 09:40:50 ******
INFO	Extracting missing and fragmented buscos from the ancestral_variants file...
INFO	Running tblastn, writing output to /bigdata/littlab/arajewski/Datura/4_BUSCO/run_Dstr_v1.3_k72/blast_output/tblastn_Dstr_v1.3_k72_missing_and_frag_rerun.tsv...
INFO	[tblastn]	1 of 1 task(s) completed at 10/28/2019 12:58:48
INFO	Maximum number of candidate contig per BUSCO limited to: 3
INFO	Getting coordinates for candidate regions...
INFO	****** Step 2/3, current time: 10/28/2019 12:59:10 ******
INFO	Training Augustus using Single-Copy Complete BUSCOs:
INFO	Converting predicted genes to short genbank files at 10/28/2019 12:59:10...
INFO	All files converted to short genbank files, now running the training scripts at 10/28/2019 13:37:21...
INFO	Pre-Augustus scaffold extraction...
INFO	Re-running Augustus with the new metaparameters, number of target BUSCOs: 1202
INFO	[augustus]	220 of 2198 task(s) completed at 10/28/2019 13:52:48
INFO	[augustus]	440 of 2198 task(s) completed at 10/28/2019 13:53:02
INFO	[augustus]	660 of 2198 task(s) completed at 10/28/2019 13:53:14
INFO	[augustus]	880 of 2198 task(s) completed at 10/28/2019 13:53:29
INFO	[augustus]	1100 of 2198 task(s) completed at 10/28/2019 13:53:41
INFO	[augustus]	1319 of 2198 task(s) completed at 10/28/2019 13:53:55
INFO	[augustus]	1539 of 2198 task(s) completed at 10/28/2019 13:54:09
INFO	[augustus]	1979 of 2198 task(s) completed at 10/28/2019 13:54:45
INFO	[augustus]	2198 of 2198 task(s) completed at 10/28/2019 13:54:54
INFO	Extracting predicted proteins...
INFO	****** Step 3/3, current time: 10/28/2019 13:55:22 ******
INFO	Running HMMER to confirm orthology of predicted proteins:
INFO	[hmmsearch]	Error: Failed to open sequence file /bigdata/littlab/arajewski/Datura/4_BUSCO/run_Dstr_v1.3_k72/augustus_output/extracted_proteins/EOG09360KOU.faa.1 for reading
INFO	[hmmsearch]	Error: Failed to open sequence file /bigdata/littlab/arajewski/Datura/4_BUSCO/run_Dstr_v1.3_k72/augustus_output/extracted_proteins/EOG09360SLX.faa.3 for reading
INFO	[hmmsearch]	Error: Failed to open sequence file /bigdata/littlab/arajewski/Datura/4_BUSCO/run_Dstr_v1.3_k72/augustus_output/extracted_proteins/EOG09360WJ9.faa.1 for reading
INFO	[hmmsearch]	Error: Failed to open sequence file /bigdata/littlab/arajewski/Datura/4_BUSCO/run_Dstr_v1.3_k72/augustus_output/extracted_proteins/EOG09360XE7.faa.2 for reading
INFO	[hmmsearch]	Error: Failed to open sequence file /bigdata/littlab/arajewski/Datura/4_BUSCO/run_Dstr_v1.3_k72/augustus_output/extracted_proteins/EOG09360KPV.faa.2 for reading
INFO	[hmmsearch]	Error: Failed to open sequence file /bigdata/littlab/arajewski/Datura/4_BUSCO/run_Dstr_v1.3_k72/augustus_output/extracted_proteins/EOG09360PG1.faa.2 for reading
INFO	[hmmsearch]	Error: Failed to open sequence file /bigdata/littlab/arajewski/Datura/4_BUSCO/run_Dstr_v1.3_k72/augustus_output/extracted_proteins/EOG09360N0I.faa.3 for reading
INFO	[hmmsearch]	Error: Failed to open sequence file /bigdata/littlab/arajewski/Datura/4_BUSCO/run_Dstr_v1.3_k72/augustus_output/extracted_proteins/EOG09360OW8.faa.2 for reading
INFO	[hmmsearch]	Error: Failed to open sequence file /bigdata/littlab/arajewski/Datura/4_BUSCO/run_Dstr_v1.3_k72/augustus_output/extracted_proteins/EOG093608R5.faa.2 for reading
INFO	[hmmsearch]	Error: Failed to open sequence file /bigdata/littlab/arajewski/Datura/4_BUSCO/run_Dstr_v1.3_k72/augustus_output/extracted_proteins/EOG09360KF8.faa.2 for reading
INFO	[hmmsearch]	Error: Failed to open sequence file /bigdata/littlab/arajewski/Datura/4_BUSCO/run_Dstr_v1.3_k72/augustus_output/extracted_proteins/EOG09360OBH.faa.2 for reading
INFO	[hmmsearch]	Error: Failed to open sequence file /bigdata/littlab/arajewski/Datura/4_BUSCO/run_Dstr_v1.3_k72/augustus_output/extracted_proteins/EOG0936077I.faa.2 for reading
INFO	[hmmsearch]	Error: Failed to open sequence file /bigdata/littlab/arajewski/Datura/4_BUSCO/run_Dstr_v1.3_k72/augustus_output/extracted_proteins/EOG09360LPP.faa.2 for reading
INFO	[hmmsearch]	Error: Failed to open sequence file /bigdata/littlab/arajewski/Datura/4_BUSCO/run_Dstr_v1.3_k72/augustus_output/extracted_proteins/EOG093608YK.faa.2 for reading
INFO	[hmmsearch]	170 of 1691 task(s) completed at 10/28/2019 13:55:23
INFO	[hmmsearch]	Error: Failed to open sequence file /bigdata/littlab/arajewski/Datura/4_BUSCO/run_Dstr_v1.3_k72/augustus_output/extracted_proteins/EOG09360748.faa.2 for reading
INFO	[hmmsearch]	Error: Failed to open sequence file /bigdata/littlab/arajewski/Datura/4_BUSCO/run_Dstr_v1.3_k72/augustus_output/extracted_proteins/EOG09360DBO.faa.2 for reading
INFO	[hmmsearch]	Error: Failed to open sequence file /bigdata/littlab/arajewski/Datura/4_BUSCO/run_Dstr_v1.3_k72/augustus_output/extracted_proteins/EOG09360J1D.faa.2 for reading
INFO	[hmmsearch]	Error: Failed to open sequence file /bigdata/littlab/arajewski/Datura/4_BUSCO/run_Dstr_v1.3_k72/augustus_output/extracted_proteins/EOG09360GXD.faa.2 for reading
INFO	[hmmsearch]	Error: Failed to open sequence file /bigdata/littlab/arajewski/Datura/4_BUSCO/run_Dstr_v1.3_k72/augustus_output/extracted_proteins/EOG09360HN7.faa.2 for reading
INFO	[hmmsearch]	Error: Failed to open sequence file /bigdata/littlab/arajewski/Datura/4_BUSCO/run_Dstr_v1.3_k72/augustus_output/extracted_proteins/EOG09360TUC.faa.2 for reading
INFO	[hmmsearch]	Error: Failed to open sequence file /bigdata/littlab/arajewski/Datura/4_BUSCO/run_Dstr_v1.3_k72/augustus_output/extracted_proteins/EOG09360T1O.faa.2 for reading
INFO	[hmmsearch]	Error: Failed to open sequence file /bigdata/littlab/arajewski/Datura/4_BUSCO/run_Dstr_v1.3_k72/augustus_output/extracted_proteins/EOG09360FOF.faa.2 for reading
INFO	[hmmsearch]	Error: Failed to open sequence file /bigdata/littlab/arajewski/Datura/4_BUSCO/run_Dstr_v1.3_k72/augustus_output/extracted_proteins/EOG09360ILO.faa.2 for reading
INFO	[hmmsearch]	Error: Failed to open sequence file /bigdata/littlab/arajewski/Datura/4_BUSCO/run_Dstr_v1.3_k72/augustus_output/extracted_proteins/EOG0936056J.faa.3 for reading
INFO	[hmmsearch]	Error: Failed to open sequence file /bigdata/littlab/arajewski/Datura/4_BUSCO/run_Dstr_v1.3_k72/augustus_output/extracted_proteins/EOG09360IQI.faa.2 for reading
INFO	[hmmsearch]	Error: Failed to open sequence file /bigdata/littlab/arajewski/Datura/4_BUSCO/run_Dstr_v1.3_k72/augustus_output/extracted_proteins/EOG093606L0.faa.2 for reading
INFO	[hmmsearch]	Error: Failed to open sequence file /bigdata/littlab/arajewski/Datura/4_BUSCO/run_Dstr_v1.3_k72/augustus_output/extracted_proteins/EOG09360BJO.faa.3 for reading
INFO	[hmmsearch]	Error: Failed to open sequence file /bigdata/littlab/arajewski/Datura/4_BUSCO/run_Dstr_v1.3_k72/augustus_output/extracted_proteins/EOG09360GN9.faa.2 for reading
INFO	[hmmsearch]	Error: Failed to open sequence file /bigdata/littlab/arajewski/Datura/4_BUSCO/run_Dstr_v1.3_k72/augustus_output/extracted_proteins/EOG09360EMK.faa.1 for reading
INFO	[hmmsearch]	Error: Failed to open sequence file /bigdata/littlab/arajewski/Datura/4_BUSCO/run_Dstr_v1.3_k72/augustus_output/extracted_proteins/EOG09360MCT.faa.2 for reading
INFO	[hmmsearch]	Error: Failed to open sequence file /bigdata/littlab/arajewski/Datura/4_BUSCO/run_Dstr_v1.3_k72/augustus_output/extracted_proteins/EOG09360PLI.faa.1 for reading
INFO	[hmmsearch]	Error: Failed to open sequence file /bigdata/littlab/arajewski/Datura/4_BUSCO/run_Dstr_v1.3_k72/augustus_output/extracted_proteins/EOG09360POQ.faa.2 for reading
INFO	[hmmsearch]	Error: Failed to open sequence file /bigdata/littlab/arajewski/Datura/4_BUSCO/run_Dstr_v1.3_k72/augustus_output/extracted_proteins/EOG09360TA9.faa.1 for reading
INFO	[hmmsearch]	Error: Failed to open sequence file /bigdata/littlab/arajewski/Datura/4_BUSCO/run_Dstr_v1.3_k72/augustus_output/extracted_proteins/EOG093605TN.faa.1 for reading
INFO	[hmmsearch]	Error: Failed to open sequence file /bigdata/littlab/arajewski/Datura/4_BUSCO/run_Dstr_v1.3_k72/augustus_output/extracted_proteins/EOG09360IT9.faa.2 for reading
INFO	[hmmsearch]	Error: Failed to open sequence file /bigdata/littlab/arajewski/Datura/4_BUSCO/run_Dstr_v1.3_k72/augustus_output/extracted_proteins/EOG093605K4.faa.2 for reading
INFO	[hmmsearch]	Error: Failed to open sequence file /bigdata/littlab/arajewski/Datura/4_BUSCO/run_Dstr_v1.3_k72/augustus_output/extracted_proteins/EOG09360KZ9.faa.2 for reading
INFO	[hmmsearch]	Error: Failed to open sequence file /bigdata/littlab/arajewski/Datura/4_BUSCO/run_Dstr_v1.3_k72/augustus_output/extracted_proteins/EOG09360CI2.faa.2 for reading
INFO	[hmmsearch]	Error: Failed to open sequence file /bigdata/littlab/arajewski/Datura/4_BUSCO/run_Dstr_v1.3_k72/augustus_output/extracted_proteins/EOG09360LHQ.faa.2 for reading
INFO	[hmmsearch]	Error: Failed to open sequence file /bigdata/littlab/arajewski/Datura/4_BUSCO/run_Dstr_v1.3_k72/augustus_output/extracted_proteins/EOG09360IBH.faa.3 for reading
INFO	[hmmsearch]	Error: Failed to open sequence file /bigdata/littlab/arajewski/Datura/4_BUSCO/run_Dstr_v1.3_k72/augustus_output/extracted_proteins/EOG09360XZ1.faa.1 for reading
INFO	[hmmsearch]	Error: Failed to open sequence file /bigdata/littlab/arajewski/Datura/4_BUSCO/run_Dstr_v1.3_k72/augustus_output/extracted_proteins/EOG093607BZ.faa.1 for reading
INFO	[hmmsearch]	Error: Failed to open sequence file /bigdata/littlab/arajewski/Datura/4_BUSCO/run_Dstr_v1.3_k72/augustus_output/extracted_proteins/EOG09360LO8.faa.2 for reading
INFO	[hmmsearch]	Error: Failed to open sequence file /bigdata/littlab/arajewski/Datura/4_BUSCO/run_Dstr_v1.3_k72/augustus_output/extracted_proteins/EOG09360N69.faa.1 for reading
INFO	[hmmsearch]	Error: Failed to open sequence file /bigdata/littlab/arajewski/Datura/4_BUSCO/run_Dstr_v1.3_k72/augustus_output/extracted_proteins/EOG09360LLC.faa.2 for reading
INFO	[hmmsearch]	508 of 1691 task(s) completed at 10/28/2019 13:55:25
INFO	[hmmsearch]	Error: Failed to open sequence file /bigdata/littlab/arajewski/Datura/4_BUSCO/run_Dstr_v1.3_k72/augustus_output/extracted_proteins/EOG09360829.faa.3 for reading
INFO	[hmmsearch]	Error: Failed to open sequence file /bigdata/littlab/arajewski/Datura/4_BUSCO/run_Dstr_v1.3_k72/augustus_output/extracted_proteins/EOG09360829.faa.1 for reading
INFO	[hmmsearch]	Error: Failed to open sequence file /bigdata/littlab/arajewski/Datura/4_BUSCO/run_Dstr_v1.3_k72/augustus_output/extracted_proteins/EOG09360K2Q.faa.3 for reading
INFO	[hmmsearch]	Error: Failed to open sequence file /bigdata/littlab/arajewski/Datura/4_BUSCO/run_Dstr_v1.3_k72/augustus_output/extracted_proteins/EOG09360KOT.faa.3 for reading
INFO	[hmmsearch]	Error: Failed to open sequence file /bigdata/littlab/arajewski/Datura/4_BUSCO/run_Dstr_v1.3_k72/augustus_output/extracted_proteins/EOG093609YH.faa.1 for reading
INFO	[hmmsearch]	Error: Failed to open sequence file /bigdata/littlab/arajewski/Datura/4_BUSCO/run_Dstr_v1.3_k72/augustus_output/extracted_proteins/EOG09360HLN.faa.2 for reading
INFO	[hmmsearch]	Error: Failed to open sequence file /bigdata/littlab/arajewski/Datura/4_BUSCO/run_Dstr_v1.3_k72/augustus_output/extracted_proteins/EOG09360EB9.faa.1 for reading
INFO	[hmmsearch]	Error: Failed to open sequence file /bigdata/littlab/arajewski/Datura/4_BUSCO/run_Dstr_v1.3_k72/augustus_output/extracted_proteins/EOG09360HQQ.faa.1 for reading
INFO	[hmmsearch]	Error: Failed to open sequence file /bigdata/littlab/arajewski/Datura/4_BUSCO/run_Dstr_v1.3_k72/augustus_output/extracted_proteins/EOG09360JUS.faa.2 for reading
INFO	[hmmsearch]	Error: Failed to open sequence file /bigdata/littlab/arajewski/Datura/4_BUSCO/run_Dstr_v1.3_k72/augustus_output/extracted_proteins/EOG09360XWE.faa.1 for reading
INFO	[hmmsearch]	Error: Failed to open sequence file /bigdata/littlab/arajewski/Datura/4_BUSCO/run_Dstr_v1.3_k72/augustus_output/extracted_proteins/EOG09360GU6.faa.3 for reading
INFO	[hmmsearch]	Error: Failed to open sequence file /bigdata/littlab/arajewski/Datura/4_BUSCO/run_Dstr_v1.3_k72/augustus_output/extracted_proteins/EOG09360KES.faa.3 for reading
INFO	[hmmsearch]	Error: Failed to open sequence file /bigdata/littlab/arajewski/Datura/4_BUSCO/run_Dstr_v1.3_k72/augustus_output/extracted_proteins/EOG09360N2Y.faa.2 for reading
INFO	[hmmsearch]	Error: Failed to open sequence file /bigdata/littlab/arajewski/Datura/4_BUSCO/run_Dstr_v1.3_k72/augustus_output/extracted_proteins/EOG09360K1I.faa.1 for reading
INFO	[hmmsearch]	Error: Failed to open sequence file /bigdata/littlab/arajewski/Datura/4_BUSCO/run_Dstr_v1.3_k72/augustus_output/extracted_proteins/EOG09360LHO.faa.2 for reading
INFO	[hmmsearch]	Error: Failed to open sequence file /bigdata/littlab/arajewski/Datura/4_BUSCO/run_Dstr_v1.3_k72/augustus_output/extracted_proteins/EOG09360QGD.faa.1 for reading
INFO	[hmmsearch]	Error: Failed to open sequence file /bigdata/littlab/arajewski/Datura/4_BUSCO/run_Dstr_v1.3_k72/augustus_output/extracted_proteins/EOG09360HBC.faa.1 for reading
INFO	[hmmsearch]	Error: Failed to open sequence file /bigdata/littlab/arajewski/Datura/4_BUSCO/run_Dstr_v1.3_k72/augustus_output/extracted_proteins/EOG09360TLB.faa.2 for reading
INFO	[hmmsearch]	Error: Failed to open sequence file /bigdata/littlab/arajewski/Datura/4_BUSCO/run_Dstr_v1.3_k72/augustus_output/extracted_proteins/EOG09360L5N.faa.3 for reading
INFO	[hmmsearch]	Error: Failed to open sequence file /bigdata/littlab/arajewski/Datura/4_BUSCO/run_Dstr_v1.3_k72/augustus_output/extracted_proteins/EOG09360OA3.faa.2 for reading
INFO	[hmmsearch]	Error: Failed to open sequence file /bigdata/littlab/arajewski/Datura/4_BUSCO/run_Dstr_v1.3_k72/augustus_output/extracted_proteins/EOG093609YB.faa.2 for reading
INFO	[hmmsearch]	Error: Failed to open sequence file /bigdata/littlab/arajewski/Datura/4_BUSCO/run_Dstr_v1.3_k72/augustus_output/extracted_proteins/EOG09360A72.faa.1 for reading
INFO	[hmmsearch]	Error: Failed to open sequence file /bigdata/littlab/arajewski/Datura/4_BUSCO/run_Dstr_v1.3_k72/augustus_output/extracted_proteins/EOG093608GA.faa.2 for reading
INFO	[hmmsearch]	Error: Failed to open sequence file /bigdata/littlab/arajewski/Datura/4_BUSCO/run_Dstr_v1.3_k72/augustus_output/extracted_proteins/EOG09360AAI.faa.2 for reading
INFO	[hmmsearch]	Error: Failed to open sequence file /bigdata/littlab/arajewski/Datura/4_BUSCO/run_Dstr_v1.3_k72/augustus_output/extracted_proteins/EOG093609D4.faa.2 for reading
INFO	[hmmsearch]	Error: Failed to open sequence file /bigdata/littlab/arajewski/Datura/4_BUSCO/run_Dstr_v1.3_k72/augustus_output/extracted_proteins/EOG09360BRS.faa.2 for reading
INFO	[hmmsearch]	Error: Failed to open sequence file /bigdata/littlab/arajewski/Datura/4_BUSCO/run_Dstr_v1.3_k72/augustus_output/extracted_proteins/EOG09360FN1.faa.2 for reading
INFO	[hmmsearch]	Error: Failed to open sequence file /bigdata/littlab/arajewski/Datura/4_BUSCO/run_Dstr_v1.3_k72/augustus_output/extracted_proteins/EOG09360FUV.faa.2 for reading
INFO	[hmmsearch]	Error: Failed to open sequence file /bigdata/littlab/arajewski/Datura/4_BUSCO/run_Dstr_v1.3_k72/augustus_output/extracted_proteins/EOG09360D9L.faa.2 for reading
INFO	[hmmsearch]	Error: Failed to open sequence file /bigdata/littlab/arajewski/Datura/4_BUSCO/run_Dstr_v1.3_k72/augustus_output/extracted_proteins/EOG09360LVN.faa.2 for reading
INFO	[hmmsearch]	Error: Failed to open sequence file /bigdata/littlab/arajewski/Datura/4_BUSCO/run_Dstr_v1.3_k72/augustus_output/extracted_proteins/EOG09360IS4.faa.2 for reading
INFO	[hmmsearch]	Error: Failed to open sequence file /bigdata/littlab/arajewski/Datura/4_BUSCO/run_Dstr_v1.3_k72/augustus_output/extracted_proteins/EOG09360ROY.faa.2 for reading
INFO	[hmmsearch]	Error: Failed to open sequence file /bigdata/littlab/arajewski/Datura/4_BUSCO/run_Dstr_v1.3_k72/augustus_output/extracted_proteins/EOG09360J39.faa.2 for reading
INFO	[hmmsearch]	Error: Failed to open sequence file /bigdata/littlab/arajewski/Datura/4_BUSCO/run_Dstr_v1.3_k72/augustus_output/extracted_proteins/EOG09360U1R.faa.1 for reading
INFO	[hmmsearch]	Error: Failed to open sequence file /bigdata/littlab/arajewski/Datura/4_BUSCO/run_Dstr_v1.3_k72/augustus_output/extracted_proteins/EOG09360DKW.faa.2 for reading
INFO	[hmmsearch]	Error: Failed to open sequence file /bigdata/littlab/arajewski/Datura/4_BUSCO/run_Dstr_v1.3_k72/augustus_output/extracted_proteins/EOG09360LJ0.faa.3 for reading
INFO	[hmmsearch]	Error: Failed to open sequence file /bigdata/littlab/arajewski/Datura/4_BUSCO/run_Dstr_v1.3_k72/augustus_output/extracted_proteins/EOG09360ISN.faa.2 for reading
INFO	[hmmsearch]	Error: Failed to open sequence file /bigdata/littlab/arajewski/Datura/4_BUSCO/run_Dstr_v1.3_k72/augustus_output/extracted_proteins/EOG093607OZ.faa.1 for reading
INFO	[hmmsearch]	Error: Failed to open sequence file /bigdata/littlab/arajewski/Datura/4_BUSCO/run_Dstr_v1.3_k72/augustus_output/extracted_proteins/EOG09360JE0.faa.1 for reading
INFO	[hmmsearch]	Error: Failed to open sequence file /bigdata/littlab/arajewski/Datura/4_BUSCO/run_Dstr_v1.3_k72/augustus_output/extracted_proteins/EOG09360HX1.faa.2 for reading
INFO	[hmmsearch]	Error: Failed to open sequence file /bigdata/littlab/arajewski/Datura/4_BUSCO/run_Dstr_v1.3_k72/augustus_output/extracted_proteins/EOG09360NSW.faa.2 for reading
INFO	[hmmsearch]	Error: Failed to open sequence file /bigdata/littlab/arajewski/Datura/4_BUSCO/run_Dstr_v1.3_k72/augustus_output/extracted_proteins/EOG09360IE8.faa.2 for reading
INFO	[hmmsearch]	Error: Failed to open sequence file /bigdata/littlab/arajewski/Datura/4_BUSCO/run_Dstr_v1.3_k72/augustus_output/extracted_proteins/EOG09360GU0.faa.1 for reading
INFO	[hmmsearch]	Error: Failed to open sequence file /bigdata/littlab/arajewski/Datura/4_BUSCO/run_Dstr_v1.3_k72/augustus_output/extracted_proteins/EOG093609TC.faa.1 for reading
INFO	[hmmsearch]	Error: Failed to open sequence file /bigdata/littlab/arajewski/Datura/4_BUSCO/run_Dstr_v1.3_k72/augustus_output/extracted_proteins/EOG09360GOA.faa.1 for reading
INFO	[hmmsearch]	Error: Failed to open sequence file /bigdata/littlab/arajewski/Datura/4_BUSCO/run_Dstr_v1.3_k72/augustus_output/extracted_proteins/EOG09360OQ4.faa.2 for reading
INFO	[hmmsearch]	Error: Failed to open sequence file /bigdata/littlab/arajewski/Datura/4_BUSCO/run_Dstr_v1.3_k72/augustus_output/extracted_proteins/EOG09360L7I.faa.2 for reading
INFO	[hmmsearch]	Error: Failed to open sequence file /bigdata/littlab/arajewski/Datura/4_BUSCO/run_Dstr_v1.3_k72/augustus_output/extracted_proteins/EOG09360C3K.faa.1 for reading
INFO	[hmmsearch]	Error: Failed to open sequence file /bigdata/littlab/arajewski/Datura/4_BUSCO/run_Dstr_v1.3_k72/augustus_output/extracted_proteins/EOG09360FVA.faa.2 for reading
INFO	[hmmsearch]	Error: Failed to open sequence file /bigdata/littlab/arajewski/Datura/4_BUSCO/run_Dstr_v1.3_k72/augustus_output/extracted_proteins/EOG09360QEX.faa.1 for reading
INFO	[hmmsearch]	Error: Failed to open sequence file /bigdata/littlab/arajewski/Datura/4_BUSCO/run_Dstr_v1.3_k72/augustus_output/extracted_proteins/EOG0936070D.faa.3 for reading
INFO	[hmmsearch]	Error: Failed to open sequence file /bigdata/littlab/arajewski/Datura/4_BUSCO/run_Dstr_v1.3_k72/augustus_output/extracted_proteins/EOG09360FBI.faa.2 for reading
INFO	[hmmsearch]	Error: Failed to open sequence file /bigdata/littlab/arajewski/Datura/4_BUSCO/run_Dstr_v1.3_k72/augustus_output/extracted_proteins/EOG093606SW.faa.3 for reading
INFO	[hmmsearch]	Error: Failed to open sequence file /bigdata/littlab/arajewski/Datura/4_BUSCO/run_Dstr_v1.3_k72/augustus_output/extracted_proteins/EOG093603UU.faa.1 for reading
INFO	[hmmsearch]	Error: Failed to open sequence file /bigdata/littlab/arajewski/Datura/4_BUSCO/run_Dstr_v1.3_k72/augustus_output/extracted_proteins/EOG09360LAA.faa.1 for reading
INFO	[hmmsearch]	Error: Failed to open sequence file /bigdata/littlab/arajewski/Datura/4_BUSCO/run_Dstr_v1.3_k72/augustus_output/extracted_proteins/EOG09360MUD.faa.3 for reading
INFO	[hmmsearch]	Error: Failed to open sequence file /bigdata/littlab/arajewski/Datura/4_BUSCO/run_Dstr_v1.3_k72/augustus_output/extracted_proteins/EOG09360MUD.faa.1 for reading
INFO	[hmmsearch]	Error: Failed to open sequence file /bigdata/littlab/arajewski/Datura/4_BUSCO/run_Dstr_v1.3_k72/augustus_output/extracted_proteins/EOG093604FM.faa.3 for reading
INFO	[hmmsearch]	Error: Failed to open sequence file /bigdata/littlab/arajewski/Datura/4_BUSCO/run_Dstr_v1.3_k72/augustus_output/extracted_proteins/EOG09360L1R.faa.1 for reading
INFO	[hmmsearch]	Error: Failed to open sequence file /bigdata/littlab/arajewski/Datura/4_BUSCO/run_Dstr_v1.3_k72/augustus_output/extracted_proteins/EOG09360K2J.faa.2 for reading
INFO	[hmmsearch]	Error: Failed to open sequence file /bigdata/littlab/arajewski/Datura/4_BUSCO/run_Dstr_v1.3_k72/augustus_output/extracted_proteins/EOG093603VH.faa.1 for reading
INFO	[hmmsearch]	Error: Failed to open sequence file /bigdata/littlab/arajewski/Datura/4_BUSCO/run_Dstr_v1.3_k72/augustus_output/extracted_proteins/EOG093608IL.faa.3 for reading
INFO	[hmmsearch]	Error: Failed to open sequence file /bigdata/littlab/arajewski/Datura/4_BUSCO/run_Dstr_v1.3_k72/augustus_output/extracted_proteins/EOG09360A63.faa.3 for reading
INFO	[hmmsearch]	Error: Failed to open sequence file /bigdata/littlab/arajewski/Datura/4_BUSCO/run_Dstr_v1.3_k72/augustus_output/extracted_proteins/EOG093609DP.faa.2 for reading
INFO	[hmmsearch]	Error: Failed to open sequence file /bigdata/littlab/arajewski/Datura/4_BUSCO/run_Dstr_v1.3_k72/augustus_output/extracted_proteins/EOG09360PQE.faa.1 for reading
INFO	[hmmsearch]	Error: Failed to open sequence file /bigdata/littlab/arajewski/Datura/4_BUSCO/run_Dstr_v1.3_k72/augustus_output/extracted_proteins/EOG09360GF5.faa.1 for reading
INFO	[hmmsearch]	Error: Failed to open sequence file /bigdata/littlab/arajewski/Datura/4_BUSCO/run_Dstr_v1.3_k72/augustus_output/extracted_proteins/EOG09360GF5.faa.3 for reading
INFO	[hmmsearch]	Error: Failed to open sequence file /bigdata/littlab/arajewski/Datura/4_BUSCO/run_Dstr_v1.3_k72/augustus_output/extracted_proteins/EOG09360VIC.faa.2 for reading
INFO	[hmmsearch]	Error: Failed to open sequence file /bigdata/littlab/arajewski/Datura/4_BUSCO/run_Dstr_v1.3_k72/augustus_output/extracted_proteins/EOG09360F56.faa.3 for reading
INFO	[hmmsearch]	Error: Failed to open sequence file /bigdata/littlab/arajewski/Datura/4_BUSCO/run_Dstr_v1.3_k72/augustus_output/extracted_proteins/EOG09360E00.faa.1 for reading
INFO	[hmmsearch]	Error: Failed to open sequence file /bigdata/littlab/arajewski/Datura/4_BUSCO/run_Dstr_v1.3_k72/augustus_output/extracted_proteins/EOG09360F56.faa.1 for reading
INFO	[hmmsearch]	Error: Failed to open sequence file /bigdata/littlab/arajewski/Datura/4_BUSCO/run_Dstr_v1.3_k72/augustus_output/extracted_proteins/EOG093603LQ.faa.3 for reading
INFO	[hmmsearch]	Error: Failed to open sequence file /bigdata/littlab/arajewski/Datura/4_BUSCO/run_Dstr_v1.3_k72/augustus_output/extracted_proteins/EOG093602LT.faa.2 for reading
INFO	[hmmsearch]	Error: Failed to open sequence file /bigdata/littlab/arajewski/Datura/4_BUSCO/run_Dstr_v1.3_k72/augustus_output/extracted_proteins/EOG093606VV.faa.2 for reading
INFO	[hmmsearch]	Error: Failed to open sequence file /bigdata/littlab/arajewski/Datura/4_BUSCO/run_Dstr_v1.3_k72/augustus_output/extracted_proteins/EOG0936076E.faa.2 for reading
INFO	[hmmsearch]	Error: Failed to open sequence file /bigdata/littlab/arajewski/Datura/4_BUSCO/run_Dstr_v1.3_k72/augustus_output/extracted_proteins/EOG093608BO.faa.3 for reading
INFO	[hmmsearch]	Error: Failed to open sequence file /bigdata/littlab/arajewski/Datura/4_BUSCO/run_Dstr_v1.3_k72/augustus_output/extracted_proteins/EOG09360AWP.faa.3 for reading
INFO	[hmmsearch]	Error: Failed to open sequence file /bigdata/littlab/arajewski/Datura/4_BUSCO/run_Dstr_v1.3_k72/augustus_output/extracted_proteins/EOG09360BR4.faa.2 for reading
INFO	[hmmsearch]	1522 of 1691 task(s) completed at 10/28/2019 13:55:29
INFO	[hmmsearch]	Error: Failed to open sequence file /bigdata/littlab/arajewski/Datura/4_BUSCO/run_Dstr_v1.3_k72/augustus_output/extracted_proteins/EOG09360FR1.faa.2 for reading
INFO	[hmmsearch]	Error: Failed to open sequence file /bigdata/littlab/arajewski/Datura/4_BUSCO/run_Dstr_v1.3_k72/augustus_output/extracted_proteins/EOG09360G4Y.faa.2 for reading
INFO	[hmmsearch]	Error: Failed to open sequence file /bigdata/littlab/arajewski/Datura/4_BUSCO/run_Dstr_v1.3_k72/augustus_output/extracted_proteins/EOG09360J7T.faa.2 for reading
INFO	[hmmsearch]	Error: Failed to open sequence file /bigdata/littlab/arajewski/Datura/4_BUSCO/run_Dstr_v1.3_k72/augustus_output/extracted_proteins/EOG09360L09.faa.2 for reading
INFO	[hmmsearch]	Error: Failed to open sequence file /bigdata/littlab/arajewski/Datura/4_BUSCO/run_Dstr_v1.3_k72/augustus_output/extracted_proteins/EOG09360MDX.faa.3 for reading
INFO	[hmmsearch]	Error: Failed to open sequence file /bigdata/littlab/arajewski/Datura/4_BUSCO/run_Dstr_v1.3_k72/augustus_output/extracted_proteins/EOG09360NKX.faa.3 for reading
INFO	[hmmsearch]	Error: Failed to open sequence file /bigdata/littlab/arajewski/Datura/4_BUSCO/run_Dstr_v1.3_k72/augustus_output/extracted_proteins/EOG09360P82.faa.1 for reading
INFO	[hmmsearch]	Error: Failed to open sequence file /bigdata/littlab/arajewski/Datura/4_BUSCO/run_Dstr_v1.3_k72/augustus_output/extracted_proteins/EOG09360PA0.faa.2 for reading
INFO	[hmmsearch]	Error: Failed to open sequence file /bigdata/littlab/arajewski/Datura/4_BUSCO/run_Dstr_v1.3_k72/augustus_output/extracted_proteins/EOG09360QE3.faa.2 for reading
INFO	[hmmsearch]	Error: Failed to open sequence file /bigdata/littlab/arajewski/Datura/4_BUSCO/run_Dstr_v1.3_k72/augustus_output/extracted_proteins/EOG09360ROA.faa.2 for reading
INFO	[hmmsearch]	1691 of 1691 task(s) completed at 10/28/2019 13:55:30
INFO	Results:
INFO	C:16.7%[S:16.1%,D:0.6%],F:21.9%,M:61.4%,n:1440
INFO	241 Complete BUSCOs (C)
INFO	232 Complete and single-copy BUSCOs (S)
INFO	9 Complete and duplicated BUSCOs (D)
INFO	316 Fragmented BUSCOs (F)
INFO	883 Missing BUSCOs (M)
INFO	1440 Total BUSCO groups searched
INFO	BUSCO analysis done with WARNING(s). Total running time: 18441.888836622238 seconds
INFO	Results written in /bigdata/littlab/arajewski/Datura/4_BUSCO/run_Dstr_v1.3_k72/

JobId=392608 JobName=4a_BUSCO.sh
   UserId=arajewski(3080) GroupId=littlab(1144) MCS_label=N/A
   Priority=100000 Nice=0 Account=littlab QOS=normal
   JobState=RUNNING Reason=None Dependency=(null)
   Requeue=1 Restarts=0 BatchFlag=1 Reboot=0 ExitCode=0:0
   RunTime=05:07:27 TimeLimit=09:00:00 TimeMin=N/A
   SubmitTime=2019-10-28T08:47:38 EligibleTime=2019-10-28T08:47:38
   AccrueTime=2019-10-28T08:47:38
   StartTime=2019-10-28T08:48:08 EndTime=2019-10-28T17:48:08 Deadline=N/A
   SuspendTime=None SecsPreSuspend=0 LastSchedEval=2019-10-28T08:48:08
   Partition=intel AllocNode:Sid=pigeon.ib.hpcc.ucr.edu:17347
   ReqNodeList=(null) ExcNodeList=(null)
   NodeList=i31
   BatchHost=i31
   NumNodes=1 NumCPUs=16 NumTasks=16 CPUs/Task=1 ReqB:S:C:T=0:0:*:*
   TRES=cpu=16,mem=100G,node=1,billing=41
   Socks/Node=* NtasksPerN:B:S:C=0:0:*:* CoreSpec=*
   MinCPUsNode=1 MinMemoryNode=100G MinTmpDiskNode=0
   Features=(null) DelayBoot=00:00:00
   OverSubscribe=OK Contiguous=0 Licenses=(null) Network=(null)
   Command=/bigdata/littlab/arajewski/Datura/4_BUSCO/4a_BUSCO.sh
   WorkDir=/bigdata/littlab/arajewski/Datura/4_BUSCO
   StdErr=/bigdata/littlab/arajewski/Datura/4_BUSCO/../history/4a_BUSCO-392608.out
   StdIn=/dev/null
   StdOut=/bigdata/littlab/arajewski/Datura/4_BUSCO/../history/4a_BUSCO-392608.out
   Power=

