WARNING	An augustus species is mentioned in the config file, dataset default species (arabidopsis) will be ignored
INFO	****************** Start a BUSCO 3.0.2 analysis, current time: 01/11/2020 09:09:52 ******************
INFO	Configuration loaded from /opt/linux/centos/7.x/x86_64/pkgs/busco/3.0.2/config/config.ini
INFO	Init tools...
INFO	Check dependencies...
INFO	Check input file...
INFO	To reproduce this run: python /opt/linux/centos/7.x/x86_64/pkgs/busco/3.0.2/scripts/run_BUSCO.py -i /rhome/arajewski/bigdata/Datura/3_BCGSC/Dstr_v1.4_ntEdit_edited.fa -o Dstr_v1.4_ntEdit_edited.fa -l /srv/projects/db/BUSCO/v9/embryophyta_odb9/ -m genome -c 16 -z -sp tomato
INFO	Mode is: genome
INFO	The lineage dataset is: embryophyta_odb9 (eukaryota)
INFO	Temp directory is ./tmp/
INFO	****** Phase 1 of 2, initial predictions ******
INFO	****** Step 1/3, current time: 01/11/2020 09:10:58 ******
INFO	Create blast database...
INFO	[makeblastdb]	Building a new DB, current time: 01/11/2020 09:10:59
INFO	[makeblastdb]	New DB name:   /bigdata/littlab/arajewski/Datura/4_BUSCO/tmp/Dstr_v1.4_ntEdit_edited.fa_2743177564
INFO	[makeblastdb]	New DB title:  /rhome/arajewski/bigdata/Datura/3_BCGSC/Dstr_v1.4_ntEdit_edited.fa
INFO	[makeblastdb]	Sequence type: Nucleotide
INFO	[makeblastdb]	Keep MBits: T
INFO	[makeblastdb]	Maximum file size: 1000000000B
INFO	[makeblastdb]	Adding sequences from FASTA; added 3439839 sequences in 163.321 seconds.
INFO	[makeblastdb]	1 of 1 task(s) completed at 01/11/2020 09:13:43
INFO	Running tblastn, writing output to /bigdata/littlab/arajewski/Datura/4_BUSCO/run_Dstr_v1.4_ntEdit_edited.fa/blast_output/tblastn_Dstr_v1.4_ntEdit_edited.fa.tsv...
INFO	[tblastn]	1 of 1 task(s) completed at 01/11/2020 09:34:00
INFO	****** Step 2/3, current time: 01/11/2020 09:34:00 ******
INFO	Maximum number of candidate contig per BUSCO limited to: 3
INFO	Getting coordinates for candidate regions...
INFO	Pre-Augustus scaffold extraction...
INFO	Running Augustus prediction using tomato as species:
INFO	[augustus]	Please find all logs related to Augustus errors here: /bigdata/littlab/arajewski/Datura/4_BUSCO/run_Dstr_v1.4_ntEdit_edited.fa/augustus_output/augustus.log
INFO	[augustus]	227 of 2264 task(s) completed at 01/11/2020 09:52:32
INFO	[augustus]	453 of 2264 task(s) completed at 01/11/2020 10:05:18
INFO	[augustus]	680 of 2264 task(s) completed at 01/11/2020 10:15:06
INFO	[augustus]	906 of 2264 task(s) completed at 01/11/2020 10:24:49
INFO	[augustus]	1133 of 2264 task(s) completed at 01/11/2020 10:33:15
INFO	[augustus]	1359 of 2264 task(s) completed at 01/11/2020 10:41:07
INFO	[augustus]	1585 of 2264 task(s) completed at 01/11/2020 10:48:38
INFO	[augustus]	1812 of 2264 task(s) completed at 01/11/2020 10:55:04
INFO	[augustus]	2038 of 2264 task(s) completed at 01/11/2020 11:00:48
INFO	[augustus]	2264 of 2264 task(s) completed at 01/11/2020 11:05:21
INFO	Extracting predicted proteins...
INFO	****** Step 3/3, current time: 01/11/2020 11:06:40 ******
INFO	Running HMMER to confirm orthology of predicted proteins:
INFO	[hmmsearch]	668 of 2225 task(s) completed at 01/11/2020 11:06:47
INFO	[hmmsearch]	1113 of 2225 task(s) completed at 01/11/2020 11:06:51
INFO	[hmmsearch]	1780 of 2225 task(s) completed at 01/11/2020 11:06:57
INFO	[hmmsearch]	2225 of 2225 task(s) completed at 01/11/2020 11:07:01
INFO	Results:
INFO	C:92.8%[S:90.8%,D:2.0%],F:1.9%,M:5.3%,n:1440
INFO	1337 Complete BUSCOs (C)
INFO	1308 Complete and single-copy BUSCOs (S)
INFO	29 Complete and duplicated BUSCOs (D)
INFO	28 Fragmented BUSCOs (F)
INFO	75 Missing BUSCOs (M)
INFO	1440 Total BUSCO groups searched
INFO	****** Phase 2 of 2, predictions using species specific training ******
INFO	****** Step 1/3, current time: 01/11/2020 11:07:03 ******
INFO	Extracting missing and fragmented buscos from the ancestral_variants file...
INFO	Running tblastn, writing output to /bigdata/littlab/arajewski/Datura/4_BUSCO/run_Dstr_v1.4_ntEdit_edited.fa/blast_output/tblastn_Dstr_v1.4_ntEdit_edited.fa_missing_and_frag_rerun.tsv...
INFO	[tblastn]	1 of 1 task(s) completed at 01/11/2020 11:19:27
INFO	Maximum number of candidate contig per BUSCO limited to: 3
INFO	Getting coordinates for candidate regions...
INFO	****** Step 2/3, current time: 01/11/2020 11:19:29 ******
INFO	Training Augustus using Single-Copy Complete BUSCOs:
INFO	Converting predicted genes to short genbank files at 01/11/2020 11:19:29...
INFO	All files converted to short genbank files, now running the training scripts at 01/11/2020 12:41:59...
INFO	Pre-Augustus scaffold extraction...
INFO	Re-running Augustus with the new metaparameters, number of target BUSCOs: 103
INFO	[augustus]	18 of 179 task(s) completed at 01/11/2020 12:43:35
INFO	[augustus]	36 of 179 task(s) completed at 01/11/2020 12:44:06
INFO	[augustus]	54 of 179 task(s) completed at 01/11/2020 12:44:30
INFO	[augustus]	72 of 179 task(s) completed at 01/11/2020 12:45:00
INFO	[augustus]	90 of 179 task(s) completed at 01/11/2020 12:45:37
INFO	[augustus]	108 of 179 task(s) completed at 01/11/2020 12:46:11
INFO	[augustus]	126 of 179 task(s) completed at 01/11/2020 12:46:48
INFO	[augustus]	144 of 179 task(s) completed at 01/11/2020 12:47:28
INFO	[augustus]	162 of 179 task(s) completed at 01/11/2020 12:48:11
INFO	[augustus]	179 of 179 task(s) completed at 01/11/2020 12:48:40
INFO	Extracting predicted proteins...
INFO	****** Step 3/3, current time: 01/11/2020 12:48:47 ******
INFO	Running HMMER to confirm orthology of predicted proteins:
INFO	[hmmsearch]	54 of 177 task(s) completed at 01/11/2020 12:48:47
INFO	[hmmsearch]	124 of 177 task(s) completed at 01/11/2020 12:48:47
INFO	[hmmsearch]	177 of 177 task(s) completed at 01/11/2020 12:48:48
INFO	Results:
INFO	C:95.1%[S:93.1%,D:2.0%],F:1.5%,M:3.4%,n:1440
INFO	1369 Complete BUSCOs (C)
INFO	1340 Complete and single-copy BUSCOs (S)
INFO	29 Complete and duplicated BUSCOs (D)
INFO	21 Fragmented BUSCOs (F)
INFO	50 Missing BUSCOs (M)
INFO	1440 Total BUSCO groups searched
INFO	BUSCO analysis done with WARNING(s). Total running time: 13158.187537670135 seconds
INFO	Results written in /bigdata/littlab/arajewski/Datura/4_BUSCO/run_Dstr_v1.4_ntEdit_edited.fa/

JobId=605705 JobName=4a_BUSCO.sh
   UserId=arajewski(3080) GroupId=littlab(1144) MCS_label=N/A
   Priority=100000 Nice=0 Account=littlab QOS=highmem
   JobState=RUNNING Reason=None Dependency=(null)
   Requeue=1 Restarts=0 BatchFlag=1 Reboot=0 ExitCode=0:0
   RunTime=03:39:27 TimeLimit=09:00:00 TimeMin=N/A
   SubmitTime=2020-01-11T09:09:43 EligibleTime=2020-01-11T09:09:43
   AccrueTime=2020-01-11T09:09:43
   StartTime=2020-01-11T09:09:43 EndTime=2020-01-11T18:09:43 Deadline=N/A
   SuspendTime=None SecsPreSuspend=0 LastSchedEval=2020-01-11T09:09:43
   Partition=highmem AllocNode:Sid=parrot.ib.hpcc.ucr.edu:2147
   ReqNodeList=(null) ExcNodeList=(null)
   NodeList=h01
   BatchHost=h01
   NumNodes=1 NumCPUs=16 NumTasks=16 CPUs/Task=1 ReqB:S:C:T=0:0:*:*
   TRES=cpu=16,mem=100G,node=1,billing=41
   Socks/Node=* NtasksPerN:B:S:C=0:0:*:* CoreSpec=*
   MinCPUsNode=1 MinMemoryNode=100G MinTmpDiskNode=0
   Features=(null) DelayBoot=00:00:00
   OverSubscribe=OK Contiguous=0 Licenses=(null) Network=(null)
   Command=/bigdata/littlab/arajewski/Datura/4_BUSCO/4a_BUSCO.sh
   WorkDir=/bigdata/littlab/arajewski/Datura/4_BUSCO
   StdErr=/bigdata/littlab/arajewski/Datura/4_BUSCO/../history/4a_BUSCO-605705.out
   StdIn=/dev/null
   StdOut=/bigdata/littlab/arajewski/Datura/4_BUSCO/../history/4a_BUSCO-605705.out
   Power=

