miniconda2/4.4.10(23):ERROR:150: Module 'miniconda2/4.4.10' conflicts with the currently loaded module(s) 'python/3.6.0'
miniconda2/4.4.10(23):ERROR:102: Tcl command execution failed: conflict    python

perl/5.20.2(22):ERROR:150: Module 'perl/5.20.2' conflicts with the currently loaded module(s) 'perl/5.24.0'
perl/5.20.2(22):ERROR:102: Tcl command execution failed: conflict        perl

miniconda3/4.3.31(23):ERROR:150: Module 'miniconda3/4.3.31' conflicts with the currently loaded module(s) 'python/3.6.0'
miniconda3/4.3.31(23):ERROR:102: Tcl command execution failed: conflict    python

WARNING	An augustus species is mentioned in the config file, dataset default species (arabidopsis) will be ignored
INFO	****************** Start a BUSCO 3.0.2 analysis, current time: 03/26/2020 11:31:23 ******************
INFO	Configuration loaded from /opt/linux/centos/7.x/x86_64/pkgs/busco/3.0.2/config/config.ini
INFO	Init tools...
INFO	Check dependencies...
INFO	Check input file...
INFO	To reproduce this run: python /opt/linux/centos/7.x/x86_64/pkgs/busco/3.0.2/scripts/run_BUSCO.py -i /rhome/arajewski/bigdata/Datura/2_MaSuRCA338/flye/assembly.fasta -o Dstr_v1.5 -l /srv/projects/db/BUSCO/v9/embryophyta_odb9/ -m genome -c 16 -z -sp tomato
INFO	Mode is: genome
INFO	The lineage dataset is: embryophyta_odb9 (eukaryota)
INFO	Temp directory is ./tmp/
INFO	****** Phase 1 of 2, initial predictions ******
INFO	****** Step 1/3, current time: 03/26/2020 11:32:04 ******
INFO	Create blast database...
INFO	[makeblastdb]	Building a new DB, current time: 03/26/2020 11:32:05
INFO	[makeblastdb]	New DB name:   /bigdata/littlab/arajewski/Datura/4_BUSCO/tmp/Dstr_v1.5_3830299580
INFO	[makeblastdb]	New DB title:  /rhome/arajewski/bigdata/Datura/2_MaSuRCA338/flye/assembly.fasta
INFO	[makeblastdb]	Sequence type: Nucleotide
INFO	[makeblastdb]	Keep Linkouts: T
INFO	[makeblastdb]	Keep MBits: T
INFO	[makeblastdb]	Maximum file size: 1000000000B
INFO	[makeblastdb]	Adding sequences from FASTA; added 11453 sequences in 20.3114 seconds.
INFO	[makeblastdb]	1 of 1 task(s) completed at 03/26/2020 11:32:25
INFO	Running tblastn, writing output to /bigdata/littlab/arajewski/Datura/4_BUSCO/run_Dstr_v1.5/blast_output/tblastn_Dstr_v1.5.tsv...
INFO	[tblastn]	1 of 1 task(s) completed at 03/26/2020 11:48:16
INFO	****** Step 2/3, current time: 03/26/2020 11:48:16 ******
INFO	Maximum number of candidate contig per BUSCO limited to: 3
INFO	Getting coordinates for candidate regions...
INFO	Pre-Augustus scaffold extraction...
INFO	Running Augustus prediction using tomato as species:
INFO	[augustus]	Please find all logs related to Augustus errors here: /bigdata/littlab/arajewski/Datura/4_BUSCO/run_Dstr_v1.5/augustus_output/augustus.log
INFO	[augustus]	216 of 2151 task(s) completed at 03/26/2020 12:02:02
INFO	[augustus]	431 of 2151 task(s) completed at 03/26/2020 12:11:55
INFO	[augustus]	646 of 2151 task(s) completed at 03/26/2020 12:20:28
INFO	[augustus]	861 of 2151 task(s) completed at 03/26/2020 12:28:08
INFO	[augustus]	1076 of 2151 task(s) completed at 03/26/2020 12:35:24
INFO	[augustus]	1291 of 2151 task(s) completed at 03/26/2020 12:41:47
INFO	[augustus]	1506 of 2151 task(s) completed at 03/26/2020 12:47:28
INFO	[augustus]	1721 of 2151 task(s) completed at 03/26/2020 12:52:30
INFO	[augustus]	1936 of 2151 task(s) completed at 03/26/2020 12:57:05
INFO	[augustus]	2151 of 2151 task(s) completed at 03/26/2020 13:00:39
INFO	Extracting predicted proteins...
INFO	****** Step 3/3, current time: 03/26/2020 13:02:32 ******
INFO	Running HMMER to confirm orthology of predicted proteins:
INFO	[hmmsearch]	215 of 2147 task(s) completed at 03/26/2020 13:02:35
INFO	[hmmsearch]	430 of 2147 task(s) completed at 03/26/2020 13:02:38
INFO	[hmmsearch]	859 of 2147 task(s) completed at 03/26/2020 13:02:42
INFO	[hmmsearch]	1074 of 2147 task(s) completed at 03/26/2020 13:02:44
INFO	[hmmsearch]	1933 of 2147 task(s) completed at 03/26/2020 13:02:51
INFO	[hmmsearch]	2147 of 2147 task(s) completed at 03/26/2020 13:02:53
INFO	Results:
INFO	C:82.9%[S:80.1%,D:2.8%],F:1.6%,M:15.5%,n:1440
INFO	1193 Complete BUSCOs (C)
INFO	1153 Complete and single-copy BUSCOs (S)
INFO	40 Complete and duplicated BUSCOs (D)
INFO	23 Fragmented BUSCOs (F)
INFO	224 Missing BUSCOs (M)
INFO	1440 Total BUSCO groups searched
INFO	****** Phase 2 of 2, predictions using species specific training ******
INFO	****** Step 1/3, current time: 03/26/2020 13:02:54 ******
INFO	Extracting missing and fragmented buscos from the ancestral_variants file...
INFO	Running tblastn, writing output to /bigdata/littlab/arajewski/Datura/4_BUSCO/run_Dstr_v1.5/blast_output/tblastn_Dstr_v1.5_missing_and_frag_rerun.tsv...
INFO	[tblastn]	1 of 1 task(s) completed at 03/26/2020 13:29:40
INFO	Maximum number of candidate contig per BUSCO limited to: 3
INFO	Getting coordinates for candidate regions...
INFO	****** Step 2/3, current time: 03/26/2020 13:29:47 ******
INFO	Training Augustus using Single-Copy Complete BUSCOs:
INFO	Converting predicted genes to short genbank files at 03/26/2020 13:29:47...
INFO	All files converted to short genbank files, now running the training scripts at 03/26/2020 13:58:06...
INFO	Pre-Augustus scaffold extraction...
INFO	Re-running Augustus with the new metaparameters, number of target BUSCOs: 247
INFO	[augustus]	35 of 348 task(s) completed at 03/26/2020 13:59:35
INFO	[augustus]	70 of 348 task(s) completed at 03/26/2020 14:00:19
INFO	[augustus]	105 of 348 task(s) completed at 03/26/2020 14:01:07
INFO	[augustus]	140 of 348 task(s) completed at 03/26/2020 14:01:56
INFO	[augustus]	174 of 348 task(s) completed at 03/26/2020 14:02:46
INFO	[augustus]	209 of 348 task(s) completed at 03/26/2020 14:03:31
INFO	[augustus]	244 of 348 task(s) completed at 03/26/2020 14:04:24
INFO	[augustus]	279 of 348 task(s) completed at 03/26/2020 14:05:10
INFO	[augustus]	314 of 348 task(s) completed at 03/26/2020 14:06:07
INFO	[augustus]	348 of 348 task(s) completed at 03/26/2020 14:06:48
INFO	Extracting predicted proteins...
INFO	****** Step 3/3, current time: 03/26/2020 14:07:06 ******
INFO	Running HMMER to confirm orthology of predicted proteins:
INFO	[hmmsearch]	105 of 348 task(s) completed at 03/26/2020 14:07:07
INFO	[hmmsearch]	140 of 348 task(s) completed at 03/26/2020 14:07:07
INFO	[hmmsearch]	209 of 348 task(s) completed at 03/26/2020 14:07:08
INFO	[hmmsearch]	244 of 348 task(s) completed at 03/26/2020 14:07:08
INFO	[hmmsearch]	279 of 348 task(s) completed at 03/26/2020 14:07:09
INFO	[hmmsearch]	314 of 348 task(s) completed at 03/26/2020 14:07:09
INFO	[hmmsearch]	348 of 348 task(s) completed at 03/26/2020 14:07:09
INFO	Results:
INFO	C:84.1%[S:81.3%,D:2.8%],F:1.2%,M:14.7%,n:1440
INFO	1212 Complete BUSCOs (C)
INFO	1171 Complete and single-copy BUSCOs (S)
INFO	41 Complete and duplicated BUSCOs (D)
INFO	17 Fragmented BUSCOs (F)
INFO	211 Missing BUSCOs (M)
INFO	1440 Total BUSCO groups searched
INFO	BUSCO analysis done with WARNING(s). Total running time: 9370.254211425781 seconds
INFO	Results written in /bigdata/littlab/arajewski/Datura/4_BUSCO/run_Dstr_v1.5/

JobId=940176 JobName=4a_BUSCO.sh
   UserId=arajewski(3080) GroupId=littlab(1144) MCS_label=N/A
   Priority=100000 Nice=0 Account=littlab QOS=normal
   JobState=RUNNING Reason=None Dependency=(null)
   Requeue=1 Restarts=0 BatchFlag=1 Reboot=0 ExitCode=0:0
   RunTime=02:36:14 TimeLimit=09:00:00 TimeMin=N/A
   SubmitTime=2020-03-26T11:31:11 EligibleTime=2020-03-26T11:31:11
   AccrueTime=2020-03-26T11:31:11
   StartTime=2020-03-26T11:31:19 EndTime=2020-03-26T20:31:19 Deadline=N/A
   SuspendTime=None SecsPreSuspend=0 LastSchedEval=2020-03-26T11:31:19
   Partition=batch AllocNode:Sid=pelican.ib.hpcc.ucr.edu:13250
   ReqNodeList=(null) ExcNodeList=(null)
   NodeList=c05
   BatchHost=c05
   NumNodes=1 NumCPUs=16 NumTasks=16 CPUs/Task=1 ReqB:S:C:T=0:0:*:*
   TRES=cpu=16,mem=100G,node=1,billing=41
   Socks/Node=* NtasksPerN:B:S:C=0:0:*:* CoreSpec=*
   MinCPUsNode=1 MinMemoryNode=100G MinTmpDiskNode=0
   Features=(null) DelayBoot=00:00:00
   OverSubscribe=OK Contiguous=0 Licenses=(null) Network=(null)
   Command=/bigdata/littlab/arajewski/Datura/4_BUSCO/4a_BUSCO.sh
   WorkDir=/bigdata/littlab/arajewski/Datura/4_BUSCO
   StdErr=/bigdata/littlab/arajewski/Datura/4_BUSCO/../history/4a_BUSCO-940176.out
   StdIn=/dev/null
   StdOut=/bigdata/littlab/arajewski/Datura/4_BUSCO/../history/4a_BUSCO-940176.out
   Power=

