WARNING	An augustus species is mentioned in the config file, dataset default species (arabidopsis) will be ignored
INFO	****************** Start a BUSCO 3.0.2 analysis, current time: 10/05/2020 12:20:51 ******************
INFO	Configuration loaded from /opt/linux/centos/7.x/x86_64/pkgs/busco/3.0.2/config/config.ini
INFO	Init tools...
INFO	Check dependencies...
INFO	Check input file...
INFO	To reproduce this run: python /opt/linux/centos/7.x/x86_64/pkgs/busco/3.0.2/scripts/run_BUSCO.py -i /bigdata/littlab/arajewski/Datura/3_BCGSC/Dstr_v1.7_Iterative/Dstr_v1.7_lnr13_500bp_Sealer_ntEdit2_edited.fa -o 20201005_MS_Final -l /srv/projects/db/BUSCO/v9/embryophyta_odb9/ -m genome -c 30 -z -sp tomato
INFO	Mode is: genome
INFO	The lineage dataset is: embryophyta_odb9 (eukaryota)
WARNING	This is not an uncompleted run that can be restarted
INFO	Temp directory is ./tmp/
INFO	****** Phase 1 of 2, initial predictions ******
INFO	****** Step 1/3, current time: 10/05/2020 12:21:04 ******
INFO	Create blast database...
INFO	[makeblastdb]	Building a new DB, current time: 10/05/2020 12:21:04
INFO	[makeblastdb]	New DB name:   /bigdata/littlab/arajewski/Datura/4_BUSCO/tmp/20201005_MS_Final_968625657
INFO	[makeblastdb]	New DB title:  /bigdata/littlab/arajewski/Datura/3_BCGSC/Dstr_v1.7_Iterative/Dstr_v1.7_lnr13_500bp_Sealer_ntEdit2_edited.fa
INFO	[makeblastdb]	Sequence type: Nucleotide
INFO	[makeblastdb]	Keep Linkouts: T
INFO	[makeblastdb]	Keep MBits: T
INFO	[makeblastdb]	Maximum file size: 1000000000B
INFO	[makeblastdb]	Adding sequences from FASTA; added 232605 sequences in 51.4815 seconds.
INFO	[makeblastdb]	1 of 1 task(s) completed at 10/05/2020 12:21:55
INFO	Running tblastn, writing output to /bigdata/littlab/arajewski/Datura/4_BUSCO/run_20201005_MS_Final/blast_output/tblastn_20201005_MS_Final.tsv...
INFO	[tblastn]	1 of 1 task(s) completed at 10/05/2020 12:38:29
INFO	****** Step 2/3, current time: 10/05/2020 12:38:29 ******
INFO	Maximum number of candidate contig per BUSCO limited to: 3
INFO	Getting coordinates for candidate regions...
INFO	Pre-Augustus scaffold extraction...
INFO	Running Augustus prediction using tomato as species:
INFO	[augustus]	Please find all logs related to Augustus errors here: /bigdata/littlab/arajewski/Datura/4_BUSCO/run_20201005_MS_Final/augustus_output/augustus.log
INFO	[augustus]	237 of 2364 task(s) completed at 10/05/2020 12:52:34
INFO	[augustus]	473 of 2364 task(s) completed at 10/05/2020 13:03:02
INFO	[augustus]	710 of 2364 task(s) completed at 10/05/2020 13:11:48
INFO	[augustus]	946 of 2364 task(s) completed at 10/05/2020 13:20:12
INFO	[augustus]	1183 of 2364 task(s) completed at 10/05/2020 13:27:26
INFO	[augustus]	1419 of 2364 task(s) completed at 10/05/2020 13:33:57
INFO	[augustus]	1655 of 2364 task(s) completed at 10/05/2020 13:39:56
INFO	[augustus]	1892 of 2364 task(s) completed at 10/05/2020 13:44:59
INFO	[augustus]	2128 of 2364 task(s) completed at 10/05/2020 13:49:47
INFO	[augustus]	2364 of 2364 task(s) completed at 10/05/2020 13:53:15
INFO	Extracting predicted proteins...
INFO	****** Step 3/3, current time: 10/05/2020 13:54:25 ******
INFO	Running HMMER to confirm orthology of predicted proteins:
INFO	[hmmsearch]	465 of 2322 task(s) completed at 10/05/2020 13:54:27
INFO	[hmmsearch]	1858 of 2322 task(s) completed at 10/05/2020 13:54:31
INFO	[hmmsearch]	2322 of 2322 task(s) completed at 10/05/2020 13:54:32
INFO	Results:
INFO	C:92.0%[S:89.7%,D:2.3%],F:1.9%,M:6.1%,n:1440
INFO	1324 Complete BUSCOs (C)
INFO	1291 Complete and single-copy BUSCOs (S)
INFO	33 Complete and duplicated BUSCOs (D)
INFO	28 Fragmented BUSCOs (F)
INFO	88 Missing BUSCOs (M)
INFO	1440 Total BUSCO groups searched
INFO	****** Phase 2 of 2, predictions using species specific training ******
INFO	****** Step 1/3, current time: 10/05/2020 13:54:33 ******
INFO	Extracting missing and fragmented buscos from the ancestral_variants file...
INFO	Running tblastn, writing output to /bigdata/littlab/arajewski/Datura/4_BUSCO/run_20201005_MS_Final/blast_output/tblastn_20201005_MS_Final_missing_and_frag_rerun.tsv...
INFO	[tblastn]	1 of 1 task(s) completed at 10/05/2020 14:06:15
INFO	Maximum number of candidate contig per BUSCO limited to: 3
INFO	Getting coordinates for candidate regions...
INFO	****** Step 2/3, current time: 10/05/2020 14:06:17 ******
INFO	Training Augustus using Single-Copy Complete BUSCOs:
INFO	Converting predicted genes to short genbank files at 10/05/2020 14:06:17...
INFO	All files converted to short genbank files, now running the training scripts at 10/05/2020 14:48:36...
INFO	Pre-Augustus scaffold extraction...
INFO	Re-running Augustus with the new metaparameters, number of target BUSCOs: 116
INFO	[augustus]	22 of 216 task(s) completed at 10/05/2020 14:49:49
INFO	[augustus]	44 of 216 task(s) completed at 10/05/2020 14:50:25
INFO	[augustus]	65 of 216 task(s) completed at 10/05/2020 14:50:49
INFO	[augustus]	87 of 216 task(s) completed at 10/05/2020 14:51:17
INFO	[augustus]	109 of 216 task(s) completed at 10/05/2020 14:51:49
INFO	[augustus]	130 of 216 task(s) completed at 10/05/2020 14:52:20
INFO	[augustus]	152 of 216 task(s) completed at 10/05/2020 14:52:49
INFO	[augustus]	173 of 216 task(s) completed at 10/05/2020 14:53:31
INFO	[augustus]	195 of 216 task(s) completed at 10/05/2020 14:53:55
INFO	[augustus]	216 of 216 task(s) completed at 10/05/2020 14:54:21
INFO	Extracting predicted proteins...
INFO	****** Step 3/3, current time: 10/05/2020 14:54:27 ******
INFO	Running HMMER to confirm orthology of predicted proteins:
INFO	[hmmsearch]	87 of 216 task(s) completed at 10/05/2020 14:54:27
INFO	[hmmsearch]	109 of 216 task(s) completed at 10/05/2020 14:54:27
INFO	[hmmsearch]	216 of 216 task(s) completed at 10/05/2020 14:54:28
INFO	Results:
INFO	C:94.7%[S:92.2%,D:2.5%],F:1.6%,M:3.7%,n:1440
INFO	1363 Complete BUSCOs (C)
INFO	1327 Complete and single-copy BUSCOs (S)
INFO	36 Complete and duplicated BUSCOs (D)
INFO	23 Fragmented BUSCOs (F)
INFO	54 Missing BUSCOs (M)
INFO	1440 Total BUSCO groups searched
INFO	BUSCO analysis done with WARNING(s). Total running time: 9303.276354789734 seconds
INFO	Results written in /bigdata/littlab/arajewski/Datura/4_BUSCO/run_20201005_MS_Final/

JobId=2376353 JobName=4a_BUSCO.sh
   UserId=arajewski(3080) GroupId=littlab(1144) MCS_label=N/A
   Priority=2984912 Nice=0 Account=littlab QOS=normal
   JobState=RUNNING Reason=None Dependency=(null)
   Requeue=1 Restarts=0 BatchFlag=1 Reboot=0 ExitCode=0:0
   RunTime=02:35:05 TimeLimit=09:00:00 TimeMin=N/A
   SubmitTime=2020-10-05T12:20:36 EligibleTime=2020-10-05T12:20:36
   AccrueTime=2020-10-05T12:20:36
   StartTime=2020-10-05T12:20:49 EndTime=2020-10-05T21:20:49 Deadline=N/A
   SuspendTime=None SecsPreSuspend=0 LastSchedEval=2020-10-05T12:20:49
   Partition=intel AllocNode:Sid=pelican.ib.hpcc.ucr.edu:47917
   ReqNodeList=(null) ExcNodeList=(null)
   NodeList=i32
   BatchHost=i32
   NumNodes=1 NumCPUs=30 NumTasks=1 CPUs/Task=30 ReqB:S:C:T=0:0:*:*
   TRES=cpu=30,mem=210G,node=1,billing=82
   Socks/Node=* NtasksPerN:B:S:C=0:0:*:* CoreSpec=*
   MinCPUsNode=30 MinMemoryCPU=7G MinTmpDiskNode=0
   Features=(null) DelayBoot=00:00:00
   OverSubscribe=OK Contiguous=0 Licenses=(null) Network=(null)
   Command=/bigdata/littlab/arajewski/Datura/4_BUSCO/4a_BUSCO.sh
   WorkDir=/bigdata/littlab/arajewski/Datura/4_BUSCO
   StdErr=/bigdata/littlab/arajewski/Datura/4_BUSCO/../history/4a_BUSCO-2376353.out
   StdIn=/dev/null
   StdOut=/bigdata/littlab/arajewski/Datura/4_BUSCO/../history/4a_BUSCO-2376353.out
   Power=

