

#the point of this script is to assess the assembly with the BUSCO database

module load busco/3.0.2
/usr/bin/modulecmd bash $*
AUGUSTUS_CONFIG_PATH=/opt/linux/centos/7.x/x86_64/pkgs/augustus/3.3/config ;export AUGUSTUS_CONFIG_PATH;BAMTOOLS_PATH=/opt/linux/centos/7.x/x86_64/pkgs/bamtools/2.4.0/bin ;export BAMTOOLS_PATH;BUSCO_CONFIG_FILE=/opt/linux/centos/7.x/x86_64/pkgs/busco/3.0.2/config/config.ini ;export BUSCO_CONFIG_FILE;BUSCO_LINEAGES=/srv/projects/db/BUSCO/v9/ ;export BUSCO_LINEAGES;CPATH=/opt/linux/centos/7.x/x86_64/pkgs/bamtools/2.4.0/include:/opt/linux/centos/7.x/x86_64/pkgs/hmmer/3.1b2/include:/opt/linux/centos/7.x/x86_64/pkgs/python/3.6.0/include:/opt/linux/centos/7.x/x86_64/pkgs/gdal/2.1.3/include:/opt/linux/centos/7.x/x86_64/pkgs/ggobi/2.1.11/include/ggobi:/opt/linux/centos/7.x/x86_64/pkgs/R/3.6.0/lib64/R/include:/opt/linux/centos/7.x/x86_64/pkgs/openmpi/4.0.1-slurm-19.05.0/include ;export CPATH;LD_LIBRARY_PATH=/opt/linux/centos/7.x/x86_64/pkgs/bamtools/2.4.0/lib:/opt/linux/centos/7.x/x86_64/pkgs/lp_solve/5.5/lib:/opt/linux/centos/7.x/x86_64/pkgs/hmmer/3.1b2/lib:/opt/linux/centos/7.x/x86_64/pkgs/python/3.6.0/lib:/opt/linux/centos/7.x/x86_64/pkgs/hdf5/1.10.1/lib:/opt/linux/centos/7.x/x86_64/pkgs/gdal/2.1.3/lib:/opt/linux/centos/7.x/x86_64/pkgs/geos/3.7.1/lib:/opt/linux/centos/7.x/x86_64/pkgs/java/jdk1.8.0_45/lib:/opt/linux/centos/7.x/x86_64/pkgs/netcdf/4.4.1.1/lib:/opt/linux/centos/7.x/x86_64/pkgs/ggobi/2.1.11/lib:/opt/linux/centos/7.x/x86_64/pkgs/R/3.6.0/lib64/R/lib:/opt/linux/centos/7.x/x86_64/pkgs/openmpi/4.0.1-slurm-19.05.0/lib:/opt/linux/centos/7.x/x86_64/pkgs/openmpi/4.0.1-slurm-19.05.0/lib/openmpi:/opt/linux/centos/7.x/x86_64/pkgs/slurm/19.05.0/lib ;export LD_LIBRARY_PATH;LD_RUN_PATH=/opt/linux/centos/7.x/x86_64/pkgs/lp_solve/5.5/lib ;export LD_RUN_PATH;LIBRARY_PATH=/opt/linux/centos/7.x/x86_64/pkgs/bamtools/2.4.0/lib:/opt/linux/centos/7.x/x86_64/pkgs/hmmer/3.1b2/lib:/opt/linux/centos/7.x/x86_64/pkgs/gdal/2.1.3/lib:/opt/linux/centos/7.x/x86_64/pkgs/R/3.6.0/lib64/R/lib:/opt/linux/centos/7.x/x86_64/pkgs/openmpi/4.0.1-slurm-19.05.0/lib ;export LIBRARY_PATH;LOADEDMODULES=slurm/19.05.0:openmpi/4.0.1-slurm-19.05.0:ggobi/2.1.11:texlive/2017:pandoc/2.0:netcdf/4.4.1.1:java/8:geos/3.7.1:gdal/2.1.3:hdf5/1.10.1:R/3.6.0:miniconda2/4.4.10:perl/5.20.2:less-highlight/1.0:iigb_utilities/1:vim/8.1:python/3.6.0:ncbi-blast/2.7.1+:hmmer/3.1b2:lp_solve/5.5:bamtools/2.4.0:augustus/3.3:busco/3.0.2 ;export LOADEDMODULES;MANPATH=/opt/linux/centos/7.x/x86_64/pkgs/hmmer/3.1b2/share/man:/opt/linux/centos/7.x/x86_64/pkgs/python/3.6.0/share/man:/opt/linux/centos/7.x/x86_64/pkgs/vim/8.1/share/man:/opt/linux/centos/7.x/x86_64/pkgs/perl/5.20.2/man:/opt/linux/centos/7.x/x86_64/pkgs/java/jdk1.8.0_45/man:/opt/linux/centos/7.x/x86_64/pkgs/netcdf/4.4.1.1/share/man:/opt/linux/centos/7.x/x86_64/pkgs/ggobi/2.1.11/share/man:/opt/linux/centos/7.x/x86_64/pkgs/R/3.6.0/share/man:/opt/linux/centos/7.x/x86_64/pkgs/openmpi/4.0.1-slurm-19.05.0/share/man:/opt/linux/centos/7.x/x86_64/pkgs/slurm/19.05.0/share/man:/usr/share/man:/usr/local/share/man ;export MANPATH;PATH=/opt/linux/centos/7.x/x86_64/pkgs/busco/3.0.2/scripts/:/opt/linux/centos/7.x/x86_64/pkgs/augustus/3.3/bin:/opt/linux/centos/7.x/x86_64/pkgs/augustus/3.3/scripts:/opt/linux/centos/7.x/x86_64/pkgs/bamtools/2.4.0/bin:/opt/linux/centos/7.x/x86_64/pkgs/hmmer/3.1b2/bin:/opt/linux/centos/7.x/x86_64/pkgs/ncbi-blast/2.7.1+/bin:/opt/linux/centos/7.x/x86_64/pkgs/python/3.6.0/bin:/opt/linux/centos/7.x/x86_64/pkgs/vim/8.1/bin:/opt/linux/centos/7.x/x86_64/pkgs/iigb_utilities/1/bin:/opt/linux/centos/7.x/x86_64/pkgs/perl/5.20.2/bin:/opt/linux/centos/7.x/x86_64/pkgs/miniconda2/4.4.10/bin:/opt/linux/centos/7.x/x86_64/pkgs/hdf5/1.10.1/bin:/opt/linux/centos/7.x/x86_64/pkgs/gdal/2.1.3/bin:/opt/linux/centos/7.x/x86_64/pkgs/geos/3.7.1/bin:/opt/linux/centos/7.x/x86_64/pkgs/java/jdk1.8.0_45/bin:/opt/linux/centos/7.x/x86_64/pkgs/netcdf/4.4.1.1/bin:/opt/linux/centos/7.x/x86_64/pkgs/pandoc/2.0/bin:/opt/linux/centos/7.x/x86_64/pkgs/texlive/2017/bin/x86_64-linux:/opt/linux/centos/7.x/x86_64/pkgs/ggobi/2.1.11/bin:/opt/linux/centos/7.x/x86_64/pkgs/R/3.6.0/bin:/opt/linux/centos/7.x/x86_64/pkgs/openmpi/4.0.1-slurm-19.05.0/bin:/opt/linux/centos/7.x/x86_64/pkgs/slurm/19.05.0/bin:/opt/linux/centos/7.x/x86_64/pkgs/slurm/19.05.0/sbin:/usr/bin:/bin:/usr/local/games:/usr/games:/usr/local/bin:/usr/lpp/mmfs/bin:/opt/ibutils/bin ;export PATH;PYTHONPATH=/opt/linux/centos/7.x/x86_64/pkgs/python/3.6.0/lib/python3.6/site-packages:/opt/linux/centos/7.x/x86_64/pkgs/python/3.6.0/lib64/python3.6/site-packages ;export PYTHONPATH;_LMFILES_=/opt/linux/centos/7.x/x86_64/modules/slurm/19.05.0:/opt/linux/centos/7.x/x86_64/modules/openmpi/4.0.1-slurm-19.05.0:/opt/linux/centos/7.x/x86_64/modules/ggobi/2.1.11:/opt/linux/centos/7.x/x86_64/modules/texlive/2017:/opt/linux/centos/7.x/x86_64/modules/pandoc/2.0:/opt/linux/centos/7.x/x86_64/modules/netcdf/4.4.1.1:/opt/linux/centos/7.x/x86_64/modules/java/8:/opt/linux/centos/7.x/x86_64/modules/geos/3.7.1:/opt/linux/centos/7.x/x86_64/modules/gdal/2.1.3:/opt/linux/centos/7.x/x86_64/modules/hdf5/1.10.1:/opt/linux/centos/7.x/x86_64/modules/R/3.6.0:/opt/linux/centos/7.x/x86_64/modules/miniconda2/4.4.10:/opt/linux/centos/7.x/x86_64/modules/perl/5.20.2:/opt/linux/centos/7.x/x86_64/modules/less-highlight/1.0:/opt/linux/centos/7.x/x86_64/modules/iigb_utilities/1:/opt/linux/centos/7.x/x86_64/modules/vim/8.1:/opt/linux/centos/7.x/x86_64/modules/python/3.6.0:/opt/linux/centos/7.x/x86_64/modules/ncbi-blast/2.7.1+:/opt/linux/centos/7.x/x86_64/modules/hmmer/3.1b2:/opt/linux/centos/7.x/x86_64/modules/lp_solve/5.5:/opt/linux/centos/7.x/x86_64/modules/bamtools/2.4.0:/opt/linux/centos/7.x/x86_64/modules/augustus/3.3:/opt/linux/centos/7.x/x86_64/modules/busco/3.0.2 ;export _LMFILES_;
#We need to downgrade our blast version to make it work
module unload ncbi-blast
/usr/bin/modulecmd bash $*
LOADEDMODULES=slurm/19.05.0:openmpi/4.0.1-slurm-19.05.0:ggobi/2.1.11:texlive/2017:pandoc/2.0:netcdf/4.4.1.1:java/8:geos/3.7.1:gdal/2.1.3:hdf5/1.10.1:R/3.6.0:miniconda2/4.4.10:perl/5.20.2:less-highlight/1.0:iigb_utilities/1:vim/8.1:python/3.6.0:hmmer/3.1b2:lp_solve/5.5:bamtools/2.4.0:augustus/3.3:busco/3.0.2 ;export LOADEDMODULES;MODULEPATH=/usr/share/modules/versions:/usr/Modules/\$MODULE_VERSION/modulefiles:/usr/share/Modules/modulefiles:/opt/linux/centos/7.x/x86_64/modules:/opt/linux/centos/7.x/x86_64/profiles ;export MODULEPATH;PATH=/opt/linux/centos/7.x/x86_64/pkgs/busco/3.0.2/scripts/:/opt/linux/centos/7.x/x86_64/pkgs/augustus/3.3/bin:/opt/linux/centos/7.x/x86_64/pkgs/augustus/3.3/scripts:/opt/linux/centos/7.x/x86_64/pkgs/bamtools/2.4.0/bin:/opt/linux/centos/7.x/x86_64/pkgs/hmmer/3.1b2/bin:/opt/linux/centos/7.x/x86_64/pkgs/python/3.6.0/bin:/opt/linux/centos/7.x/x86_64/pkgs/vim/8.1/bin:/opt/linux/centos/7.x/x86_64/pkgs/iigb_utilities/1/bin:/opt/linux/centos/7.x/x86_64/pkgs/perl/5.20.2/bin:/opt/linux/centos/7.x/x86_64/pkgs/miniconda2/4.4.10/bin:/opt/linux/centos/7.x/x86_64/pkgs/hdf5/1.10.1/bin:/opt/linux/centos/7.x/x86_64/pkgs/gdal/2.1.3/bin:/opt/linux/centos/7.x/x86_64/pkgs/geos/3.7.1/bin:/opt/linux/centos/7.x/x86_64/pkgs/java/jdk1.8.0_45/bin:/opt/linux/centos/7.x/x86_64/pkgs/netcdf/4.4.1.1/bin:/opt/linux/centos/7.x/x86_64/pkgs/pandoc/2.0/bin:/opt/linux/centos/7.x/x86_64/pkgs/texlive/2017/bin/x86_64-linux:/opt/linux/centos/7.x/x86_64/pkgs/ggobi/2.1.11/bin:/opt/linux/centos/7.x/x86_64/pkgs/R/3.6.0/bin:/opt/linux/centos/7.x/x86_64/pkgs/openmpi/4.0.1-slurm-19.05.0/bin:/opt/linux/centos/7.x/x86_64/pkgs/slurm/19.05.0/bin:/opt/linux/centos/7.x/x86_64/pkgs/slurm/19.05.0/sbin:/usr/bin:/bin:/usr/local/games:/usr/games:/usr/local/bin:/usr/lpp/mmfs/bin:/opt/ibutils/bin ;export PATH;_LMFILES_=/opt/linux/centos/7.x/x86_64/modules/slurm/19.05.0:/opt/linux/centos/7.x/x86_64/modules/openmpi/4.0.1-slurm-19.05.0:/opt/linux/centos/7.x/x86_64/modules/ggobi/2.1.11:/opt/linux/centos/7.x/x86_64/modules/texlive/2017:/opt/linux/centos/7.x/x86_64/modules/pandoc/2.0:/opt/linux/centos/7.x/x86_64/modules/netcdf/4.4.1.1:/opt/linux/centos/7.x/x86_64/modules/java/8:/opt/linux/centos/7.x/x86_64/modules/geos/3.7.1:/opt/linux/centos/7.x/x86_64/modules/gdal/2.1.3:/opt/linux/centos/7.x/x86_64/modules/hdf5/1.10.1:/opt/linux/centos/7.x/x86_64/modules/R/3.6.0:/opt/linux/centos/7.x/x86_64/modules/miniconda2/4.4.10:/opt/linux/centos/7.x/x86_64/modules/perl/5.20.2:/opt/linux/centos/7.x/x86_64/modules/less-highlight/1.0:/opt/linux/centos/7.x/x86_64/modules/iigb_utilities/1:/opt/linux/centos/7.x/x86_64/modules/vim/8.1:/opt/linux/centos/7.x/x86_64/modules/python/3.6.0:/opt/linux/centos/7.x/x86_64/modules/hmmer/3.1b2:/opt/linux/centos/7.x/x86_64/modules/lp_solve/5.5:/opt/linux/centos/7.x/x86_64/modules/bamtools/2.4.0:/opt/linux/centos/7.x/x86_64/modules/augustus/3.3:/opt/linux/centos/7.x/x86_64/modules/busco/3.0.2 ;export _LMFILES_;
module load ncbi-blast/2.2.30+
/usr/bin/modulecmd bash $*
LOADEDMODULES=slurm/19.05.0:openmpi/4.0.1-slurm-19.05.0:ggobi/2.1.11:texlive/2017:pandoc/2.0:netcdf/4.4.1.1:java/8:geos/3.7.1:gdal/2.1.3:hdf5/1.10.1:R/3.6.0:miniconda2/4.4.10:perl/5.20.2:less-highlight/1.0:iigb_utilities/1:vim/8.1:python/3.6.0:hmmer/3.1b2:lp_solve/5.5:bamtools/2.4.0:augustus/3.3:busco/3.0.2:ncbi-blast/2.2.30+ ;export LOADEDMODULES;MODULEPATH=/usr/share/Modules:/usr/share/modules/versions:/usr/Modules/\$MODULE_VERSION/modulefiles:/usr/share/Modules/modulefiles:/opt/linux/centos/7.x/x86_64/modules:/opt/linux/centos/7.x/x86_64/profiles ;export MODULEPATH;PATH=/opt/linux/centos/7.x/x86_64/pkgs/ncbi-blast/2.2.30+/bin:/opt/linux/centos/7.x/x86_64/pkgs/busco/3.0.2/scripts/:/opt/linux/centos/7.x/x86_64/pkgs/augustus/3.3/bin:/opt/linux/centos/7.x/x86_64/pkgs/augustus/3.3/scripts:/opt/linux/centos/7.x/x86_64/pkgs/bamtools/2.4.0/bin:/opt/linux/centos/7.x/x86_64/pkgs/hmmer/3.1b2/bin:/opt/linux/centos/7.x/x86_64/pkgs/python/3.6.0/bin:/opt/linux/centos/7.x/x86_64/pkgs/vim/8.1/bin:/opt/linux/centos/7.x/x86_64/pkgs/iigb_utilities/1/bin:/opt/linux/centos/7.x/x86_64/pkgs/perl/5.20.2/bin:/opt/linux/centos/7.x/x86_64/pkgs/miniconda2/4.4.10/bin:/opt/linux/centos/7.x/x86_64/pkgs/hdf5/1.10.1/bin:/opt/linux/centos/7.x/x86_64/pkgs/gdal/2.1.3/bin:/opt/linux/centos/7.x/x86_64/pkgs/geos/3.7.1/bin:/opt/linux/centos/7.x/x86_64/pkgs/java/jdk1.8.0_45/bin:/opt/linux/centos/7.x/x86_64/pkgs/netcdf/4.4.1.1/bin:/opt/linux/centos/7.x/x86_64/pkgs/pandoc/2.0/bin:/opt/linux/centos/7.x/x86_64/pkgs/texlive/2017/bin/x86_64-linux:/opt/linux/centos/7.x/x86_64/pkgs/ggobi/2.1.11/bin:/opt/linux/centos/7.x/x86_64/pkgs/R/3.6.0/bin:/opt/linux/centos/7.x/x86_64/pkgs/openmpi/4.0.1-slurm-19.05.0/bin:/opt/linux/centos/7.x/x86_64/pkgs/slurm/19.05.0/bin:/opt/linux/centos/7.x/x86_64/pkgs/slurm/19.05.0/sbin:/usr/bin:/bin:/usr/local/games:/usr/games:/usr/local/bin:/usr/lpp/mmfs/bin:/opt/ibutils/bin ;export PATH;_LMFILES_=/opt/linux/centos/7.x/x86_64/modules/slurm/19.05.0:/opt/linux/centos/7.x/x86_64/modules/openmpi/4.0.1-slurm-19.05.0:/opt/linux/centos/7.x/x86_64/modules/ggobi/2.1.11:/opt/linux/centos/7.x/x86_64/modules/texlive/2017:/opt/linux/centos/7.x/x86_64/modules/pandoc/2.0:/opt/linux/centos/7.x/x86_64/modules/netcdf/4.4.1.1:/opt/linux/centos/7.x/x86_64/modules/java/8:/opt/linux/centos/7.x/x86_64/modules/geos/3.7.1:/opt/linux/centos/7.x/x86_64/modules/gdal/2.1.3:/opt/linux/centos/7.x/x86_64/modules/hdf5/1.10.1:/opt/linux/centos/7.x/x86_64/modules/R/3.6.0:/opt/linux/centos/7.x/x86_64/modules/miniconda2/4.4.10:/opt/linux/centos/7.x/x86_64/modules/perl/5.20.2:/opt/linux/centos/7.x/x86_64/modules/less-highlight/1.0:/opt/linux/centos/7.x/x86_64/modules/iigb_utilities/1:/opt/linux/centos/7.x/x86_64/modules/vim/8.1:/opt/linux/centos/7.x/x86_64/modules/python/3.6.0:/opt/linux/centos/7.x/x86_64/modules/hmmer/3.1b2:/opt/linux/centos/7.x/x86_64/modules/lp_solve/5.5:/opt/linux/centos/7.x/x86_64/modules/bamtools/2.4.0:/opt/linux/centos/7.x/x86_64/modules/augustus/3.3:/opt/linux/centos/7.x/x86_64/modules/busco/3.0.2:/opt/linux/centos/7.x/x86_64/modules/ncbi-blast/2.2.30+ ;export _LMFILES_;
ASSEM=Dstr_v1.0_SolanaceaeBUSCO
ASSEMPATH=/rhome/arajewski/bigdata/Datura/3_Flye/assembly.fasta

#BUSCO also needs augustus, and because of the cluster environment I have to install it separately
export PATH="/rhome/arajewski/bigdata/Datura/software/augustus/bin:$PATH"
export PATH="/rhome/arajewski/bigdata/Datura/software/augustus/scripts:$PATH"
export AUGUSTUS_CONFIG_PATH="/rhome/arajewski/bigdata/Datura/software/augustus/config/"

#I really don't like this sincle core blast, but i can't get it to run correctly otherwise.
#also remove the -r flag if you're starting fresh
run_BUSCO.py \
    -m genome \
    -c $SLURM_NTASKS \
    -i $ASSEMPATH \
    -o $ASSEM \
    -l /rhome/arajewski/bigdata/Datura/software/solanaceae_odb10
INFO	****************** Start a BUSCO 3.0.2 analysis, current time: 09/27/2019 08:38:17 ******************
INFO	Configuration loaded from /opt/linux/centos/7.x/x86_64/pkgs/busco/3.0.2/config/config.ini
INFO	Init tools...
INFO	Check dependencies...
INFO	Check input file...
INFO	To reproduce this run: python /opt/linux/centos/7.x/x86_64/pkgs/busco/3.0.2/scripts/run_BUSCO.py -i /rhome/arajewski/bigdata/Datura/3_Flye/assembly.fasta -o Dstr_v1.0_SolanaceaeBUSCO -l /rhome/arajewski/bigdata/Datura/software/solanaceae_odb10/ -m genome -c 16 -sp tomato
INFO	Mode is: genome
INFO	The lineage dataset is: solanaceae_odb10 (eukaryota)
INFO	Temp directory is ./tmp/
INFO	****** Phase 1 of 2, initial predictions ******
INFO	****** Step 1/3, current time: 09/27/2019 08:38:50 ******
INFO	Create blast database...
INFO	[makeblastdb]	Building a new DB, current time: 09/27/2019 08:38:50
INFO	[makeblastdb]	New DB name:   /bigdata/littlab/arajewski/Datura/tmp/Dstr_v1.0_SolanaceaeBUSCO_2866952998
INFO	[makeblastdb]	New DB title:  /rhome/arajewski/bigdata/Datura/3_Flye/assembly.fasta
INFO	[makeblastdb]	Sequence type: Nucleotide
INFO	[makeblastdb]	Keep MBits: T
INFO	[makeblastdb]	Maximum file size: 1000000000B
INFO	[makeblastdb]	Adding sequences from FASTA; added 13587 sequences in 11.5979 seconds.
INFO	[makeblastdb]	1 of 1 task(s) completed at 09/27/2019 08:39:02
INFO	Running tblastn, writing output to /bigdata/littlab/arajewski/Datura/run_Dstr_v1.0_SolanaceaeBUSCO/blast_output/tblastn_Dstr_v1.0_SolanaceaeBUSCO.tsv...
INFO	[tblastn]	1 of 1 task(s) completed at 09/27/2019 08:55:21
INFO	****** Step 2/3, current time: 09/27/2019 08:55:21 ******
INFO	Maximum number of candidate contig per BUSCO limited to: 3
INFO	Getting coordinates for candidate regions...
INFO	Pre-Augustus scaffold extraction...
INFO	Running Augustus prediction using tomato as species:
INFO	[augustus]	Please find all logs related to Augustus errors here: /bigdata/littlab/arajewski/Datura/run_Dstr_v1.0_SolanaceaeBUSCO/augustus_output/augustus.log
INFO	[augustus]	568 of 5672 task(s) completed at 09/27/2019 09:07:37
INFO	[augustus]	1135 of 5672 task(s) completed at 09/27/2019 09:18:14
INFO	[augustus]	1702 of 5672 task(s) completed at 09/27/2019 09:28:30
INFO	[augustus]	2269 of 5672 task(s) completed at 09/27/2019 09:37:52
INFO	[augustus]	2837 of 5672 task(s) completed at 09/27/2019 09:46:46
INFO	[augustus]	3404 of 5672 task(s) completed at 09/27/2019 09:55:11
INFO	[augustus]	3971 of 5672 task(s) completed at 09/27/2019 10:03:57
INFO	[augustus]	4538 of 5672 task(s) completed at 09/27/2019 10:16:32
INFO	[augustus]	5105 of 5672 task(s) completed at 09/27/2019 10:28:50
INFO	[augustus]	5672 of 5672 task(s) completed at 09/27/2019 10:41:16
INFO	Extracting predicted proteins...
INFO	****** Step 3/3, current time: 09/27/2019 10:47:36 ******
INFO	Running HMMER to confirm orthology of predicted proteins:
INFO	[hmmsearch]	1126 of 5626 task(s) completed at 09/27/2019 10:47:47
INFO	[hmmsearch]	1688 of 5626 task(s) completed at 09/27/2019 10:47:51
INFO	[hmmsearch]	2251 of 5626 task(s) completed at 09/27/2019 10:47:55
INFO	[hmmsearch]	2814 of 5626 task(s) completed at 09/27/2019 10:48:00
INFO	[hmmsearch]	3376 of 5626 task(s) completed at 09/27/2019 10:48:06
INFO	[hmmsearch]	3939 of 5626 task(s) completed at 09/27/2019 10:48:10
INFO	[hmmsearch]	4501 of 5626 task(s) completed at 09/27/2019 10:48:15
INFO	[hmmsearch]	5626 of 5626 task(s) completed at 09/27/2019 10:48:26
INFO	Results:
INFO	C:81.0%[S:77.9%,D:3.1%],F:5.2%,M:13.8%,n:3052
INFO	2471 Complete BUSCOs (C)
INFO	2376 Complete and single-copy BUSCOs (S)
INFO	95 Complete and duplicated BUSCOs (D)
INFO	158 Fragmented BUSCOs (F)
INFO	423 Missing BUSCOs (M)
INFO	3052 Total BUSCO groups searched
INFO	****** Phase 2 of 2, predictions using species specific training ******
INFO	****** Step 1/3, current time: 09/27/2019 10:48:29 ******
INFO	Extracting missing and fragmented buscos from the ancestral_variants file...
INFO	Running tblastn, writing output to /bigdata/littlab/arajewski/Datura/run_Dstr_v1.0_SolanaceaeBUSCO/blast_output/tblastn_Dstr_v1.0_SolanaceaeBUSCO_missing_and_frag_rerun.tsv...
INFO	[tblastn]	1 of 1 task(s) completed at 09/27/2019 10:48:54
ERROR	tblastn has ended prematurely (the result file lacks the expected final line), which will produce incomplete results in the next steps ! This problem likely appeared in blast+ 2.4 and seems not fully fixed in 2.6. It happens only when using multiple cores. You can use a single core (-c 1) or downgrade to blast+ 2.2.x, a safe choice regarding this issue. See blast+ documentation for more information.
ERROR	BUSCO analysis failed !
ERROR	Check the logs, read the user guide, if you still need technical support, then please contact mailto:support@orthodb.org


scontrol show job $SLURM_JOB_ID
JobId=258349 JobName=4a_BUSCO.sh
   UserId=arajewski(3080) GroupId=littlab(1144) MCS_label=N/A
   Priority=100304 Nice=0 Account=littlab QOS=highmem
   JobState=RUNNING Reason=None Dependency=(null)
   Requeue=1 Restarts=0 BatchFlag=1 Reboot=0 ExitCode=0:0
   RunTime=02:10:38 TimeLimit=6-00:00:00 TimeMin=N/A
   SubmitTime=2019-09-27T08:38:16 EligibleTime=2019-09-27T08:38:16
   AccrueTime=2019-09-27T08:38:16
   StartTime=2019-09-27T08:38:16 EndTime=2019-10-03T08:38:16 Deadline=N/A
   SuspendTime=None SecsPreSuspend=0 LastSchedEval=2019-09-27T08:38:16
   Partition=highmem AllocNode:Sid=parrot.ib.hpcc.ucr.edu:23598
   ReqNodeList=(null) ExcNodeList=(null)
   NodeList=h03
   BatchHost=h03
   NumNodes=1 NumCPUs=16 NumTasks=16 CPUs/Task=1 ReqB:S:C:T=0:0:*:*
   TRES=cpu=16,mem=100G,node=1,billing=41
   Socks/Node=* NtasksPerN:B:S:C=0:0:*:* CoreSpec=*
   MinCPUsNode=1 MinMemoryNode=100G MinTmpDiskNode=0
   Features=(null) DelayBoot=00:00:00
   OverSubscribe=OK Contiguous=0 Licenses=(null) Network=(null)
   Command=/bigdata/littlab/arajewski/Datura/4a_BUSCO.sh
   WorkDir=/bigdata/littlab/arajewski/Datura
   StdErr=/bigdata/littlab/arajewski/Datura/./history/4a_BUSCO-258349.out
   StdIn=/dev/null
   StdOut=/bigdata/littlab/arajewski/Datura/./history/4a_BUSCO-258349.out
   Power=

