WARNING	An augustus species is mentioned in the config file, dataset default species (arabidopsis) will be ignored
INFO	****************** Start a BUSCO 3.0.2 analysis, current time: 06/05/2020 14:38:00 ******************
INFO	Configuration loaded from /opt/linux/centos/7.x/x86_64/pkgs/busco/3.0.2/config/config.ini
INFO	Init tools...
INFO	Check dependencies...
INFO	Check input file...
INFO	To reproduce this run: python /opt/linux/centos/7.x/x86_64/pkgs/busco/3.0.2/scripts/run_BUSCO.py -i /bigdata/littlab/arajewski/Datura/3_quickmerge/MaSuRCA_Ref/merged_out_l500.fasta -o 20200605_Dstr_v1.6_MasurcaRef -l /srv/projects/db/BUSCO/v9/embryophyta_odb9/ -m genome -c 30 -z -sp tomato
INFO	Mode is: genome
INFO	The lineage dataset is: embryophyta_odb9 (eukaryota)
WARNING	This is not an uncompleted run that can be restarted
INFO	Temp directory is ./tmp/
INFO	****** Phase 1 of 2, initial predictions ******
INFO	****** Step 1/3, current time: 06/05/2020 14:39:45 ******
INFO	Create blast database...
INFO	[makeblastdb]	Building a new DB, current time: 06/05/2020 14:39:45
INFO	[makeblastdb]	New DB name:   /bigdata/littlab/arajewski/Datura/4_BUSCO/tmp/20200605_Dstr_v1.6_MasurcaRef_356450805
INFO	[makeblastdb]	New DB title:  /bigdata/littlab/arajewski/Datura/3_quickmerge/MaSuRCA_Ref/merged_out_l500.fasta
INFO	[makeblastdb]	Sequence type: Nucleotide
INFO	[makeblastdb]	Keep Linkouts: T
INFO	[makeblastdb]	Keep MBits: T
INFO	[makeblastdb]	Maximum file size: 1000000000B
INFO	[makeblastdb]	Adding sequences from FASTA; added 460044 sequences in 80.6803 seconds.
INFO	[makeblastdb]	1 of 1 task(s) completed at 06/05/2020 14:41:06
INFO	Running tblastn, writing output to /bigdata/littlab/arajewski/Datura/4_BUSCO/run_20200605_Dstr_v1.6_MasurcaRef/blast_output/tblastn_20200605_Dstr_v1.6_MasurcaRef.tsv...
INFO	[tblastn]	1 of 1 task(s) completed at 06/05/2020 15:07:45
INFO	****** Step 2/3, current time: 06/05/2020 15:07:45 ******
INFO	Maximum number of candidate contig per BUSCO limited to: 3
INFO	Getting coordinates for candidate regions...
INFO	Pre-Augustus scaffold extraction...
INFO	Running Augustus prediction using tomato as species:
INFO	[augustus]	Please find all logs related to Augustus errors here: /bigdata/littlab/arajewski/Datura/4_BUSCO/run_20200605_Dstr_v1.6_MasurcaRef/augustus_output/augustus.log
INFO	[augustus]	276 of 2758 task(s) completed at 06/05/2020 15:19:54
INFO	[augustus]	552 of 2758 task(s) completed at 06/05/2020 15:26:49
INFO	[augustus]	828 of 2758 task(s) completed at 06/05/2020 15:33:11
INFO	[augustus]	1104 of 2758 task(s) completed at 06/05/2020 15:38:39
INFO	[augustus]	1380 of 2758 task(s) completed at 06/05/2020 15:44:05
INFO	[augustus]	1655 of 2758 task(s) completed at 06/05/2020 15:48:38
INFO	[augustus]	1931 of 2758 task(s) completed at 06/05/2020 15:52:46
INFO	[augustus]	2207 of 2758 task(s) completed at 06/05/2020 15:56:32
INFO	[augustus]	2483 of 2758 task(s) completed at 06/05/2020 15:59:37
INFO	[augustus]	2758 of 2758 task(s) completed at 06/05/2020 16:02:15
INFO	Extracting predicted proteins...
INFO	****** Step 3/3, current time: 06/05/2020 16:04:44 ******
INFO	Running HMMER to confirm orthology of predicted proteins:
INFO	[hmmsearch]	1355 of 2708 task(s) completed at 06/05/2020 16:04:56
INFO	[hmmsearch]	2708 of 2708 task(s) completed at 06/05/2020 16:05:07
INFO	Results:
INFO	C:87.1%[S:69.3%,D:17.8%],F:4.4%,M:8.5%,n:1440
INFO	1254 Complete BUSCOs (C)
INFO	998 Complete and single-copy BUSCOs (S)
INFO	256 Complete and duplicated BUSCOs (D)
INFO	63 Fragmented BUSCOs (F)
INFO	123 Missing BUSCOs (M)
INFO	1440 Total BUSCO groups searched
INFO	****** Phase 2 of 2, predictions using species specific training ******
INFO	****** Step 1/3, current time: 06/05/2020 16:05:10 ******
INFO	Extracting missing and fragmented buscos from the ancestral_variants file...
INFO	Running tblastn, writing output to /bigdata/littlab/arajewski/Datura/4_BUSCO/run_20200605_Dstr_v1.6_MasurcaRef/blast_output/tblastn_20200605_Dstr_v1.6_MasurcaRef_missing_and_frag_rerun.tsv...
INFO	[tblastn]	1 of 1 task(s) completed at 06/05/2020 16:32:31
INFO	Maximum number of candidate contig per BUSCO limited to: 3
INFO	Getting coordinates for candidate regions...
INFO	****** Step 2/3, current time: 06/05/2020 16:32:37 ******
INFO	Training Augustus using Single-Copy Complete BUSCOs:
INFO	Converting predicted genes to short genbank files at 06/05/2020 16:32:37...
INFO	All files converted to short genbank files, now running the training scripts at 06/05/2020 19:01:55...
INFO	Pre-Augustus scaffold extraction...
INFO	Re-running Augustus with the new metaparameters, number of target BUSCOs: 186
INFO	[augustus]	36 of 359 task(s) completed at 06/05/2020 19:03:32
INFO	[augustus]	72 of 359 task(s) completed at 06/05/2020 19:03:50
INFO	[augustus]	108 of 359 task(s) completed at 06/05/2020 19:04:16
INFO	[augustus]	144 of 359 task(s) completed at 06/05/2020 19:04:38
INFO	[augustus]	180 of 359 task(s) completed at 06/05/2020 19:05:00
INFO	[augustus]	216 of 359 task(s) completed at 06/05/2020 19:05:30
INFO	[augustus]	252 of 359 task(s) completed at 06/05/2020 19:06:04
INFO	[augustus]	288 of 359 task(s) completed at 06/05/2020 19:06:36
INFO	[augustus]	324 of 359 task(s) completed at 06/05/2020 19:06:53
INFO	[augustus]	359 of 359 task(s) completed at 06/05/2020 19:07:26
INFO	Extracting predicted proteins...
INFO	****** Step 3/3, current time: 06/05/2020 19:07:45 ******
INFO	Running HMMER to confirm orthology of predicted proteins:
INFO	[hmmsearch]	353 of 353 task(s) completed at 06/05/2020 19:07:47
INFO	Results:
INFO	C:90.2%[S:72.2%,D:18.0%],F:3.5%,M:6.3%,n:1440
INFO	1298 Complete BUSCOs (C)
INFO	1039 Complete and single-copy BUSCOs (S)
INFO	259 Complete and duplicated BUSCOs (D)
INFO	50 Fragmented BUSCOs (F)
INFO	92 Missing BUSCOs (M)
INFO	1440 Total BUSCO groups searched
INFO	BUSCO analysis done with WARNING(s). Total running time: 16216.067147493362 seconds
INFO	Results written in /bigdata/littlab/arajewski/Datura/4_BUSCO/run_20200605_Dstr_v1.6_MasurcaRef/

JobId=1481801 JobName=4a_BUSCO.sh
   UserId=arajewski(3080) GroupId=littlab(1144) MCS_label=N/A
   Priority=342089 Nice=0 Account=littlab QOS=normal
   JobState=RUNNING Reason=None Dependency=(null)
   Requeue=1 Restarts=0 BatchFlag=1 Reboot=0 ExitCode=0:0
   RunTime=04:30:19 TimeLimit=09:00:00 TimeMin=N/A
   SubmitTime=2020-06-05T14:37:56 EligibleTime=2020-06-05T14:37:56
   AccrueTime=2020-06-05T14:37:56
   StartTime=2020-06-05T14:37:57 EndTime=2020-06-05T23:37:57 Deadline=N/A
   SuspendTime=None SecsPreSuspend=0 LastSchedEval=2020-06-05T14:37:57
   Partition=batch AllocNode:Sid=i22.ib.hpcc.ucr.edu:155825
   ReqNodeList=(null) ExcNodeList=(null)
   NodeList=c17
   BatchHost=c17
   NumNodes=1 NumCPUs=30 NumTasks=1 CPUs/Task=30 ReqB:S:C:T=0:0:*:*
   TRES=cpu=30,mem=150G,node=1,billing=67
   Socks/Node=* NtasksPerN:B:S:C=0:0:*:* CoreSpec=*
   MinCPUsNode=30 MinMemoryCPU=5G MinTmpDiskNode=0
   Features=(null) DelayBoot=00:00:00
   OverSubscribe=OK Contiguous=0 Licenses=(null) Network=(null)
   Command=/bigdata/littlab/arajewski/Datura/4_BUSCO/4a_BUSCO.sh
   WorkDir=/bigdata/littlab/arajewski/Datura/4_BUSCO
   StdErr=/bigdata/littlab/arajewski/Datura/4_BUSCO/../history/4a_BUSCO-1481801.out
   StdIn=/dev/null
   StdOut=/bigdata/littlab/arajewski/Datura/4_BUSCO/../history/4a_BUSCO-1481801.out
   Power=

