WARNING	An augustus species is mentioned in the config file, dataset default species (arabidopsis) will be ignored
INFO	****************** Start a BUSCO 3.0.2 analysis, current time: 06/05/2020 14:34:34 ******************
INFO	Configuration loaded from /opt/linux/centos/7.x/x86_64/pkgs/busco/3.0.2/config/config.ini
INFO	Init tools...
INFO	Check dependencies...
INFO	Check input file...
INFO	To reproduce this run: python /opt/linux/centos/7.x/x86_64/pkgs/busco/3.0.2/scripts/run_BUSCO.py -i /bigdata/littlab/arajewski/Datura/3_BCGSC/Dstr_v1.3_Iterative/lordecreads.fa_vs_Dstr_v1.3_n2r1_n4r1_n3r1_n2r1_n2.fa_250_0.9_rails.scaffolds.fa -o 20200605_Dstr_v1.3_iterated -l /srv/projects/db/BUSCO/v9/embryophyta_odb9/ -m genome -c 30 -z -sp tomato
INFO	Mode is: genome
INFO	The lineage dataset is: embryophyta_odb9 (eukaryota)
WARNING	This is not an uncompleted run that can be restarted
INFO	Temp directory is ./tmp/
INFO	****** Phase 1 of 2, initial predictions ******
INFO	****** Step 1/3, current time: 06/05/2020 14:36:16 ******
INFO	Create blast database...
INFO	[makeblastdb]	Building a new DB, current time: 06/05/2020 14:36:16
INFO	[makeblastdb]	New DB name:   /bigdata/littlab/arajewski/Datura/4_BUSCO/tmp/20200605_Dstr_v1.3_iterated_371374987
INFO	[makeblastdb]	New DB title:  /bigdata/littlab/arajewski/Datura/3_BCGSC/Dstr_v1.3_Iterative/lordecreads.fa_vs_Dstr_v1.3_n2r1_n4r1_n3r1_n2r1_n2.fa_250_0.9_rails.scaffolds.fa
INFO	[makeblastdb]	Sequence type: Nucleotide
INFO	[makeblastdb]	Keep Linkouts: T
INFO	[makeblastdb]	Keep MBits: T
INFO	[makeblastdb]	Maximum file size: 1000000000B
INFO	[makeblastdb]	Adding sequences from FASTA; added 3821337 sequences in 268.954 seconds.
INFO	[makeblastdb]	1 of 1 task(s) completed at 06/05/2020 14:40:46
INFO	Running tblastn, writing output to /bigdata/littlab/arajewski/Datura/4_BUSCO/run_20200605_Dstr_v1.3_iterated/blast_output/tblastn_20200605_Dstr_v1.3_iterated.tsv...
INFO	[tblastn]	1 of 1 task(s) completed at 06/05/2020 15:10:21
INFO	****** Step 2/3, current time: 06/05/2020 15:10:21 ******
INFO	Maximum number of candidate contig per BUSCO limited to: 3
INFO	Getting coordinates for candidate regions...
INFO	Pre-Augustus scaffold extraction...
INFO	Running Augustus prediction using tomato as species:
INFO	[augustus]	Please find all logs related to Augustus errors here: /bigdata/littlab/arajewski/Datura/4_BUSCO/run_20200605_Dstr_v1.3_iterated/augustus_output/augustus.log
INFO	[augustus]	271 of 2706 task(s) completed at 06/05/2020 15:24:54
INFO	[augustus]	542 of 2706 task(s) completed at 06/05/2020 15:29:28
INFO	[augustus]	812 of 2706 task(s) completed at 06/05/2020 15:33:40
INFO	[augustus]	1083 of 2706 task(s) completed at 06/05/2020 15:37:23
INFO	[augustus]	1354 of 2706 task(s) completed at 06/05/2020 15:40:58
INFO	[augustus]	1624 of 2706 task(s) completed at 06/05/2020 15:43:54
INFO	[augustus]	1895 of 2706 task(s) completed at 06/05/2020 15:46:38
INFO	[augustus]	2165 of 2706 task(s) completed at 06/05/2020 15:49:01
INFO	[augustus]	2436 of 2706 task(s) completed at 06/05/2020 15:51:11
INFO	[augustus]	2706 of 2706 task(s) completed at 06/05/2020 15:53:03
INFO	Extracting predicted proteins...
INFO	****** Step 3/3, current time: 06/05/2020 15:55:01 ******
INFO	Running HMMER to confirm orthology of predicted proteins:
INFO	[hmmsearch]	535 of 2671 task(s) completed at 06/05/2020 15:55:05
INFO	[hmmsearch]	1870 of 2671 task(s) completed at 06/05/2020 15:55:14
INFO	[hmmsearch]	2671 of 2671 task(s) completed at 06/05/2020 15:55:20
INFO	Results:
INFO	C:77.7%[S:75.2%,D:2.5%],F:9.7%,M:12.6%,n:1440
INFO	1119 Complete BUSCOs (C)
INFO	1083 Complete and single-copy BUSCOs (S)
INFO	36 Complete and duplicated BUSCOs (D)
INFO	140 Fragmented BUSCOs (F)
INFO	181 Missing BUSCOs (M)
INFO	1440 Total BUSCO groups searched
INFO	****** Phase 2 of 2, predictions using species specific training ******
INFO	****** Step 1/3, current time: 06/05/2020 15:55:22 ******
INFO	Extracting missing and fragmented buscos from the ancestral_variants file...
INFO	Running tblastn, writing output to /bigdata/littlab/arajewski/Datura/4_BUSCO/run_20200605_Dstr_v1.3_iterated/blast_output/tblastn_20200605_Dstr_v1.3_iterated_missing_and_frag_rerun.tsv...
INFO	[tblastn]	1 of 1 task(s) completed at 06/05/2020 16:48:59
INFO	Maximum number of candidate contig per BUSCO limited to: 3
INFO	Getting coordinates for candidate regions...
INFO	****** Step 2/3, current time: 06/05/2020 16:49:07 ******
INFO	Training Augustus using Single-Copy Complete BUSCOs:
INFO	Converting predicted genes to short genbank files at 06/05/2020 16:49:07...
INFO	All files converted to short genbank files, now running the training scripts at 06/05/2020 19:17:41...
INFO	Pre-Augustus scaffold extraction...
INFO	Re-running Augustus with the new metaparameters, number of target BUSCOs: 321
INFO	[augustus]	62 of 614 task(s) completed at 06/05/2020 19:20:44
INFO	[augustus]	123 of 614 task(s) completed at 06/05/2020 19:21:11
INFO	[augustus]	185 of 614 task(s) completed at 06/05/2020 19:21:46
INFO	[augustus]	246 of 614 task(s) completed at 06/05/2020 19:22:17
INFO	[augustus]	307 of 614 task(s) completed at 06/05/2020 19:22:49
INFO	[augustus]	369 of 614 task(s) completed at 06/05/2020 19:23:46
INFO	[augustus]	430 of 614 task(s) completed at 06/05/2020 19:24:39
INFO	[augustus]	492 of 614 task(s) completed at 06/05/2020 19:25:11
INFO	[augustus]	553 of 614 task(s) completed at 06/05/2020 19:25:39
INFO	[augustus]	614 of 614 task(s) completed at 06/05/2020 19:26:03
INFO	Extracting predicted proteins...
INFO	****** Step 3/3, current time: 06/05/2020 19:26:29 ******
INFO	Running HMMER to confirm orthology of predicted proteins:
INFO	[hmmsearch]	607 of 607 task(s) completed at 06/05/2020 19:26:34
INFO	Results:
INFO	C:80.7%[S:78.2%,D:2.5%],F:8.1%,M:11.2%,n:1440
INFO	1162 Complete BUSCOs (C)
INFO	1126 Complete and single-copy BUSCOs (S)
INFO	36 Complete and duplicated BUSCOs (D)
INFO	117 Fragmented BUSCOs (F)
INFO	161 Missing BUSCOs (M)
INFO	1440 Total BUSCO groups searched
INFO	BUSCO analysis done with WARNING(s). Total running time: 17543.83454823494 seconds
INFO	Results written in /bigdata/littlab/arajewski/Datura/4_BUSCO/run_20200605_Dstr_v1.3_iterated/

JobId=1481509 JobName=4a_BUSCO.sh
   UserId=arajewski(3080) GroupId=littlab(1144) MCS_label=N/A
   Priority=359552 Nice=0 Account=littlab QOS=normal
   JobState=RUNNING Reason=None Dependency=(null)
   Requeue=1 Restarts=0 BatchFlag=1 Reboot=0 ExitCode=0:0
   RunTime=04:52:27 TimeLimit=09:00:00 TimeMin=N/A
   SubmitTime=2020-06-05T14:34:31 EligibleTime=2020-06-05T14:34:31
   AccrueTime=2020-06-05T14:34:31
   StartTime=2020-06-05T14:34:31 EndTime=2020-06-05T23:34:31 Deadline=N/A
   SuspendTime=None SecsPreSuspend=0 LastSchedEval=2020-06-05T14:34:31
   Partition=batch AllocNode:Sid=i22.ib.hpcc.ucr.edu:155825
   ReqNodeList=(null) ExcNodeList=(null)
   NodeList=c02
   BatchHost=c02
   NumNodes=1 NumCPUs=30 NumTasks=1 CPUs/Task=30 ReqB:S:C:T=0:0:*:*
   TRES=cpu=30,mem=150G,node=1,billing=67
   Socks/Node=* NtasksPerN:B:S:C=0:0:*:* CoreSpec=*
   MinCPUsNode=30 MinMemoryCPU=5G MinTmpDiskNode=0
   Features=(null) DelayBoot=00:00:00
   OverSubscribe=OK Contiguous=0 Licenses=(null) Network=(null)
   Command=/bigdata/littlab/arajewski/Datura/4_BUSCO/4a_BUSCO.sh
   WorkDir=/bigdata/littlab/arajewski/Datura/4_BUSCO
   StdErr=/bigdata/littlab/arajewski/Datura/4_BUSCO/../history/4a_BUSCO-1481509.out
   StdIn=/dev/null
   StdOut=/bigdata/littlab/arajewski/Datura/4_BUSCO/../history/4a_BUSCO-1481509.out
   Power=

