WARNING	An augustus species is mentioned in the config file, dataset default species (arabidopsis) will be ignored
INFO	****************** Start a BUSCO 3.0.2 analysis, current time: 05/14/2020 09:51:07 ******************
INFO	Configuration loaded from /opt/linux/centos/7.x/x86_64/pkgs/busco/3.0.2/config/config.ini
INFO	Init tools...
INFO	Check dependencies...
INFO	Check input file...
INFO	To reproduce this run: python /opt/linux/centos/7.x/x86_64/pkgs/busco/3.0.2/scripts/run_BUSCO.py -i /bigdata/littlab/arajewski/Datura/3_quickmerge/Dstr_v1.6_l1000.fa -o 20200514_Dstr_Merged_l1000 -l /srv/projects/db/BUSCO/v9/embryophyta_odb9/ -m genome -c 60 -z -sp tomato
INFO	Mode is: genome
INFO	The lineage dataset is: embryophyta_odb9 (eukaryota)
WARNING	This is not an uncompleted run that can be restarted
INFO	Temp directory is ./tmp/
INFO	****** Phase 1 of 2, initial predictions ******
INFO	****** Step 1/3, current time: 05/14/2020 09:52:04 ******
INFO	Create blast database...
INFO	[makeblastdb]	Building a new DB, current time: 05/14/2020 09:52:04
INFO	[makeblastdb]	New DB name:   /bigdata/littlab/arajewski/Datura/4_BUSCO/tmp/20200514_Dstr_Merged_l1000_3623701125
INFO	[makeblastdb]	New DB title:  /bigdata/littlab/arajewski/Datura/3_quickmerge/Dstr_v1.6_l1000.fa
INFO	[makeblastdb]	Sequence type: Nucleotide
INFO	[makeblastdb]	Keep Linkouts: T
INFO	[makeblastdb]	Keep MBits: T
INFO	[makeblastdb]	Maximum file size: 1000000000B
INFO	[makeblastdb]	Adding sequences from FASTA; added 240308 sequences in 37.678 seconds.
INFO	[makeblastdb]	1 of 1 task(s) completed at 05/14/2020 09:52:42
INFO	Running tblastn, writing output to /bigdata/littlab/arajewski/Datura/4_BUSCO/run_20200514_Dstr_Merged_l1000/blast_output/tblastn_20200514_Dstr_Merged_l1000.tsv...
INFO	[tblastn]	1 of 1 task(s) completed at 05/14/2020 10:04:30
INFO	****** Step 2/3, current time: 05/14/2020 10:04:30 ******
INFO	Maximum number of candidate contig per BUSCO limited to: 3
INFO	Getting coordinates for candidate regions...
INFO	Pre-Augustus scaffold extraction...
INFO	Running Augustus prediction using tomato as species:
INFO	[augustus]	Please find all logs related to Augustus errors here: /bigdata/littlab/arajewski/Datura/4_BUSCO/run_20200514_Dstr_Merged_l1000/augustus_output/augustus.log
INFO	[augustus]	276 of 2755 task(s) completed at 05/14/2020 10:09:37
INFO	[augustus]	551 of 2755 task(s) completed at 05/14/2020 10:12:35
INFO	[augustus]	827 of 2755 task(s) completed at 05/14/2020 10:15:08
INFO	[augustus]	1102 of 2755 task(s) completed at 05/14/2020 10:17:28
INFO	[augustus]	1378 of 2755 task(s) completed at 05/14/2020 10:19:39
INFO	[augustus]	1653 of 2755 task(s) completed at 05/14/2020 10:21:34
INFO	[augustus]	1929 of 2755 task(s) completed at 05/14/2020 10:23:17
INFO	[augustus]	2204 of 2755 task(s) completed at 05/14/2020 10:24:54
INFO	[augustus]	2480 of 2755 task(s) completed at 05/14/2020 10:26:11
INFO	[augustus]	2755 of 2755 task(s) completed at 05/14/2020 10:27:16
INFO	Extracting predicted proteins...
INFO	****** Step 3/3, current time: 05/14/2020 10:28:36 ******
INFO	Running HMMER to confirm orthology of predicted proteins:
INFO	[hmmsearch]	813 of 2708 task(s) completed at 05/14/2020 10:28:40
INFO	[hmmsearch]	2708 of 2708 task(s) completed at 05/14/2020 10:28:48
INFO	Results:
INFO	C:87.1%[S:69.8%,D:17.3%],F:4.3%,M:8.6%,n:1440
INFO	1254 Complete BUSCOs (C)
INFO	1005 Complete and single-copy BUSCOs (S)
INFO	249 Complete and duplicated BUSCOs (D)
INFO	62 Fragmented BUSCOs (F)
INFO	124 Missing BUSCOs (M)
INFO	1440 Total BUSCO groups searched
INFO	****** Phase 2 of 2, predictions using species specific training ******
INFO	****** Step 1/3, current time: 05/14/2020 10:28:50 ******
INFO	Extracting missing and fragmented buscos from the ancestral_variants file...
INFO	Running tblastn, writing output to /bigdata/littlab/arajewski/Datura/4_BUSCO/run_20200514_Dstr_Merged_l1000/blast_output/tblastn_20200514_Dstr_Merged_l1000_missing_and_frag_rerun.tsv...
INFO	[tblastn]	1 of 1 task(s) completed at 05/14/2020 10:40:39
INFO	Maximum number of candidate contig per BUSCO limited to: 3
INFO	Getting coordinates for candidate regions...
INFO	****** Step 2/3, current time: 05/14/2020 10:40:42 ******
INFO	Training Augustus using Single-Copy Complete BUSCOs:
INFO	Converting predicted genes to short genbank files at 05/14/2020 10:40:42...
INFO	All files converted to short genbank files, now running the training scripts at 05/14/2020 11:24:58...
INFO	Pre-Augustus scaffold extraction...
INFO	Re-running Augustus with the new metaparameters, number of target BUSCOs: 186
INFO	[augustus]	37 of 363 task(s) completed at 05/14/2020 11:25:45
INFO	[augustus]	73 of 363 task(s) completed at 05/14/2020 11:25:55
INFO	[augustus]	109 of 363 task(s) completed at 05/14/2020 11:26:03
INFO	[augustus]	146 of 363 task(s) completed at 05/14/2020 11:26:14
INFO	[augustus]	182 of 363 task(s) completed at 05/14/2020 11:26:24
INFO	[augustus]	218 of 363 task(s) completed at 05/14/2020 11:26:36
INFO	[augustus]	255 of 363 task(s) completed at 05/14/2020 11:26:47
INFO	[augustus]	291 of 363 task(s) completed at 05/14/2020 11:26:59
INFO	[augustus]	327 of 363 task(s) completed at 05/14/2020 11:27:07
INFO	[augustus]	363 of 363 task(s) completed at 05/14/2020 11:27:27
INFO	Extracting predicted proteins...
INFO	****** Step 3/3, current time: 05/14/2020 11:27:38 ******
INFO	Running HMMER to confirm orthology of predicted proteins:
INFO	[hmmsearch]	217 of 361 task(s) completed at 05/14/2020 11:27:39
INFO	[hmmsearch]	361 of 361 task(s) completed at 05/14/2020 11:27:39
INFO	Results:
INFO	C:90.0%[S:72.5%,D:17.5%],F:3.5%,M:6.5%,n:1440
INFO	1296 Complete BUSCOs (C)
INFO	1044 Complete and single-copy BUSCOs (S)
INFO	252 Complete and duplicated BUSCOs (D)
INFO	50 Fragmented BUSCOs (F)
INFO	94 Missing BUSCOs (M)
INFO	1440 Total BUSCO groups searched
INFO	BUSCO analysis done with WARNING(s). Total running time: 5809.957922458649 seconds
INFO	Results written in /bigdata/littlab/arajewski/Datura/4_BUSCO/run_20200514_Dstr_Merged_l1000/

JobId=1133974 JobName=4a_BUSCO.sh
   UserId=arajewski(3080) GroupId=littlab(1144) MCS_label=N/A
   Priority=100000 Nice=0 Account=littlab QOS=normal
   JobState=RUNNING Reason=None Dependency=(null)
   Requeue=1 Restarts=0 BatchFlag=1 Reboot=0 ExitCode=0:0
   RunTime=01:36:52 TimeLimit=09:00:00 TimeMin=N/A
   SubmitTime=2020-05-14T09:51:05 EligibleTime=2020-05-14T09:51:05
   AccrueTime=2020-05-14T09:51:05
   StartTime=2020-05-14T09:51:05 EndTime=2020-05-14T18:51:05 Deadline=N/A
   SuspendTime=None SecsPreSuspend=0 LastSchedEval=2020-05-14T09:51:05
   Partition=intel AllocNode:Sid=pelican.ib.hpcc.ucr.edu:12011
   ReqNodeList=(null) ExcNodeList=(null)
   NodeList=i20
   BatchHost=i20
   NumNodes=1 NumCPUs=60 NumTasks=1 CPUs/Task=60 ReqB:S:C:T=0:0:*:*
   TRES=cpu=60,mem=300G,node=1,billing=135
   Socks/Node=* NtasksPerN:B:S:C=0:0:*:* CoreSpec=*
   MinCPUsNode=60 MinMemoryCPU=5G MinTmpDiskNode=0
   Features=(null) DelayBoot=00:00:00
   OverSubscribe=OK Contiguous=0 Licenses=(null) Network=(null)
   Command=/bigdata/littlab/arajewski/Datura/4_BUSCO/4a_BUSCO.sh
   WorkDir=/bigdata/littlab/arajewski/Datura/4_BUSCO
   StdErr=/bigdata/littlab/arajewski/Datura/4_BUSCO/../history/4a_BUSCO-1133974.out
   StdIn=/dev/null
   StdOut=/bigdata/littlab/arajewski/Datura/4_BUSCO/../history/4a_BUSCO-1133974.out
   Power=

