miniconda2/4.4.10(23):ERROR:150: Module 'miniconda2/4.4.10' conflicts with the currently loaded module(s) 'python/2.7.14'
miniconda2/4.4.10(23):ERROR:102: Tcl command execution failed: conflict    python

0
894 817 934 930 1104 1191 1255 1370 1484 1579 2291 2903 4012 5487 7100 10065 21873
Fri Mar 27 15:32:36 PDT 2020: 0
Fri Mar 27 15:32:36 PDT 2020: Running iteration 1 of Scaffmatch.
Running ScaffMatch
2020-03-27 15:32:51,597 - INFO - **--**--**--**--**--**--**--**--**--**--**--**--**--**--**--**--**
2020-03-27 15:32:51,597 - INFO - Settings used for this run of ScaffMatch are:
2020-03-27 15:32:51,598 - INFO -     scaff_dir  -- Dstr_v1.5-i2000
2020-03-27 15:32:51,598 - INFO -     ctg_fasta  -- /rhome/arajewski/bigdata/Datura/2_MaSuRCA338/flye/assembly.fasta
2020-03-27 15:32:51,598 - INFO -     libraries  -- {1: {'std': 894, 'sam2': 'ont.I2000.FastSG_K22.sam.rev.sam', 'sam1': 'ont.I2000.FastSG_K22.sam.fwd.sam', 'pm': 'fr', 'ins': 1935}}
2020-03-27 15:32:51,598 - INFO -     bundle_threshold  -- 5
2020-03-27 15:32:51,598 - INFO -     log_file  -- NONE
2020-03-27 15:32:51,598 - INFO - Stage I: Construct scaffolding graph
Traceback (most recent call last):
  File "/rhome/arajewski/bigdata/Datura/software/ScaffMatch/scaffmatch.py", line 140, in <module>
    scaffolder.scaffold()
  File "/bigdata/littlab/arajewski/Datura/software/ScaffMatch/pipeline/pipeline.py", line 49, in scaffold
    scaffgraph = self._graph_contruction()
  File "/bigdata/littlab/arajewski/Datura/software/ScaffMatch/pipeline/pipeline.py", line 25, in _graph_contruction
    return gconstructor.scaffolding_graph()
  File "/bigdata/littlab/arajewski/Datura/software/ScaffMatch/alignment/graph.py", line 45, in scaffolding_graph
    self._contigs_coverage()
  File "/bigdata/littlab/arajewski/Datura/software/ScaffMatch/alignment/graph.py", line 306, in _contigs_coverage
    self._IGORgraph.add_node(name + "_1", {'seq': seq, 'width': l}) # first strand
TypeError: add_node() takes exactly 2 arguments (3 given)
Fri Mar 27 15:33:05 PDT 2020: 1
Error: Contig fasta file does not exist!
Run command 'scaffmatch -h' for detailed help.
Fri Mar 27 15:33:05 PDT 2020: 2
Error: Contig fasta file does not exist!
Run command 'scaffmatch -h' for detailed help.
Fri Mar 27 15:33:05 PDT 2020: 3
Error: Contig fasta file does not exist!
Run command 'scaffmatch -h' for detailed help.
Fri Mar 27 15:33:05 PDT 2020: 4
Error: Contig fasta file does not exist!
Run command 'scaffmatch -h' for detailed help.
Fri Mar 27 15:33:05 PDT 2020: 5
Error: Contig fasta file does not exist!
Run command 'scaffmatch -h' for detailed help.
Fri Mar 27 15:33:05 PDT 2020: 6
Error: Contig fasta file does not exist!
Run command 'scaffmatch -h' for detailed help.
Fri Mar 27 15:33:06 PDT 2020: 7
Error: Contig fasta file does not exist!
Run command 'scaffmatch -h' for detailed help.
Fri Mar 27 15:33:06 PDT 2020: 8
Error: Contig fasta file does not exist!
Run command 'scaffmatch -h' for detailed help.
Fri Mar 27 15:33:06 PDT 2020: 9
Error: Contig fasta file does not exist!
Run command 'scaffmatch -h' for detailed help.
Fri Mar 27 15:33:06 PDT 2020: 10
Error: Contig fasta file does not exist!
Run command 'scaffmatch -h' for detailed help.
Fri Mar 27 15:33:06 PDT 2020: 11
Error: Contig fasta file does not exist!
Run command 'scaffmatch -h' for detailed help.
Fri Mar 27 15:33:06 PDT 2020: 12
Error: Contig fasta file does not exist!
Run command 'scaffmatch -h' for detailed help.
Fri Mar 27 15:33:06 PDT 2020: 13
Error: Contig fasta file does not exist!
Run command 'scaffmatch -h' for detailed help.
Fri Mar 27 15:33:06 PDT 2020: 14
Error: Contig fasta file does not exist!
Run command 'scaffmatch -h' for detailed help.
Fri Mar 27 15:33:06 PDT 2020: 15
Error: Contig fasta file does not exist!
Run command 'scaffmatch -h' for detailed help.
Fri Mar 27 15:33:06 PDT 2020: 16
Error: Contig fasta file does not exist!
Run command 'scaffmatch -h' for detailed help.
JobId=941967 JobName=5_ScaffMatch.sh
   UserId=arajewski(3080) GroupId=littlab(1144) MCS_label=N/A
   Priority=100148 Nice=0 Account=littlab QOS=highmem
   JobState=RUNNING Reason=None Dependency=(null)
   Requeue=1 Restarts=0 BatchFlag=1 Reboot=0 ExitCode=0:0
   RunTime=00:00:39 TimeLimit=3-00:00:00 TimeMin=N/A
   SubmitTime=2020-03-27T13:00:53 EligibleTime=2020-03-27T13:00:53
   AccrueTime=2020-03-27T13:00:53
   StartTime=2020-03-27T15:32:27 EndTime=2020-03-30T15:32:27 Deadline=N/A
   SuspendTime=None SecsPreSuspend=0 LastSchedEval=2020-03-27T15:32:27
   Partition=highmem AllocNode:Sid=pelican.ib.hpcc.ucr.edu:22028
   ReqNodeList=(null) ExcNodeList=(null)
   NodeList=h02
   BatchHost=h02
   NumNodes=1 NumCPUs=1 NumTasks=1 CPUs/Task=1 ReqB:S:C:T=0:0:*:*
   TRES=cpu=1,mem=150G,node=1,billing=38
   Socks/Node=* NtasksPerN:B:S:C=0:0:*:* CoreSpec=*
   MinCPUsNode=1 MinMemoryNode=150G MinTmpDiskNode=0
   Features=(null) DelayBoot=00:00:00
   OverSubscribe=OK Contiguous=0 Licenses=(null) Network=(null)
   Command=/bigdata/littlab/arajewski/Datura/3_Fast-SG/5_ScaffMatch.sh
   WorkDir=/bigdata/littlab/arajewski/Datura/3_Fast-SG
   StdErr=/bigdata/littlab/arajewski/Datura/3_Fast-SG/../history/5_ScaffMatch-941967.out
   StdIn=/dev/null
   StdOut=/bigdata/littlab/arajewski/Datura/3_Fast-SG/../history/5_ScaffMatch-941967.out
   Power=

