
########################################################
##### Extensive de-novo TE Annotator (EDTA) v1.8.3  ####
##### Shujun Ou (shujun.ou.1@gmail.com)             ####
########################################################



Mon Jun 15 10:55:35 PDT 2020	Dependency checking:
				All passed!

	A CDS file Dstr_v1.5.cds.fa is provided via --cds. Please make sure this is the DNA sequence of coding regions only.

Mon Jun 15 10:56:24 PDT 2020	Obtain raw TE libraries using various structure-based programs: 
Mon Jun 15 10:56:24 PDT 2020	EDTA_raw: Check dependencies, prepare working directories.

Mon Jun 15 10:56:32 PDT 2020	Start to find LTR candidates.

Mon Jun 15 10:56:32 PDT 2020	Existing result file Dstr_v1.5.trim.fa.mod.LTR.raw.fa found! Will keep this file without rerunning this module.
	Please specify --overwrite 1 if you want to rerun this module.

Mon Jun 15 10:56:32 PDT 2020	Finish finding LTR candidates.

Mon Jun 15 10:56:32 PDT 2020	Start to find TIR candidates.

Mon Jun 15 10:56:32 PDT 2020	Existing result file Dstr_v1.5.trim.fa.mod.TIR.raw.fa found! Will keep this file without rerunning this module.
	Please specify -overwrite 1 if you want to rerun this module.

Mon Jun 15 10:56:32 PDT 2020	Finish finding TIR candidates.

Mon Jun 15 10:56:32 PDT 2020	Start to find Helitron candidates.

Mon Jun 15 10:56:32 PDT 2020	Existing result file Dstr_v1.5.trim.fa.mod.Helitron.raw.fa found! Will keep this file without rerunning this module.
	Please specify -overwrite 1 if you want to rerun this module.

Mon Jun 15 10:56:32 PDT 2020	Finish finding Helitron candidates.

Mon Jun 15 10:56:32 PDT 2020	Execution of EDTA_raw.pl is finished!

Mon Jun 15 10:56:33 PDT 2020	Obtain raw TE libraries finished.
				All intact TEs found by EDTA: 
					Dstr_v1.5.trim.fa.mod.EDTA.intact.fa
					Dstr_v1.5.trim.fa.mod.EDTA.intact.gff

Mon Jun 15 10:56:33 PDT 2020	Perform EDTA advcance filtering for raw TE candidates and generate the stage 1 library: 

Mon Jun 15 11:22:15 PDT 2020	EDTA advcance filtering finished.

Mon Jun 15 11:22:15 PDT 2020	Perform EDTA final steps to generate a non-redundant comprehensive TE library:

				Skipping the RepeatModeler step (-sensitive 0).
				Run EDTA.pl --step final --sensitive 1 if you want to use RepeatModeler.

Mon Jun 15 11:22:16 PDT 2020	Clean up TE-related sequences in the CDS file with TEsorter:

2020-06-15 11:22:17,959 -WARNING- Grid computing is not available because DRMAA not configured properly: Could not find drmaa library.  Please specify its full path using the environment variable DRMAA_LIBRARY_PATH
2020-06-15 11:22:17,960 -INFO- No DRMAA, Switching to local/cluster mode.
2020-06-15 11:22:18,044 -INFO- VARS: {'sequence': 'Dstr_v1.5.cds.fa.mod', 'hmm_database': 'rexdb', 'seq_type': 'nucl', 'prefix': 'Dstr_v1.5.cds.fa.mod.rexdb', 'force_write_hmmscan': False, 'processors': 48, 'tmp_dir': './tmp', 'min_coverage': 20, 'max_evalue': 0.001, 'disable_pass2': False, 'pass2_rule': '80-80-80', 'no_library': False, 'no_reverse': False, 'no_cleanup': False, 'p2_identity': 80.0, 'p2_coverage': 80.0, 'p2_length': 80.0}
2020-06-15 11:22:18,044 -INFO- checking dependencies:
2020-06-15 11:22:18,140 -INFO- hmmer	3.3	OK
2020-06-15 11:22:18,337 -INFO- blastn	2.9.0+	OK
2020-06-15 11:22:18,338 -INFO- check database rexdb
2020-06-15 11:22:18,338 -INFO- db path: /rhome/arajewski/.conda/envs/EDTAenv/lib/python3.6/site-packages/TEsorter/database
2020-06-15 11:22:18,339 -INFO- db file: REXdb_protein_database_viridiplantae_v3.0_plus_metazoa_v3.hmm
2020-06-15 11:22:18,339 -INFO- db REXdb_protein_database_viridiplantae_v3.0_plus_metazoa_v3.hmm not yet ready, building db!
2020-06-15 11:22:19,143 -INFO- Working...    done.
Pressed and indexed 233 HMMs (233 names).
Models pressed into binary file:   /rhome/arajewski/.conda/envs/EDTAenv/lib/python3.6/site-packages/TEsorter/database/REXdb_protein_database_viridiplantae_v3.0_plus_metazoa_v3.hmm.h3m
SSI index for binary model file:   /rhome/arajewski/.conda/envs/EDTAenv/lib/python3.6/site-packages/TEsorter/database/REXdb_protein_database_viridiplantae_v3.0_plus_metazoa_v3.hmm.h3i
Profiles (MSV part) pressed into:  /rhome/arajewski/.conda/envs/EDTAenv/lib/python3.6/site-packages/TEsorter/database/REXdb_protein_database_viridiplantae_v3.0_plus_metazoa_v3.hmm.h3f
Profiles (remainder) pressed into: /rhome/arajewski/.conda/envs/EDTAenv/lib/python3.6/site-packages/TEsorter/database/REXdb_protein_database_viridiplantae_v3.0_plus_metazoa_v3.hmm.h3p

2020-06-15 11:22:19,151 -INFO- Start classifying pipeline
2020-06-15 11:22:20,094 -INFO- total 34905 sequences
2020-06-15 11:22:20,095 -INFO- translating `Dstr_v1.5.cds.fa.mod` in six frames
/rhome/arajewski/.conda/envs/EDTAenv/lib/python3.6/site-packages/Bio/Seq.py:2859: BiopythonWarning: Partial codon, len(sequence) not a multiple of three. Explicitly trim the sequence or add trailing N before translation. This may become an error in future.
  BiopythonWarning,
2020-06-15 11:24:14,383 -INFO- HMM scanning against `/rhome/arajewski/.conda/envs/EDTAenv/lib/python3.6/site-packages/TEsorter/database/REXdb_protein_database_viridiplantae_v3.0_plus_metazoa_v3.hmm`
2020-06-15 11:24:19,410 -INFO- Creating server instance (pp-1.6.4.4)
2020-06-15 11:24:19,410 -INFO- Running on Python 3.6.10 linux
2020-06-15 11:24:26,417 -INFO- pp local server started with 48 workers
2020-06-15 11:24:26,571 -INFO- Task 0 started
2020-06-15 11:24:26,574 -INFO- Task 1 started
2020-06-15 11:24:26,574 -INFO- Task 2 started
2020-06-15 11:24:26,576 -INFO- Task 3 started
2020-06-15 11:24:26,577 -INFO- Task 4 started
2020-06-15 11:24:26,578 -INFO- Task 5 started
2020-06-15 11:24:26,579 -INFO- Task 6 started
2020-06-15 11:24:26,581 -INFO- Task 7 started
2020-06-15 11:24:26,582 -INFO- Task 8 started
2020-06-15 11:24:26,583 -INFO- Task 9 started
2020-06-15 11:24:26,584 -INFO- Task 10 started
2020-06-15 11:24:26,585 -INFO- Task 11 started
2020-06-15 11:24:26,586 -INFO- Task 12 started
2020-06-15 11:24:26,587 -INFO- Task 13 started
2020-06-15 11:24:26,588 -INFO- Task 14 started
2020-06-15 11:24:26,590 -INFO- Task 15 started
2020-06-15 11:24:26,591 -INFO- Task 16 started
2020-06-15 11:24:26,592 -INFO- Task 17 started
2020-06-15 11:24:26,594 -INFO- Task 18 started
2020-06-15 11:24:26,596 -INFO- Task 19 started
2020-06-15 11:24:26,597 -INFO- Task 20 started
2020-06-15 11:24:26,598 -INFO- Task 21 started
2020-06-15 11:24:26,601 -INFO- Task 22 started
2020-06-15 11:24:26,603 -INFO- Task 23 started
2020-06-15 11:24:26,605 -INFO- Task 24 started
2020-06-15 11:24:26,606 -INFO- Task 25 started
2020-06-15 11:24:26,607 -INFO- Task 26 started
2020-06-15 11:24:26,609 -INFO- Task 27 started
2020-06-15 11:24:26,610 -INFO- Task 28 started
2020-06-15 11:24:26,611 -INFO- Task 29 started
2020-06-15 11:24:26,612 -INFO- Task 30 started
2020-06-15 11:24:26,613 -INFO- Task 31 started
2020-06-15 11:24:26,615 -INFO- Task 32 started
2020-06-15 11:24:26,616 -INFO- Task 33 started
2020-06-15 11:24:26,617 -INFO- Task 34 started
2020-06-15 11:24:26,618 -INFO- Task 35 started
2020-06-15 11:24:26,619 -INFO- Task 36 started
2020-06-15 11:24:26,621 -INFO- Task 37 started
2020-06-15 11:24:26,622 -INFO- Task 38 started
2020-06-15 11:24:26,625 -INFO- Task 39 started
2020-06-15 11:24:26,626 -INFO- Task 40 started
2020-06-15 11:24:26,627 -INFO- Task 41 started
2020-06-15 11:24:26,629 -INFO- Task 42 started
2020-06-15 11:24:26,630 -INFO- Task 43 started
2020-06-15 11:24:26,632 -INFO- Task 44 started
2020-06-15 11:24:26,634 -INFO- Task 45 started
2020-06-15 11:24:26,635 -INFO- Task 46 started
2020-06-15 11:24:26,636 -INFO- Task 47 started
2020-06-15 12:48:29,781 -INFO- generating gene anntations
2020-06-15 12:48:35,108 -INFO- 458 sequences classified by HMM
2020-06-15 12:48:35,108 -INFO- see protein domain sequences in `Dstr_v1.5.cds.fa.mod.rexdb.dom.faa` and annotation gff3 file in `Dstr_v1.5.cds.fa.mod.rexdb.dom.gff3`
2020-06-15 12:48:35,108 -INFO- classifying the unclassified sequences by searching against the classified ones
2020-06-15 12:48:38,071 -INFO- using the 80-80-80 rule
2020-06-15 12:48:38,071 -INFO- run CMD: `makeblastdb -in ./tmp/pass1_classified.fa -dbtype nucl`
2020-06-15 12:48:38,315 -INFO- run CMD: `blastn -query ./tmp/pass1_unclassified.fa -db ./tmp/pass1_classified.fa -out ./tmp/pass1_unclassified.fa.blastout -outfmt '6 qseqid sseqid pident length mismatch gapopen qstart qend sstart send evalue bitscore qlen slen qcovs qcovhsp sstrand' -num_threads 48`
2020-06-15 12:48:53,062 -INFO- 94 sequences classified in pass 2
2020-06-15 12:48:53,063 -INFO- total 552 sequences classified.
2020-06-15 12:48:53,063 -INFO- see classified sequences in `Dstr_v1.5.cds.fa.mod.rexdb.cls.tsv`
2020-06-15 12:48:53,063 -INFO- writing library for RepeatMasker in `Dstr_v1.5.cds.fa.mod.rexdb.cls.lib`
2020-06-15 12:48:55,360 -INFO- writing classified protein domains in `Dstr_v1.5.cds.fa.mod.rexdb.cls.pep`
2020-06-15 12:48:55,394 -INFO- Summary of classifications:
Order           Superfamily      # of Sequences# of Clade Sequences    # of Clades# of full Domains
LTR             Bel-Pao                       3              0              0              0
LTR             Copia                       105             70             12              0
LTR             Gypsy                       191            162             14              0
LTR             Retrovirus                    3              0              0              0
Penelope        unknown                       1              0              0              0
LINE            unknown                     129              0              0              0
TIR             MuDR_Mutator                 12              0              0              0
TIR             Novosib                       4              0              0              0
TIR             Tc1_Mariner                   1              0              0              0
TIR             hAT                           1              0              0              0
Maverick        unknown                     102              0              0              0
2020-06-15 12:48:55,395 -INFO- Pipeline done.
2020-06-15 12:48:55,395 -INFO- cleaning the temporary directory ./tmp
				Remove CDS-related sequences in the EDTA library:

Mon Jun 15 13:00:44 PDT 2020	EDTA final stage finished! You may check out:
				The final EDTA TE library: Dstr_v1.5.trim.fa.mod.EDTA.TElib.fa
Mon Jun 15 13:00:44 PDT 2020	Perform post-EDTA analysis for whole-genome annotation:

Mon Jun 15 13:00:44 PDT 2020	Homology-based annotation of TEs using Dstr_v1.5.trim.fa.mod.EDTA.TElib.fa from scratch.

Mon Jun 15 15:52:59 PDT 2020	TE annotation using the EDTA library has finished! Check out:
				Whole-genome TE annotation (total TE: 59.85%): Dstr_v1.5.trim.fa.mod.EDTA.TEanno.gff
				Whole-genome TE annotation summary: Dstr_v1.5.trim.fa.mod.EDTA.TEanno.sum
				Low-threshold TE masking for MAKER gene annotation (masked: 35.37%): Dstr_v1.5.trim.fa.mod.MAKER.masked

