
module unload miniconda2
/usr/bin/modulecmd bash $*
LOADEDMODULES=slurm/19.05.0:openmpi/4.0.1-slurm-19.05.0:ggobi/2.1.11:texlive/2017:pandoc/2.0:netcdf/4.4.1.1:java/8:geos/3.7.1:gdal/2.1.3:hdf5/1.10.1:R/3.6.0:perl/5.20.2:less-highlight/1.0:iigb_utilities/1:vim/8.1:miniconda3/4.3.31 ;export LOADEDMODULES;PATH=/opt/linux/centos/7.x/x86_64/pkgs/miniconda3/4.3.31/bin:/opt/linux/centos/7.x/x86_64/pkgs/vim/8.1/bin:/opt/linux/centos/7.x/x86_64/pkgs/iigb_utilities/1/bin:/opt/linux/centos/7.x/x86_64/pkgs/perl/5.20.2/bin:/opt/linux/centos/7.x/x86_64/pkgs/hdf5/1.10.1/bin:/opt/linux/centos/7.x/x86_64/pkgs/gdal/2.1.3/bin:/opt/linux/centos/7.x/x86_64/pkgs/geos/3.7.1/bin:/opt/linux/centos/7.x/x86_64/pkgs/java/jdk1.8.0_45/bin:/opt/linux/centos/7.x/x86_64/pkgs/netcdf/4.4.1.1/bin:/opt/linux/centos/7.x/x86_64/pkgs/pandoc/2.0/bin:/opt/linux/centos/7.x/x86_64/pkgs/texlive/2017/bin/x86_64-linux:/opt/linux/centos/7.x/x86_64/pkgs/ggobi/2.1.11/bin:/opt/linux/centos/7.x/x86_64/pkgs/R/3.6.0/bin:/opt/linux/centos/7.x/x86_64/pkgs/openmpi/4.0.1-slurm-19.05.0/bin:/opt/linux/centos/7.x/x86_64/pkgs/slurm/19.05.0/bin:/opt/linux/centos/7.x/x86_64/pkgs/slurm/19.05.0/sbin:/usr/bin:/bin:/usr/local/games:/usr/games:/usr/local/bin:/usr/lpp/mmfs/bin:/opt/ibutils/bin ;export PATH;_LMFILES_=/opt/linux/centos/7.x/x86_64/modules/slurm/19.05.0:/opt/linux/centos/7.x/x86_64/modules/openmpi/4.0.1-slurm-19.05.0:/opt/linux/centos/7.x/x86_64/modules/ggobi/2.1.11:/opt/linux/centos/7.x/x86_64/modules/texlive/2017:/opt/linux/centos/7.x/x86_64/modules/pandoc/2.0:/opt/linux/centos/7.x/x86_64/modules/netcdf/4.4.1.1:/opt/linux/centos/7.x/x86_64/modules/java/8:/opt/linux/centos/7.x/x86_64/modules/geos/3.7.1:/opt/linux/centos/7.x/x86_64/modules/gdal/2.1.3:/opt/linux/centos/7.x/x86_64/modules/hdf5/1.10.1:/opt/linux/centos/7.x/x86_64/modules/R/3.6.0:/opt/linux/centos/7.x/x86_64/modules/perl/5.20.2:/opt/linux/centos/7.x/x86_64/modules/less-highlight/1.0:/opt/linux/centos/7.x/x86_64/modules/iigb_utilities/1:/opt/linux/centos/7.x/x86_64/modules/vim/8.1:/opt/linux/centos/7.x/x86_64/modules/miniconda3/4.3.31 ;export _LMFILES_;
module load miniconda3
/usr/bin/modulecmd bash $*
module load bwa/0.7.17
/usr/bin/modulecmd bash $*
LOADEDMODULES=slurm/19.05.0:openmpi/4.0.1-slurm-19.05.0:ggobi/2.1.11:texlive/2017:pandoc/2.0:netcdf/4.4.1.1:java/8:geos/3.7.1:gdal/2.1.3:hdf5/1.10.1:R/3.6.0:perl/5.20.2:less-highlight/1.0:iigb_utilities/1:vim/8.1:miniconda3/4.3.31:bwa/0.7.17 ;export LOADEDMODULES;MANPATH=/opt/linux/centos/7.x/x86_64/pkgs/bwa/0.7.17/share/man:/opt/linux/centos/7.x/x86_64/pkgs/vim/8.1/share/man:/opt/linux/centos/7.x/x86_64/pkgs/perl/5.20.2/man:/opt/linux/centos/7.x/x86_64/pkgs/java/jdk1.8.0_45/man:/opt/linux/centos/7.x/x86_64/pkgs/netcdf/4.4.1.1/share/man:/opt/linux/centos/7.x/x86_64/pkgs/ggobi/2.1.11/share/man:/opt/linux/centos/7.x/x86_64/pkgs/R/3.6.0/share/man:/opt/linux/centos/7.x/x86_64/pkgs/openmpi/4.0.1-slurm-19.05.0/share/man:/opt/linux/centos/7.x/x86_64/pkgs/slurm/19.05.0/share/man:/usr/share/man:/usr/local/share/man ;export MANPATH;PATH=/opt/linux/centos/7.x/x86_64/pkgs/bwa/0.7.17:/opt/linux/centos/7.x/x86_64/pkgs/miniconda3/4.3.31/bin:/opt/linux/centos/7.x/x86_64/pkgs/vim/8.1/bin:/opt/linux/centos/7.x/x86_64/pkgs/iigb_utilities/1/bin:/opt/linux/centos/7.x/x86_64/pkgs/perl/5.20.2/bin:/opt/linux/centos/7.x/x86_64/pkgs/hdf5/1.10.1/bin:/opt/linux/centos/7.x/x86_64/pkgs/gdal/2.1.3/bin:/opt/linux/centos/7.x/x86_64/pkgs/geos/3.7.1/bin:/opt/linux/centos/7.x/x86_64/pkgs/java/jdk1.8.0_45/bin:/opt/linux/centos/7.x/x86_64/pkgs/netcdf/4.4.1.1/bin:/opt/linux/centos/7.x/x86_64/pkgs/pandoc/2.0/bin:/opt/linux/centos/7.x/x86_64/pkgs/texlive/2017/bin/x86_64-linux:/opt/linux/centos/7.x/x86_64/pkgs/ggobi/2.1.11/bin:/opt/linux/centos/7.x/x86_64/pkgs/R/3.6.0/bin:/opt/linux/centos/7.x/x86_64/pkgs/openmpi/4.0.1-slurm-19.05.0/bin:/opt/linux/centos/7.x/x86_64/pkgs/slurm/19.05.0/bin:/opt/linux/centos/7.x/x86_64/pkgs/slurm/19.05.0/sbin:/usr/bin:/bin:/usr/local/games:/usr/games:/usr/local/bin:/usr/lpp/mmfs/bin:/opt/ibutils/bin ;export PATH;_LMFILES_=/opt/linux/centos/7.x/x86_64/modules/slurm/19.05.0:/opt/linux/centos/7.x/x86_64/modules/openmpi/4.0.1-slurm-19.05.0:/opt/linux/centos/7.x/x86_64/modules/ggobi/2.1.11:/opt/linux/centos/7.x/x86_64/modules/texlive/2017:/opt/linux/centos/7.x/x86_64/modules/pandoc/2.0:/opt/linux/centos/7.x/x86_64/modules/netcdf/4.4.1.1:/opt/linux/centos/7.x/x86_64/modules/java/8:/opt/linux/centos/7.x/x86_64/modules/geos/3.7.1:/opt/linux/centos/7.x/x86_64/modules/gdal/2.1.3:/opt/linux/centos/7.x/x86_64/modules/hdf5/1.10.1:/opt/linux/centos/7.x/x86_64/modules/R/3.6.0:/opt/linux/centos/7.x/x86_64/modules/perl/5.20.2:/opt/linux/centos/7.x/x86_64/modules/less-highlight/1.0:/opt/linux/centos/7.x/x86_64/modules/iigb_utilities/1:/opt/linux/centos/7.x/x86_64/modules/vim/8.1:/opt/linux/centos/7.x/x86_64/modules/miniconda3/4.3.31:/opt/linux/centos/7.x/x86_64/modules/bwa/0.7.17 ;export _LMFILES_;
module load samtools/1.9
/usr/bin/modulecmd bash $*
CPATH=/opt/linux/centos/7.x/x86_64/pkgs/htslib/1.9/include:/opt/linux/centos/7.x/x86_64/pkgs/gdal/2.1.3/include:/opt/linux/centos/7.x/x86_64/pkgs/ggobi/2.1.11/include/ggobi:/opt/linux/centos/7.x/x86_64/pkgs/R/3.6.0/lib64/R/include:/opt/linux/centos/7.x/x86_64/pkgs/openmpi/4.0.1-slurm-19.05.0/include ;export CPATH;LD_LIBRARY_PATH=/opt/linux/centos/7.x/x86_64/pkgs/htslib/1.9/lib:/opt/linux/centos/7.x/x86_64/pkgs/hdf5/1.10.1/lib:/opt/linux/centos/7.x/x86_64/pkgs/gdal/2.1.3/lib:/opt/linux/centos/7.x/x86_64/pkgs/geos/3.7.1/lib:/opt/linux/centos/7.x/x86_64/pkgs/java/jdk1.8.0_45/lib:/opt/linux/centos/7.x/x86_64/pkgs/netcdf/4.4.1.1/lib:/opt/linux/centos/7.x/x86_64/pkgs/ggobi/2.1.11/lib:/opt/linux/centos/7.x/x86_64/pkgs/R/3.6.0/lib64/R/lib:/opt/linux/centos/7.x/x86_64/pkgs/openmpi/4.0.1-slurm-19.05.0/lib:/opt/linux/centos/7.x/x86_64/pkgs/openmpi/4.0.1-slurm-19.05.0/lib/openmpi:/opt/linux/centos/7.x/x86_64/pkgs/slurm/19.05.0/lib ;export LD_LIBRARY_PATH;LIBRARY_PATH=/opt/linux/centos/7.x/x86_64/pkgs/htslib/1.9/lib:/opt/linux/centos/7.x/x86_64/pkgs/gdal/2.1.3/lib:/opt/linux/centos/7.x/x86_64/pkgs/R/3.6.0/lib64/R/lib:/opt/linux/centos/7.x/x86_64/pkgs/openmpi/4.0.1-slurm-19.05.0/lib ;export LIBRARY_PATH;LOADEDMODULES=slurm/19.05.0:openmpi/4.0.1-slurm-19.05.0:ggobi/2.1.11:texlive/2017:pandoc/2.0:netcdf/4.4.1.1:java/8:geos/3.7.1:gdal/2.1.3:hdf5/1.10.1:R/3.6.0:perl/5.20.2:less-highlight/1.0:iigb_utilities/1:vim/8.1:miniconda3/4.3.31:bwa/0.7.17:htslib/1.9:samtools/1.9 ;export LOADEDMODULES;MANPATH=/opt/linux/centos/7.x/x86_64/pkgs/samtools/1.9/share/man:/opt/linux/centos/7.x/x86_64/pkgs/htslib/1.9/share/man:/opt/linux/centos/7.x/x86_64/pkgs/bwa/0.7.17/share/man:/opt/linux/centos/7.x/x86_64/pkgs/vim/8.1/share/man:/opt/linux/centos/7.x/x86_64/pkgs/perl/5.20.2/man:/opt/linux/centos/7.x/x86_64/pkgs/java/jdk1.8.0_45/man:/opt/linux/centos/7.x/x86_64/pkgs/netcdf/4.4.1.1/share/man:/opt/linux/centos/7.x/x86_64/pkgs/ggobi/2.1.11/share/man:/opt/linux/centos/7.x/x86_64/pkgs/R/3.6.0/share/man:/opt/linux/centos/7.x/x86_64/pkgs/openmpi/4.0.1-slurm-19.05.0/share/man:/opt/linux/centos/7.x/x86_64/pkgs/slurm/19.05.0/share/man:/usr/share/man:/usr/local/share/man ;export MANPATH;PATH=/opt/linux/centos/7.x/x86_64/pkgs/samtools/1.9/bin:/opt/linux/centos/7.x/x86_64/pkgs/htslib/1.9/bin:/opt/linux/centos/7.x/x86_64/pkgs/bwa/0.7.17:/opt/linux/centos/7.x/x86_64/pkgs/miniconda3/4.3.31/bin:/opt/linux/centos/7.x/x86_64/pkgs/vim/8.1/bin:/opt/linux/centos/7.x/x86_64/pkgs/iigb_utilities/1/bin:/opt/linux/centos/7.x/x86_64/pkgs/perl/5.20.2/bin:/opt/linux/centos/7.x/x86_64/pkgs/hdf5/1.10.1/bin:/opt/linux/centos/7.x/x86_64/pkgs/gdal/2.1.3/bin:/opt/linux/centos/7.x/x86_64/pkgs/geos/3.7.1/bin:/opt/linux/centos/7.x/x86_64/pkgs/java/jdk1.8.0_45/bin:/opt/linux/centos/7.x/x86_64/pkgs/netcdf/4.4.1.1/bin:/opt/linux/centos/7.x/x86_64/pkgs/pandoc/2.0/bin:/opt/linux/centos/7.x/x86_64/pkgs/texlive/2017/bin/x86_64-linux:/opt/linux/centos/7.x/x86_64/pkgs/ggobi/2.1.11/bin:/opt/linux/centos/7.x/x86_64/pkgs/R/3.6.0/bin:/opt/linux/centos/7.x/x86_64/pkgs/openmpi/4.0.1-slurm-19.05.0/bin:/opt/linux/centos/7.x/x86_64/pkgs/slurm/19.05.0/bin:/opt/linux/centos/7.x/x86_64/pkgs/slurm/19.05.0/sbin:/usr/bin:/bin:/usr/local/games:/usr/games:/usr/local/bin:/usr/lpp/mmfs/bin:/opt/ibutils/bin ;export PATH;SAMTOOLS_PATH=/opt/linux/centos/7.x/x86_64/pkgs/samtools/1.9/bin ;export SAMTOOLS_PATH;_LMFILES_=/opt/linux/centos/7.x/x86_64/modules/slurm/19.05.0:/opt/linux/centos/7.x/x86_64/modules/openmpi/4.0.1-slurm-19.05.0:/opt/linux/centos/7.x/x86_64/modules/ggobi/2.1.11:/opt/linux/centos/7.x/x86_64/modules/texlive/2017:/opt/linux/centos/7.x/x86_64/modules/pandoc/2.0:/opt/linux/centos/7.x/x86_64/modules/netcdf/4.4.1.1:/opt/linux/centos/7.x/x86_64/modules/java/8:/opt/linux/centos/7.x/x86_64/modules/geos/3.7.1:/opt/linux/centos/7.x/x86_64/modules/gdal/2.1.3:/opt/linux/centos/7.x/x86_64/modules/hdf5/1.10.1:/opt/linux/centos/7.x/x86_64/modules/R/3.6.0:/opt/linux/centos/7.x/x86_64/modules/perl/5.20.2:/opt/linux/centos/7.x/x86_64/modules/less-highlight/1.0:/opt/linux/centos/7.x/x86_64/modules/iigb_utilities/1:/opt/linux/centos/7.x/x86_64/modules/vim/8.1:/opt/linux/centos/7.x/x86_64/modules/miniconda3/4.3.31:/opt/linux/centos/7.x/x86_64/modules/bwa/0.7.17:/opt/linux/centos/7.x/x86_64/modules/htslib/1.9:/opt/linux/centos/7.x/x86_64/modules/samtools/1.9 ;export _LMFILES_;
module load freebayes/1.3.1
/usr/bin/modulecmd bash $*
LD_LIBRARY_PATH=/opt/linux/centos/7.x/x86_64/pkgs/freebayes/1.3.1/lib/bamtools:/opt/linux/centos/7.x/x86_64/pkgs/htslib/1.9/lib:/opt/linux/centos/7.x/x86_64/pkgs/hdf5/1.10.1/lib:/opt/linux/centos/7.x/x86_64/pkgs/gdal/2.1.3/lib:/opt/linux/centos/7.x/x86_64/pkgs/geos/3.7.1/lib:/opt/linux/centos/7.x/x86_64/pkgs/java/jdk1.8.0_45/lib:/opt/linux/centos/7.x/x86_64/pkgs/netcdf/4.4.1.1/lib:/opt/linux/centos/7.x/x86_64/pkgs/ggobi/2.1.11/lib:/opt/linux/centos/7.x/x86_64/pkgs/R/3.6.0/lib64/R/lib:/opt/linux/centos/7.x/x86_64/pkgs/openmpi/4.0.1-slurm-19.05.0/lib:/opt/linux/centos/7.x/x86_64/pkgs/openmpi/4.0.1-slurm-19.05.0/lib/openmpi:/opt/linux/centos/7.x/x86_64/pkgs/slurm/19.05.0/lib ;export LD_LIBRARY_PATH;LOADEDMODULES=slurm/19.05.0:openmpi/4.0.1-slurm-19.05.0:ggobi/2.1.11:texlive/2017:pandoc/2.0:netcdf/4.4.1.1:java/8:geos/3.7.1:gdal/2.1.3:hdf5/1.10.1:R/3.6.0:perl/5.20.2:less-highlight/1.0:iigb_utilities/1:vim/8.1:miniconda3/4.3.31:bwa/0.7.17:htslib/1.9:samtools/1.9:freebayes/1.3.1 ;export LOADEDMODULES;PATH=/opt/linux/centos/7.x/x86_64/pkgs/freebayes/1.3.1/vcflib/bin:/opt/linux/centos/7.x/x86_64/pkgs/freebayes/1.3.1/bin:/opt/linux/centos/7.x/x86_64/pkgs/freebayes/1.3.1/scripts:/opt/linux/centos/7.x/x86_64/pkgs/samtools/1.9/bin:/opt/linux/centos/7.x/x86_64/pkgs/htslib/1.9/bin:/opt/linux/centos/7.x/x86_64/pkgs/bwa/0.7.17:/opt/linux/centos/7.x/x86_64/pkgs/miniconda3/4.3.31/bin:/opt/linux/centos/7.x/x86_64/pkgs/vim/8.1/bin:/opt/linux/centos/7.x/x86_64/pkgs/iigb_utilities/1/bin:/opt/linux/centos/7.x/x86_64/pkgs/perl/5.20.2/bin:/opt/linux/centos/7.x/x86_64/pkgs/hdf5/1.10.1/bin:/opt/linux/centos/7.x/x86_64/pkgs/gdal/2.1.3/bin:/opt/linux/centos/7.x/x86_64/pkgs/geos/3.7.1/bin:/opt/linux/centos/7.x/x86_64/pkgs/java/jdk1.8.0_45/bin:/opt/linux/centos/7.x/x86_64/pkgs/netcdf/4.4.1.1/bin:/opt/linux/centos/7.x/x86_64/pkgs/pandoc/2.0/bin:/opt/linux/centos/7.x/x86_64/pkgs/texlive/2017/bin/x86_64-linux:/opt/linux/centos/7.x/x86_64/pkgs/ggobi/2.1.11/bin:/opt/linux/centos/7.x/x86_64/pkgs/R/3.6.0/bin:/opt/linux/centos/7.x/x86_64/pkgs/openmpi/4.0.1-slurm-19.05.0/bin:/opt/linux/centos/7.x/x86_64/pkgs/slurm/19.05.0/bin:/opt/linux/centos/7.x/x86_64/pkgs/slurm/19.05.0/sbin:/usr/bin:/bin:/usr/local/games:/usr/games:/usr/local/bin:/usr/lpp/mmfs/bin:/opt/ibutils/bin ;export PATH;_LMFILES_=/opt/linux/centos/7.x/x86_64/modules/slurm/19.05.0:/opt/linux/centos/7.x/x86_64/modules/openmpi/4.0.1-slurm-19.05.0:/opt/linux/centos/7.x/x86_64/modules/ggobi/2.1.11:/opt/linux/centos/7.x/x86_64/modules/texlive/2017:/opt/linux/centos/7.x/x86_64/modules/pandoc/2.0:/opt/linux/centos/7.x/x86_64/modules/netcdf/4.4.1.1:/opt/linux/centos/7.x/x86_64/modules/java/8:/opt/linux/centos/7.x/x86_64/modules/geos/3.7.1:/opt/linux/centos/7.x/x86_64/modules/gdal/2.1.3:/opt/linux/centos/7.x/x86_64/modules/hdf5/1.10.1:/opt/linux/centos/7.x/x86_64/modules/R/3.6.0:/opt/linux/centos/7.x/x86_64/modules/perl/5.20.2:/opt/linux/centos/7.x/x86_64/modules/less-highlight/1.0:/opt/linux/centos/7.x/x86_64/modules/iigb_utilities/1:/opt/linux/centos/7.x/x86_64/modules/vim/8.1:/opt/linux/centos/7.x/x86_64/modules/miniconda3/4.3.31:/opt/linux/centos/7.x/x86_64/modules/bwa/0.7.17:/opt/linux/centos/7.x/x86_64/modules/htslib/1.9:/opt/linux/centos/7.x/x86_64/modules/samtools/1.9:/opt/linux/centos/7.x/x86_64/modules/freebayes/1.3.1 ;export _LMFILES_;
conda activate Datura
PS1='(Datura) '
export PATH='/opt/linux/centos/7.x/x86_64/pkgs/freebayes/1.3.1/vcflib/bin:/opt/linux/centos/7.x/x86_64/pkgs/freebayes/1.3.1/bin:/opt/linux/centos/7.x/x86_64/pkgs/freebayes/1.3.1/scripts:/opt/linux/centos/7.x/x86_64/pkgs/samtools/1.9/bin:/opt/linux/centos/7.x/x86_64/pkgs/htslib/1.9/bin:/opt/linux/centos/7.x/x86_64/pkgs/bwa/0.7.17:/rhome/arajewski/.conda/envs/Datura/bin:/opt/linux/centos/7.x/x86_64/pkgs/vim/8.1/bin:/opt/linux/centos/7.x/x86_64/pkgs/iigb_utilities/1/bin:/opt/linux/centos/7.x/x86_64/pkgs/perl/5.20.2/bin:/opt/linux/centos/7.x/x86_64/pkgs/hdf5/1.10.1/bin:/opt/linux/centos/7.x/x86_64/pkgs/gdal/2.1.3/bin:/opt/linux/centos/7.x/x86_64/pkgs/geos/3.7.1/bin:/opt/linux/centos/7.x/x86_64/pkgs/java/jdk1.8.0_45/bin:/opt/linux/centos/7.x/x86_64/pkgs/netcdf/4.4.1.1/bin:/opt/linux/centos/7.x/x86_64/pkgs/pandoc/2.0/bin:/opt/linux/centos/7.x/x86_64/pkgs/texlive/2017/bin/x86_64-linux:/opt/linux/centos/7.x/x86_64/pkgs/ggobi/2.1.11/bin:/opt/linux/centos/7.x/x86_64/pkgs/R/3.6.0/bin:/opt/linux/centos/7.x/x86_64/pkgs/openmpi/4.0.1-slurm-19.05.0/bin:/opt/linux/centos/7.x/x86_64/pkgs/slurm/19.05.0/bin:/opt/linux/centos/7.x/x86_64/pkgs/slurm/19.05.0/sbin:/usr/bin:/bin:/usr/local/games:/usr/games:/usr/local/bin:/usr/lpp/mmfs/bin:/opt/ibutils/bin'
export CONDA_PREFIX='/rhome/arajewski/.conda/envs/Datura'
export CONDA_SHLVL='2'
export CONDA_DEFAULT_ENV='Datura'
export CONDA_PROMPT_MODIFIER='(Datura) '
export CONDA_EXE='/opt/linux/centos/7.x/x86_64/pkgs/miniconda3/4.3.31/bin/conda'
export _CE_M=''
export _CE_CONDA=''
export CONDA_PYTHON_EXE='/opt/linux/centos/7.x/x86_64/pkgs/miniconda3/4.3.31/bin/python'
export CONDA_PREFIX_1='/opt/linux/centos/7.x/x86_64/pkgs/miniconda3/4.3.31'

evaluate_consensus_error_rate.sh \
    -a /rhome/arajewski/bigdata/Datura/2_MaSuRCA333/flye/assembly.fasta \
    -r /rhome/arajewski/bigdata/Datura/2_MaSuRCA331/n1.renamed.fastq \
    -t $SLURM_NTASKS
[bwa_index] Pack FASTA... 10.64 sec
[bwa_index] Construct BWT for the packed sequence...
[BWTIncCreate] textLength=1582410600, availableWord=123344156
[BWTIncConstructFromPacked] 10 iterations done. 99999992 characters processed.
[BWTIncConstructFromPacked] 20 iterations done. 199999992 characters processed.
[BWTIncConstructFromPacked] 30 iterations done. 299999992 characters processed.
[BWTIncConstructFromPacked] 40 iterations done. 399999992 characters processed.
[BWTIncConstructFromPacked] 50 iterations done. 499999992 characters processed.
[BWTIncConstructFromPacked] 60 iterations done. 599999992 characters processed.
[BWTIncConstructFromPacked] 70 iterations done. 699999992 characters processed.
[BWTIncConstructFromPacked] 80 iterations done. 799999992 characters processed.
[BWTIncConstructFromPacked] 90 iterations done. 899999992 characters processed.
[BWTIncConstructFromPacked] 100 iterations done. 994943496 characters processed.
[BWTIncConstructFromPacked] 110 iterations done. 1079331512 characters processed.
[BWTIncConstructFromPacked] 120 iterations done. 1154331848 characters processed.
[BWTIncConstructFromPacked] 130 iterations done. 1220988312 characters processed.
[BWTIncConstructFromPacked] 140 iterations done. 1280228728 characters processed.
[BWTIncConstructFromPacked] 150 iterations done. 1332877720 characters processed.
[BWTIncConstructFromPacked] 160 iterations done. 1379668280 characters processed.
[BWTIncConstructFromPacked] 170 iterations done. 1421251832 characters processed.
[BWTIncConstructFromPacked] 180 iterations done. 1458207384 characters processed.
[BWTIncConstructFromPacked] 190 iterations done. 1491049528 characters processed.
[BWTIncConstructFromPacked] 200 iterations done. 1520235656 characters processed.
[BWTIncConstructFromPacked] 210 iterations done. 1546172376 characters processed.
[BWTIncConstructFromPacked] 220 iterations done. 1569220936 characters processed.
[bwt_gen] Finished constructing BWT in 227 iterations.
[bwa_index] 625.59 seconds elapse.
[bwa_index] Update BWT... 6.13 sec
[bwa_index] Pack forward-only FASTA... 6.48 sec
[bwa_index] Construct SA from BWT and Occ... 214.87 sec
[main] Version: 0.7.17-r1188
[main] CMD: /opt/linux/centos/7.x/x86_64/pkgs/bwa/0.7.17/bwa index -p assembly.fasta.bwa /rhome/arajewski/bigdata/Datura/2_MaSuRCA333/flye/assembly.fasta
[main] Real time: 864.124 sec; CPU: 863.725 sec
[bam_sort] Use -T PREFIX / -o FILE to specify temporary and final output files
Usage: samtools sort [options...] [in.bam]
Options:
  -l INT     Set compression level, from 0 (uncompressed) to 9 (best)
  -m INT     Set maximum memory per thread; suffix K/M/G recognized [768M]
  -n         Sort by read name
  -t TAG     Sort by value of TAG. Uses position as secondary index (or read name if -n is set)
  -o FILE    Write final output to FILE rather than standard output
  -T PREFIX  Write temporary files to PREFIX.nnnn.bam
      --input-fmt-option OPT[=VAL]
               Specify a single input file format option in the form
               of OPTION or OPTION=VALUE
  -O, --output-fmt FORMAT[,OPT[=VAL]]...
               Specify output format (SAM, BAM, CRAM)
      --output-fmt-option OPT[=VAL]
               Specify a single output file format option in the form
               of OPTION or OPTION=VALUE
      --reference FILE
               Reference sequence FASTA FILE [null]
  -@, --threads INT
               Number of additional threads to use [0]
[E::hts_open_format] Failed to open file assembly.fasta.alignSorted.bam
ERROR(freebayes): Could not open input BAM file: assembly.fasta.alignSorted.bam
