Running Funannotate predict on Dstr_v1.4.masked.l5000.fa
Setting AUGUSTUS path to local directories
/bigdata/littlab/arajewski/Datura/5_Funannotate/augustus/scripts is the scripts path
/bigdata/littlab/arajewski/Datura/5_Funannotate/augustus/bin is the binaries path
/bigdata/littlab/arajewski/Datura/5_Funannotate/augustus/config is the config path
-------------------------------------------------------
[09:55 AM]: OS: linux2, 32 cores, ~ 1057 GB RAM. Python: 2.7.15
[09:55 AM]: Running funannotate v1.6.0-98d4d3f
[09:55 AM]: Found training files, will re-use these files:
  --rna_bam trainl5000/training/funannotate_train.coordSorted.bam
  --pasa_gff trainl5000/training/funannotate_train.pasa.gff3
  --stringtie trainl5000/training/funannotate_train.stringtie.gtf
  --transcript_alignments trainl5000/training/funannotate_train.transcripts.gff3
[09:55 AM]: Augustus training set for datura_stramonium_3 already exists. To re-train provide unique --augustus_species argument
[09:55 AM]: AUGUSTUS (3.3.3) detected, version seems to be compatible with BRAKER and BUSCO
[09:56 AM]: Loading genome assembly and parsing soft-masked repetitive sequences
[10:02 AM]: Genome loaded: 19,150 scaffolds; 1,697,703,565 bp; 8.04% repeats masked
[10:02 AM]: Existing transcript alignments found: trainl5000/predict_misc/transcript_alignments.gff3
[10:02 AM]: Existing RNA-seq BAM hints found: trainl5000/predict_misc/hints.BAM.gff
[10:02 AM]: Existing protein alignments found: trainl5000/predict_misc/protein_alignments.gff3
[10:02 AM]: Filtering PASA data for suitable training set
[10:04 AM]: 4,519 of 23,341 models pass training parameters
[10:04 AM]: Running Augustus gene prediction
[10:05 AM]: Existing GeneMark annotation found: trainl5000/predict_misc/genemark.gff
[10:06 AM]: Found 101,706 gene models
[10:06 AM]: Pulling out high quality Augustus predictions
[10:07 AM]: Found 11,420 high quality predictions from Augustus (>90% exon evidence)
[10:07 AM]: Running CodingQuarry prediction using stringtie alignments
[10:07 AM]: $QUARRY_PATH is not set, set to QuarryFiles directory to run CodingQuarry
[10:07 AM]: Using existing snap results: trainl5000/predict_misc/snap-predictions.gff3
[10:07 AM]: 298,107 predictions from SNAP
[10:07 AM]: Using existing GlimmerHMM results: trainl5000/predict_misc/glimmerhmm-predictions.gff3
[10:07 AM]: 315,943 predictions from GlimmerHMM
[10:07 AM]: Summary of gene models passed to EVM (weights):
[10:07 AM]: Setting up EVM partitions
slurmstepd-h03: error: *** JOB 938824 ON h03 CANCELLED AT 2020-03-25T10:53:00 ***
