
module load funannotate/1.6.0
/usr/bin/modulecmd bash $*
module load miniconda3/4.3.31; source activate funannotate; CPATH=/opt/linux/centos/7.x/x86_64/pkgs/htslib/1.9/include:/opt/linux/centos/7.x/x86_64/pkgs/htslib/1.6/include:/opt/linux/centos/7.x/x86_64/pkgs/bamtools/2.4.0/include:/opt/linux/centos/7.x/x86_64/pkgs/gdal/2.1.3/include:/opt/linux/centos/7.x/x86_64/pkgs/ggobi/2.1.11/include/ggobi:/opt/linux/centos/7.x/x86_64/pkgs/R/3.6.0/lib64/R/include:/opt/linux/centos/7.x/x86_64/pkgs/openmpi/4.0.1-slurm-19.05.0/include ;export CPATH;LANG=en_US.utf-8 ;export LANG;LC_ALL=en_US.utf-8 ;export LC_ALL;LD_LIBRARY_PATH=/opt/linux/centos/7.x/x86_64/pkgs/htslib/1.9/lib:/opt/linux/centos/7.x/x86_64/pkgs/htslib/1.6/lib:/opt/linux/centos/7.x/x86_64/pkgs/salmon/0.9.1/lib:/opt/linux/centos/7.x/x86_64/pkgs/jellyfish/2.2.9/lib:/opt/linux/centos/7.x/x86_64/pkgs/bamtools/2.4.0/lib:/opt/linux/centos/7.x/x86_64/pkgs/lp_solve/5.5/lib:/opt/linux/centos/7.x/x86_64/pkgs/hdf5/1.10.1/lib:/opt/linux/centos/7.x/x86_64/pkgs/gdal/2.1.3/lib:/opt/linux/centos/7.x/x86_64/pkgs/geos/3.7.1/lib:/opt/linux/centos/7.x/x86_64/pkgs/java/jdk1.8.0_45/lib:/opt/linux/centos/7.x/x86_64/pkgs/netcdf/4.4.1.1/lib:/opt/linux/centos/7.x/x86_64/pkgs/ggobi/2.1.11/lib:/opt/linux/centos/7.x/x86_64/pkgs/R/3.6.0/lib64/R/lib:/opt/linux/centos/7.x/x86_64/pkgs/openmpi/4.0.1-slurm-19.05.0/lib:/opt/linux/centos/7.x/x86_64/pkgs/openmpi/4.0.1-slurm-19.05.0/lib/openmpi:/opt/linux/centos/7.x/x86_64/pkgs/slurm/19.05.0/lib ;export LD_LIBRARY_PATH;LIBRARY_PATH=/opt/linux/centos/7.x/x86_64/pkgs/htslib/1.9/lib:/opt/linux/centos/7.x/x86_64/pkgs/htslib/1.6/lib:/opt/linux/centos/7.x/x86_64/pkgs/bamtools/2.4.0/lib:/opt/linux/centos/7.x/x86_64/pkgs/gdal/2.1.3/lib:/opt/linux/centos/7.x/x86_64/pkgs/R/3.6.0/lib64/R/lib:/opt/linux/centos/7.x/x86_64/pkgs/openmpi/4.0.1-slurm-19.05.0/lib ;export LIBRARY_PATH;LOADEDMODULES=slurm/19.05.0:openmpi/4.0.1-slurm-19.05.0:ggobi/2.1.11:texlive/2017:pandoc/2.0:netcdf/4.4.1.1:java/8:geos/3.7.1:gdal/2.1.3:hdf5/1.10.1:R/3.6.0:less-highlight/1.0:iigb_utilities/1:vim/8.1:ncbi-blast/2.5.0+:ncbi-rmblast/2.9.0-p2:trf/4.07b:hmmer/3:phred-phrap-consed/0.990329:RepeatMasker/4-0-7:lp_solve/5.5:bamtools/2.4.0:augustus/3.3:EVM/1.1.1-live:genemarkESET/4.38:RepeatModeler/1.0.11:gmap/2019-03-04:bedtools/2.27.1:tbl2asn/25.7:braker/2.0.5:mummer/4.0:RAxML/8.2.12:mafft/7.427:trimal/1.4.1:exonerate/2.4.0:blat/35:tRNAscan/1.3.1:ncbi-blast/2.2.30+:proteinortho/5.16b:kent/318:signalp/4.1c:diamond/0.9.22:fasta/36.3.8g:bowtie2/2.3.4.1:jellyfish/2.2.9:salmon/0.9.1:trinity-rnaseq/2.8.4:hisat2/2.1.0:kallisto/0.45.0:gmap/2019-09-12:fasta/36.3.7a:PASA/2.3.3:eggnog-mapper/1.0.3:minimap2/2.17:stringtie/2.0.4:CodingQuarry/2.0:SNAP/2013-11-29:glimmerhmm/3.0.4:miniconda3/4.3.31:funannotate/1.6.0:htslib/1.6:samtools/1.6:htslib/1.9:samtools/1.9 ;export LOADEDMODULES;MANPATH=/opt/linux/centos/7.x/x86_64/pkgs/samtools/1.9/share/man:/opt/linux/centos/7.x/x86_64/pkgs/htslib/1.9/share/man:/opt/linux/centos/7.x/x86_64/pkgs/samtools/1.6/share/man:/opt/linux/centos/7.x/x86_64/pkgs/htslib/1.6/share/man:/opt/linux/centos/7.x/x86_64/pkgs/minimap2/2.17/share/man:/opt/linux/centos/7.x/x86_64/pkgs/fasta/36.3.7a/share/man:/opt/linux/centos/7.x/x86_64/pkgs/jellyfish/2.2.9/share/man:/opt/linux/centos/7.x/x86_64/pkgs/fasta/36.3.8g/share/man:/opt/linux/centos/7.x/x86_64/pkgs/signalp/4.1c:/opt/linux/centos/7.x/x86_64/pkgs/tRNAscan-SE/1.3.1/man:/opt/linux/centos/7.x/x86_64/pkgs/exonerate/2.4.0/share/man:/opt/linux/centos/7.x/x86_64/pkgs/mafft/7.427/share/man:/opt/linux/centos/7.x/x86_64/pkgs/hmmer/3.2.1/share/man:/opt/linux/centos/7.x/x86_64/pkgs/vim/8.1/share/man:/opt/linux/centos/7.x/x86_64/pkgs/java/jdk1.8.0_45/man:/opt/linux/centos/7.x/x86_64/pkgs/netcdf/4.4.1.1/share/man:/opt/linux/centos/7.x/x86_64/pkgs/ggobi/2.1.11/share/man:/opt/linux/centos/7.x/x86_64/pkgs/R/3.6.0/share/man:/opt/linux/centos/7.x/x86_64/pkgs/openmpi/4.0.1-slurm-19.05.0/share/man:/opt/linux/centos/7.x/x86_64/pkgs/slurm/19.05.0/share/man:/usr/share/man:/usr/local/share/man ;export MANPATH;MODULEPATH=/usr/share/Modules:/usr/share/modules/versions:/usr/Modules/\$MODULE_VERSION/modulefiles:/usr/share/Modules/modulefiles:/opt/linux/centos/7.x/x86_64/modules:/opt/linux/centos/7.x/x86_64/profiles ;export MODULEPATH;PASAHOME=~/.pasa ;export PASAHOME;PATH=/opt/linux/centos/7.x/x86_64/pkgs/funannotate/git-live/bin:/opt/linux/centos/7.x/x86_64/pkgs/funannotate/git-live:/opt/linux/centos/7.x/x86_64/pkgs/miniconda3/4.3.31/envs/funannotate/bin:/opt/linux/centos/7.x/x86_64/pkgs/miniconda3/4.3.31/bin:/opt/linux/centos/7.x/x86_64/pkgs/glimmerhmm/3.0.4/train:/opt/linux/centos/7.x/x86_64/pkgs/glimmerhmm/3.0.4/bin:/opt/linux/centos/7.x/x86_64/pkgs/SNAP/2013-11-29/bin:/opt/linux/centos/7.x/x86_64/pkgs/CodingQuarry/2.0/bin:/opt/linux/centos/7.x/x86_64/pkgs/stringtie/2.0.4:/opt/linux/centos/7.x/x86_64/pkgs/samtools/1.9/bin:/opt/linux/centos/7.x/x86_64/pkgs/htslib/1.9/bin:/opt/linux/centos/7.x/x86_64/pkgs/minimap2/2.17/bin:/opt/linux/centos/7.x/x86_64/pkgs/eggnog-mapper/1.0.3:/opt/linux/centos/7.x/x86_64/pkgs/PASA/2.3.3/bin:/opt/linux/centos/7.x/x86_64/pkgs/PASA/2.3.3:/opt/linux/centos/7.x/x86_64/pkgs/fasta/36.3.7a/bin:/opt/linux/centos/7.x/x86_64/pkgs/gmap/2019-09-12/bin:/opt/linux/centos/7.x/x86_64/pkgs/kallisto/0.45.0/bin:/opt/linux/centos/7.x/x86_64/pkgs/hisat2/2.1.0:/opt/linux/centos/7.x/x86_64/pkgs/trinity-rnaseq/2.8.4/util:/opt/linux/centos/7.x/x86_64/pkgs/trinity-rnaseq/2.8.4:/opt/linux/centos/7.x/x86_64/pkgs/salmon/0.9.1/bin:/opt/linux/centos/7.x/x86_64/pkgs/jellyfish/2.2.9/bin:/opt/linux/centos/7.x/x86_64/pkgs/bowtie2/2.3.4.1/bin:/opt/linux/centos/7.x/x86_64/pkgs/bowtie2/2.3.4.1/scripts:/opt/linux/centos/7.x/x86_64/pkgs/samtools/1.6/bin:/opt/linux/centos/7.x/x86_64/pkgs/htslib/1.6/bin:/opt/linux/centos/7.x/x86_64/pkgs/fasta/36.3.8g/bin:/opt/linux/centos/7.x/x86_64/pkgs/diamond/0.9.22:/opt/linux/centos/7.x/x86_64/pkgs/signalp/4.1c:/opt/linux/centos/7.x/x86_64/pkgs/kent/318/bin:/opt/linux/centos/7.x/x86_64/pkgs/kent/318/scripts:/opt/linux/centos/7.x/x86_64/pkgs/proteinortho/5.16b:/opt/linux/centos/7.x/x86_64/pkgs/ncbi-blast/2.2.30+/bin:/opt/linux/centos/7.x/x86_64/pkgs/tRNAscan-SE/1.3.1/bin:/opt/linux/centos/7.x/x86_64/pkgs/blat/35/bin:/opt/linux/centos/7.x/x86_64/pkgs/exonerate/2.4.0/bin:/opt/linux/centos/7.x/x86_64/pkgs/trimal/1.4.1/bin:/opt/linux/centos/7.x/x86_64/pkgs/mafft/7.427/bin:/opt/linux/centos/7.x/x86_64/pkgs/RAxML/8.2.12/scripts:/opt/linux/centos/7.x/x86_64/pkgs/RAxML/8.2.12/bin:/opt/linux/centos/7.x/x86_64/pkgs/mummer/4.0/bin:/opt/linux/centos/7.x/x86_64/pkgs/braker/2.0.5:/opt/linux/centos/7.x/x86_64/pkgs/tbl2asn/25.7/bin:/opt/linux/centos/7.x/x86_64/pkgs/bedtools/2.27.1/bin:/opt/linux/centos/7.x/x86_64/pkgs/gmap/2019-03-04/bin:/opt/linux/centos/7.x/x86_64/pkgs/RepeatModeler/1.0.11:/opt/linux/centos/7.x/x86_64/pkgs/genemarkESET/4.38:/opt/linux/centos/7.x/x86_64/pkgs/EVM/1.1.1-live:/opt/linux/centos/7.x/x86_64/pkgs/augustus/3.3/bin:/opt/linux/centos/7.x/x86_64/pkgs/augustus/3.3/scripts:/opt/linux/centos/7.x/x86_64/pkgs/bamtools/2.4.0/bin:/opt/linux/centos/7.x/x86_64/pkgs/RepeatMasker/4-0-7/util:/opt/linux/centos/7.x/x86_64/pkgs/RepeatMasker/4-0-7:/opt/linux/centos/7.x/x86_64/pkgs/phred-phrap-consed/0.990329:/opt/linux/centos/7.x/x86_64/pkgs/hmmer/3.2.1/bin:/opt/linux/centos/7.x/x86_64/pkgs/trf/4.07b/bin:/opt/linux/centos/7.x/x86_64/pkgs/ncbi-rmblast/2.9.0-p2/bin:/opt/linux/centos/7.x/x86_64/pkgs/ncbi-blast/2.5.0+/bin:/rhome/arajewski/bin:/opt/linux/centos/7.x/x86_64/pkgs/vim/8.1/bin:/opt/linux/centos/7.x/x86_64/pkgs/iigb_utilities/1/bin:/opt/linux/centos/7.x/x86_64/pkgs/hdf5/1.10.1/bin:/opt/linux/centos/7.x/x86_64/pkgs/gdal/2.1.3/bin:/opt/linux/centos/7.x/x86_64/pkgs/geos/3.7.1/bin:/opt/linux/centos/7.x/x86_64/pkgs/java/jdk1.8.0_45/bin:/opt/linux/centos/7.x/x86_64/pkgs/netcdf/4.4.1.1/bin:/opt/linux/centos/7.x/x86_64/pkgs/pandoc/2.0/bin:/opt/linux/centos/7.x/x86_64/pkgs/texlive/2017/bin/x86_64-linux:/opt/linux/centos/7.x/x86_64/pkgs/ggobi/2.1.11/bin:/opt/linux/centos/7.x/x86_64/pkgs/R/3.6.0/bin:/opt/linux/centos/7.x/x86_64/pkgs/openmpi/4.0.1-slurm-19.05.0/bin:/opt/linux/centos/7.x/x86_64/pkgs/slurm/19.05.0/bin:/opt/linux/centos/7.x/x86_64/pkgs/slurm/19.05.0/sbin:/usr/bin:/bin:/usr/local/games:/usr/games:/usr/local/bin:/usr/lpp/mmfs/bin:/opt/ibutils/bin ;export PATH;PERL5LIB=/opt/linux/centos/7.x/x86_64/pkgs/glimmerhmm/3.0.4/train:/opt/linux/centos/7.x/x86_64/pkgs/PASA/2.3.3/PerlLib:/opt/linux/centos/7.x/x86_64/pkgs/tRNAscan-SE/1.3.1/lib/perl:/opt/linux/centos/7.x/x86_64/pkgs/tRNAscan-SE/1.3.1/bin ;export PERL5LIB;SAMTOOLS_PATH=/opt/linux/centos/7.x/x86_64/pkgs/samtools/1.9/bin ;export SAMTOOLS_PATH;_LMFILES_=/opt/linux/centos/7.x/x86_64/modules/slurm/19.05.0:/opt/linux/centos/7.x/x86_64/modules/openmpi/4.0.1-slurm-19.05.0:/opt/linux/centos/7.x/x86_64/modules/ggobi/2.1.11:/opt/linux/centos/7.x/x86_64/modules/texlive/2017:/opt/linux/centos/7.x/x86_64/modules/pandoc/2.0:/opt/linux/centos/7.x/x86_64/modules/netcdf/4.4.1.1:/opt/linux/centos/7.x/x86_64/modules/java/8:/opt/linux/centos/7.x/x86_64/modules/geos/3.7.1:/opt/linux/centos/7.x/x86_64/modules/gdal/2.1.3:/opt/linux/centos/7.x/x86_64/modules/hdf5/1.10.1:/opt/linux/centos/7.x/x86_64/modules/R/3.6.0:/opt/linux/centos/7.x/x86_64/modules/less-highlight/1.0:/opt/linux/centos/7.x/x86_64/modules/iigb_utilities/1:/opt/linux/centos/7.x/x86_64/modules/vim/8.1:/opt/linux/centos/7.x/x86_64/modules/ncbi-blast/2.5.0+:/opt/linux/centos/7.x/x86_64/modules/ncbi-rmblast/2.9.0-p2:/opt/linux/centos/7.x/x86_64/modules/trf/4.07b:/opt/linux/centos/7.x/x86_64/modules/hmmer/3:/opt/linux/centos/7.x/x86_64/modules/phred-phrap-consed/0.990329:/opt/linux/centos/7.x/x86_64/modules/RepeatMasker/4-0-7:/opt/linux/centos/7.x/x86_64/modules/lp_solve/5.5:/opt/linux/centos/7.x/x86_64/modules/bamtools/2.4.0:/opt/linux/centos/7.x/x86_64/modules/augustus/3.3:/opt/linux/centos/7.x/x86_64/modules/EVM/1.1.1-live:/opt/linux/centos/7.x/x86_64/modules/genemarkESET/4.38:/opt/linux/centos/7.x/x86_64/modules/RepeatModeler/1.0.11:/opt/linux/centos/7.x/x86_64/modules/gmap/2019-03-04:/opt/linux/centos/7.x/x86_64/modules/bedtools/2.27.1:/opt/linux/centos/7.x/x86_64/modules/tbl2asn/25.7:/opt/linux/centos/7.x/x86_64/modules/braker/2.0.5:/opt/linux/centos/7.x/x86_64/modules/mummer/4.0:/opt/linux/centos/7.x/x86_64/modules/RAxML/8.2.12:/opt/linux/centos/7.x/x86_64/modules/mafft/7.427:/opt/linux/centos/7.x/x86_64/modules/trimal/1.4.1:/opt/linux/centos/7.x/x86_64/modules/exonerate/2.4.0:/opt/linux/centos/7.x/x86_64/modules/blat/35:/opt/linux/centos/7.x/x86_64/modules/tRNAscan/1.3.1:/opt/linux/centos/7.x/x86_64/modules/ncbi-blast/2.2.30+:/opt/linux/centos/7.x/x86_64/modules/proteinortho/5.16b:/opt/linux/centos/7.x/x86_64/modules/kent/318:/opt/linux/centos/7.x/x86_64/modules/signalp/4.1c:/opt/linux/centos/7.x/x86_64/modules/diamond/0.9.22:/opt/linux/centos/7.x/x86_64/modules/fasta/36.3.8g:/opt/linux/centos/7.x/x86_64/modules/bowtie2/2.3.4.1:/opt/linux/centos/7.x/x86_64/modules/jellyfish/2.2.9:/opt/linux/centos/7.x/x86_64/modules/salmon/0.9.1:/opt/linux/centos/7.x/x86_64/modules/trinity-rnaseq/2.8.4:/opt/linux/centos/7.x/x86_64/modules/hisat2/2.1.0:/opt/linux/centos/7.x/x86_64/modules/kallisto/0.45.0:/opt/linux/centos/7.x/x86_64/modules/gmap/2019-09-12:/opt/linux/centos/7.x/x86_64/modules/fasta/36.3.7a:/opt/linux/centos/7.x/x86_64/modules/PASA/2.3.3:/opt/linux/centos/7.x/x86_64/modules/eggnog-mapper/1.0.3:/opt/linux/centos/7.x/x86_64/modules/minimap2/2.17:/opt/linux/centos/7.x/x86_64/modules/stringtie/2.0.4:/opt/linux/centos/7.x/x86_64/modules/CodingQuarry/2.0:/opt/linux/centos/7.x/x86_64/modules/SNAP/2013-11-29:/opt/linux/centos/7.x/x86_64/modules/glimmerhmm/3.0.4:/opt/linux/centos/7.x/x86_64/modules/miniconda3/4.3.31:/opt/linux/centos/7.x/x86_64/modules/funannotate/1.6.0:/opt/linux/centos/7.x/x86_64/modules/htslib/1.6:/opt/linux/centos/7.x/x86_64/modules/samtools/1.6:/opt/linux/centos/7.x/x86_64/modules/htslib/1.9:/opt/linux/centos/7.x/x86_64/modules/samtools/1.9 ;export _LMFILES_;unset INSTALL_BASE;unset PYTHONPATH;
/usr/bin/modulecmd bash $*
PATH=/opt/linux/centos/7.x/x86_64/pkgs/miniconda3/4.3.31/bin:/rhome/arajewski/bin:/opt/linux/centos/7.x/x86_64/pkgs/vim/8.1/bin:/opt/linux/centos/7.x/x86_64/pkgs/iigb_utilities/1/bin:/opt/linux/centos/7.x/x86_64/pkgs/perl/5.20.2/bin:/opt/linux/centos/7.x/x86_64/pkgs/miniconda2/4.4.10/bin:/opt/linux/centos/7.x/x86_64/pkgs/hdf5/1.10.1/bin:/opt/linux/centos/7.x/x86_64/pkgs/gdal/2.1.3/bin:/opt/linux/centos/7.x/x86_64/pkgs/geos/3.7.1/bin:/opt/linux/centos/7.x/x86_64/pkgs/java/jdk1.8.0_45/bin:/opt/linux/centos/7.x/x86_64/pkgs/netcdf/4.4.1.1/bin:/opt/linux/centos/7.x/x86_64/pkgs/pandoc/2.0/bin:/opt/linux/centos/7.x/x86_64/pkgs/texlive/2017/bin/x86_64-linux:/opt/linux/centos/7.x/x86_64/pkgs/ggobi/2.1.11/bin:/opt/linux/centos/7.x/x86_64/pkgs/R/3.6.0/bin:/opt/linux/centos/7.x/x86_64/pkgs/openmpi/4.0.1-slurm-19.05.0/bin:/opt/linux/centos/7.x/x86_64/pkgs/slurm/19.05.0/bin:/opt/linux/centos/7.x/x86_64/pkgs/slurm/19.05.0/sbin:/usr/bin:/bin:/usr/local/games:/usr/games:/usr/local/bin:/usr/lpp/mmfs/bin:/opt/ibutils/bin ;export PATH;
#!/bin/sh
_CONDA_ROOT="/opt/linux/centos/7.x/x86_64/pkgs/miniconda3/4.3.31"
# Copyright (C) 2012 Anaconda, Inc
# SPDX-License-Identifier: BSD-3-Clause
\. "$_CONDA_ROOT/etc/profile.d/conda.sh" || return $?
export CONDA_EXE='/opt/linux/centos/7.x/x86_64/pkgs/miniconda3/4.3.31/bin/conda'
export _CE_M=''
export _CE_CONDA=''
export CONDA_PYTHON_EXE='/opt/linux/centos/7.x/x86_64/pkgs/miniconda3/4.3.31/bin/python'

# Copyright (C) 2012 Anaconda, Inc
# SPDX-License-Identifier: BSD-3-Clause

__add_sys_prefix_to_path() {
    # In dev-mode CONDA_EXE is python.exe and on Windows
    # it is in a different relative location to condabin.
    if [ -n "${_CE_CONDA}" ] && [ -n "${WINDIR+x}" ]; then
        SYSP=$(\dirname "${CONDA_EXE}")
    else
        SYSP=$(\dirname "${CONDA_EXE}")
        SYSP=$(\dirname "${SYSP}")
    fi

    if [ -n "${WINDIR+x}" ]; then
        PATH="${SYSP}/bin:${PATH}"
        PATH="${SYSP}/Scripts:${PATH}"
        PATH="${SYSP}/Library/bin:${PATH}"
        PATH="${SYSP}/Library/usr/bin:${PATH}"
        PATH="${SYSP}/Library/mingw-w64/bin:${PATH}"
        PATH="${SYSP}:${PATH}"
    else
        PATH="${SYSP}/bin:${PATH}"
    fi
    \export PATH
}

__conda_hashr() {
    if [ -n "${ZSH_VERSION:+x}" ]; then
        \rehash
    elif [ -n "${POSH_VERSION:+x}" ]; then
        :  # pass
    else
        \hash -r
    fi
}

__conda_activate() {
    if [ -n "${CONDA_PS1_BACKUP:+x}" ]; then
        # Handle transition from shell activated with conda <= 4.3 to a subsequent activation
        # after conda updated to >= 4.4. See issue #6173.
        PS1="$CONDA_PS1_BACKUP"
        \unset CONDA_PS1_BACKUP
    fi

    \local cmd="$1"
    shift
    \local ask_conda
    OLDPATH="${PATH}"
    __add_sys_prefix_to_path
    ask_conda="$(PS1="$PS1" "$CONDA_EXE" $_CE_M $_CE_CONDA shell.posix "$cmd" "$@")" || \return $?
    PATH="${OLDPATH}"
    \eval "$ask_conda"
    __conda_hashr
}

__conda_reactivate() {
    \local ask_conda
    OLDPATH="${PATH}"
    __add_sys_prefix_to_path
    ask_conda="$(PS1="$PS1" "$CONDA_EXE" $_CE_M $_CE_CONDA shell.posix reactivate)" || \return $?
    PATH="${OLDPATH}"
    \eval "$ask_conda"
    __conda_hashr
}

conda() {
    if [ "$#" -lt 1 ]; then
        "$CONDA_EXE" $_CE_M $_CE_CONDA
    else
        \local cmd="$1"
        shift
        case "$cmd" in
            activate|deactivate)
                __conda_activate "$cmd" "$@"
                ;;
            install|update|upgrade|remove|uninstall)
                OLDPATH="${PATH}"
                __add_sys_prefix_to_path
                "$CONDA_EXE" $_CE_M $_CE_CONDA "$cmd" "$@"
                \local t1=$?
                PATH="${OLDPATH}"
                if [ $t1 = 0 ]; then
                    __conda_reactivate
                else
                    return $t1
                fi
                ;;
            *)
                OLDPATH="${PATH}"
                __add_sys_prefix_to_path
                "$CONDA_EXE" $_CE_M $_CE_CONDA "$cmd" "$@"
                \local t1=$?
                PATH="${OLDPATH}"
                return $t1
                ;;
        esac
    fi
}

if [ -z "${CONDA_SHLVL+x}" ]; then
    \export CONDA_SHLVL=0
    # In dev-mode CONDA_EXE is python.exe and on Windows
    # it is in a different relative location to condabin.
    if [ -n "${_CE_CONDA+x}" ] && [ -n "${WINDIR+x}" ]; then
        PATH="$(\dirname "$CONDA_EXE")/condabin${PATH:+":${PATH}"}"
    else
        PATH="$(\dirname "$(\dirname "$CONDA_EXE")")/condabin${PATH:+":${PATH}"}"
    fi
    \export PATH

    # We're not allowing PS1 to be unbound. It must at least be set.
    # However, we're not exporting it, which can cause problems when starting a second shell
    # via a first shell (i.e. starting zsh from bash).
    if [ -z "${PS1+x}" ]; then
        PS1=
    fi
fi

conda activate "$@"
/opt/linux/centos/7.x/x86_64/pkgs/miniconda3/4.3.31/etc/profile.d/conda.sh: line 55: PS1: unbound variable
