Running Funannotate predict on Dstr_v1.4.masked.l5000.fa
Setting AUGUSTUS path to local directories
/bigdata/littlab/arajewski/Datura/5_Funannotate/augustus/scripts is the scripts path
/bigdata/littlab/arajewski/Datura/5_Funannotate/augustus/bin is the binaries path
/bigdata/littlab/arajewski/Datura/5_Funannotate/augustus/config is the config path
-------------------------------------------------------
[02:01 AM]: OS: linux2, 32 cores, ~ 1057 GB RAM. Python: 2.7.15
[02:01 AM]: Running funannotate v1.6.0-98d4d3f
[02:01 AM]: Found training files, will re-use these files:
  --rna_bam trainl5000/training/funannotate_train.coordSorted.bam
  --pasa_gff trainl5000/training/funannotate_train.pasa.gff3
  --stringtie trainl5000/training/funannotate_train.stringtie.gtf
  --transcript_alignments trainl5000/training/funannotate_train.transcripts.gff3
[02:01 AM]: Augustus training set for datura_stramonium_3 already exists. To re-train provide unique --augustus_species argument
[02:01 AM]: AUGUSTUS (3.3.3) detected, version seems to be compatible with BRAKER and BUSCO
[02:02 AM]: Loading genome assembly and parsing soft-masked repetitive sequences
[02:07 AM]: Genome loaded: 19,150 scaffolds; 1,697,703,565 bp; 8.04% repeats masked
[02:07 AM]: Existing transcript alignments found: trainl5000/predict_misc/transcript_alignments.gff3
[02:07 AM]: Existing RNA-seq BAM hints found: trainl5000/predict_misc/hints.BAM.gff
[02:07 AM]: Existing protein alignments found: trainl5000/predict_misc/protein_alignments.gff3
[02:07 AM]: Filtering PASA data for suitable training set
[02:09 AM]: 4,519 of 23,341 models pass training parameters
[02:09 AM]: Running Augustus gene prediction
[02:10 AM]: Running GeneMark-ES on assembly
[10:11 PM]: Converting GeneMark GTF file to GFF3
[10:12 PM]: Found 101,706 gene models
[10:12 PM]: Pulling out high quality Augustus predictions
[10:12 PM]: Found 11,420 high quality predictions from Augustus (>90% exon evidence)
[10:13 PM]: Running CodingQuarry prediction using stringtie alignments
slurmstepd-h04: error: *** JOB 936765 ON h04 CANCELLED AT 2020-03-25T07:00:05 ***
