Downloading ERR2040631 data from SRA...

2020-02-09T20:14:30 prefetch.2.10.0: 1) Downloading 'ERR2040631'...
2020-02-09T20:14:30 prefetch.2.10.0:  Downloading via https...
2020-02-09T20:22:32 prefetch.2.10.0:  https download succeed
2020-02-09T20:22:32 prefetch.2.10.0: 1) 'ERR2040631' was downloaded successfully
Read 15339750 spots for ERR2040631
Written 15339750 spots for ERR2040631
Done.
Downloading SRR9888534 data from SRA...

2020-02-09T20:46:04 prefetch.2.10.0: 1) Downloading 'SRR9888534'...
2020-02-09T20:46:04 prefetch.2.10.0:  Downloading via https...
2020-02-09T20:53:19 prefetch.2.10.0:  https download succeed
2020-02-09T20:53:19 prefetch.2.10.0: 1) 'SRR9888534' was downloaded successfully
2020-02-09T20:53:19 prefetch.2.10.0: 'SRR9888534' has 0 unresolved dependencies
Read 38331901 spots for SRR9888534
Written 38331901 spots for SRR9888534
Done.
MedPlantsRNAseq data already present.
[02:18 PM]: OS: linux2, 64 cores, ~ 528 GB RAM. Python: 2.7.15
[02:18 PM]: Running funannotate v1.6.0-98d4d3f
[02:18 PM]: Multiple inputs for --left and --right detected, concatenating PE reads
[02:18 PM]: Adapter and Quality trimming PE reads with Trimmomatic
-------------------------------------------------------
Traceback (most recent call last):
  File "/bigdata/operations/pkgadmin/opt/linux/centos/7.x/x86_64/pkgs/funannotate/git-live/bin/funannotate-train.py", line 821, in <module>
    lib.CheckFASTQandFix(trim_reads[0], trim_reads[1]) #if needed to fix they will be fixed in place  
  File "/bigdata/operations/pkgadmin/opt/linux/centos/7.x/x86_64/pkgs/funannotate/git-live/lib/library.py", line 650, in CheckFASTQandFix
    for read1, read2 in izip(file1, file2):
  File "/opt/linux/centos/7.x/x86_64/pkgs/miniconda3/4.3.31/envs/funannotate/lib/python2.7/site-packages/Bio/SeqIO/QualityIO.py", line 917, in FastqGeneralIterator
    raise ValueError("Sequence and quality captions differ.")
ValueError: Sequence and quality captions differ.
