[01:06 PM]: OS: linux2, 64 cores, ~ 1057 GB RAM. Python: 2.7.15
[01:06 PM]: Running funannotate v1.6.0-98d4d3f
[01:06 PM]: No NCBI SBT file given, will use default, for NCBI submissions pass one here '--sbt'
[01:06 PM]: Found relevent files in Dstr_v1.7_Annotation/training, will re-use them:
	Forward reads: Dstr_v1.7_Annotation/training/left.fq.gz
	Reverse reads: Dstr_v1.7_Annotation/training/right.fq.gz
	Forward normalized reads: Dstr_v1.7_Annotation/training/normalize/left.norm.fq
	Reverse normalized reads: Dstr_v1.7_Annotation/training/normalize/right.norm.fq
	Trinity results: Dstr_v1.7_Annotation/training/funannotate_train.trinity-GG.fasta
	PASA config file: Dstr_v1.7_Annotation/training/pasa/alignAssembly.txt
	BAM alignments: Dstr_v1.7_Annotation/training/funannotate_train.coordSorted.bam
	StringTie GTF: Dstr_v1.7_Annotation/training/funannotate_train.stringtie.gtf
[01:11 PM]: Reannotating Datura stramonium, NCBI accession: None
[01:11 PM]: Previous annotation consists of: 55,559 protein coding gene models and 1,468 non-coding gene models
[01:11 PM]: Trimmomatic will be skipped
[01:14 PM]: Converting transcript alignments to GFF3 format
[01:14 PM]: Converting Trinity transcript alignments to GFF3 format
[01:15 PM]: PASA database is SQLite: /bigdata/littlab/arajewski/Datura/5_Funannotate/Dstr_v1.7_Annotation/training/pasa/Datura_stramonium
[01:15 PM]: Running PASA annotation comparison step 1
slurmstepd-h06: error: *** JOB 1821396 ON h06 CANCELLED AT 2020-07-15T13:27:34 ***
