Tue Oct 22 22:42:36 PDT 2019: Found index of /rhome/arajewski/bigdata/Datura/2_MaSuRCA333/flye/assembly.fasta.
Tue Oct 22 22:42:36 PDT 2019: Large contigs already extracted to /rhome/arajewski/bigdata/Datura/2_MaSuRCA333/flye/assembly.fasta.2kb.fa
Tue Oct 22 22:42:36 PDT 2019: ONT reads already renamed.
JobId=382038 JobName=1_Fast-SG.sh
   UserId=arajewski(3080) GroupId=littlab(1144) MCS_label=N/A
   Priority=100022 Nice=0 Account=littlab QOS=normal
   JobState=RUNNING Reason=None Dependency=(null)
   Requeue=1 Restarts=0 BatchFlag=1 Reboot=0 ExitCode=0:0
   RunTime=02:52:42 TimeLimit=20:00:00 TimeMin=N/A
   SubmitTime=2019-10-22T22:42:16 EligibleTime=2019-10-22T22:42:16
   AccrueTime=2019-10-22T22:42:16
   StartTime=2019-10-22T22:42:33 EndTime=2019-10-23T18:42:33 Deadline=N/A
   SuspendTime=None SecsPreSuspend=0 LastSchedEval=2019-10-22T22:42:33
   Partition=batch AllocNode:Sid=parrot.ib.hpcc.ucr.edu:48738
   ReqNodeList=(null) ExcNodeList=(null)
   NodeList=c37
   BatchHost=c37
   NumNodes=1 NumCPUs=16 NumTasks=16 CPUs/Task=1 ReqB:S:C:T=0:0:*:*
   TRES=cpu=16,mem=40G,node=1,billing=26
   Socks/Node=* NtasksPerN:B:S:C=0:0:*:* CoreSpec=*
   MinCPUsNode=1 MinMemoryNode=40G MinTmpDiskNode=0
   Features=(null) DelayBoot=00:00:00
   OverSubscribe=OK Contiguous=0 Licenses=(null) Network=(null)
   Command=/bigdata/littlab/arajewski/Datura/3_Fast-SG/1_Fast-SG.sh
   WorkDir=/bigdata/littlab/arajewski/Datura/3_Fast-SG
   StdErr=/bigdata/littlab/arajewski/Datura/3_Fast-SG/../history/Fast-SG-382038.out
   StdIn=/dev/null
   StdOut=/bigdata/littlab/arajewski/Datura/3_Fast-SG/../history/Fast-SG-382038.out
   Power=

