Mon Nov 11 17:39:42 PST 2019: generating minimap2 index
[M::mm_idx_gen::246.315*1.55] collected minimizers
[M::mm_idx_gen::303.957*1.81] sorted minimizers
[M::main::403.455*1.61] loaded/built the index for 436203 target sequence(s)
[M::mm_idx_stat] kmer size: 21; skip: 11; is_hpc: 0; #seq: 436203
[M::mm_idx_stat::423.333*1.58] distinct minimizers: 594018572 (83.60% are singletons); average occurrences: 1.684; average spacing: 6.000
[M::main] Version: 2.17-r941
[M::main] CMD: minimap2 -x sr -I 7G -d Dstr.Nanopore.mmi /rhome/arajewski/bigdata/Datura/1_QCQA/Dstr.filt_q10_l500_crop50.fastq
[M::main] Real time: 424.796 sec; CPU: 669.459 sec; Peak RSS: 24.111 GB
Mon Nov 11 17:46:48 PST 2019: Minimap2 index created.
Mon Nov 11 17:46:48 PST 2019: Generating alignment with Minimap2
[M::main::83.899*0.84] loaded/built the index for 436203 target sequence(s)
[M::mm_mapopt_update::83.899*0.84] mid_occ = 1000
[M::mm_idx_stat] kmer size: 21; skip: 11; is_hpc: 0; #seq: 436203
[M::mm_idx_stat::95.503*0.86] distinct minimizers: 594018572 (83.60% are singletons); average occurrences: 1.684; average spacing: 6.000
[M::worker_pipeline::182.930*5.32] mapped 684378 sequences
[M::worker_pipeline::195.463*6.12] mapped 685434 sequences
[M::worker_pipeline::216.201*7.29] mapped 684088 sequences
[M::worker_pipeline::238.591*8.43] mapped 684800 sequences
[M::worker_pipeline::256.247*9.22] mapped 684776 sequences
[M::worker_pipeline::275.657*9.72] mapped 684670 sequences
[M::worker_pipeline::295.337*10.37] mapped 685243 sequences
[M::worker_pipeline::317.809*11.02] mapped 685271 sequences
[M::worker_pipeline::331.889*11.39] mapped 685773 sequences
[M::worker_pipeline::350.753*11.76] mapped 684828 sequences
[M::worker_pipeline::374.369*12.24] mapped 685551 sequences
[M::worker_pipeline::394.673*12.55] mapped 685590 sequences
[M::worker_pipeline::415.175*12.89] mapped 685333 sequences
[M::worker_pipeline::433.119*13.16] mapped 686125 sequences
[M::worker_pipeline::450.651*13.42] mapped 685636 sequences
[M::worker_pipeline::472.498*13.68] mapped 684762 sequences
[M::worker_pipeline::490.938*13.88] mapped 684877 sequences
[M::worker_pipeline::509.658*14.01] mapped 684462 sequences
[M::worker_pipeline::528.585*14.15] mapped 684673 sequences
[M::worker_pipeline::550.588*14.38] mapped 683871 sequences
[M::worker_pipeline::567.275*14.54] mapped 685268 sequences
[M::worker_pipeline::583.678*14.67] mapped 684584 sequences
[M::worker_pipeline::602.235*14.80] mapped 684866 sequences
[M::worker_pipeline::627.844*14.95] mapped 685531 sequences
[M::worker_pipeline::648.535*15.04] mapped 684743 sequences
[M::worker_pipeline::666.706*15.17] mapped 685525 sequences
[M::worker_pipeline::681.840*15.27] mapped 685262 sequences
[M::worker_pipeline::705.097*15.42] mapped 686151 sequences
[M::worker_pipeline::724.661*15.51] mapped 686058 sequences
[M::worker_pipeline::740.297*15.56] mapped 686471 sequences
[M::worker_pipeline::763.275*15.65] mapped 684480 sequences
[M::worker_pipeline::784.085*15.76] mapped 685440 sequences
[M::worker_pipeline::797.105*15.82] mapped 685791 sequences
[M::worker_pipeline::817.683*15.92] mapped 684717 sequences
[M::worker_pipeline::834.178*15.98] mapped 687040 sequences
[M::worker_pipeline::855.528*16.03] mapped 684618 sequences
[M::worker_pipeline::878.303*16.10] mapped 686367 sequences
[M::worker_pipeline::892.725*16.16] mapped 686585 sequences
[M::worker_pipeline::911.310*16.22] mapped 685486 sequences
[M::worker_pipeline::932.457*16.30] mapped 686994 sequences
[M::worker_pipeline::952.525*16.37] mapped 684917 sequences
[M::worker_pipeline::972.078*16.40] mapped 687248 sequences
[M::worker_pipeline::988.924*16.42] mapped 685848 sequences
[M::worker_pipeline::1009.707*16.47] mapped 684274 sequences
[M::worker_pipeline::1027.553*16.51] mapped 686970 sequences
[M::worker_pipeline::1047.723*16.56] mapped 684647 sequences
[M::worker_pipeline::1070.257*16.63] mapped 686229 sequences
[M::worker_pipeline::1087.705*16.64] mapped 685156 sequences
[M::worker_pipeline::1107.932*16.66] mapped 685402 sequences
[M::worker_pipeline::1130.876*16.73] mapped 686373 sequences
[M::worker_pipeline::1142.872*16.76] mapped 685023 sequences
[M::worker_pipeline::1165.235*16.82] mapped 687396 sequences
[M::worker_pipeline::1184.916*16.87] mapped 685277 sequences
[M::worker_pipeline::1198.188*16.90] mapped 686843 sequences
[M::worker_pipeline::1221.809*16.95] mapped 685420 sequences
[M::worker_pipeline::1243.579*17.00] mapped 588373 sequences
[M::worker_pipeline::1267.655*17.04] mapped 334106 sequences
[M::worker_pipeline::1296.846*17.10] mapped 334114 sequences
[M::worker_pipeline::1324.034*17.15] mapped 334072 sequences
[M::worker_pipeline::1353.832*17.21] mapped 334048 sequences
[M::worker_pipeline::1386.118*17.27] mapped 334067 sequences
[M::worker_pipeline::1412.665*17.32] mapped 334059 sequences
[M::worker_pipeline::1438.658*17.37] mapped 334040 sequences
[M::worker_pipeline::1471.897*17.42] mapped 334103 sequences
[M::worker_pipeline::1498.101*17.47] mapped 334083 sequences
[M::worker_pipeline::1527.022*17.51] mapped 334016 sequences
[M::worker_pipeline::1555.856*17.56] mapped 334059 sequences
[M::worker_pipeline::1585.610*17.60] mapped 334045 sequences
[M::worker_pipeline::1612.234*17.64] mapped 334057 sequences
[M::worker_pipeline::1640.054*17.68] mapped 333980 sequences
[M::worker_pipeline::1669.885*17.72] mapped 334065 sequences
[M::worker_pipeline::1697.011*17.75] mapped 334053 sequences
[M::worker_pipeline::1727.379*17.78] mapped 333974 sequences
[M::worker_pipeline::1757.176*17.82] mapped 333987 sequences
[M::worker_pipeline::1783.081*17.85] mapped 334011 sequences
[M::worker_pipeline::1815.646*17.88] mapped 333999 sequences
[M::worker_pipeline::1843.482*17.91] mapped 333931 sequences
[M::worker_pipeline::1870.171*17.94] mapped 334064 sequences
[M::worker_pipeline::1900.129*17.97] mapped 333964 sequences
[M::worker_pipeline::1928.527*18.00] mapped 333963 sequences
[M::worker_pipeline::1954.978*18.02] mapped 334256 sequences
[M::worker_pipeline::1988.743*18.05] mapped 334148 sequences
[M::worker_pipeline::2015.826*18.07] mapped 334187 sequences
[M::worker_pipeline::2042.304*18.09] mapped 334018 sequences
[M::worker_pipeline::2075.011*18.12] mapped 334079 sequences
[M::worker_pipeline::2103.081*18.15] mapped 334096 sequences
[M::worker_pipeline::2130.935*18.17] mapped 334050 sequences
[M::worker_pipeline::2157.285*18.19] mapped 334061 sequences
[M::worker_pipeline::2185.755*18.21] mapped 334004 sequences
[M::worker_pipeline::2216.463*18.23] mapped 334011 sequences
[M::worker_pipeline::2242.830*18.24] mapped 333981 sequences
[M::worker_pipeline::2275.243*18.26] mapped 334069 sequences
[M::worker_pipeline::2301.586*18.28] mapped 334090 sequences
[M::worker_pipeline::2331.874*18.30] mapped 334025 sequences
[M::worker_pipeline::2360.711*18.32] mapped 334044 sequences
[M::worker_pipeline::2388.943*18.34] mapped 333960 sequences
[M::worker_pipeline::2418.342*18.36] mapped 334015 sequences
[M::worker_pipeline::2446.182*18.38] mapped 333936 sequences
[M::worker_pipeline::2476.060*18.39] mapped 334001 sequences
[M::worker_pipeline::2504.519*18.41] mapped 333973 sequences
[M::worker_pipeline::2533.485*18.42] mapped 333954 sequences
[M::worker_pipeline::2562.192*18.44] mapped 333927 sequences
[M::worker_pipeline::2591.413*18.45] mapped 333913 sequences
[M::worker_pipeline::2620.214*18.46] mapped 333974 sequences
[M::worker_pipeline::2648.034*18.48] mapped 334115 sequences
[M::worker_pipeline::2677.353*18.49] mapped 334200 sequences
[M::worker_pipeline::2706.368*18.51] mapped 334156 sequences
[M::worker_pipeline::2734.703*18.51] mapped 334125 sequences
[M::worker_pipeline::2763.681*18.53] mapped 334114 sequences
[M::worker_pipeline::2790.922*18.54] mapped 334119 sequences
[M::worker_pipeline::2821.090*18.55] mapped 334133 sequences
[M::worker_pipeline::2850.749*18.57] mapped 334043 sequences
[M::worker_pipeline::2878.714*18.58] mapped 334130 sequences
[M::worker_pipeline::2906.707*18.59] mapped 334154 sequences
[M::worker_pipeline::2934.334*18.60] mapped 334088 sequences
[M::worker_pipeline::2963.597*18.62] mapped 334029 sequences
[M::worker_pipeline::2992.742*18.63] mapped 334137 sequences
[M::worker_pipeline::3020.358*18.64] mapped 334087 sequences
[M::worker_pipeline::3050.437*18.65] mapped 334073 sequences
[M::worker_pipeline::3075.613*18.66] mapped 334118 sequences
[M::worker_pipeline::3105.391*18.67] mapped 334172 sequences
[M::worker_pipeline::3136.809*18.68] mapped 334073 sequences
[M::worker_pipeline::3164.570*18.69] mapped 334184 sequences
[M::worker_pipeline::3192.842*18.70] mapped 334080 sequences
[M::worker_pipeline::3221.619*18.71] mapped 334142 sequences
[M::worker_pipeline::3250.947*18.72] mapped 334100 sequences
[M::worker_pipeline::3279.393*18.73] mapped 334114 sequences
[M::worker_pipeline::3308.201*18.74] mapped 334094 sequences
[M::worker_pipeline::3335.332*18.75] mapped 334100 sequences
[M::worker_pipeline::3364.958*18.76] mapped 334148 sequences
[M::worker_pipeline::3392.971*18.77] mapped 334061 sequences
[M::worker_pipeline::3420.557*18.78] mapped 334002 sequences
[M::worker_pipeline::3450.181*18.79] mapped 334045 sequences
[M::worker_pipeline::3478.370*18.80] mapped 333999 sequences
[M::worker_pipeline::3508.253*18.80] mapped 334008 sequences
[M::worker_pipeline::3534.924*18.81] mapped 334067 sequences
[M::worker_pipeline::3565.344*18.82] mapped 333979 sequences
[M::worker_pipeline::3594.665*18.83] mapped 334051 sequences
[M::worker_pipeline::3622.957*18.84] mapped 334003 sequences
[M::worker_pipeline::3652.937*18.85] mapped 334094 sequences
[M::worker_pipeline::3680.515*18.85] mapped 334065 sequences
[M::worker_pipeline::3709.813*18.86] mapped 334055 sequences
[M::worker_pipeline::3738.526*18.87] mapped 334074 sequences
[M::worker_pipeline::3766.131*18.87] mapped 334011 sequences
[M::worker_pipeline::3794.571*18.88] mapped 334004 sequences
[M::worker_pipeline::3822.887*18.89] mapped 334029 sequences
[M::worker_pipeline::3853.272*18.90] mapped 334070 sequences
[M::worker_pipeline::3881.877*18.90] mapped 334056 sequences
[M::worker_pipeline::3907.524*18.91] mapped 334011 sequences
[M::worker_pipeline::3939.324*18.92] mapped 334060 sequences
[M::worker_pipeline::3967.618*18.93] mapped 334079 sequences
[M::worker_pipeline::3995.361*18.93] mapped 334067 sequences
[M::worker_pipeline::4022.751*18.94] mapped 334155 sequences
[M::worker_pipeline::4052.960*18.94] mapped 334136 sequences
[M::worker_pipeline::4079.733*18.95] mapped 334051 sequences
[M::worker_pipeline::4109.301*18.96] mapped 334040 sequences
[M::worker_pipeline::4137.192*18.96] mapped 333938 sequences
[M::worker_pipeline::4164.944*18.97] mapped 334024 sequences
[M::worker_pipeline::4191.948*18.97] mapped 333961 sequences
[M::worker_pipeline::4220.585*18.98] mapped 333940 sequences
[M::worker_pipeline::4251.213*18.98] mapped 334034 sequences
[M::worker_pipeline::4278.351*18.98] mapped 333974 sequences
[M::worker_pipeline::4308.109*18.99] mapped 334019 sequences
[M::worker_pipeline::4333.162*18.99] mapped 333988 sequences
[M::worker_pipeline::4363.417*19.00] mapped 334066 sequences
[M::worker_pipeline::4395.419*18.99] mapped 334030 sequences
[M::worker_pipeline::4422.429*18.99] mapped 333975 sequences
[M::worker_pipeline::4451.011*19.00] mapped 333971 sequences
[M::worker_pipeline::4479.660*19.01] mapped 333955 sequences
[M::worker_pipeline::4507.896*19.01] mapped 333965 sequences
[M::worker_pipeline::4534.466*19.01] mapped 334004 sequences
[M::worker_pipeline::4565.203*19.02] mapped 334023 sequences
[M::worker_pipeline::4591.280*19.02] mapped 333987 sequences
[M::worker_pipeline::4620.609*19.03] mapped 334004 sequences
[M::worker_pipeline::4649.595*19.03] mapped 334010 sequences
[M::worker_pipeline::4677.195*19.04] mapped 333901 sequences
[M::worker_pipeline::4704.770*19.04] mapped 333899 sequences
[M::worker_pipeline::4733.137*19.05] mapped 334093 sequences
[M::worker_pipeline::4763.219*19.05] mapped 334079 sequences
[M::worker_pipeline::4788.293*19.06] mapped 334065 sequences
[M::worker_pipeline::4818.418*19.06] mapped 333928 sequences
[M::worker_pipeline::4846.584*19.07] mapped 334049 sequences
[M::worker_pipeline::4875.423*19.07] mapped 333938 sequences
[M::worker_pipeline::4903.006*19.08] mapped 334047 sequences
[M::worker_pipeline::4931.932*19.08] mapped 333999 sequences
[M::worker_pipeline::4961.870*19.09] mapped 334071 sequences
[M::worker_pipeline::4990.463*19.09] mapped 334069 sequences
[M::worker_pipeline::5019.000*19.09] mapped 334111 sequences
[M::worker_pipeline::5048.668*19.09] mapped 334045 sequences
[M::worker_pipeline::5078.206*19.09] mapped 334054 sequences
[M::worker_pipeline::5107.045*19.09] mapped 334100 sequences
[M::worker_pipeline::5134.907*19.10] mapped 333988 sequences
[M::worker_pipeline::5163.661*19.10] mapped 334064 sequences
[M::worker_pipeline::5193.213*19.10] mapped 334030 sequences
[M::worker_pipeline::5218.199*19.10] mapped 334037 sequences
[M::worker_pipeline::5248.289*19.11] mapped 333948 sequences
[M::worker_pipeline::5277.728*19.11] mapped 333949 sequences
[M::worker_pipeline::5306.819*19.11] mapped 333910 sequences
[M::worker_pipeline::5335.330*19.11] mapped 333998 sequences
[M::worker_pipeline::5363.226*19.12] mapped 333843 sequences
[M::worker_pipeline::5392.139*19.12] mapped 333933 sequences
[M::worker_pipeline::5421.581*19.13] mapped 333962 sequences
[M::worker_pipeline::5450.952*19.13] mapped 333947 sequences
[M::worker_pipeline::5478.800*19.13] mapped 334009 sequences
[M::worker_pipeline::5507.297*19.13] mapped 334008 sequences
[M::worker_pipeline::5537.207*19.14] mapped 333989 sequences
[M::worker_pipeline::5563.854*19.14] mapped 333963 sequences
[M::worker_pipeline::5594.205*19.14] mapped 333887 sequences
[M::worker_pipeline::5624.959*19.14] mapped 333953 sequences
[M::worker_pipeline::5652.984*19.14] mapped 333962 sequences
[M::worker_pipeline::5680.301*19.15] mapped 333986 sequences
[M::worker_pipeline::5711.173*19.15] mapped 334087 sequences
[M::worker_pipeline::5739.640*19.15] mapped 334130 sequences
[M::worker_pipeline::5767.424*19.15] mapped 334058 sequences
[M::worker_pipeline::5799.615*19.15] mapped 333932 sequences
[M::worker_pipeline::5827.474*19.15] mapped 333933 sequences
[M::worker_pipeline::5855.124*19.15] mapped 333919 sequences
[M::worker_pipeline::5885.183*19.16] mapped 333938 sequences
[M::worker_pipeline::5914.022*19.16] mapped 333827 sequences
[M::worker_pipeline::5941.952*19.16] mapped 333777 sequences
[M::worker_pipeline::5969.879*19.17] mapped 333843 sequences
[M::worker_pipeline::5999.526*19.17] mapped 333830 sequences
[M::worker_pipeline::6026.142*19.17] mapped 333863 sequences
[M::worker_pipeline::6057.462*19.17] mapped 333780 sequences
[M::worker_pipeline::6085.947*19.18] mapped 333839 sequences
[M::worker_pipeline::6113.505*19.18] mapped 333994 sequences
[M::worker_pipeline::6144.767*19.17] mapped 333995 sequences
[M::worker_pipeline::6172.840*19.18] mapped 334045 sequences
[M::worker_pipeline::6203.755*19.17] mapped 333930 sequences
[M::worker_pipeline::6233.487*19.17] mapped 335453 sequences
[M::worker_pipeline::6262.179*19.17] mapped 333890 sequences
[M::worker_pipeline::6288.133*19.17] mapped 333942 sequences
[M::worker_pipeline::6318.206*19.18] mapped 333945 sequences
[M::worker_pipeline::6346.442*19.18] mapped 333884 sequences
[M::worker_pipeline::6373.156*19.18] mapped 333896 sequences
[M::worker_pipeline::6400.953*19.19] mapped 333936 sequences
[M::worker_pipeline::6430.292*19.19] mapped 333943 sequences
[M::worker_pipeline::6463.902*19.18] mapped 333908 sequences
[M::worker_pipeline::6490.948*19.18] mapped 333845 sequences
[M::worker_pipeline::6518.491*19.18] mapped 333851 sequences
[M::worker_pipeline::6547.753*19.19] mapped 333964 sequences
[M::worker_pipeline::6575.227*19.19] mapped 333836 sequences
[M::worker_pipeline::6605.621*19.19] mapped 333747 sequences
[M::worker_pipeline::6632.706*19.19] mapped 333785 sequences
[M::worker_pipeline::6661.235*19.20] mapped 333863 sequences
[M::worker_pipeline::6689.877*19.20] mapped 333760 sequences
[M::worker_pipeline::6716.843*19.20] mapped 333872 sequences
[M::worker_pipeline::6743.673*19.20] mapped 333758 sequences
[M::worker_pipeline::6773.316*19.21] mapped 333891 sequences
[M::worker_pipeline::6803.961*19.20] mapped 334160 sequences
[M::worker_pipeline::6834.734*19.20] mapped 334073 sequences
[M::worker_pipeline::6863.236*19.20] mapped 334027 sequences
[M::worker_pipeline::6889.145*19.20] mapped 334051 sequences
[M::worker_pipeline::6918.065*19.20] mapped 333911 sequences
[M::worker_pipeline::6946.556*19.21] mapped 333931 sequences
[M::worker_pipeline::6976.317*19.21] mapped 333903 sequences
[M::worker_pipeline::7002.374*19.21] mapped 333889 sequences
[M::worker_pipeline::7032.423*19.21] mapped 333912 sequences
[M::worker_pipeline::7059.239*19.22] mapped 333911 sequences
[M::worker_pipeline::7087.302*19.22] mapped 333870 sequences
[M::worker_pipeline::7116.713*19.22] mapped 333809 sequences
[M::worker_pipeline::7146.417*19.22] mapped 333848 sequences
[M::worker_pipeline::7174.933*19.22] mapped 333896 sequences
[M::worker_pipeline::7204.033*19.22] mapped 334040 sequences
[M::worker_pipeline::7231.098*19.22] mapped 333883 sequences
[M::worker_pipeline::7259.767*19.22] mapped 333820 sequences
[M::worker_pipeline::7289.624*19.22] mapped 333835 sequences
[M::worker_pipeline::7316.452*19.22] mapped 333810 sequences
[M::worker_pipeline::7344.882*19.22] mapped 333825 sequences
[M::worker_pipeline::7372.659*19.23] mapped 333807 sequences
[M::worker_pipeline::7400.728*19.23] mapped 333860 sequences
[M::worker_pipeline::7427.566*19.23] mapped 333777 sequences
[M::worker_pipeline::7455.825*19.23] mapped 334084 sequences
[M::worker_pipeline::7484.391*19.24] mapped 333916 sequences
[M::worker_pipeline::7512.849*19.24] mapped 334001 sequences
[M::worker_pipeline::7544.289*19.23] mapped 333872 sequences
[M::worker_pipeline::7572.157*19.24] mapped 333846 sequences
[M::worker_pipeline::7600.202*19.24] mapped 333926 sequences
[M::worker_pipeline::7627.710*19.24] mapped 333928 sequences
[M::worker_pipeline::7656.735*19.24] mapped 333910 sequences
[M::worker_pipeline::7685.175*19.24] mapped 333803 sequences
[M::worker_pipeline::7713.427*19.25] mapped 333819 sequences
[M::worker_pipeline::7743.093*19.25] mapped 333904 sequences
[M::worker_pipeline::7769.961*19.25] mapped 333885 sequences
[M::worker_pipeline::7797.906*19.25] mapped 333764 sequences
[M::worker_pipeline::7827.262*19.25] mapped 333907 sequences
[M::worker_pipeline::7854.931*19.26] mapped 333792 sequences
[M::worker_pipeline::7882.769*19.26] mapped 333907 sequences
[M::worker_pipeline::7912.039*19.26] mapped 333821 sequences
[M::worker_pipeline::7939.267*19.26] mapped 333836 sequences
[M::worker_pipeline::7966.845*19.26] mapped 333781 sequences
[M::worker_pipeline::7995.564*19.27] mapped 333794 sequences
[M::worker_pipeline::8022.691*19.27] mapped 333777 sequences
[M::worker_pipeline::8050.716*19.27] mapped 333737 sequences
[M::worker_pipeline::8079.355*19.27] mapped 333710 sequences
[M::worker_pipeline::8106.844*19.27] mapped 333943 sequences
[M::worker_pipeline::8135.351*19.28] mapped 333934 sequences
[M::worker_pipeline::8165.972*19.27] mapped 334011 sequences
[M::worker_pipeline::8194.387*19.27] mapped 333939 sequences
[M::worker_pipeline::8223.703*19.28] mapped 333924 sequences
[M::worker_pipeline::8251.727*19.28] mapped 333880 sequences
[M::worker_pipeline::8278.947*19.28] mapped 333822 sequences
[M::worker_pipeline::8306.804*19.28] mapped 333790 sequences
[M::worker_pipeline::8335.931*19.28] mapped 333764 sequences
[M::worker_pipeline::8365.904*19.28] mapped 333804 sequences
[M::worker_pipeline::8392.519*19.29] mapped 333802 sequences
[M::worker_pipeline::8420.832*19.29] mapped 333776 sequences
[M::worker_pipeline::8448.249*19.29] mapped 333770 sequences
[M::worker_pipeline::8478.104*19.29] mapped 333780 sequences
[M::worker_pipeline::8506.517*19.29] mapped 333830 sequences
[M::worker_pipeline::8534.049*19.30] mapped 333771 sequences
[M::worker_pipeline::8561.799*19.30] mapped 333839 sequences
[M::worker_pipeline::8588.490*19.30] mapped 333747 sequences
[M::worker_pipeline::8619.566*19.30] mapped 333795 sequences
[M::worker_pipeline::8646.091*19.30] mapped 333733 sequences
[M::worker_pipeline::8675.286*19.31] mapped 333863 sequences
[M::worker_pipeline::8702.673*19.31] mapped 333778 sequences
[M::worker_pipeline::8730.641*19.31] mapped 333803 sequences
[M::worker_pipeline::8760.870*19.31] mapped 333763 sequences
[M::worker_pipeline::8790.231*19.31] mapped 333920 sequences
[M::worker_pipeline::8818.974*19.31] mapped 333973 sequences
[M::worker_pipeline::8845.999*19.31] mapped 333959 sequences
[M::worker_pipeline::8873.494*19.31] mapped 333882 sequences
[M::worker_pipeline::8901.444*19.31] mapped 333977 sequences
[M::worker_pipeline::8928.675*19.32] mapped 333786 sequences
[M::worker_pipeline::8957.507*19.32] mapped 333880 sequences
[M::worker_pipeline::8986.821*19.32] mapped 333860 sequences
[M::worker_pipeline::9012.102*19.32] mapped 333841 sequences
[M::worker_pipeline::9042.181*19.32] mapped 333826 sequences
[M::worker_pipeline::9068.871*19.32] mapped 333856 sequences
[M::worker_pipeline::9098.028*19.32] mapped 333895 sequences
[M::worker_pipeline::9127.663*19.32] mapped 333895 sequences
[M::worker_pipeline::9155.168*19.32] mapped 333806 sequences
[M::worker_pipeline::9184.234*19.33] mapped 333840 sequences
[M::worker_pipeline::9213.289*19.33] mapped 333848 sequences
[M::worker_pipeline::9239.345*19.33] mapped 333771 sequences
[M::worker_pipeline::9267.437*19.33] mapped 333777 sequences
[M::worker_pipeline::9297.873*19.33] mapped 333797 sequences
[M::worker_pipeline::9323.818*19.33] mapped 333646 sequences
[M::worker_pipeline::9352.089*19.33] mapped 333704 sequences
[M::worker_pipeline::9379.560*19.34] mapped 333738 sequences
[M::worker_pipeline::9407.589*19.34] mapped 333661 sequences
[M::worker_pipeline::9436.480*19.34] mapped 333663 sequences
[M::worker_pipeline::9464.692*19.34] mapped 333974 sequences
[M::worker_pipeline::9496.046*19.34] mapped 334043 sequences
[M::worker_pipeline::9522.594*19.34] mapped 333979 sequences
[M::worker_pipeline::9550.824*19.34] mapped 333992 sequences
[M::worker_pipeline::9578.750*19.34] mapped 333999 sequences
[M::worker_pipeline::9607.490*19.34] mapped 333947 sequences
[M::worker_pipeline::9638.676*19.34] mapped 333988 sequences
[M::worker_pipeline::9665.351*19.34] mapped 333955 sequences
[M::worker_pipeline::9694.123*19.35] mapped 333877 sequences
[M::worker_pipeline::9722.898*19.35] mapped 333973 sequences
[M::worker_pipeline::9751.361*19.35] mapped 333986 sequences
[M::worker_pipeline::9781.516*19.35] mapped 333940 sequences
[M::worker_pipeline::9808.171*19.35] mapped 334025 sequences
[M::worker_pipeline::9838.612*19.35] mapped 333986 sequences
[M::worker_pipeline::9864.476*19.35] mapped 333958 sequences
[M::worker_pipeline::9893.138*19.35] mapped 333824 sequences
[M::worker_pipeline::9922.121*19.35] mapped 333908 sequences
[M::worker_pipeline::9951.067*19.35] mapped 333865 sequences
[M::worker_pipeline::9979.432*19.36] mapped 333882 sequences
[M::worker_pipeline::10007.055*19.36] mapped 333795 sequences
[M::worker_pipeline::10035.624*19.36] mapped 333782 sequences
[M::worker_pipeline::10065.873*19.36] mapped 333786 sequences
[M::worker_pipeline::10093.122*19.36] mapped 333771 sequences
[M::worker_pipeline::10120.186*19.36] mapped 333788 sequences
[M::worker_pipeline::10149.657*19.36] mapped 333845 sequences
[M::worker_pipeline::10179.498*19.36] mapped 333737 sequences
[M::worker_pipeline::10208.028*19.36] mapped 333844 sequences
[M::worker_pipeline::10236.523*19.36] mapped 333762 sequences
[M::worker_pipeline::10264.586*19.36] mapped 333768 sequences
[M::worker_pipeline::10292.637*19.36] mapped 333798 sequences
[M::worker_pipeline::10322.796*19.36] mapped 333831 sequences
[M::worker_pipeline::10350.313*19.37] mapped 333825 sequences
[M::worker_pipeline::10380.133*19.36] mapped 333784 sequences
[M::worker_pipeline::10409.365*19.36] mapped 333833 sequences
[M::worker_pipeline::10437.414*19.36] mapped 333820 sequences
[M::worker_pipeline::10466.153*19.36] mapped 333796 sequences
[M::worker_pipeline::10496.950*19.37] mapped 333818 sequences
[M::worker_pipeline::10524.052*19.37] mapped 333763 sequences
[M::worker_pipeline::10550.911*19.37] mapped 333769 sequences
[M::worker_pipeline::10579.855*19.37] mapped 333773 sequences
[M::worker_pipeline::10607.629*19.37] mapped 334069 sequences
[M::worker_pipeline::10636.681*19.37] mapped 333845 sequences
[M::worker_pipeline::10666.318*19.37] mapped 333818 sequences
[M::worker_pipeline::10694.635*19.37] mapped 333766 sequences
[M::worker_pipeline::10721.997*19.37] mapped 334175 sequences
[M::worker_pipeline::10750.726*19.38] mapped 334148 sequences
[M::worker_pipeline::10780.586*19.38] mapped 334225 sequences
[M::worker_pipeline::10809.338*19.38] mapped 334171 sequences
[M::worker_pipeline::10836.743*19.38] mapped 334053 sequences
[M::worker_pipeline::10864.741*19.38] mapped 334136 sequences
[M::worker_pipeline::10892.545*19.38] mapped 334017 sequences
[M::worker_pipeline::10921.391*19.38] mapped 334059 sequences
[M::worker_pipeline::10950.311*19.38] mapped 334008 sequences
[M::worker_pipeline::10978.969*19.38] mapped 334033 sequences
[M::worker_pipeline::11007.473*19.38] mapped 334024 sequences
[M::worker_pipeline::11037.691*19.39] mapped 333997 sequences
[M::worker_pipeline::11064.176*19.39] mapped 334159 sequences
[M::worker_pipeline::11094.029*19.39] mapped 334015 sequences
[M::worker_pipeline::11120.802*19.39] mapped 333983 sequences
[M::worker_pipeline::11148.577*19.39] mapped 333975 sequences
[M::worker_pipeline::11179.661*19.39] mapped 333937 sequences
[M::worker_pipeline::11208.304*19.39] mapped 333873 sequences
[M::worker_pipeline::11234.198*19.39] mapped 333812 sequences
[M::worker_pipeline::11264.644*19.39] mapped 333801 sequences
[M::worker_pipeline::11291.917*19.39] mapped 333767 sequences
[M::worker_pipeline::11321.749*19.39] mapped 333855 sequences
[M::worker_pipeline::11350.529*19.39] mapped 333827 sequences
[M::worker_pipeline::11379.852*19.39] mapped 333924 sequences
[M::worker_pipeline::11405.400*19.39] mapped 333841 sequences
[M::worker_pipeline::11435.987*19.39] mapped 333788 sequences
[M::worker_pipeline::11462.412*19.40] mapped 333816 sequences
[M::worker_pipeline::11491.595*19.39] mapped 333851 sequences
[M::worker_pipeline::11519.379*19.40] mapped 333862 sequences
[M::worker_pipeline::11548.357*19.40] mapped 333772 sequences
[M::worker_pipeline::11577.286*19.40] mapped 333889 sequences
[M::worker_pipeline::11605.115*19.40] mapped 333864 sequences
[M::worker_pipeline::11632.608*19.40] mapped 333834 sequences
[M::worker_pipeline::11661.491*19.40] mapped 333714 sequences
[M::worker_pipeline::11689.462*19.40] mapped 333816 sequences
[M::worker_pipeline::11717.996*19.40] mapped 333753 sequences
[M::worker_pipeline::11746.229*19.40] mapped 333823 sequences
[M::worker_pipeline::11774.331*19.40] mapped 333791 sequences
[M::worker_pipeline::11802.403*19.40] mapped 333700 sequences
[M::worker_pipeline::11830.695*19.40] mapped 333773 sequences
[M::worker_pipeline::11859.279*19.41] mapped 333791 sequences
[M::worker_pipeline::11885.934*19.41] mapped 333798 sequences
[M::worker_pipeline::11915.577*19.41] mapped 333748 sequences
[M::worker_pipeline::11942.567*19.41] mapped 333731 sequences
[M::worker_pipeline::11972.103*19.41] mapped 334102 sequences
[M::worker_pipeline::12001.257*19.41] mapped 334182 sequences
[M::worker_pipeline::12030.508*19.41] mapped 334209 sequences
[M::worker_pipeline::12057.150*19.41] mapped 334147 sequences
[M::worker_pipeline::12084.608*19.41] mapped 334174 sequences
[M::worker_pipeline::12112.911*19.41] mapped 334118 sequences
[M::worker_pipeline::12141.744*19.41] mapped 334093 sequences
[M::worker_pipeline::12170.335*19.41] mapped 334104 sequences
[M::worker_pipeline::12199.593*19.41] mapped 334079 sequences
[M::worker_pipeline::12227.609*19.41] mapped 334045 sequences
[M::worker_pipeline::12256.969*19.42] mapped 334060 sequences
[M::worker_pipeline::12283.998*19.42] mapped 334079 sequences
[M::worker_pipeline::12312.124*19.42] mapped 334008 sequences
[M::worker_pipeline::12340.436*19.42] mapped 334008 sequences
[M::worker_pipeline::12368.360*19.42] mapped 334008 sequences
[M::worker_pipeline::12398.609*19.42] mapped 333968 sequences
[M::worker_pipeline::12425.432*19.42] mapped 333905 sequences
[M::worker_pipeline::12452.624*19.42] mapped 333962 sequences
[M::worker_pipeline::12481.326*19.42] mapped 333865 sequences
[M::worker_pipeline::12509.585*19.42] mapped 333856 sequences
[M::worker_pipeline::12539.867*19.42] mapped 333968 sequences
[M::worker_pipeline::12568.407*19.42] mapped 333935 sequences
[M::worker_pipeline::12597.557*19.42] mapped 333857 sequences
[M::worker_pipeline::12624.580*19.42] mapped 333948 sequences
[M::worker_pipeline::12653.968*19.42] mapped 333891 sequences
[M::worker_pipeline::12681.860*19.42] mapped 333911 sequences
[M::worker_pipeline::12711.208*19.42] mapped 333853 sequences
[M::worker_pipeline::12739.302*19.42] mapped 333926 sequences
[M::worker_pipeline::12767.277*19.42] mapped 333832 sequences
[M::worker_pipeline::12794.818*19.43] mapped 333884 sequences
[M::worker_pipeline::12825.464*19.43] mapped 333839 sequences
[M::worker_pipeline::12853.302*19.43] mapped 333813 sequences
[M::worker_pipeline::12880.098*19.43] mapped 333850 sequences
[M::worker_pipeline::12908.960*19.43] mapped 333850 sequences
[M::worker_pipeline::12937.865*19.43] mapped 333804 sequences
[M::worker_pipeline::12965.084*19.43] mapped 333847 sequences
[M::worker_pipeline::12994.930*19.43] mapped 333821 sequences
[M::worker_pipeline::13023.640*19.43] mapped 333812 sequences
[M::worker_pipeline::13050.498*19.43] mapped 333778 sequences
[M::worker_pipeline::13078.982*19.43] mapped 333805 sequences
[M::worker_pipeline::13107.244*19.43] mapped 333827 sequences
[M::worker_pipeline::13135.390*19.43] mapped 333845 sequences
[M::worker_pipeline::13162.312*19.43] mapped 333780 sequences
[M::worker_pipeline::13190.584*19.43] mapped 333874 sequences
[M::worker_pipeline::13219.163*19.43] mapped 334321 sequences
[M::worker_pipeline::13247.999*19.43] mapped 334186 sequences
[M::worker_pipeline::13275.301*19.44] mapped 334124 sequences
[M::worker_pipeline::13304.128*19.44] mapped 334177 sequences
[M::worker_pipeline::13332.964*19.44] mapped 334143 sequences
[M::worker_pipeline::13359.369*19.44] mapped 334134 sequences
[M::worker_pipeline::13387.722*19.44] mapped 334069 sequences
[M::worker_pipeline::13415.614*19.44] mapped 334130 sequences
[M::worker_pipeline::13444.213*19.44] mapped 334113 sequences
[M::worker_pipeline::13471.429*19.44] mapped 334103 sequences
[M::worker_pipeline::13499.303*19.44] mapped 334057 sequences
[M::worker_pipeline::13527.455*19.44] mapped 334032 sequences
[M::worker_pipeline::13554.762*19.44] mapped 334057 sequences
[M::worker_pipeline::13583.702*19.44] mapped 333988 sequences
[M::worker_pipeline::13612.608*19.44] mapped 333927 sequences
[M::worker_pipeline::13639.571*19.44] mapped 333899 sequences
[M::worker_pipeline::13667.381*19.44] mapped 333922 sequences
[M::worker_pipeline::13695.292*19.44] mapped 333894 sequences
[M::worker_pipeline::13724.473*19.45] mapped 333868 sequences
[M::worker_pipeline::13753.519*19.45] mapped 333780 sequences
[M::worker_pipeline::13784.030*19.44] mapped 333871 sequences
[M::worker_pipeline::13811.983*19.44] mapped 333826 sequences
[M::worker_pipeline::13837.877*19.44] mapped 333861 sequences
[M::worker_pipeline::13865.830*19.45] mapped 333878 sequences
[M::worker_pipeline::13894.552*19.45] mapped 333814 sequences
[M::worker_pipeline::13923.992*19.45] mapped 333817 sequences
[M::worker_pipeline::13949.917*19.45] mapped 333925 sequences
[M::worker_pipeline::13977.927*19.45] mapped 333927 sequences
[M::worker_pipeline::14009.522*19.44] mapped 333830 sequences
[M::worker_pipeline::14035.724*19.44] mapped 333794 sequences
[M::worker_pipeline::14066.637*19.44] mapped 333811 sequences
[M::worker_pipeline::14093.990*19.44] mapped 333829 sequences
[M::worker_pipeline::14126.460*19.44] mapped 333808 sequences
[M::worker_pipeline::14155.127*19.44] mapped 333835 sequences
[M::worker_pipeline::14186.425*19.44] mapped 333784 sequences
[M::worker_pipeline::14215.382*19.43] mapped 333767 sequences
[M::worker_pipeline::14243.112*19.43] mapped 333824 sequences
[M::worker_pipeline::14271.970*19.43] mapped 333786 sequences
[M::worker_pipeline::14304.176*19.43] mapped 333700 sequences
[M::worker_pipeline::14334.932*19.43] mapped 333839 sequences
[M::worker_pipeline::14366.624*19.42] mapped 333791 sequences
[M::worker_pipeline::14396.790*19.42] mapped 333813 sequences
[M::worker_pipeline::14425.471*19.42] mapped 333802 sequences
[M::worker_pipeline::14453.118*19.42] mapped 334076 sequences
[M::worker_pipeline::14483.932*19.41] mapped 334251 sequences
[M::worker_pipeline::14515.218*19.41] mapped 334087 sequences
[M::worker_pipeline::14544.655*19.41] mapped 334239 sequences
[M::worker_pipeline::14574.310*19.41] mapped 334107 sequences
[M::worker_pipeline::14603.592*19.40] mapped 334054 sequences
[M::worker_pipeline::14633.139*19.40] mapped 334039 sequences
[M::worker_pipeline::14664.843*19.40] mapped 334003 sequences
[M::worker_pipeline::14694.475*19.40] mapped 334047 sequences
[M::worker_pipeline::14723.841*19.40] mapped 333990 sequences
[M::worker_pipeline::14754.505*19.39] mapped 334101 sequences
[M::worker_pipeline::14785.538*19.39] mapped 334018 sequences
[M::worker_pipeline::14814.221*19.39] mapped 334001 sequences
[M::worker_pipeline::14844.280*19.38] mapped 333956 sequences
[M::worker_pipeline::14873.938*19.38] mapped 333879 sequences
[M::worker_pipeline::14903.117*19.38] mapped 333905 sequences
[M::worker_pipeline::14932.201*19.38] mapped 333896 sequences
[M::worker_pipeline::14963.237*19.38] mapped 333935 sequences
[M::worker_pipeline::14991.081*19.38] mapped 333887 sequences
[M::worker_pipeline::15020.244*19.38] mapped 333818 sequences
[M::worker_pipeline::15051.021*19.38] mapped 333836 sequences
[M::worker_pipeline::15081.356*19.37] mapped 333876 sequences
[M::worker_pipeline::15110.436*19.37] mapped 333853 sequences
[M::worker_pipeline::15138.949*19.37] mapped 333944 sequences
[M::worker_pipeline::15168.398*19.37] mapped 333865 sequences
[M::worker_pipeline::15198.975*19.37] mapped 333886 sequences
[M::worker_pipeline::15226.615*19.37] mapped 333843 sequences
[M::worker_pipeline::15256.356*19.36] mapped 333837 sequences
[M::worker_pipeline::15286.673*19.36] mapped 333804 sequences
[M::worker_pipeline::15318.012*19.36] mapped 333815 sequences
[M::worker_pipeline::15347.510*19.36] mapped 333841 sequences
[M::worker_pipeline::15376.632*19.36] mapped 333775 sequences
[M::worker_pipeline::15405.144*19.36] mapped 333761 sequences
[M::worker_pipeline::15432.493*19.36] mapped 333724 sequences
[M::worker_pipeline::15458.946*19.36] mapped 333808 sequences
[M::worker_pipeline::15489.579*19.36] mapped 333909 sequences
[M::worker_pipeline::15518.177*19.36] mapped 333794 sequences
[M::worker_pipeline::15547.363*19.35] mapped 333769 sequences
[M::worker_pipeline::15576.978*19.35] mapped 333833 sequences
[M::worker_pipeline::15604.417*19.35] mapped 333819 sequences
[M::worker_pipeline::15634.643*19.35] mapped 333726 sequences
[M::worker_pipeline::15664.017*19.35] mapped 333782 sequences
[M::worker_pipeline::15693.403*19.35] mapped 333739 sequences
[M::worker_pipeline::15721.889*19.35] mapped 333793 sequences
[M::worker_pipeline::15750.454*19.34] mapped 334243 sequences
[M::worker_pipeline::15780.425*19.34] mapped 334092 sequences
[M::worker_pipeline::15809.315*19.34] mapped 334187 sequences
[M::worker_pipeline::15838.688*19.34] mapped 334100 sequences
[M::worker_pipeline::15864.549*19.34] mapped 334066 sequences
[M::worker_pipeline::15892.849*19.34] mapped 334127 sequences
[M::worker_pipeline::15922.206*19.34] mapped 334009 sequences
[M::worker_pipeline::15948.278*19.34] mapped 333996 sequences
[M::worker_pipeline::15978.690*19.34] mapped 333984 sequences
[M::worker_pipeline::16007.806*19.34] mapped 333995 sequences
[M::worker_pipeline::16038.290*19.33] mapped 334041 sequences
[M::worker_pipeline::16067.784*19.33] mapped 334039 sequences
[M::worker_pipeline::16097.672*19.33] mapped 333997 sequences
[M::worker_pipeline::16127.220*19.33] mapped 334037 sequences
[M::worker_pipeline::16155.872*19.33] mapped 333910 sequences
[M::worker_pipeline::16184.781*19.33] mapped 333907 sequences
[M::worker_pipeline::16214.447*19.32] mapped 333836 sequences
[M::worker_pipeline::16243.083*19.32] mapped 333818 sequences
[M::worker_pipeline::16272.709*19.32] mapped 333881 sequences
[M::worker_pipeline::16301.490*19.32] mapped 333884 sequences
[M::worker_pipeline::16329.371*19.32] mapped 333770 sequences
[M::worker_pipeline::16359.721*19.32] mapped 333859 sequences
[M::worker_pipeline::16390.112*19.32] mapped 333869 sequences
[M::worker_pipeline::16418.383*19.32] mapped 333871 sequences
[M::worker_pipeline::16447.457*19.32] mapped 333856 sequences
[M::worker_pipeline::16477.418*19.32] mapped 333927 sequences
[M::worker_pipeline::16505.170*19.32] mapped 333872 sequences
[M::worker_pipeline::16533.373*19.32] mapped 333946 sequences
[M::worker_pipeline::16559.951*19.32] mapped 333799 sequences
[M::worker_pipeline::16590.174*19.32] mapped 333869 sequences
[M::worker_pipeline::16617.527*19.32] mapped 333851 sequences
[M::worker_pipeline::16648.966*19.31] mapped 333858 sequences
[M::worker_pipeline::16676.337*19.31] mapped 333831 sequences
[M::worker_pipeline::16703.485*19.32] mapped 333747 sequences
[M::worker_pipeline::16734.176*19.31] mapped 333765 sequences
[M::worker_pipeline::16762.276*19.31] mapped 333759 sequences
[M::worker_pipeline::16790.584*19.31] mapped 333766 sequences
[M::worker_pipeline::16820.808*19.31] mapped 333757 sequences
[M::worker_pipeline::16849.771*19.31] mapped 333773 sequences
[M::worker_pipeline::16879.580*19.31] mapped 333727 sequences
[M::worker_pipeline::16908.479*19.31] mapped 333753 sequences
[M::worker_pipeline::16937.802*19.31] mapped 333810 sequences
[M::worker_pipeline::16968.215*19.31] mapped 333732 sequences
[M::worker_pipeline::16996.306*19.31] mapped 333709 sequences
[M::worker_pipeline::17026.447*19.30] mapped 334206 sequences
[M::worker_pipeline::17055.784*19.30] mapped 334525 sequences
[M::worker_pipeline::17083.848*19.30] mapped 334553 sequences
[M::worker_pipeline::17112.632*19.30] mapped 334497 sequences
[M::worker_pipeline::17142.515*19.30] mapped 334463 sequences
[M::worker_pipeline::17171.344*19.30] mapped 334444 sequences
[M::worker_pipeline::17198.541*19.30] mapped 334358 sequences
[M::worker_pipeline::17229.046*19.30] mapped 334343 sequences
[M::worker_pipeline::17258.221*19.30] mapped 334225 sequences
[M::worker_pipeline::17286.610*19.30] mapped 334275 sequences
[M::worker_pipeline::17314.224*19.30] mapped 334245 sequences
[M::worker_pipeline::17343.778*19.30] mapped 334284 sequences
[M::worker_pipeline::17372.493*19.30] mapped 334144 sequences
[M::worker_pipeline::17399.365*19.30] mapped 334108 sequences
[M::worker_pipeline::17428.935*19.30] mapped 334157 sequences
[M::worker_pipeline::17457.836*19.30] mapped 334027 sequences
[M::worker_pipeline::17487.207*19.30] mapped 334127 sequences
[M::worker_pipeline::17515.782*19.29] mapped 334114 sequences
[M::worker_pipeline::17544.188*19.29] mapped 334166 sequences
[M::worker_pipeline::17573.057*19.29] mapped 334060 sequences
[M::worker_pipeline::17601.104*19.29] mapped 334044 sequences
[M::worker_pipeline::17629.038*19.29] mapped 334077 sequences
[M::worker_pipeline::17658.802*19.29] mapped 334132 sequences
[M::worker_pipeline::17686.663*19.29] mapped 334047 sequences
[M::worker_pipeline::17713.903*19.29] mapped 333975 sequences
[M::worker_pipeline::17743.779*19.29] mapped 334023 sequences
[M::worker_pipeline::17773.353*19.29] mapped 334191 sequences
[M::worker_pipeline::17801.182*19.29] mapped 334039 sequences
[M::worker_pipeline::17831.335*19.29] mapped 333978 sequences
[M::worker_pipeline::17861.682*19.29] mapped 334059 sequences
[M::worker_pipeline::17889.199*19.29] mapped 334008 sequences
[M::worker_pipeline::17917.948*19.29] mapped 333913 sequences
[M::worker_pipeline::17946.144*19.29] mapped 333963 sequences
[M::worker_pipeline::17973.948*19.29] mapped 333941 sequences
[M::worker_pipeline::18002.909*19.29] mapped 333986 sequences
[M::worker_pipeline::18031.732*19.29] mapped 333910 sequences
[M::worker_pipeline::18059.082*19.29] mapped 333995 sequences
[M::worker_pipeline::18086.854*19.29] mapped 333913 sequences
[M::worker_pipeline::18115.478*19.29] mapped 333903 sequences
[M::worker_pipeline::18143.208*19.29] mapped 333956 sequences
[M::worker_pipeline::18171.462*19.29] mapped 333837 sequences
[M::worker_pipeline::18200.385*19.29] mapped 334075 sequences
[M::worker_pipeline::18230.623*19.28] mapped 333873 sequences
[M::worker_pipeline::18257.878*19.28] mapped 333906 sequences
[M::worker_pipeline::18286.587*19.28] mapped 334035 sequences
[M::worker_pipeline::18315.152*19.28] mapped 334508 sequences
[M::worker_pipeline::18345.020*19.28] mapped 334525 sequences
[M::worker_pipeline::18373.079*19.28] mapped 334468 sequences
[M::worker_pipeline::18400.686*19.28] mapped 334415 sequences
[M::worker_pipeline::18429.726*19.28] mapped 334415 sequences
[M::worker_pipeline::18458.199*19.28] mapped 334366 sequences
[M::worker_pipeline::18485.314*19.28] mapped 334301 sequences
[M::worker_pipeline::18512.932*19.28] mapped 334232 sequences
[M::worker_pipeline::18539.610*19.28] mapped 334236 sequences
[M::worker_pipeline::18570.036*19.28] mapped 334252 sequences
[M::worker_pipeline::18598.827*19.28] mapped 334169 sequences
[M::worker_pipeline::18629.335*19.28] mapped 334244 sequences
[M::worker_pipeline::18658.149*19.28] mapped 334199 sequences
[M::worker_pipeline::18685.280*19.28] mapped 334180 sequences
[M::worker_pipeline::18713.629*19.28] mapped 334124 sequences
[M::worker_pipeline::18741.914*19.28] mapped 334045 sequences
[M::worker_pipeline::18770.281*19.28] mapped 334068 sequences
[M::worker_pipeline::18799.182*19.28] mapped 334055 sequences
[M::worker_pipeline::18825.687*19.28] mapped 334152 sequences
[M::worker_pipeline::18855.678*19.28] mapped 334070 sequences
[M::worker_pipeline::18883.273*19.27] mapped 334011 sequences
[M::worker_pipeline::18911.194*19.27] mapped 334057 sequences
[M::worker_pipeline::18941.573*19.27] mapped 333957 sequences
[M::worker_pipeline::18969.906*19.27] mapped 334046 sequences
[M::worker_pipeline::18998.434*19.27] mapped 334070 sequences
[M::worker_pipeline::19024.655*19.27] mapped 334022 sequences
[M::worker_pipeline::19054.789*19.27] mapped 333966 sequences
[M::worker_pipeline::19081.548*19.27] mapped 333976 sequences
[M::worker_pipeline::19109.667*19.27] mapped 333988 sequences
[M::worker_pipeline::19137.647*19.27] mapped 333896 sequences
[M::worker_pipeline::19166.328*19.27] mapped 334027 sequences
[M::worker_pipeline::19193.950*19.27] mapped 333979 sequences
[M::worker_pipeline::19221.671*19.27] mapped 333965 sequences
[M::worker_pipeline::19250.842*19.27] mapped 334012 sequences
[M::worker_pipeline::19279.983*19.27] mapped 333924 sequences
[M::worker_pipeline::19308.346*19.27] mapped 333942 sequences
[M::worker_pipeline::19338.051*19.27] mapped 333874 sequences
[M::worker_pipeline::19366.277*19.27] mapped 333938 sequences
[M::worker_pipeline::19393.960*19.27] mapped 333841 sequences
[M::worker_pipeline::19422.537*19.27] mapped 333930 sequences
[M::worker_pipeline::19451.350*19.26] mapped 333935 sequences
[M::worker_pipeline::19480.166*19.26] mapped 333935 sequences
[M::worker_pipeline::19508.617*19.26] mapped 333898 sequences
[M::worker_pipeline::19537.230*19.26] mapped 334154 sequences
[M::worker_pipeline::19567.752*19.26] mapped 334590 sequences
[M::worker_pipeline::19595.867*19.26] mapped 334620 sequences
[M::worker_pipeline::19623.656*19.26] mapped 334419 sequences
[M::worker_pipeline::19654.100*19.26] mapped 334443 sequences
[M::worker_pipeline::19682.041*19.26] mapped 334360 sequences
[M::worker_pipeline::19711.268*19.26] mapped 334270 sequences
[M::worker_pipeline::19740.151*19.26] mapped 334355 sequences
[M::worker_pipeline::19770.101*19.25] mapped 334351 sequences
[M::worker_pipeline::19798.399*19.25] mapped 334268 sequences
[M::worker_pipeline::19827.339*19.25] mapped 334295 sequences
[M::worker_pipeline::19855.584*19.25] mapped 334287 sequences
[M::worker_pipeline::19882.696*19.25] mapped 334150 sequences
[M::worker_pipeline::19912.788*19.25] mapped 334146 sequences
[M::worker_pipeline::19941.534*19.25] mapped 334146 sequences
[M::worker_pipeline::19968.423*19.25] mapped 334099 sequences
[M::worker_pipeline::19999.548*19.25] mapped 334155 sequences
[M::worker_pipeline::20026.486*19.25] mapped 334118 sequences
[M::worker_pipeline::20057.355*19.25] mapped 334042 sequences
[M::worker_pipeline::20084.699*19.25] mapped 334084 sequences
[M::worker_pipeline::20114.307*19.24] mapped 334020 sequences
[M::worker_pipeline::20143.358*19.24] mapped 334030 sequences
[M::worker_pipeline::20172.784*19.24] mapped 334077 sequences
[M::worker_pipeline::20200.210*19.24] mapped 334039 sequences
[M::worker_pipeline::20230.071*19.24] mapped 334074 sequences
[M::worker_pipeline::20259.518*19.24] mapped 334072 sequences
[M::worker_pipeline::20287.378*19.24] mapped 334025 sequences
[M::worker_pipeline::20315.741*19.24] mapped 334073 sequences
[M::worker_pipeline::20346.503*19.24] mapped 334009 sequences
[M::worker_pipeline::20377.246*19.24] mapped 334054 sequences
[M::worker_pipeline::20405.852*19.24] mapped 333953 sequences
[M::worker_pipeline::20435.492*19.23] mapped 334056 sequences
[M::worker_pipeline::20464.563*19.23] mapped 333973 sequences
[M::worker_pipeline::20492.728*19.23] mapped 333919 sequences
[M::worker_pipeline::20520.064*19.23] mapped 333920 sequences
[M::worker_pipeline::20549.205*19.23] mapped 333887 sequences
[M::worker_pipeline::20578.785*19.23] mapped 333950 sequences
[M::worker_pipeline::20606.878*19.23] mapped 333970 sequences
[M::worker_pipeline::20635.439*19.23] mapped 333843 sequences
[M::worker_pipeline::20661.547*19.23] mapped 333882 sequences
[M::worker_pipeline::20690.346*19.23] mapped 333862 sequences
[M::worker_pipeline::20718.456*19.23] mapped 333874 sequences
[M::worker_pipeline::20748.103*19.23] mapped 333904 sequences
[M::worker_pipeline::20778.768*19.23] mapped 333826 sequences
[M::worker_pipeline::20808.700*19.23] mapped 334340 sequences
[M::worker_pipeline::20837.415*19.23] mapped 334621 sequences
[M::worker_pipeline::20867.425*19.23] mapped 334514 sequences
[M::worker_pipeline::20897.287*19.22] mapped 334418 sequences
[M::worker_pipeline::20926.885*19.22] mapped 334380 sequences
[M::worker_pipeline::20956.944*19.22] mapped 334373 sequences
[M::worker_pipeline::20984.978*19.22] mapped 334325 sequences
[M::worker_pipeline::21013.905*19.22] mapped 334286 sequences
[M::worker_pipeline::21042.519*19.22] mapped 334342 sequences
[M::worker_pipeline::21071.095*19.22] mapped 334278 sequences
[M::worker_pipeline::21100.669*19.22] mapped 334247 sequences
[M::worker_pipeline::21129.084*19.22] mapped 334222 sequences
[M::worker_pipeline::21157.986*19.22] mapped 334144 sequences
[M::worker_pipeline::21184.507*19.22] mapped 334141 sequences
[M::worker_pipeline::21214.947*19.22] mapped 334140 sequences
[M::worker_pipeline::21242.501*19.22] mapped 334086 sequences
[M::worker_pipeline::21270.962*19.21] mapped 334077 sequences
[M::worker_pipeline::21302.178*19.21] mapped 334035 sequences
[M::worker_pipeline::21332.643*19.21] mapped 334129 sequences
[M::worker_pipeline::21360.225*19.21] mapped 334056 sequences
[M::worker_pipeline::21388.036*19.21] mapped 334091 sequences
[M::worker_pipeline::21416.464*19.21] mapped 333979 sequences
[M::worker_pipeline::21445.485*19.21] mapped 334167 sequences
[M::worker_pipeline::21474.378*19.21] mapped 334062 sequences
[M::worker_pipeline::21502.294*19.21] mapped 333997 sequences
[M::worker_pipeline::21531.742*19.21] mapped 334066 sequences
[M::worker_pipeline::21560.968*19.21] mapped 334059 sequences
[M::worker_pipeline::21589.883*19.21] mapped 334004 sequences
[M::worker_pipeline::21618.669*19.21] mapped 334024 sequences
[M::worker_pipeline::21646.234*19.21] mapped 333971 sequences
[M::worker_pipeline::21674.581*19.21] mapped 334016 sequences
[M::worker_pipeline::21704.528*19.21] mapped 334084 sequences
[M::worker_pipeline::21732.452*19.21] mapped 334004 sequences
[M::worker_pipeline::21759.650*19.21] mapped 333913 sequences
[M::worker_pipeline::21788.920*19.21] mapped 333904 sequences
[M::worker_pipeline::21817.559*19.21] mapped 333979 sequences
[M::worker_pipeline::21846.233*19.20] mapped 333927 sequences
[M::worker_pipeline::21873.026*19.21] mapped 333964 sequences
[M::worker_pipeline::21901.209*19.21] mapped 333821 sequences
[M::worker_pipeline::21929.778*19.20] mapped 333852 sequences
[M::worker_pipeline::21959.090*19.20] mapped 333980 sequences
[M::worker_pipeline::21984.887*19.20] mapped 333836 sequences
[M::worker_pipeline::22013.006*19.21] mapped 333861 sequences
[M::worker_pipeline::22041.062*19.21] mapped 333926 sequences
[M::worker_pipeline::22068.870*19.21] mapped 334698 sequences
[M::worker_pipeline::22099.209*19.20] mapped 334741 sequences
[M::worker_pipeline::22127.347*19.20] mapped 334558 sequences
[M::worker_pipeline::22157.434*19.20] mapped 334418 sequences
[M::worker_pipeline::22185.905*19.20] mapped 334526 sequences
[M::worker_pipeline::22213.598*19.20] mapped 334261 sequences
[M::worker_pipeline::22242.555*19.20] mapped 334472 sequences
[M::worker_pipeline::22270.266*19.20] mapped 334400 sequences
[M::worker_pipeline::22299.716*19.20] mapped 334444 sequences
[M::worker_pipeline::22327.065*19.20] mapped 334374 sequences
[M::worker_pipeline::22355.412*19.20] mapped 334374 sequences
[M::worker_pipeline::22383.490*19.20] mapped 334348 sequences
[M::worker_pipeline::22411.546*19.20] mapped 334319 sequences
[M::worker_pipeline::22441.141*19.20] mapped 334203 sequences
[M::worker_pipeline::22468.270*19.20] mapped 334211 sequences
[M::worker_pipeline::22498.219*19.20] mapped 334199 sequences
[M::worker_pipeline::22525.983*19.20] mapped 334062 sequences
[M::worker_pipeline::22554.732*19.20] mapped 334087 sequences
[M::worker_pipeline::22585.384*19.19] mapped 334183 sequences
[M::worker_pipeline::22613.494*19.19] mapped 334145 sequences
[M::worker_pipeline::22643.611*19.19] mapped 334096 sequences
[M::worker_pipeline::22671.647*19.19] mapped 334121 sequences
[M::worker_pipeline::22699.838*19.19] mapped 334073 sequences
[M::worker_pipeline::22729.380*19.19] mapped 334116 sequences
[M::worker_pipeline::22757.401*19.19] mapped 334098 sequences
[M::worker_pipeline::22786.471*19.19] mapped 334127 sequences
[M::worker_pipeline::22815.367*19.19] mapped 334124 sequences
[M::worker_pipeline::22843.266*19.19] mapped 334000 sequences
[M::worker_pipeline::22871.213*19.19] mapped 334107 sequences
[M::worker_pipeline::22900.046*19.19] mapped 334010 sequences
[M::worker_pipeline::22929.539*19.19] mapped 334124 sequences
[M::worker_pipeline::22955.281*19.19] mapped 334161 sequences
[M::worker_pipeline::22986.022*19.19] mapped 334013 sequences
[M::worker_pipeline::23014.968*19.19] mapped 334022 sequences
[M::worker_pipeline::23043.135*19.19] mapped 333957 sequences
[M::worker_pipeline::23071.787*19.19] mapped 333989 sequences
[M::worker_pipeline::23098.792*19.19] mapped 333919 sequences
[M::worker_pipeline::23129.007*19.19] mapped 333897 sequences
[M::worker_pipeline::23158.876*19.19] mapped 333944 sequences
[M::worker_pipeline::23187.415*19.18] mapped 333899 sequences
[M::worker_pipeline::23216.163*19.18] mapped 333873 sequences
[M::worker_pipeline::23245.825*19.18] mapped 333855 sequences
[M::worker_pipeline::23274.034*19.18] mapped 334004 sequences
[M::worker_pipeline::23302.747*19.18] mapped 334029 sequences
[M::worker_pipeline::23333.012*19.18] mapped 334496 sequences
[M::worker_pipeline::23361.135*19.18] mapped 334680 sequences
[M::worker_pipeline::23391.181*19.18] mapped 334535 sequences
[M::worker_pipeline::23420.306*19.18] mapped 334463 sequences
[M::worker_pipeline::23448.520*19.18] mapped 334412 sequences
[M::worker_pipeline::23478.161*19.18] mapped 334468 sequences
[M::worker_pipeline::23507.019*19.18] mapped 334462 sequences
[M::worker_pipeline::23536.756*19.17] mapped 334408 sequences
[M::worker_pipeline::23566.848*19.17] mapped 334410 sequences
[M::worker_pipeline::23595.114*19.17] mapped 334397 sequences
[M::worker_pipeline::23624.195*19.17] mapped 334358 sequences
[M::worker_pipeline::23653.609*19.17] mapped 334354 sequences
[M::worker_pipeline::23682.102*19.17] mapped 334363 sequences
[M::worker_pipeline::23710.338*19.17] mapped 334410 sequences
[M::worker_pipeline::23738.489*19.17] mapped 334340 sequences
[M::worker_pipeline::23767.792*19.17] mapped 334285 sequences
[M::worker_pipeline::23795.835*19.17] mapped 334218 sequences
[M::worker_pipeline::23825.301*19.17] mapped 334159 sequences
[M::worker_pipeline::23854.510*19.17] mapped 334197 sequences
[M::worker_pipeline::23884.579*19.16] mapped 334202 sequences
[M::worker_pipeline::23912.643*19.16] mapped 334247 sequences
[M::worker_pipeline::23939.724*19.16] mapped 334222 sequences
[M::worker_pipeline::23968.824*19.16] mapped 334243 sequences
[M::worker_pipeline::23996.887*19.16] mapped 334192 sequences
[M::worker_pipeline::24023.511*19.16] mapped 334221 sequences
[M::worker_pipeline::24052.245*19.16] mapped 334125 sequences
[M::worker_pipeline::24080.623*19.16] mapped 334115 sequences
[M::worker_pipeline::24108.340*19.16] mapped 334124 sequences
[M::worker_pipeline::24137.101*19.16] mapped 334167 sequences
[M::worker_pipeline::24164.086*19.16] mapped 334193 sequences
[M::worker_pipeline::24192.361*19.16] mapped 334128 sequences
[M::worker_pipeline::24221.397*19.16] mapped 334111 sequences
[M::worker_pipeline::24249.627*19.16] mapped 334071 sequences
[M::worker_pipeline::24279.754*19.16] mapped 333921 sequences
[M::worker_pipeline::24308.985*19.16] mapped 334049 sequences
[M::worker_pipeline::24334.203*19.16] mapped 333934 sequences
[M::worker_pipeline::24364.931*19.16] mapped 334082 sequences
[M::worker_pipeline::24393.436*19.16] mapped 334025 sequences
[M::worker_pipeline::24421.896*19.16] mapped 333921 sequences
[M::worker_pipeline::24450.952*19.16] mapped 333894 sequences
[M::worker_pipeline::24479.123*19.16] mapped 333900 sequences
[M::worker_pipeline::24507.326*19.16] mapped 333972 sequences
[M::worker_pipeline::24536.823*19.16] mapped 333896 sequences
[M::worker_pipeline::24561.061*19.16] mapped 325084 sequences
[M::main] Version: 2.17-r941
[M::main] CMD: minimap2 -ax sr -I 7G -t 20 -o DstrAlignment.sam Dstr.Nanopore.mmi /rhome/arajewski/bigdata/Datura/1_QCQA/DstrTrim_1P.fq
[M::main] Real time: 24566.053 sec; CPU: 470523.564 sec; Peak RSS: 32.984 GB
Tue Nov 12 00:36:15 PST 2019 Done with minimap2
Tue Nov 12 00:36:15 PST 2019: Converting, sorting, and deduplicating minimap2 output
samtools sort: couldn't allocate memory for bam_mem
[bam_rmdup] input SAM does not have header. Abort!
