Wed Nov 13 15:37:44 PST 2019: Generating minimap2 index...
[M::mm_idx_gen::103.779*1.94] collected minimizers
[M::mm_idx_gen::130.278*2.14] sorted minimizers
[M::main::167.554*1.88] loaded/built the index for 436203 target sequence(s)
[M::mm_idx_stat] kmer size: 21; skip: 11; is_hpc: 0; #seq: 436203
[M::mm_idx_stat::173.402*1.85] distinct minimizers: 299612923 (68.25% are singletons); average occurrences: 2.355; average spacing: 5.994
[M::main] Version: 2.17-r941
[M::main] CMD: minimap2 -x sr -I 7G -d Dstr.CompNanopore.mmi preprocessing/compressed_Dstr.filt_q10_l500_crop50.fastq
[M::main] Real time: 174.190 sec; CPU: 322.322 sec; Peak RSS: 18.755 GB
Wed Nov 13 15:40:40 PST 2019: Done.
Wed Nov 13 15:40:40 PST 2019: Generating alignment with Minimap2...
[M::main::26.081*0.99] loaded/built the index for 436203 target sequence(s)
[M::mm_mapopt_update::26.081*0.99] mid_occ = 1000
[M::mm_idx_stat] kmer size: 21; skip: 11; is_hpc: 0; #seq: 436203
[M::mm_idx_stat::35.285*0.99] distinct minimizers: 299612923 (68.25% are singletons); average occurrences: 2.355; average spacing: 5.994
[M::worker_pipeline::68.849*5.67] mapped 930887 sequences
[M::worker_pipeline::76.163*6.98] mapped 930583 sequences
[M::worker_pipeline::82.358*7.88] mapped 930785 sequences
[M::worker_pipeline::90.488*8.94] mapped 930567 sequences
[M::worker_pipeline::95.384*9.50] mapped 931409 sequences
[M::worker_pipeline::104.975*10.27] mapped 931126 sequences
[M::worker_pipeline::114.272*10.83] mapped 931072 sequences
[M::worker_pipeline::121.402*11.35] mapped 931499 sequences
[M::worker_pipeline::127.785*11.77] mapped 931120 sequences
[M::worker_pipeline::136.533*12.22] mapped 931839 sequences
[M::worker_pipeline::143.035*12.47] mapped 931120 sequences
[M::worker_pipeline::150.303*12.82] mapped 930554 sequences
[M::worker_pipeline::159.181*13.21] mapped 930772 sequences
[M::worker_pipeline::165.912*13.47] mapped 930328 sequences
[M::worker_pipeline::172.444*13.64] mapped 930781 sequences
[M::worker_pipeline::181.968*13.89] mapped 930992 sequences
[M::worker_pipeline::188.457*14.07] mapped 931059 sequences
[M::worker_pipeline::195.196*14.27] mapped 931015 sequences
[M::worker_pipeline::203.913*14.47] mapped 931084 sequences
[M::worker_pipeline::209.588*14.61] mapped 931629 sequences
[M::worker_pipeline::217.748*14.74] mapped 931668 sequences
[M::worker_pipeline::223.994*14.88] mapped 930579 sequences
[M::worker_pipeline::231.993*15.05] mapped 931306 sequences
[M::worker_pipeline::239.020*15.13] mapped 931254 sequences
[M::worker_pipeline::246.881*15.23] mapped 931223 sequences
[M::worker_pipeline::253.601*15.35] mapped 932018 sequences
[M::worker_pipeline::261.026*15.46] mapped 931041 sequences
[M::worker_pipeline::268.549*15.54] mapped 931505 sequences
[M::worker_pipeline::275.103*15.65] mapped 931794 sequences
[M::worker_pipeline::284.015*15.71] mapped 931404 sequences
[M::worker_pipeline::290.811*15.81] mapped 931263 sequences
[M::worker_pipeline::296.773*15.88] mapped 930619 sequences
[M::worker_pipeline::306.743*15.96] mapped 931628 sequences
[M::worker_pipeline::315.345*15.99] mapped 931383 sequences
[M::worker_pipeline::322.304*16.08] mapped 931524 sequences
[M::worker_pipeline::329.964*16.16] mapped 931818 sequences
[M::worker_pipeline::335.306*16.21] mapped 931035 sequences
[M::worker_pipeline::343.351*16.30] mapped 931579 sequences
[M::worker_pipeline::353.484*16.40] mapped 728627 sequences
[M::worker_pipeline::366.679*16.52] mapped 464947 sequences
[M::worker_pipeline::377.152*16.61] mapped 465116 sequences
[M::worker_pipeline::389.162*16.70] mapped 465084 sequences
[M::worker_pipeline::403.654*16.80] mapped 465047 sequences
[M::worker_pipeline::413.422*16.87] mapped 464998 sequences
[M::worker_pipeline::427.265*16.95] mapped 465118 sequences
[M::worker_pipeline::440.945*17.03] mapped 465059 sequences
[M::worker_pipeline::457.278*17.13] mapped 465129 sequences
[M::worker_pipeline::468.254*17.20] mapped 465053 sequences
[M::worker_pipeline::479.582*17.26] mapped 465022 sequences
[M::worker_pipeline::490.656*17.32] mapped 465063 sequences
[M::worker_pipeline::503.972*17.39] mapped 465057 sequences
[M::worker_pipeline::518.407*17.46] mapped 465061 sequences
[M::worker_pipeline::529.945*17.51] mapped 464994 sequences
[M::worker_pipeline::541.180*17.56] mapped 464956 sequences
[M::worker_pipeline::553.826*17.61] mapped 465025 sequences
[M::worker_pipeline::567.945*17.66] mapped 464982 sequences
[M::worker_pipeline::579.439*17.69] mapped 465256 sequences
[M::worker_pipeline::592.490*17.74] mapped 465182 sequences
[M::worker_pipeline::606.931*17.79] mapped 464912 sequences
[M::worker_pipeline::617.420*17.82] mapped 464988 sequences
[M::worker_pipeline::630.786*17.86] mapped 465160 sequences
[M::worker_pipeline::642.903*17.89] mapped 465013 sequences
[M::worker_pipeline::656.881*17.93] mapped 465055 sequences
[M::worker_pipeline::669.839*17.97] mapped 464961 sequences
[M::worker_pipeline::680.767*18.00] mapped 465041 sequences
[M::worker_pipeline::694.641*18.04] mapped 465070 sequences
[M::worker_pipeline::705.701*18.06] mapped 465070 sequences
[M::worker_pipeline::720.093*18.09] mapped 465018 sequences
[M::worker_pipeline::732.680*18.11] mapped 464971 sequences
[M::worker_pipeline::747.651*18.14] mapped 465119 sequences
[M::worker_pipeline::760.406*18.17] mapped 465012 sequences
[M::worker_pipeline::773.794*18.20] mapped 464945 sequences
[M::worker_pipeline::786.438*18.23] mapped 464967 sequences
[M::worker_pipeline::796.973*18.25] mapped 465167 sequences
[M::worker_pipeline::810.613*18.27] mapped 465180 sequences
[M::worker_pipeline::824.360*18.29] mapped 465104 sequences
[M::worker_pipeline::837.604*18.31] mapped 465092 sequences
[M::worker_pipeline::851.149*18.34] mapped 465160 sequences
[M::worker_pipeline::862.409*18.35] mapped 465138 sequences
[M::worker_pipeline::873.509*18.37] mapped 465192 sequences
[M::worker_pipeline::886.005*18.39] mapped 465172 sequences
[M::worker_pipeline::899.389*18.40] mapped 465148 sequences
[M::worker_pipeline::913.055*18.42] mapped 465093 sequences
[M::worker_pipeline::926.287*18.43] mapped 465118 sequences
[M::worker_pipeline::940.289*18.45] mapped 465216 sequences
[M::worker_pipeline::953.188*18.47] mapped 465156 sequences
[M::worker_pipeline::963.835*18.49] mapped 465136 sequences
[M::worker_pipeline::976.805*18.50] mapped 465222 sequences
[M::worker_pipeline::988.996*18.51] mapped 465284 sequences
[M::worker_pipeline::1004.278*18.53] mapped 465167 sequences
[M::worker_pipeline::1015.183*18.55] mapped 465131 sequences
[M::worker_pipeline::1029.425*18.56] mapped 465076 sequences
[M::worker_pipeline::1038.920*18.56] mapped 464991 sequences
[M::worker_pipeline::1051.782*18.57] mapped 465124 sequences
[M::worker_pipeline::1065.161*18.58] mapped 464909 sequences
[M::worker_pipeline::1079.149*18.60] mapped 465044 sequences
[M::worker_pipeline::1092.503*18.61] mapped 464889 sequences
[M::worker_pipeline::1104.183*18.62] mapped 465041 sequences
[M::worker_pipeline::1117.045*18.63] mapped 465141 sequences
[M::worker_pipeline::1130.786*18.64] mapped 465229 sequences
[M::worker_pipeline::1141.810*18.65] mapped 465165 sequences
[M::worker_pipeline::1154.812*18.66] mapped 465072 sequences
[M::worker_pipeline::1169.193*18.67] mapped 465163 sequences
[M::worker_pipeline::1181.553*18.68] mapped 465127 sequences
[M::worker_pipeline::1193.948*18.69] mapped 465201 sequences
[M::worker_pipeline::1205.972*18.70] mapped 465214 sequences
[M::worker_pipeline::1219.810*18.71] mapped 465297 sequences
[M::worker_pipeline::1234.033*18.72] mapped 465187 sequences
[M::worker_pipeline::1246.207*18.72] mapped 465123 sequences
[M::worker_pipeline::1259.166*18.74] mapped 465024 sequences
[M::worker_pipeline::1272.891*18.74] mapped 464943 sequences
[M::worker_pipeline::1284.010*18.75] mapped 464772 sequences
[M::worker_pipeline::1296.057*18.76] mapped 464990 sequences
[M::worker_pipeline::1309.043*18.77] mapped 464903 sequences
[M::worker_pipeline::1323.650*18.78] mapped 465031 sequences
[M::worker_pipeline::1335.080*18.79] mapped 465055 sequences
[M::worker_pipeline::1350.090*18.79] mapped 465094 sequences
[M::worker_pipeline::1362.004*18.80] mapped 465108 sequences
[M::worker_pipeline::1372.616*18.81] mapped 465053 sequences
[M::worker_pipeline::1386.332*18.81] mapped 465013 sequences
[M::worker_pipeline::1400.342*18.82] mapped 465008 sequences
[M::worker_pipeline::1411.569*18.83] mapped 465132 sequences
[M::worker_pipeline::1425.426*18.84] mapped 464906 sequences
[M::worker_pipeline::1436.471*18.85] mapped 464998 sequences
[M::worker_pipeline::1450.172*18.86] mapped 465019 sequences
[M::worker_pipeline::1461.120*18.87] mapped 465118 sequences
[M::worker_pipeline::1474.724*18.88] mapped 465012 sequences
[M::worker_pipeline::1487.843*18.89] mapped 465021 sequences
[M::worker_pipeline::1500.453*18.89] mapped 465021 sequences
[M::worker_pipeline::1511.811*18.90] mapped 464902 sequences
[M::worker_pipeline::1526.373*18.91] mapped 465011 sequences
[M::worker_pipeline::1537.213*18.92] mapped 465056 sequences
[M::worker_pipeline::1551.113*18.92] mapped 465023 sequences
[M::worker_pipeline::1561.711*18.93] mapped 465089 sequences
[M::worker_pipeline::1575.476*18.93] mapped 465061 sequences
[M::worker_pipeline::1590.288*18.94] mapped 465131 sequences
[M::worker_pipeline::1602.648*18.94] mapped 464949 sequences
[M::worker_pipeline::1615.612*18.95] mapped 464931 sequences
[M::worker_pipeline::1627.469*18.96] mapped 464981 sequences
[M::worker_pipeline::1639.818*18.96] mapped 465013 sequences
[M::worker_pipeline::1653.492*18.97] mapped 464928 sequences
[M::worker_pipeline::1664.697*18.97] mapped 464988 sequences
[M::worker_pipeline::1678.146*18.98] mapped 464973 sequences
[M::worker_pipeline::1691.927*18.98] mapped 464854 sequences
[M::worker_pipeline::1704.813*18.99] mapped 464947 sequences
[M::worker_pipeline::1716.404*18.99] mapped 464921 sequences
[M::worker_pipeline::1728.099*19.00] mapped 464867 sequences
[M::worker_pipeline::1740.148*19.00] mapped 464873 sequences
[M::worker_pipeline::1752.680*19.00] mapped 464978 sequences
[M::worker_pipeline::1767.224*19.01] mapped 464992 sequences
[M::worker_pipeline::1779.238*19.01] mapped 465075 sequences
[M::worker_pipeline::1790.645*19.01] mapped 465038 sequences
[M::worker_pipeline::1804.055*19.02] mapped 464940 sequences
[M::worker_pipeline::1817.008*19.02] mapped 464889 sequences
[M::worker_pipeline::1829.003*19.03] mapped 464874 sequences
[M::worker_pipeline::1842.116*19.03] mapped 464644 sequences
[M::worker_pipeline::1854.832*19.04] mapped 464828 sequences
[M::worker_pipeline::1867.387*19.04] mapped 464894 sequences
[M::worker_pipeline::1878.976*19.05] mapped 464767 sequences
[M::worker_pipeline::1893.050*19.05] mapped 464819 sequences
[M::worker_pipeline::1904.396*19.06] mapped 464984 sequences
[M::worker_pipeline::1916.152*19.06] mapped 464983 sequences
[M::worker_pipeline::1929.506*19.06] mapped 464917 sequences
[M::worker_pipeline::1943.824*19.06] mapped 465757 sequences
[M::worker_pipeline::1958.050*19.07] mapped 464956 sequences
[M::worker_pipeline::1967.385*19.07] mapped 464842 sequences
[M::worker_pipeline::1981.720*19.08] mapped 464688 sequences
[M::worker_pipeline::1993.886*19.08] mapped 465015 sequences
[M::worker_pipeline::2004.637*19.08] mapped 464752 sequences
[M::worker_pipeline::2018.154*19.08] mapped 464814 sequences
[M::worker_pipeline::2030.595*19.09] mapped 464814 sequences
[M::worker_pipeline::2044.708*19.09] mapped 464913 sequences
[M::worker_pipeline::2056.380*19.10] mapped 464706 sequences
[M::worker_pipeline::2068.593*19.10] mapped 464644 sequences
[M::worker_pipeline::2079.837*19.11] mapped 464707 sequences
[M::worker_pipeline::2092.443*19.11] mapped 464755 sequences
[M::worker_pipeline::2105.284*19.11] mapped 464969 sequences
[M::worker_pipeline::2118.048*19.11] mapped 465107 sequences
[M::worker_pipeline::2132.260*19.11] mapped 464974 sequences
[M::worker_pipeline::2144.761*19.12] mapped 464896 sequences
[M::worker_pipeline::2157.158*19.12] mapped 464800 sequences
[M::worker_pipeline::2170.408*19.12] mapped 464834 sequences
[M::worker_pipeline::2183.912*19.12] mapped 464830 sequences
[M::worker_pipeline::2193.982*19.12] mapped 464922 sequences
[M::worker_pipeline::2207.428*19.12] mapped 464834 sequences
[M::worker_pipeline::2219.961*19.12] mapped 464694 sequences
[M::worker_pipeline::2233.292*19.13] mapped 464857 sequences
[M::worker_pipeline::2245.726*19.13] mapped 464878 sequences
[M::worker_pipeline::2259.612*19.13] mapped 464854 sequences
[M::worker_pipeline::2270.992*19.14] mapped 464746 sequences
[M::worker_pipeline::2284.452*19.14] mapped 464881 sequences
[M::worker_pipeline::2295.720*19.14] mapped 464773 sequences
[M::worker_pipeline::2307.969*19.14] mapped 464835 sequences
[M::worker_pipeline::2321.581*19.15] mapped 464870 sequences
[M::worker_pipeline::2336.053*19.15] mapped 464889 sequences
[M::worker_pipeline::2348.672*19.15] mapped 464936 sequences
[M::worker_pipeline::2360.795*19.15] mapped 464817 sequences
[M::worker_pipeline::2372.366*19.16] mapped 464963 sequences
[M::worker_pipeline::2384.019*19.16] mapped 464843 sequences
[M::worker_pipeline::2395.787*19.16] mapped 464686 sequences
[M::worker_pipeline::2409.112*19.16] mapped 464796 sequences
[M::worker_pipeline::2423.829*19.17] mapped 464874 sequences
[M::worker_pipeline::2435.741*19.17] mapped 464765 sequences
[M::worker_pipeline::2448.255*19.17] mapped 464748 sequences
[M::worker_pipeline::2461.058*19.18] mapped 464825 sequences
[M::worker_pipeline::2472.403*19.18] mapped 464996 sequences
[M::worker_pipeline::2487.125*19.18] mapped 464795 sequences
[M::worker_pipeline::2500.894*19.18] mapped 464885 sequences
[M::worker_pipeline::2510.180*19.19] mapped 464764 sequences
[M::worker_pipeline::2525.347*19.19] mapped 464717 sequences
[M::worker_pipeline::2539.663*19.19] mapped 464912 sequences
[M::worker_pipeline::2550.309*19.20] mapped 464948 sequences
[M::worker_pipeline::2562.507*19.20] mapped 464769 sequences
[M::worker_pipeline::2575.285*19.20] mapped 464830 sequences
[M::worker_pipeline::2585.005*19.21] mapped 464791 sequences
[M::worker_pipeline::2599.655*19.21] mapped 464804 sequences
[M::worker_pipeline::2611.677*19.21] mapped 464743 sequences
[M::worker_pipeline::2626.275*19.21] mapped 464789 sequences
[M::worker_pipeline::2636.720*19.22] mapped 464722 sequences
[M::worker_pipeline::2649.535*19.22] mapped 464761 sequences
[M::worker_pipeline::2661.852*19.22] mapped 464770 sequences
[M::worker_pipeline::2674.485*19.22] mapped 464722 sequences
[M::worker_pipeline::2686.402*19.22] mapped 464752 sequences
[M::worker_pipeline::2698.058*19.23] mapped 464744 sequences
[M::worker_pipeline::2712.019*19.23] mapped 464892 sequences
[M::worker_pipeline::2725.180*19.23] mapped 464740 sequences
[M::worker_pipeline::2737.088*19.23] mapped 464784 sequences
[M::worker_pipeline::2749.837*19.24] mapped 464929 sequences
[M::worker_pipeline::2760.823*19.24] mapped 464964 sequences
[M::worker_pipeline::2775.407*19.24] mapped 464886 sequences
[M::worker_pipeline::2786.258*19.24] mapped 464923 sequences
[M::worker_pipeline::2801.604*19.24] mapped 464816 sequences
[M::worker_pipeline::2813.715*19.25] mapped 464827 sequences
[M::worker_pipeline::2826.827*19.25] mapped 464782 sequences
[M::worker_pipeline::2837.644*19.25] mapped 464751 sequences
[M::worker_pipeline::2849.700*19.25] mapped 464948 sequences
[M::worker_pipeline::2861.290*19.25] mapped 464808 sequences
[M::worker_pipeline::2873.856*19.26] mapped 464798 sequences
[M::worker_pipeline::2886.431*19.26] mapped 464705 sequences
[M::worker_pipeline::2899.239*19.26] mapped 464685 sequences
[M::worker_pipeline::2911.147*19.26] mapped 464669 sequences
[M::worker_pipeline::2924.668*19.26] mapped 464644 sequences
[M::worker_pipeline::2936.389*19.27] mapped 464691 sequences
[M::worker_pipeline::2948.080*19.27] mapped 464588 sequences
[M::worker_pipeline::2961.686*19.27] mapped 465218 sequences
[M::worker_pipeline::2973.991*19.27] mapped 465360 sequences
[M::worker_pipeline::2988.046*19.27] mapped 465391 sequences
[M::worker_pipeline::3001.300*19.27] mapped 465383 sequences
[M::worker_pipeline::3013.462*19.28] mapped 465268 sequences
[M::worker_pipeline::3028.251*19.28] mapped 465193 sequences
[M::worker_pipeline::3038.316*19.28] mapped 465298 sequences
[M::worker_pipeline::3051.876*19.28] mapped 465264 sequences
[M::worker_pipeline::3064.907*19.28] mapped 465271 sequences
[M::worker_pipeline::3077.333*19.28] mapped 465389 sequences
[M::worker_pipeline::3092.176*19.29] mapped 465199 sequences
[M::worker_pipeline::3103.086*19.29] mapped 464987 sequences
[M::worker_pipeline::3114.932*19.29] mapped 465240 sequences
[M::worker_pipeline::3127.760*19.29] mapped 465219 sequences
[M::worker_pipeline::3144.533*19.29] mapped 465199 sequences
[M::worker_pipeline::3154.865*19.29] mapped 465122 sequences
[M::worker_pipeline::3167.783*19.30] mapped 465095 sequences
[M::worker_pipeline::3178.798*19.30] mapped 465176 sequences
[M::worker_pipeline::3191.548*19.30] mapped 465142 sequences
[M::worker_pipeline::3204.936*19.30] mapped 465096 sequences
[M::worker_pipeline::3218.927*19.30] mapped 465107 sequences
[M::worker_pipeline::3231.287*19.31] mapped 465074 sequences
[M::worker_pipeline::3243.826*19.31] mapped 465183 sequences
[M::worker_pipeline::3255.669*19.31] mapped 465136 sequences
[M::worker_pipeline::3267.773*19.31] mapped 465062 sequences
[M::worker_pipeline::3281.862*19.31] mapped 465190 sequences
[M::worker_pipeline::3295.866*19.31] mapped 465187 sequences
[M::worker_pipeline::3308.299*19.31] mapped 465126 sequences
[M::worker_pipeline::3319.629*19.31] mapped 465112 sequences
[M::worker_pipeline::3331.253*19.32] mapped 465336 sequences
[M::worker_pipeline::3344.438*19.32] mapped 465110 sequences
[M::worker_pipeline::3357.728*19.32] mapped 465194 sequences
[M::worker_pipeline::3370.799*19.32] mapped 465576 sequences
[M::worker_pipeline::3384.089*19.32] mapped 465561 sequences
[M::worker_pipeline::3395.662*19.32] mapped 465402 sequences
[M::worker_pipeline::3411.419*19.32] mapped 465438 sequences
[M::worker_pipeline::3421.930*19.32] mapped 465486 sequences
[M::worker_pipeline::3434.262*19.32] mapped 465423 sequences
[M::worker_pipeline::3446.785*19.33] mapped 465318 sequences
[M::worker_pipeline::3460.806*19.33] mapped 465350 sequences
[M::worker_pipeline::3473.247*19.33] mapped 465508 sequences
[M::worker_pipeline::3484.942*19.33] mapped 465267 sequences
[M::worker_pipeline::3497.069*19.33] mapped 465359 sequences
[M::worker_pipeline::3511.229*19.33] mapped 465211 sequences
[M::worker_pipeline::3526.365*19.33] mapped 465196 sequences
[M::worker_pipeline::3537.865*19.33] mapped 465126 sequences
[M::worker_pipeline::3551.193*19.33] mapped 465170 sequences
[M::worker_pipeline::3560.646*19.34] mapped 465141 sequences
[M::worker_pipeline::3573.273*19.34] mapped 465300 sequences
[M::worker_pipeline::3586.359*19.34] mapped 465067 sequences
[M::worker_pipeline::3599.161*19.34] mapped 465252 sequences
[M::worker_pipeline::3610.947*19.34] mapped 465132 sequences
[M::worker_pipeline::3624.616*19.34] mapped 465225 sequences
[M::worker_pipeline::3637.909*19.34] mapped 465224 sequences
[M::worker_pipeline::3649.931*19.34] mapped 465150 sequences
[M::worker_pipeline::3662.268*19.35] mapped 465120 sequences
[M::worker_pipeline::3675.450*19.35] mapped 464986 sequences
[M::worker_pipeline::3687.670*19.35] mapped 465141 sequences
[M::worker_pipeline::3703.212*19.35] mapped 465070 sequences
[M::worker_pipeline::3711.767*19.35] mapped 465092 sequences
[M::worker_pipeline::3727.005*19.35] mapped 465014 sequences
[M::worker_pipeline::3738.971*19.35] mapped 465084 sequences
[M::worker_pipeline::3750.008*19.35] mapped 464982 sequences
[M::worker_pipeline::3765.179*19.36] mapped 465528 sequences
[M::worker_pipeline::3776.902*19.36] mapped 465593 sequences
[M::worker_pipeline::3789.378*19.36] mapped 465441 sequences
[M::worker_pipeline::3804.215*19.36] mapped 465519 sequences
[M::worker_pipeline::3817.073*19.36] mapped 465596 sequences
[M::worker_pipeline::3827.690*19.36] mapped 465431 sequences
[M::worker_pipeline::3842.459*19.36] mapped 465377 sequences
[M::worker_pipeline::3855.253*19.37] mapped 465450 sequences
[M::worker_pipeline::3866.078*19.37] mapped 465383 sequences
[M::worker_pipeline::3878.745*19.37] mapped 465373 sequences
[M::worker_pipeline::3893.639*19.37] mapped 465378 sequences
[M::worker_pipeline::3905.286*19.37] mapped 465208 sequences
[M::worker_pipeline::3918.438*19.37] mapped 465299 sequences
[M::worker_pipeline::3929.601*19.37] mapped 465274 sequences
[M::worker_pipeline::3942.568*19.37] mapped 465223 sequences
[M::worker_pipeline::3957.054*19.37] mapped 465211 sequences
[M::worker_pipeline::3968.082*19.37] mapped 465132 sequences
[M::worker_pipeline::3980.179*19.38] mapped 465300 sequences
[M::worker_pipeline::3992.308*19.38] mapped 465299 sequences
[M::worker_pipeline::4007.100*19.38] mapped 465213 sequences
[M::worker_pipeline::4018.121*19.38] mapped 465264 sequences
[M::worker_pipeline::4032.645*19.38] mapped 465096 sequences
[M::worker_pipeline::4043.144*19.38] mapped 465121 sequences
[M::worker_pipeline::4056.713*19.38] mapped 465211 sequences
[M::worker_pipeline::4069.511*19.38] mapped 465167 sequences
[M::worker_pipeline::4081.176*19.38] mapped 465139 sequences
[M::worker_pipeline::4096.889*19.38] mapped 465105 sequences
[M::worker_pipeline::4105.723*19.39] mapped 465029 sequences
[M::worker_pipeline::4119.857*19.39] mapped 465242 sequences
[M::worker_pipeline::4134.574*19.39] mapped 465135 sequences
[M::worker_pipeline::4146.786*19.39] mapped 465031 sequences
[M::worker_pipeline::4158.015*19.39] mapped 465476 sequences
[M::worker_pipeline::4169.442*19.39] mapped 465606 sequences
[M::worker_pipeline::4182.539*19.39] mapped 465499 sequences
[M::worker_pipeline::4196.446*19.39] mapped 465455 sequences
[M::worker_pipeline::4209.137*19.39] mapped 465514 sequences
[M::worker_pipeline::4222.630*19.39] mapped 465491 sequences
[M::worker_pipeline::4233.656*19.39] mapped 465450 sequences
[M::worker_pipeline::4247.615*19.39] mapped 465347 sequences
[M::worker_pipeline::4258.880*19.40] mapped 465405 sequences
[M::worker_pipeline::4273.375*19.40] mapped 465338 sequences
[M::worker_pipeline::4286.645*19.40] mapped 465359 sequences
[M::worker_pipeline::4297.391*19.40] mapped 465217 sequences
[M::worker_pipeline::4310.118*19.40] mapped 465275 sequences
[M::worker_pipeline::4322.278*19.40] mapped 465199 sequences
[M::worker_pipeline::4337.985*19.40] mapped 465249 sequences
[M::worker_pipeline::4349.115*19.40] mapped 465176 sequences
[M::worker_pipeline::4362.332*19.40] mapped 465319 sequences
[M::worker_pipeline::4375.601*19.40] mapped 465141 sequences
[M::worker_pipeline::4386.250*19.41] mapped 465062 sequences
[M::worker_pipeline::4399.503*19.41] mapped 465356 sequences
[M::worker_pipeline::4412.469*19.41] mapped 465193 sequences
[M::worker_pipeline::4426.511*19.41] mapped 465017 sequences
[M::worker_pipeline::4438.753*19.41] mapped 465085 sequences
[M::worker_pipeline::4452.051*19.41] mapped 465177 sequences
[M::worker_pipeline::4462.663*19.41] mapped 465165 sequences
[M::worker_pipeline::4476.420*19.41] mapped 465112 sequences
[M::worker_pipeline::4489.309*19.41] mapped 465159 sequences
[M::worker_pipeline::4501.421*19.41] mapped 465164 sequences
[M::worker_pipeline::4515.896*19.41] mapped 464931 sequences
[M::worker_pipeline::4526.147*19.41] mapped 465208 sequences
[M::worker_pipeline::4540.373*19.42] mapped 465124 sequences
[M::worker_pipeline::4552.726*19.42] mapped 465308 sequences
[M::worker_pipeline::4565.275*19.42] mapped 465586 sequences
[M::worker_pipeline::4577.113*19.42] mapped 465490 sequences
[M::worker_pipeline::4589.107*19.42] mapped 465458 sequences
[M::worker_pipeline::4603.429*19.42] mapped 465374 sequences
[M::worker_pipeline::4614.849*19.42] mapped 465419 sequences
[M::worker_pipeline::4627.451*19.42] mapped 465340 sequences
[M::worker_pipeline::4640.977*19.42] mapped 465352 sequences
[M::worker_pipeline::4652.468*19.42] mapped 465365 sequences
[M::worker_pipeline::4666.416*19.42] mapped 465355 sequences
[M::worker_pipeline::4678.009*19.42] mapped 465229 sequences
[M::worker_pipeline::4692.186*19.43] mapped 465228 sequences
[M::worker_pipeline::4703.643*19.43] mapped 465232 sequences
[M::worker_pipeline::4717.389*19.43] mapped 465166 sequences
[M::worker_pipeline::4729.352*19.43] mapped 465218 sequences
[M::worker_pipeline::4743.930*19.43] mapped 465263 sequences
[M::worker_pipeline::4755.505*19.43] mapped 465234 sequences
[M::worker_pipeline::4768.941*19.43] mapped 465281 sequences
[M::worker_pipeline::4779.519*19.43] mapped 465262 sequences
[M::worker_pipeline::4792.232*19.43] mapped 465152 sequences
[M::worker_pipeline::4804.937*19.43] mapped 465265 sequences
[M::worker_pipeline::4820.479*19.43] mapped 465073 sequences
[M::worker_pipeline::4833.686*19.43] mapped 465105 sequences
[M::worker_pipeline::4846.019*19.43] mapped 465066 sequences
[M::worker_pipeline::4857.708*19.43] mapped 465103 sequences
[M::worker_pipeline::4870.103*19.44] mapped 465209 sequences
[M::worker_pipeline::4885.454*19.44] mapped 465049 sequences
[M::worker_pipeline::4895.389*19.44] mapped 465139 sequences
[M::worker_pipeline::4907.787*19.44] mapped 465036 sequences
[M::worker_pipeline::4921.447*19.44] mapped 465039 sequences
[M::worker_pipeline::4933.567*19.44] mapped 464966 sequences
[M::worker_pipeline::4946.355*19.44] mapped 465168 sequences
[M::worker_pipeline::4960.144*19.44] mapped 465607 sequences
[M::worker_pipeline::4974.705*19.44] mapped 465497 sequences
[M::worker_pipeline::4984.809*19.44] mapped 465483 sequences
[M::worker_pipeline::4997.994*19.44] mapped 465471 sequences
[M::worker_pipeline::5012.661*19.44] mapped 465323 sequences
[M::worker_pipeline::5024.659*19.44] mapped 465377 sequences
[M::worker_pipeline::5037.262*19.44] mapped 465407 sequences
[M::worker_pipeline::5048.360*19.44] mapped 465457 sequences
[M::worker_pipeline::5062.311*19.44] mapped 465332 sequences
[M::worker_pipeline::5075.532*19.45] mapped 465269 sequences
[M::worker_pipeline::5086.299*19.45] mapped 465195 sequences
[M::worker_pipeline::5097.557*19.45] mapped 465307 sequences
[M::worker_pipeline::5110.438*19.45] mapped 465238 sequences
[M::worker_pipeline::5123.159*19.45] mapped 465237 sequences
[M::worker_pipeline::5136.425*19.45] mapped 465172 sequences
[M::worker_pipeline::5150.181*19.45] mapped 465105 sequences
[M::worker_pipeline::5161.347*19.45] mapped 465261 sequences
[M::worker_pipeline::5173.193*19.45] mapped 465190 sequences
[M::worker_pipeline::5186.328*19.45] mapped 465333 sequences
[M::worker_pipeline::5198.093*19.45] mapped 465198 sequences
[M::worker_pipeline::5212.859*19.45] mapped 465140 sequences
[M::worker_pipeline::5226.177*19.46] mapped 465130 sequences
[M::worker_pipeline::5236.714*19.46] mapped 465121 sequences
[M::worker_pipeline::5248.015*19.46] mapped 464980 sequences
[M::worker_pipeline::5260.987*19.46] mapped 465166 sequences
[M::worker_pipeline::5273.717*19.46] mapped 465015 sequences
[M::worker_pipeline::5286.542*19.46] mapped 465141 sequences
[M::worker_pipeline::5300.506*19.46] mapped 464983 sequences
[M::worker_pipeline::5314.542*19.46] mapped 465036 sequences
[M::worker_pipeline::5323.631*19.46] mapped 465184 sequences
[M::worker_pipeline::5337.784*19.46] mapped 465112 sequences
[M::worker_pipeline::5351.409*19.46] mapped 465470 sequences
[M::worker_pipeline::5364.611*19.46] mapped 466078 sequences
[M::worker_pipeline::5376.541*19.46] mapped 466000 sequences
[M::worker_pipeline::5387.065*19.46] mapped 465882 sequences
[M::worker_pipeline::5399.614*19.46] mapped 465833 sequences
[M::worker_pipeline::5412.063*19.46] mapped 465805 sequences
[M::worker_pipeline::5424.593*19.46] mapped 465625 sequences
[M::worker_pipeline::5438.641*19.46] mapped 465560 sequences
[M::worker_pipeline::5450.926*19.46] mapped 465566 sequences
[M::worker_pipeline::5461.766*19.46] mapped 465472 sequences
[M::worker_pipeline::5475.298*19.46] mapped 465481 sequences
[M::worker_pipeline::5486.237*19.47] mapped 465331 sequences
[M::worker_pipeline::5499.510*19.47] mapped 465492 sequences
[M::worker_pipeline::5512.524*19.47] mapped 465518 sequences
[M::worker_pipeline::5525.680*19.47] mapped 465332 sequences
[M::worker_pipeline::5541.036*19.47] mapped 465470 sequences
[M::worker_pipeline::5549.951*19.47] mapped 465389 sequences
[M::worker_pipeline::5564.105*19.47] mapped 465308 sequences
[M::worker_pipeline::5577.672*19.47] mapped 465401 sequences
[M::worker_pipeline::5588.774*19.47] mapped 465517 sequences
[M::worker_pipeline::5602.018*19.47] mapped 465370 sequences
[M::worker_pipeline::5614.710*19.47] mapped 465269 sequences
[M::worker_pipeline::5626.837*19.47] mapped 465348 sequences
[M::worker_pipeline::5639.906*19.47] mapped 465349 sequences
[M::worker_pipeline::5652.952*19.47] mapped 465236 sequences
[M::worker_pipeline::5666.985*19.47] mapped 465267 sequences
[M::worker_pipeline::5679.033*19.47] mapped 465292 sequences
[M::worker_pipeline::5689.766*19.47] mapped 465252 sequences
[M::worker_pipeline::5703.880*19.47] mapped 465162 sequences
[M::worker_pipeline::5715.929*19.47] mapped 465384 sequences
[M::worker_pipeline::5728.577*19.47] mapped 465159 sequences
[M::worker_pipeline::5741.481*19.47] mapped 465268 sequences
[M::worker_pipeline::5754.932*19.47] mapped 465838 sequences
[M::worker_pipeline::5767.984*19.48] mapped 465999 sequences
[M::worker_pipeline::5780.204*19.48] mapped 465880 sequences
[M::worker_pipeline::5790.810*19.48] mapped 465728 sequences
[M::worker_pipeline::5803.413*19.48] mapped 465651 sequences
[M::worker_pipeline::5815.814*19.48] mapped 465563 sequences
[M::worker_pipeline::5828.942*19.48] mapped 465650 sequences
[M::worker_pipeline::5842.168*19.48] mapped 465536 sequences
[M::worker_pipeline::5854.285*19.48] mapped 465647 sequences
[M::worker_pipeline::5866.227*19.48] mapped 465497 sequences
[M::worker_pipeline::5877.366*19.48] mapped 465508 sequences
[M::worker_pipeline::5890.335*19.48] mapped 465429 sequences
[M::worker_pipeline::5906.145*19.48] mapped 465374 sequences
[M::worker_pipeline::5917.019*19.48] mapped 465420 sequences
[M::worker_pipeline::5929.118*19.48] mapped 465463 sequences
[M::worker_pipeline::5940.365*19.48] mapped 465352 sequences
[M::worker_pipeline::5953.341*19.48] mapped 465345 sequences
[M::worker_pipeline::5967.644*19.48] mapped 465438 sequences
[M::worker_pipeline::5978.869*19.48] mapped 465249 sequences
[M::worker_pipeline::5993.308*19.48] mapped 465262 sequences
[M::worker_pipeline::6003.906*19.48] mapped 465319 sequences
[M::worker_pipeline::6015.667*19.48] mapped 465260 sequences
[M::worker_pipeline::6029.466*19.48] mapped 465267 sequences
[M::worker_pipeline::6041.785*19.48] mapped 465334 sequences
[M::worker_pipeline::6055.247*19.48] mapped 465275 sequences
[M::worker_pipeline::6069.863*19.48] mapped 465220 sequences
[M::worker_pipeline::6081.457*19.48] mapped 465228 sequences
[M::worker_pipeline::6093.128*19.48] mapped 465246 sequences
[M::worker_pipeline::6105.935*19.48] mapped 465169 sequences
[M::worker_pipeline::6117.527*19.48] mapped 465275 sequences
[M::worker_pipeline::6130.503*19.48] mapped 465219 sequences
[M::worker_pipeline::6143.371*19.48] mapped 465429 sequences
[M::worker_pipeline::6155.624*19.48] mapped 466111 sequences
[M::worker_pipeline::6167.783*19.48] mapped 465930 sequences
[M::worker_pipeline::6179.731*19.48] mapped 465796 sequences
[M::worker_pipeline::6193.072*19.49] mapped 465679 sequences
[M::worker_pipeline::6205.078*19.48] mapped 465693 sequences
[M::worker_pipeline::6218.443*19.49] mapped 465550 sequences
[M::worker_pipeline::6231.149*19.49] mapped 465520 sequences
[M::worker_pipeline::6243.213*19.49] mapped 465586 sequences
[M::worker_pipeline::6254.939*19.49] mapped 465536 sequences
[M::worker_pipeline::6268.740*19.49] mapped 465565 sequences
[M::worker_pipeline::6280.843*19.49] mapped 465371 sequences
[M::worker_pipeline::6294.688*19.49] mapped 465458 sequences
[M::worker_pipeline::6308.197*19.49] mapped 465394 sequences
[M::worker_pipeline::6318.145*19.49] mapped 465344 sequences
[M::worker_pipeline::6331.678*19.49] mapped 465301 sequences
[M::worker_pipeline::6344.679*19.49] mapped 465440 sequences
[M::worker_pipeline::6355.807*19.49] mapped 465362 sequences
[M::worker_pipeline::6370.390*19.49] mapped 465389 sequences
[M::worker_pipeline::6381.147*19.49] mapped 465277 sequences
[M::worker_pipeline::6393.162*19.49] mapped 465214 sequences
[M::worker_pipeline::6406.188*19.49] mapped 465322 sequences
[M::worker_pipeline::6417.775*19.49] mapped 465259 sequences
[M::worker_pipeline::6429.915*19.49] mapped 465306 sequences
[M::worker_pipeline::6442.111*19.49] mapped 465140 sequences
[M::worker_pipeline::6454.915*19.49] mapped 465298 sequences
[M::worker_pipeline::6466.296*19.49] mapped 465346 sequences
[M::worker_pipeline::6478.487*19.49] mapped 465203 sequences
[M::worker_pipeline::6492.540*19.50] mapped 465210 sequences
[M::worker_pipeline::6504.162*19.50] mapped 465088 sequences
[M::worker_pipeline::6515.966*19.50] mapped 465220 sequences
[M::worker_pipeline::6530.954*19.50] mapped 465289 sequences
[M::worker_pipeline::6541.676*19.50] mapped 466044 sequences
[M::worker_pipeline::6553.735*19.50] mapped 465968 sequences
[M::worker_pipeline::6566.018*19.50] mapped 465781 sequences
[M::worker_pipeline::6581.246*19.50] mapped 465720 sequences
[M::worker_pipeline::6591.240*19.50] mapped 465793 sequences
[M::worker_pipeline::6605.223*19.50] mapped 465688 sequences
[M::worker_pipeline::6616.429*19.50] mapped 465593 sequences
[M::worker_pipeline::6629.056*19.50] mapped 465545 sequences
[M::worker_pipeline::6641.262*19.50] mapped 465485 sequences
[M::worker_pipeline::6652.598*19.50] mapped 465616 sequences
[M::worker_pipeline::6664.622*19.50] mapped 465345 sequences
[M::worker_pipeline::6677.636*19.50] mapped 465442 sequences
[M::worker_pipeline::6693.023*19.50] mapped 465423 sequences
[M::worker_pipeline::6704.746*19.50] mapped 465429 sequences
[M::worker_pipeline::6716.476*19.50] mapped 465345 sequences
[M::worker_pipeline::6728.779*19.50] mapped 465407 sequences
[M::worker_pipeline::6741.294*19.50] mapped 465406 sequences
[M::worker_pipeline::6753.247*19.50] mapped 465246 sequences
[M::worker_pipeline::6766.717*19.50] mapped 465408 sequences
[M::worker_pipeline::6780.422*19.50] mapped 465293 sequences
[M::worker_pipeline::6792.172*19.50] mapped 465408 sequences
[M::worker_pipeline::6804.071*19.50] mapped 465304 sequences
[M::worker_pipeline::6817.684*19.50] mapped 465372 sequences
[M::worker_pipeline::6829.758*19.50] mapped 465240 sequences
[M::worker_pipeline::6841.813*19.50] mapped 465202 sequences
[M::worker_pipeline::6854.077*19.50] mapped 465130 sequences
[M::worker_pipeline::6866.159*19.50] mapped 465252 sequences
[M::worker_pipeline::6880.318*19.50] mapped 465164 sequences
[M::worker_pipeline::6892.091*19.50] mapped 465224 sequences
[M::worker_pipeline::6903.447*19.50] mapped 465200 sequences
[M::worker_pipeline::6916.201*19.50] mapped 465161 sequences
[M::worker_pipeline::6929.693*19.50] mapped 466244 sequences
[M::worker_pipeline::6940.290*19.50] mapped 466027 sequences
[M::worker_pipeline::6954.372*19.50] mapped 465949 sequences
[M::worker_pipeline::6965.725*19.50] mapped 465864 sequences
[M::worker_pipeline::6978.681*19.51] mapped 465770 sequences
[M::worker_pipeline::6991.326*19.51] mapped 465749 sequences
[M::worker_pipeline::7002.004*19.51] mapped 465797 sequences
[M::worker_pipeline::7015.007*19.51] mapped 465713 sequences
[M::worker_pipeline::7027.477*19.51] mapped 465716 sequences
[M::worker_pipeline::7039.682*19.51] mapped 465684 sequences
[M::worker_pipeline::7051.276*19.51] mapped 465530 sequences
[M::worker_pipeline::7064.924*19.51] mapped 465447 sequences
[M::worker_pipeline::7077.825*19.51] mapped 465475 sequences
[M::worker_pipeline::7088.150*19.51] mapped 465539 sequences
[M::worker_pipeline::7101.520*19.51] mapped 465441 sequences
[M::worker_pipeline::7112.678*19.51] mapped 465520 sequences
[M::worker_pipeline::7125.843*19.51] mapped 465435 sequences
[M::worker_pipeline::7140.020*19.51] mapped 465507 sequences
[M::worker_pipeline::7152.347*19.51] mapped 465454 sequences
[M::worker_pipeline::7163.058*19.51] mapped 465357 sequences
[M::worker_pipeline::7174.400*19.51] mapped 465367 sequences
[M::worker_pipeline::7188.299*19.51] mapped 465448 sequences
[M::worker_pipeline::7200.134*19.51] mapped 465508 sequences
[M::worker_pipeline::7213.957*19.51] mapped 465453 sequences
[M::worker_pipeline::7223.671*19.51] mapped 465310 sequences
[M::worker_pipeline::7237.062*19.51] mapped 465212 sequences
[M::worker_pipeline::7248.513*19.51] mapped 465201 sequences
[M::worker_pipeline::7261.439*19.51] mapped 465223 sequences
[M::worker_pipeline::7273.912*19.51] mapped 465231 sequences
[M::worker_pipeline::7287.637*19.51] mapped 465117 sequences
[M::worker_pipeline::7300.493*19.51] mapped 465089 sequences
[M::worker_pipeline::7312.095*19.51] mapped 465564 sequences
[M::worker_pipeline::7324.701*19.51] mapped 466017 sequences
[M::worker_pipeline::7336.369*19.51] mapped 465933 sequences
[M::worker_pipeline::7349.107*19.51] mapped 465768 sequences
[M::worker_pipeline::7361.520*19.51] mapped 465909 sequences
[M::worker_pipeline::7373.870*19.51] mapped 465771 sequences
[M::worker_pipeline::7388.014*19.51] mapped 465772 sequences
[M::worker_pipeline::7399.561*19.51] mapped 465761 sequences
[M::worker_pipeline::7410.413*19.51] mapped 465688 sequences
[M::worker_pipeline::7422.899*19.51] mapped 465786 sequences
[M::worker_pipeline::7435.446*19.51] mapped 465671 sequences
[M::worker_pipeline::7447.648*19.52] mapped 465677 sequences
[M::worker_pipeline::7462.981*19.52] mapped 465667 sequences
[M::worker_pipeline::7474.218*19.52] mapped 465498 sequences
[M::worker_pipeline::7485.946*19.52] mapped 465496 sequences
[M::worker_pipeline::7496.529*19.52] mapped 465612 sequences
[M::worker_pipeline::7508.952*19.52] mapped 465580 sequences
[M::worker_pipeline::7520.938*19.52] mapped 465436 sequences
[M::worker_pipeline::7533.909*19.52] mapped 465535 sequences
[M::worker_pipeline::7546.988*19.52] mapped 465479 sequences
[M::worker_pipeline::7559.745*19.52] mapped 465480 sequences
[M::worker_pipeline::7572.880*19.52] mapped 465369 sequences
[M::worker_pipeline::7585.102*19.52] mapped 465480 sequences
[M::worker_pipeline::7597.648*19.52] mapped 465332 sequences
[M::worker_pipeline::7609.464*19.52] mapped 465285 sequences
[M::worker_pipeline::7622.091*19.52] mapped 465337 sequences
[M::worker_pipeline::7634.995*19.52] mapped 465393 sequences
[M::worker_pipeline::7648.391*19.52] mapped 465343 sequences
[M::worker_pipeline::7660.160*19.52] mapped 465246 sequences
[M::worker_pipeline::7673.238*19.52] mapped 465230 sequences
[M::worker_pipeline::7685.408*19.52] mapped 465340 sequences
[M::worker_pipeline::7697.426*19.52] mapped 467105 sequences
[M::worker_pipeline::7707.936*19.51] mapped 936439 sequences
[M::worker_pipeline::7713.429*19.51] mapped 936003 sequences
[M::worker_pipeline::7721.617*19.51] mapped 936508 sequences
[M::worker_pipeline::7729.042*19.51] mapped 936318 sequences
[M::worker_pipeline::7734.874*19.51] mapped 936698 sequences
[M::worker_pipeline::7742.810*19.51] mapped 937054 sequences
[M::worker_pipeline::7748.557*19.51] mapped 936332 sequences
[M::worker_pipeline::7756.436*19.51] mapped 937169 sequences
[M::worker_pipeline::7762.809*19.51] mapped 936898 sequences
[M::worker_pipeline::7772.081*19.51] mapped 936980 sequences
[M::worker_pipeline::7778.958*19.51] mapped 936459 sequences
[M::worker_pipeline::7786.070*19.51] mapped 935857 sequences
[M::worker_pipeline::7791.817*19.51] mapped 935877 sequences
[M::worker_pipeline::7799.444*19.51] mapped 936505 sequences
[M::worker_pipeline::7806.941*19.51] mapped 936230 sequences
[M::worker_pipeline::7817.848*19.50] mapped 936561 sequences
[M::worker_pipeline::7824.308*19.50] mapped 936590 sequences
[M::worker_pipeline::7837.335*19.49] mapped 936771 sequences
[M::worker_pipeline::7844.316*19.49] mapped 937084 sequences
[M::worker_pipeline::7850.285*19.49] mapped 937097 sequences
[M::worker_pipeline::7857.978*19.49] mapped 936064 sequences
[M::worker_pipeline::7863.610*19.49] mapped 936729 sequences
[M::worker_pipeline::7869.599*19.49] mapped 936570 sequences
[M::worker_pipeline::7876.224*19.49] mapped 936959 sequences
[M::worker_pipeline::7884.569*19.49] mapped 937683 sequences
[M::worker_pipeline::7890.722*19.49] mapped 936697 sequences
[M::worker_pipeline::7898.020*19.49] mapped 937042 sequences
[M::worker_pipeline::7904.985*19.49] mapped 937655 sequences
[M::worker_pipeline::7911.419*19.49] mapped 936562 sequences
[M::worker_pipeline::7918.040*19.49] mapped 937107 sequences
[M::worker_pipeline::7925.393*19.49] mapped 936430 sequences
[M::worker_pipeline::7932.773*19.49] mapped 936721 sequences
[M::worker_pipeline::7938.658*19.48] mapped 936988 sequences
[M::worker_pipeline::7946.473*19.48] mapped 936552 sequences
[M::worker_pipeline::7953.488*19.48] mapped 937358 sequences
[M::worker_pipeline::7961.122*19.48] mapped 936924 sequences
[M::worker_pipeline::7967.617*19.48] mapped 936607 sequences
[M::worker_pipeline::7975.136*19.48] mapped 937912 sequences
[M::worker_pipeline::7981.682*19.48] mapped 469615 sequences
[M::worker_pipeline::7993.617*19.48] mapped 464423 sequences
[M::worker_pipeline::8004.691*19.48] mapped 464350 sequences
[M::worker_pipeline::8018.645*19.48] mapped 464338 sequences
[M::worker_pipeline::8030.815*19.48] mapped 464294 sequences
[M::worker_pipeline::8040.893*19.48] mapped 464509 sequences
[M::worker_pipeline::8053.334*19.48] mapped 464359 sequences
[M::worker_pipeline::8067.752*19.48] mapped 464482 sequences
[M::worker_pipeline::8077.400*19.48] mapped 464312 sequences
[M::worker_pipeline::8090.976*19.48] mapped 464311 sequences
[M::worker_pipeline::8100.904*19.48] mapped 464393 sequences
[M::worker_pipeline::8113.421*19.48] mapped 464376 sequences
[M::worker_pipeline::8125.680*19.48] mapped 464384 sequences
[M::worker_pipeline::8138.337*19.48] mapped 464313 sequences
[M::worker_pipeline::8149.777*19.48] mapped 464334 sequences
[M::worker_pipeline::8163.342*19.48] mapped 464392 sequences
[M::worker_pipeline::8174.614*19.48] mapped 464400 sequences
[M::worker_pipeline::8187.268*19.48] mapped 464504 sequences
[M::worker_pipeline::8198.363*19.48] mapped 464405 sequences
[M::worker_pipeline::8209.488*19.48] mapped 464280 sequences
[M::worker_pipeline::8221.707*19.48] mapped 464182 sequences
[M::worker_pipeline::8236.983*19.48] mapped 464399 sequences
[M::worker_pipeline::8248.393*19.48] mapped 464321 sequences
[M::worker_pipeline::8259.023*19.48] mapped 464354 sequences
[M::worker_pipeline::8270.319*19.48] mapped 464339 sequences
[M::worker_pipeline::8282.427*19.48] mapped 464358 sequences
[M::worker_pipeline::8295.130*19.48] mapped 464360 sequences
[M::worker_pipeline::8306.464*19.48] mapped 464360 sequences
[M::worker_pipeline::8318.591*19.48] mapped 464235 sequences
[M::worker_pipeline::8330.719*19.48] mapped 464338 sequences
[M::worker_pipeline::8342.616*19.48] mapped 464432 sequences
[M::worker_pipeline::8354.475*19.48] mapped 464302 sequences
[M::worker_pipeline::8367.715*19.49] mapped 464227 sequences
[M::worker_pipeline::8380.081*19.49] mapped 464311 sequences
[M::worker_pipeline::8391.692*19.49] mapped 464489 sequences
[M::worker_pipeline::8403.984*19.49] mapped 464561 sequences
[M::worker_pipeline::8415.624*19.49] mapped 464450 sequences
[M::worker_pipeline::8426.664*19.49] mapped 464316 sequences
[M::worker_pipeline::8440.454*19.49] mapped 464350 sequences
[M::worker_pipeline::8451.522*19.49] mapped 464414 sequences
[M::worker_pipeline::8464.609*19.49] mapped 464434 sequences
[M::worker_pipeline::8476.425*19.49] mapped 464424 sequences
[M::worker_pipeline::8489.264*19.49] mapped 464409 sequences
[M::worker_pipeline::8501.507*19.49] mapped 464404 sequences
[M::worker_pipeline::8512.478*19.49] mapped 464380 sequences
[M::worker_pipeline::8526.021*19.49] mapped 464520 sequences
[M::worker_pipeline::8536.579*19.49] mapped 464529 sequences
[M::worker_pipeline::8548.387*19.49] mapped 464466 sequences
[M::worker_pipeline::8561.243*19.49] mapped 464516 sequences
[M::worker_pipeline::8575.017*19.49] mapped 464415 sequences
[M::worker_pipeline::8584.765*19.49] mapped 464542 sequences
[M::worker_pipeline::8597.095*19.49] mapped 464440 sequences
[M::worker_pipeline::8610.270*19.49] mapped 464407 sequences
[M::worker_pipeline::8623.656*19.49] mapped 464322 sequences
[M::worker_pipeline::8634.507*19.49] mapped 464348 sequences
[M::worker_pipeline::8646.432*19.49] mapped 464356 sequences
[M::worker_pipeline::8660.289*19.49] mapped 464378 sequences
[M::worker_pipeline::8671.670*19.49] mapped 464318 sequences
[M::worker_pipeline::8684.405*19.49] mapped 464382 sequences
[M::worker_pipeline::8694.770*19.49] mapped 464507 sequences
[M::worker_pipeline::8708.400*19.49] mapped 464509 sequences
[M::worker_pipeline::8720.443*19.49] mapped 464428 sequences
[M::worker_pipeline::8733.884*19.49] mapped 464432 sequences
[M::worker_pipeline::8743.832*19.49] mapped 464363 sequences
[M::worker_pipeline::8756.540*19.49] mapped 464434 sequences
[M::worker_pipeline::8768.092*19.49] mapped 464448 sequences
[M::worker_pipeline::8779.653*19.49] mapped 464535 sequences
[M::worker_pipeline::8794.592*19.49] mapped 464513 sequences
[M::worker_pipeline::8804.003*19.49] mapped 464510 sequences
[M::worker_pipeline::8816.559*19.49] mapped 464379 sequences
[M::worker_pipeline::8828.763*19.49] mapped 464207 sequences
[M::worker_pipeline::8840.763*19.49] mapped 464225 sequences
[M::worker_pipeline::8854.174*19.49] mapped 464157 sequences
[M::worker_pipeline::8866.692*19.49] mapped 464413 sequences
[M::worker_pipeline::8878.491*19.49] mapped 464283 sequences
[M::worker_pipeline::8890.788*19.49] mapped 464292 sequences
[M::worker_pipeline::8901.905*19.49] mapped 464387 sequences
[M::worker_pipeline::8913.610*19.49] mapped 464509 sequences
[M::worker_pipeline::8926.997*19.49] mapped 464323 sequences
[M::worker_pipeline::8939.843*19.49] mapped 464331 sequences
[M::worker_pipeline::8950.918*19.49] mapped 464380 sequences
[M::worker_pipeline::8964.162*19.49] mapped 464407 sequences
[M::worker_pipeline::8976.544*19.49] mapped 464439 sequences
[M::worker_pipeline::8987.536*19.49] mapped 464329 sequences
[M::worker_pipeline::8999.862*19.49] mapped 464393 sequences
[M::worker_pipeline::9013.623*19.49] mapped 464535 sequences
[M::worker_pipeline::9023.214*19.49] mapped 464453 sequences
[M::worker_pipeline::9035.579*19.49] mapped 464479 sequences
[M::worker_pipeline::9048.413*19.49] mapped 464415 sequences
[M::worker_pipeline::9059.496*19.49] mapped 464331 sequences
[M::worker_pipeline::9071.438*19.49] mapped 464404 sequences
[M::worker_pipeline::9083.658*19.49] mapped 464361 sequences
[M::worker_pipeline::9096.048*19.49] mapped 464495 sequences
[M::worker_pipeline::9107.646*19.49] mapped 464383 sequences
[M::worker_pipeline::9120.482*19.49] mapped 464474 sequences
[M::worker_pipeline::9134.191*19.49] mapped 464563 sequences
[M::worker_pipeline::9143.954*19.49] mapped 464368 sequences
[M::worker_pipeline::9158.200*19.49] mapped 464340 sequences
[M::worker_pipeline::9168.293*19.49] mapped 464487 sequences
[M::worker_pipeline::9181.200*19.49] mapped 464370 sequences
[M::worker_pipeline::9194.244*19.49] mapped 464388 sequences
[M::worker_pipeline::9204.558*19.49] mapped 464374 sequences
[M::worker_pipeline::9217.039*19.49] mapped 464446 sequences
[M::worker_pipeline::9228.991*19.49] mapped 464942 sequences
[M::worker_pipeline::9241.867*19.49] mapped 464993 sequences
[M::worker_pipeline::9254.240*19.49] mapped 465075 sequences
[M::worker_pipeline::9265.939*19.49] mapped 465049 sequences
[M::worker_pipeline::9277.172*19.49] mapped 464877 sequences
[M::worker_pipeline::9289.601*19.49] mapped 465023 sequences
[M::worker_pipeline::9302.495*19.49] mapped 465033 sequences
[M::worker_pipeline::9313.652*19.49] mapped 465566 sequences
[M::worker_pipeline::9327.950*19.49] mapped 465232 sequences
[M::worker_pipeline::9337.345*19.49] mapped 465124 sequences
[M::worker_pipeline::9349.583*19.49] mapped 465025 sequences
[M::worker_pipeline::9362.471*19.49] mapped 465156 sequences
[M::worker_pipeline::9375.416*19.49] mapped 464539 sequences
[M::worker_pipeline::9386.017*19.49] mapped 464857 sequences
[M::worker_pipeline::9399.128*19.49] mapped 464972 sequences
[M::worker_pipeline::9410.536*19.49] mapped 465020 sequences
[M::worker_pipeline::9421.401*19.49] mapped 465065 sequences
[M::worker_pipeline::9435.334*19.49] mapped 464635 sequences
[M::worker_pipeline::9446.758*19.50] mapped 464582 sequences
[M::worker_pipeline::9457.243*19.50] mapped 464561 sequences
[M::worker_pipeline::9469.188*19.49] mapped 464553 sequences
[M::worker_pipeline::9482.811*19.50] mapped 464516 sequences
[M::worker_pipeline::9493.263*19.50] mapped 464384 sequences
[M::worker_pipeline::9506.368*19.50] mapped 464435 sequences
[M::worker_pipeline::9520.798*19.50] mapped 464571 sequences
[M::worker_pipeline::9529.885*19.50] mapped 464507 sequences
[M::worker_pipeline::9541.329*19.50] mapped 464389 sequences
[M::worker_pipeline::9554.130*19.50] mapped 464551 sequences
[M::worker_pipeline::9565.948*19.50] mapped 464691 sequences
[M::worker_pipeline::9579.016*19.50] mapped 464492 sequences
[M::worker_pipeline::9590.966*19.50] mapped 464560 sequences
[M::worker_pipeline::9604.059*19.50] mapped 464629 sequences
[M::worker_pipeline::9615.492*19.50] mapped 464799 sequences
[M::worker_pipeline::9629.825*19.50] mapped 464853 sequences
[M::worker_pipeline::9640.999*19.50] mapped 464805 sequences
[M::worker_pipeline::9651.622*19.50] mapped 464480 sequences
[M::worker_pipeline::9664.770*19.50] mapped 464487 sequences
[M::worker_pipeline::9675.235*19.50] mapped 464366 sequences
[M::worker_pipeline::9689.576*19.50] mapped 464322 sequences
[M::worker_pipeline::9699.235*19.50] mapped 464353 sequences
[M::worker_pipeline::9710.740*19.50] mapped 464376 sequences
[M::worker_pipeline::9724.316*19.50] mapped 464569 sequences
[M::worker_pipeline::9737.461*19.50] mapped 464296 sequences
[M::worker_pipeline::9748.792*19.50] mapped 464666 sequences
[M::worker_pipeline::9760.927*19.50] mapped 464573 sequences
[M::worker_pipeline::9773.644*19.50] mapped 464576 sequences
[M::worker_pipeline::9785.110*19.50] mapped 464481 sequences
[M::worker_pipeline::9796.239*19.50] mapped 464706 sequences
[M::worker_pipeline::9809.952*19.50] mapped 464569 sequences
[M::worker_pipeline::9819.935*19.50] mapped 464672 sequences
[M::worker_pipeline::9831.802*19.50] mapped 464605 sequences
[M::worker_pipeline::9844.982*19.50] mapped 464491 sequences
[M::worker_pipeline::9855.895*19.50] mapped 464390 sequences
[M::worker_pipeline::9867.517*19.50] mapped 464391 sequences
[M::worker_pipeline::9878.458*19.50] mapped 464408 sequences
[M::worker_pipeline::9891.115*19.50] mapped 464324 sequences
[M::worker_pipeline::9903.907*19.50] mapped 464354 sequences
[M::worker_pipeline::9915.592*19.50] mapped 464383 sequences
[M::worker_pipeline::9927.422*19.50] mapped 464290 sequences
[M::worker_pipeline::9939.990*19.50] mapped 464334 sequences
[M::worker_pipeline::9953.350*19.50] mapped 464565 sequences
[M::worker_pipeline::9963.928*19.50] mapped 464500 sequences
[M::worker_pipeline::9976.121*19.51] mapped 464529 sequences
[M::worker_pipeline::9987.398*19.51] mapped 464535 sequences
[M::worker_pipeline::10000.660*19.51] mapped 464551 sequences
[M::worker_pipeline::10013.771*19.51] mapped 464513 sequences
[M::worker_pipeline::10023.074*19.51] mapped 464576 sequences
[M::worker_pipeline::10035.090*19.51] mapped 464542 sequences
[M::worker_pipeline::10047.883*19.51] mapped 464599 sequences
[M::worker_pipeline::10060.327*19.51] mapped 464368 sequences
[M::worker_pipeline::10070.387*19.51] mapped 464405 sequences
[M::worker_pipeline::10082.208*19.51] mapped 464331 sequences
[M::worker_pipeline::10095.387*19.51] mapped 464457 sequences
[M::worker_pipeline::10106.303*19.51] mapped 464268 sequences
[M::worker_pipeline::10120.409*19.51] mapped 464354 sequences
[M::worker_pipeline::10130.473*19.51] mapped 464437 sequences
[M::worker_pipeline::10141.464*19.51] mapped 464317 sequences
[M::worker_pipeline::10153.612*19.51] mapped 464302 sequences
[M::worker_pipeline::10166.836*19.51] mapped 464699 sequences
[M::worker_pipeline::10177.407*19.51] mapped 464487 sequences
[M::worker_pipeline::10189.930*19.51] mapped 464596 sequences
[M::worker_pipeline::10202.692*19.51] mapped 464537 sequences
[M::worker_pipeline::10215.614*19.51] mapped 464602 sequences
[M::worker_pipeline::10226.839*19.51] mapped 464740 sequences
[M::worker_pipeline::10239.929*19.51] mapped 464733 sequences
[M::worker_pipeline::10251.734*19.51] mapped 464788 sequences
[M::worker_pipeline::10263.357*19.51] mapped 464690 sequences
[M::worker_pipeline::10274.409*19.51] mapped 464602 sequences
[M::worker_pipeline::10288.365*19.51] mapped 464758 sequences
[M::worker_pipeline::10298.899*19.51] mapped 464602 sequences
[M::worker_pipeline::10309.916*19.51] mapped 464376 sequences
[M::worker_pipeline::10324.229*19.51] mapped 464555 sequences
[M::worker_pipeline::10335.132*19.51] mapped 464566 sequences
[M::worker_pipeline::10347.837*19.51] mapped 464397 sequences
[M::worker_pipeline::10358.349*19.51] mapped 464556 sequences
[M::worker_pipeline::10371.614*19.51] mapped 464403 sequences
[M::worker_pipeline::10384.716*19.51] mapped 464624 sequences
[M::worker_pipeline::10394.956*19.51] mapped 464354 sequences
[M::worker_pipeline::10407.129*19.52] mapped 464534 sequences
[M::worker_pipeline::10419.981*19.52] mapped 464471 sequences
[M::worker_pipeline::10432.139*19.52] mapped 465325 sequences
[M::worker_pipeline::10441.999*19.52] mapped 465822 sequences
[M::worker_pipeline::10455.668*19.52] mapped 465969 sequences
[M::worker_pipeline::10467.028*19.52] mapped 465787 sequences
[M::worker_pipeline::10478.351*19.52] mapped 465768 sequences
[M::worker_pipeline::10491.752*19.52] mapped 465653 sequences
[M::worker_pipeline::10503.041*19.52] mapped 465780 sequences
[M::worker_pipeline::10515.201*19.52] mapped 465672 sequences
[M::worker_pipeline::10527.720*19.52] mapped 465608 sequences
[M::worker_pipeline::10541.146*19.52] mapped 465731 sequences
[M::worker_pipeline::10553.364*19.52] mapped 465546 sequences
[M::worker_pipeline::10563.092*19.52] mapped 465532 sequences
[M::worker_pipeline::10575.479*19.52] mapped 465506 sequences
[M::worker_pipeline::10586.810*19.52] mapped 465563 sequences
[M::worker_pipeline::10598.950*19.52] mapped 465564 sequences
[M::worker_pipeline::10611.278*19.52] mapped 465526 sequences
[M::worker_pipeline::10623.424*19.52] mapped 465563 sequences
[M::worker_pipeline::10635.287*19.52] mapped 465551 sequences
[M::worker_pipeline::10650.113*19.52] mapped 465494 sequences
[M::worker_pipeline::10659.833*19.52] mapped 465548 sequences
[M::worker_pipeline::10674.015*19.52] mapped 465455 sequences
[M::worker_pipeline::10684.345*19.52] mapped 465507 sequences
[M::worker_pipeline::10697.110*19.52] mapped 465554 sequences
[M::worker_pipeline::10709.030*19.52] mapped 465429 sequences
[M::worker_pipeline::10722.619*19.52] mapped 465586 sequences
[M::worker_pipeline::10734.681*19.52] mapped 465524 sequences
[M::worker_pipeline::10744.136*19.52] mapped 465616 sequences
[M::worker_pipeline::10757.017*19.52] mapped 465649 sequences
[M::worker_pipeline::10768.357*19.52] mapped 465493 sequences
[M::worker_pipeline::10782.722*19.52] mapped 465756 sequences
[M::worker_pipeline::10791.860*19.52] mapped 465732 sequences
[M::worker_pipeline::10804.933*19.52] mapped 466038 sequences
[M::worker_pipeline::10818.674*19.52] mapped 466038 sequences
[M::worker_pipeline::10829.287*19.52] mapped 465950 sequences
[M::worker_pipeline::10840.701*19.52] mapped 465766 sequences
[M::worker_pipeline::10854.082*19.52] mapped 465841 sequences
[M::worker_pipeline::10865.672*19.52] mapped 465883 sequences
[M::worker_pipeline::10877.890*19.52] mapped 465794 sequences
[M::worker_pipeline::10889.145*19.52] mapped 465751 sequences
[M::worker_pipeline::10901.546*19.52] mapped 465748 sequences
[M::worker_pipeline::10913.902*19.52] mapped 465711 sequences
[M::worker_pipeline::10925.514*19.52] mapped 465606 sequences
[M::worker_pipeline::10939.148*19.52] mapped 465653 sequences
[M::worker_pipeline::10949.144*19.52] mapped 465459 sequences
[M::worker_pipeline::10962.415*19.52] mapped 465447 sequences
[M::worker_pipeline::10974.849*19.52] mapped 465444 sequences
[M::worker_pipeline::10986.802*19.52] mapped 465491 sequences
[M::worker_pipeline::10998.304*19.52] mapped 465512 sequences
[M::worker_pipeline::11010.542*19.52] mapped 465536 sequences
[M::worker_pipeline::11024.514*19.52] mapped 465516 sequences
[M::worker_pipeline::11036.092*19.52] mapped 465583 sequences
[M::worker_pipeline::11046.790*19.52] mapped 465395 sequences
[M::worker_pipeline::11058.746*19.53] mapped 465361 sequences
[M::worker_pipeline::11071.384*19.53] mapped 465382 sequences
[M::worker_pipeline::11083.213*19.53] mapped 465492 sequences
[M::worker_pipeline::11095.734*19.53] mapped 465621 sequences
[M::worker_pipeline::11106.474*19.53] mapped 465562 sequences
[M::worker_pipeline::11119.532*19.53] mapped 465497 sequences
[M::worker_pipeline::11132.423*19.53] mapped 465556 sequences
[M::worker_pipeline::11143.904*19.53] mapped 465567 sequences
[M::worker_pipeline::11156.209*19.53] mapped 465693 sequences
[M::worker_pipeline::11168.564*19.53] mapped 465777 sequences
[M::worker_pipeline::11180.577*19.53] mapped 465846 sequences
[M::worker_pipeline::11190.388*19.53] mapped 465935 sequences
[M::worker_pipeline::11202.298*19.53] mapped 465758 sequences
[M::worker_pipeline::11215.996*19.53] mapped 465884 sequences
[M::worker_pipeline::11228.839*19.53] mapped 465958 sequences
[M::worker_pipeline::11239.345*19.53] mapped 465946 sequences
[M::worker_pipeline::11250.982*19.53] mapped 465713 sequences
[M::worker_pipeline::11263.515*19.53] mapped 465711 sequences
[M::worker_pipeline::11274.269*19.53] mapped 465735 sequences
[M::worker_pipeline::11287.280*19.53] mapped 465709 sequences
[M::worker_pipeline::11299.325*19.53] mapped 465650 sequences
[M::worker_pipeline::11311.950*19.53] mapped 465711 sequences
[M::worker_pipeline::11323.991*19.53] mapped 465499 sequences
[M::worker_pipeline::11335.679*19.53] mapped 465591 sequences
[M::worker_pipeline::11347.690*19.53] mapped 465434 sequences
[M::worker_pipeline::11360.647*19.53] mapped 465487 sequences
[M::worker_pipeline::11371.501*19.53] mapped 465356 sequences
[M::worker_pipeline::11385.070*19.53] mapped 465476 sequences
[M::worker_pipeline::11396.887*19.53] mapped 465521 sequences
[M::worker_pipeline::11407.489*19.53] mapped 465415 sequences
[M::worker_pipeline::11418.767*19.53] mapped 465534 sequences
[M::worker_pipeline::11432.022*19.53] mapped 465349 sequences
[M::worker_pipeline::11443.432*19.53] mapped 465553 sequences
[M::worker_pipeline::11455.067*19.53] mapped 465493 sequences
[M::worker_pipeline::11468.453*19.53] mapped 465672 sequences
[M::worker_pipeline::11480.139*19.53] mapped 465508 sequences
[M::worker_pipeline::11492.871*19.53] mapped 465489 sequences
[M::worker_pipeline::11502.870*19.53] mapped 465592 sequences
[M::worker_pipeline::11515.109*19.53] mapped 465761 sequences
[M::worker_pipeline::11526.768*19.53] mapped 465767 sequences
[M::worker_pipeline::11541.235*19.53] mapped 465673 sequences
[M::worker_pipeline::11552.646*19.53] mapped 466126 sequences
[M::worker_pipeline::11563.973*19.53] mapped 466054 sequences
[M::worker_pipeline::11575.840*19.53] mapped 465877 sequences
[M::worker_pipeline::11588.307*19.53] mapped 465860 sequences
[M::worker_pipeline::11599.466*19.53] mapped 465856 sequences
[M::worker_pipeline::11612.199*19.53] mapped 465897 sequences
[M::worker_pipeline::11623.417*19.53] mapped 465737 sequences
[M::worker_pipeline::11635.164*19.53] mapped 465751 sequences
[M::worker_pipeline::11647.524*19.53] mapped 465807 sequences
[M::worker_pipeline::11659.859*19.53] mapped 465645 sequences
[M::worker_pipeline::11672.424*19.53] mapped 465733 sequences
[M::worker_pipeline::11684.083*19.53] mapped 465467 sequences
[M::worker_pipeline::11697.460*19.53] mapped 465596 sequences
[M::worker_pipeline::11707.452*19.53] mapped 465469 sequences
[M::worker_pipeline::11720.059*19.53] mapped 465551 sequences
[M::worker_pipeline::11732.392*19.53] mapped 465413 sequences
[M::worker_pipeline::11742.075*19.53] mapped 465461 sequences
[M::worker_pipeline::11755.595*19.53] mapped 465291 sequences
[M::worker_pipeline::11768.010*19.53] mapped 465468 sequences
[M::worker_pipeline::11781.454*19.53] mapped 465579 sequences
[M::worker_pipeline::11791.392*19.53] mapped 465457 sequences
[M::worker_pipeline::11804.499*19.54] mapped 465374 sequences
[M::worker_pipeline::11815.629*19.54] mapped 465475 sequences
[M::worker_pipeline::11827.851*19.54] mapped 465465 sequences
[M::worker_pipeline::11840.220*19.54] mapped 465489 sequences
[M::worker_pipeline::11852.285*19.54] mapped 465427 sequences
[M::worker_pipeline::11863.782*19.54] mapped 465556 sequences
[M::worker_pipeline::11875.877*19.54] mapped 465472 sequences
[M::worker_pipeline::11888.436*19.54] mapped 465491 sequences
[M::worker_pipeline::11900.219*19.54] mapped 465553 sequences
[M::worker_pipeline::11911.582*19.54] mapped 465905 sequences
[M::worker_pipeline::11925.279*19.54] mapped 466268 sequences
[M::worker_pipeline::11936.040*19.54] mapped 466223 sequences
[M::worker_pipeline::11949.358*19.54] mapped 466053 sequences
[M::worker_pipeline::11958.192*19.54] mapped 465993 sequences
[M::worker_pipeline::11970.897*19.54] mapped 466040 sequences
[M::worker_pipeline::11984.515*19.54] mapped 465917 sequences
[M::worker_pipeline::11995.723*19.54] mapped 465919 sequences
[M::worker_pipeline::12006.045*19.54] mapped 465853 sequences
[M::worker_pipeline::12018.777*19.54] mapped 465788 sequences
[M::worker_pipeline::12030.358*19.54] mapped 465753 sequences
[M::worker_pipeline::12042.232*19.54] mapped 465706 sequences
[M::worker_pipeline::12055.053*19.54] mapped 465622 sequences
[M::worker_pipeline::12066.989*19.54] mapped 465597 sequences
[M::worker_pipeline::12077.607*19.54] mapped 465564 sequences
[M::worker_pipeline::12090.807*19.54] mapped 465629 sequences
[M::worker_pipeline::12101.719*19.54] mapped 465521 sequences
[M::worker_pipeline::12115.396*19.54] mapped 465673 sequences
[M::worker_pipeline::12125.386*19.54] mapped 465557 sequences
[M::worker_pipeline::12138.550*19.54] mapped 465615 sequences
[M::worker_pipeline::12149.286*19.54] mapped 466468 sequences
[M::worker_pipeline::12161.477*19.54] mapped 465608 sequences
[M::worker_pipeline::12173.023*19.54] mapped 465570 sequences
[M::worker_pipeline::12185.871*19.54] mapped 465582 sequences
[M::worker_pipeline::12198.336*19.54] mapped 465606 sequences
[M::worker_pipeline::12208.319*19.54] mapped 465647 sequences
[M::worker_pipeline::12222.052*19.54] mapped 465689 sequences
[M::worker_pipeline::12233.894*19.54] mapped 465659 sequences
[M::worker_pipeline::12245.138*19.54] mapped 465670 sequences
[M::worker_pipeline::12256.176*19.54] mapped 465654 sequences
[M::worker_pipeline::12268.825*19.54] mapped 465758 sequences
[M::worker_pipeline::12278.816*19.54] mapped 465791 sequences
[M::worker_pipeline::12292.790*19.54] mapped 466514 sequences
[M::worker_pipeline::12303.923*19.54] mapped 466045 sequences
[M::worker_pipeline::12317.994*19.54] mapped 466040 sequences
[M::worker_pipeline::12330.119*19.54] mapped 466011 sequences
[M::worker_pipeline::12340.601*19.54] mapped 465811 sequences
[M::worker_pipeline::12352.434*19.54] mapped 465894 sequences
[M::worker_pipeline::12365.325*19.54] mapped 465899 sequences
[M::worker_pipeline::12375.969*19.54] mapped 465774 sequences
[M::worker_pipeline::12387.026*19.54] mapped 465694 sequences
[M::worker_pipeline::12399.653*19.54] mapped 465632 sequences
[M::worker_pipeline::12410.454*19.54] mapped 465628 sequences
[M::worker_pipeline::12424.906*19.54] mapped 465519 sequences
[M::worker_pipeline::12436.154*19.55] mapped 465526 sequences
[M::worker_pipeline::12448.524*19.55] mapped 465637 sequences
[M::worker_pipeline::12460.196*19.55] mapped 465460 sequences
[M::worker_pipeline::12472.037*19.55] mapped 465457 sequences
[M::worker_pipeline::12484.463*19.55] mapped 465565 sequences
[M::worker_pipeline::12495.816*19.55] mapped 465513 sequences
[M::worker_pipeline::12508.471*19.55] mapped 465613 sequences
[M::worker_pipeline::12520.176*19.55] mapped 465689 sequences
[M::worker_pipeline::12532.305*19.55] mapped 465559 sequences
[M::worker_pipeline::12544.991*19.55] mapped 465400 sequences
[M::worker_pipeline::12557.937*19.55] mapped 465587 sequences
[M::worker_pipeline::12568.737*19.55] mapped 465411 sequences
[M::worker_pipeline::12578.796*19.55] mapped 465583 sequences
[M::worker_pipeline::12591.014*19.55] mapped 465591 sequences
[M::worker_pipeline::12604.771*19.55] mapped 465560 sequences
[M::worker_pipeline::12615.040*19.55] mapped 465541 sequences
[M::worker_pipeline::12628.679*19.55] mapped 465557 sequences
[M::worker_pipeline::12639.113*19.55] mapped 465675 sequences
[M::worker_pipeline::12651.046*19.55] mapped 465577 sequences
[M::worker_pipeline::12662.965*19.55] mapped 467251 sequences
[M::worker_pipeline::12676.403*19.55] mapped 467934 sequences
[M::worker_pipeline::12686.133*19.55] mapped 468085 sequences
[M::worker_pipeline::12699.130*19.55] mapped 467800 sequences
[M::worker_pipeline::12712.292*19.55] mapped 467740 sequences
[M::worker_pipeline::12722.499*19.55] mapped 467355 sequences
[M::worker_pipeline::12734.758*19.55] mapped 467068 sequences
[M::worker_pipeline::12746.787*19.55] mapped 466884 sequences
[M::worker_pipeline::12759.035*19.55] mapped 466538 sequences
[M::worker_pipeline::12770.697*19.55] mapped 466298 sequences
[M::worker_pipeline::12781.514*19.55] mapped 466034 sequences
[M::worker_pipeline::12794.199*19.55] mapped 466371 sequences
[M::worker_pipeline::12804.713*19.55] mapped 466515 sequences
[M::worker_pipeline::12817.404*19.55] mapped 466518 sequences
[M::worker_pipeline::12828.411*19.55] mapped 466303 sequences
[M::worker_pipeline::12840.968*19.55] mapped 466530 sequences
[M::worker_pipeline::12851.838*19.55] mapped 466259 sequences
[M::worker_pipeline::12864.816*19.55] mapped 466173 sequences
[M::worker_pipeline::12875.689*19.55] mapped 466503 sequences
[M::worker_pipeline::12888.293*19.55] mapped 466196 sequences
[M::worker_pipeline::12900.886*19.55] mapped 466117 sequences
[M::worker_pipeline::12912.602*19.55] mapped 466022 sequences
[M::worker_pipeline::12923.585*19.55] mapped 466112 sequences
[M::worker_pipeline::12935.639*19.55] mapped 465989 sequences
[M::worker_pipeline::12948.773*19.55] mapped 465857 sequences
[M::worker_pipeline::12960.174*19.55] mapped 465847 sequences
[M::worker_pipeline::12970.764*19.55] mapped 466066 sequences
[M::worker_pipeline::12983.479*19.55] mapped 465951 sequences
[M::worker_pipeline::12995.278*19.55] mapped 466048 sequences
[M::worker_pipeline::13008.139*19.55] mapped 466092 sequences
[M::worker_pipeline::13017.785*19.55] mapped 466105 sequences
[M::worker_pipeline::13029.832*19.55] mapped 466638 sequences
[M::worker_pipeline::13043.024*19.55] mapped 467413 sequences
[M::worker_pipeline::13054.623*19.55] mapped 467418 sequences
[M::worker_pipeline::13066.957*19.55] mapped 467196 sequences
[M::worker_pipeline::13078.285*19.55] mapped 466765 sequences
[M::worker_pipeline::13091.753*19.55] mapped 466756 sequences
[M::worker_pipeline::13103.017*19.55] mapped 466481 sequences
[M::worker_pipeline::13115.193*19.55] mapped 466335 sequences
[M::worker_pipeline::13125.770*19.55] mapped 466116 sequences
[M::worker_pipeline::13136.742*19.55] mapped 466212 sequences
[M::worker_pipeline::13148.770*19.55] mapped 466008 sequences
[M::worker_pipeline::13161.185*19.55] mapped 466149 sequences
[M::worker_pipeline::13172.949*19.55] mapped 466228 sequences
[M::worker_pipeline::13184.708*19.55] mapped 466059 sequences
[M::worker_pipeline::13197.120*19.55] mapped 466021 sequences
[M::worker_pipeline::13209.294*19.55] mapped 465915 sequences
[M::worker_pipeline::13221.661*19.55] mapped 465988 sequences
[M::worker_pipeline::13232.847*19.55] mapped 465991 sequences
[M::worker_pipeline::13244.423*19.55] mapped 465960 sequences
[M::worker_pipeline::13256.811*19.55] mapped 465779 sequences
[M::worker_pipeline::13268.727*19.55] mapped 465911 sequences
[M::worker_pipeline::13281.244*19.55] mapped 465694 sequences
[M::worker_pipeline::13292.366*19.56] mapped 465745 sequences
[M::worker_pipeline::13303.554*19.56] mapped 465901 sequences
[M::worker_pipeline::13314.929*19.56] mapped 465870 sequences
[M::worker_pipeline::13326.864*19.56] mapped 465930 sequences
[M::worker_pipeline::13338.943*19.56] mapped 465813 sequences
[M::worker_pipeline::13350.529*19.56] mapped 466041 sequences
[M::worker_pipeline::13363.367*19.56] mapped 466091 sequences
[M::worker_pipeline::13374.370*19.56] mapped 466222 sequences
[M::worker_pipeline::13387.234*19.56] mapped 466021 sequences
[M::worker_pipeline::13397.177*19.56] mapped 466923 sequences
[M::worker_pipeline::13412.041*19.56] mapped 467495 sequences
[M::worker_pipeline::13421.665*19.56] mapped 467261 sequences
[M::worker_pipeline::13434.080*19.56] mapped 466893 sequences
[M::worker_pipeline::13444.332*19.56] mapped 466993 sequences
[M::worker_pipeline::13457.401*19.56] mapped 466655 sequences
[M::worker_pipeline::13469.283*19.56] mapped 466515 sequences
[M::worker_pipeline::13479.644*19.56] mapped 466400 sequences
[M::worker_pipeline::13492.082*19.56] mapped 466225 sequences
[M::worker_pipeline::13503.390*19.56] mapped 466244 sequences
[M::worker_pipeline::13515.354*19.56] mapped 466265 sequences
[M::worker_pipeline::13527.786*19.56] mapped 466185 sequences
[M::worker_pipeline::13539.143*19.56] mapped 466214 sequences
[M::worker_pipeline::13551.329*19.56] mapped 465998 sequences
[M::worker_pipeline::13563.460*19.56] mapped 465779 sequences
[M::worker_pipeline::13576.289*19.56] mapped 465961 sequences
[M::worker_pipeline::13586.199*19.56] mapped 465871 sequences
[M::worker_pipeline::13598.620*19.56] mapped 465961 sequences
[M::worker_pipeline::13611.193*19.56] mapped 465919 sequences
[M::worker_pipeline::13623.089*19.56] mapped 465779 sequences
[M::worker_pipeline::13634.381*19.56] mapped 465809 sequences
[M::worker_pipeline::13645.992*19.56] mapped 465862 sequences
[M::worker_pipeline::13656.294*19.56] mapped 465750 sequences
[M::worker_pipeline::13669.038*19.56] mapped 465821 sequences
[M::worker_pipeline::13681.123*19.56] mapped 465842 sequences
[M::worker_pipeline::13692.525*19.56] mapped 465875 sequences
[M::worker_pipeline::13704.552*19.56] mapped 465756 sequences
[M::worker_pipeline::13717.717*19.56] mapped 465783 sequences
[M::worker_pipeline::13727.977*19.56] mapped 465961 sequences
[M::worker_pipeline::13740.796*19.56] mapped 465972 sequences
[M::worker_pipeline::13751.185*19.56] mapped 465786 sequences
[M::worker_pipeline::13763.122*19.56] mapped 466973 sequences
[M::worker_pipeline::13775.290*19.56] mapped 467225 sequences
[M::worker_pipeline::13788.582*19.56] mapped 467089 sequences
[M::worker_pipeline::13798.681*19.56] mapped 466789 sequences
[M::worker_pipeline::13811.228*19.56] mapped 467070 sequences
[M::worker_pipeline::13824.509*19.56] mapped 466597 sequences
[M::worker_pipeline::13834.585*19.56] mapped 466737 sequences
[M::worker_pipeline::13848.566*19.56] mapped 466466 sequences
[M::worker_pipeline::13857.915*19.56] mapped 466328 sequences
[M::worker_pipeline::13869.713*19.56] mapped 466372 sequences
[M::worker_pipeline::13881.901*19.56] mapped 466290 sequences
[M::worker_pipeline::13894.696*19.56] mapped 466172 sequences
[M::worker_pipeline::13907.754*19.56] mapped 466196 sequences
[M::worker_pipeline::13917.785*19.56] mapped 466042 sequences
[M::worker_pipeline::13931.123*19.56] mapped 465969 sequences
[M::worker_pipeline::13941.203*19.56] mapped 465993 sequences
[M::worker_pipeline::13952.916*19.56] mapped 466003 sequences
[M::worker_pipeline::13963.712*19.56] mapped 465924 sequences
[M::worker_pipeline::13977.212*19.56] mapped 465968 sequences
[M::worker_pipeline::13987.354*19.56] mapped 465779 sequences
[M::worker_pipeline::14000.225*19.56] mapped 465903 sequences
[M::worker_pipeline::14012.078*19.56] mapped 465778 sequences
[M::worker_pipeline::14023.210*19.56] mapped 466117 sequences
[M::worker_pipeline::14034.660*19.56] mapped 465805 sequences
[M::worker_pipeline::14048.316*19.56] mapped 465672 sequences
[M::worker_pipeline::14060.318*19.56] mapped 465701 sequences
[M::worker_pipeline::14071.521*19.56] mapped 465796 sequences
[M::worker_pipeline::14082.375*19.56] mapped 465833 sequences
[M::worker_pipeline::14095.819*19.56] mapped 465924 sequences
[M::worker_pipeline::14105.855*19.56] mapped 465911 sequences
[M::worker_pipeline::14118.559*19.56] mapped 466137 sequences
[M::worker_pipeline::14129.514*19.56] mapped 467919 sequences
[M::worker_pipeline::14141.543*19.56] mapped 468094 sequences
[M::worker_pipeline::14151.747*19.57] mapped 467952 sequences
[M::worker_pipeline::14163.034*19.57] mapped 467736 sequences
[M::worker_pipeline::14175.244*19.57] mapped 467700 sequences
[M::worker_pipeline::14186.546*19.57] mapped 467640 sequences
[M::worker_pipeline::14198.109*19.57] mapped 467485 sequences
[M::worker_pipeline::14210.914*19.57] mapped 467174 sequences
[M::worker_pipeline::14224.340*19.57] mapped 467223 sequences
[M::worker_pipeline::14234.773*19.57] mapped 466865 sequences
[M::worker_pipeline::14245.741*19.57] mapped 466822 sequences
[M::worker_pipeline::14257.308*19.57] mapped 466608 sequences
[M::worker_pipeline::14269.521*19.57] mapped 466592 sequences
[M::worker_pipeline::14280.909*19.57] mapped 466413 sequences
[M::worker_pipeline::14294.098*19.57] mapped 466284 sequences
[M::worker_pipeline::14304.217*19.57] mapped 466467 sequences
[M::worker_pipeline::14315.837*19.57] mapped 466448 sequences
[M::worker_pipeline::14327.682*19.57] mapped 466321 sequences
[M::worker_pipeline::14338.077*19.57] mapped 466255 sequences
[M::worker_pipeline::14351.483*19.57] mapped 466944 sequences
[M::worker_pipeline::14363.383*19.57] mapped 466260 sequences
[M::worker_pipeline::14374.181*19.57] mapped 466606 sequences
[M::worker_pipeline::14386.998*19.57] mapped 466486 sequences
[M::worker_pipeline::14399.003*19.57] mapped 466020 sequences
[M::worker_pipeline::14408.965*19.57] mapped 465786 sequences
[M::worker_pipeline::14422.358*19.57] mapped 465951 sequences
[M::worker_pipeline::14433.452*19.57] mapped 465910 sequences
[M::worker_pipeline::14445.172*19.57] mapped 465989 sequences
[M::worker_pipeline::14456.157*19.57] mapped 465815 sequences
[M::worker_pipeline::14468.214*19.57] mapped 466033 sequences
[M::worker_pipeline::14479.629*19.57] mapped 466384 sequences
[M::worker_pipeline::14491.224*19.57] mapped 468045 sequences
[M::worker_pipeline::14502.608*19.57] mapped 468188 sequences
[M::worker_pipeline::14514.268*19.57] mapped 468057 sequences
[M::worker_pipeline::14526.075*19.57] mapped 468168 sequences
[M::worker_pipeline::14539.108*19.57] mapped 468398 sequences
[M::worker_pipeline::14548.596*19.57] mapped 467915 sequences
[M::worker_pipeline::14561.239*19.57] mapped 467813 sequences
[M::worker_pipeline::14572.531*19.57] mapped 467696 sequences
[M::worker_pipeline::14584.216*19.57] mapped 467579 sequences
[M::worker_pipeline::14596.536*19.57] mapped 467455 sequences
[M::worker_pipeline::14607.162*19.57] mapped 467321 sequences
[M::worker_pipeline::14619.137*19.57] mapped 467487 sequences
[M::worker_pipeline::14632.119*19.57] mapped 466967 sequences
[M::worker_pipeline::14642.500*19.57] mapped 466980 sequences
[M::worker_pipeline::14654.785*19.57] mapped 466916 sequences
[M::worker_pipeline::14666.716*19.57] mapped 466929 sequences
[M::worker_pipeline::14678.752*19.57] mapped 466764 sequences
[M::worker_pipeline::14689.853*19.57] mapped 466717 sequences
[M::worker_pipeline::14699.847*19.57] mapped 466675 sequences
[M::worker_pipeline::14711.208*19.57] mapped 466887 sequences
[M::worker_pipeline::14723.408*19.57] mapped 466859 sequences
[M::worker_pipeline::14735.810*19.57] mapped 466944 sequences
[M::worker_pipeline::14748.075*19.57] mapped 466247 sequences
[M::worker_pipeline::14758.209*19.57] mapped 466080 sequences
[M::worker_pipeline::14770.905*19.57] mapped 466038 sequences
[M::worker_pipeline::14781.492*19.57] mapped 466141 sequences
[M::worker_pipeline::14793.680*19.57] mapped 466225 sequences
[M::worker_pipeline::14805.685*19.57] mapped 466180 sequences
[M::worker_pipeline::14816.835*19.57] mapped 466316 sequences
[M::worker_pipeline::14829.234*19.57] mapped 466200 sequences
[M::worker_pipeline::14838.302*19.57] mapped 402929 sequences
[M::main] Version: 2.17-r941
[M::main] CMD: minimap2 -ax sr -I 7G -t 20 -o DstrCompAlignment.sam Dstr.CompNanopore.mmi preprocessing/compressed_short.fasta
[M::main] Real time: 14839.597 sec; CPU: 290407.497 sec; Peak RSS: 33.092 GB
Wed Nov 13 19:47:59 PST 2019 Done with minimap2.
Wed Nov 13 19:47:59 PST 2019: Converting and sorting minimap2 output...
[samfaipath] build FASTA index...
/var/spool/slurmd/job463955/slurm_script: line 63: 30795 Done                    samtools view -S -u -b -T $COMPNANOPORE DstrCompAlignment.sam
     30796 Killed                  | samtools sort -l 0 -@ $SLURM_CPUS_PER_TASK -m $((SLURM_MEM_PER_CPU/1024))G -o DstrCompAlignment.bam
slurmstepd-h02: error: Detected 1 oom-kill event(s) in step 463955.batch cgroup. Some of your processes may have been killed by the cgroup out-of-memory handler.
