Thu Dec 12 15:51:54 PST 2019: Subsampling already complete.
Thu Dec 12 15:51:54 PST 2019: Preprocessing with hercules...
Preprocessing has begun...
Preprocessing is done. Now you have two external work before running correction phase:
(1)Align compressed short reads to compressed long reads using any aligner. Note that multiple alignment option of the aligner should be enabled to benefit from compression.
Compressed short reads file is at: preprocessing//compressed_short.fasta
Compressed long reads file is at: preprocessing//compressed_Dstr.filt_q10_l500_crop50.fastq
(2)Use "samtools sort -m 8G -l 0 | samtools rmdup -S" commands to remove the duplicates in your alignment file (e.g. see utils/afteralignment.sh or utils/runBowtieRmDup.sh)
(3)Run correction phase of Hercules using: 
-The alignment file that you removed its duplicates in (2)
-Original long reads file at /rhome/arajewski/bigdata/Datura/1_QCQA/Dstr.filt_q10_l500_crop50.fastq
-Short reads file at: preprocessing//short.fasta
Thu Dec 12 16:17:48 PST 2019: Done.
Thu Dec 12 16:17:48 PST 2019: Generating minimap2 index...
[M::mm_idx_gen::100.457*1.76] collected minimizers
[M::mm_idx_gen::135.377*1.80] sorted minimizers
[M::main::160.201*1.67] loaded/built the index for 436203 target sequence(s)
[M::mm_idx_stat] kmer size: 21; skip: 11; is_hpc: 0; #seq: 436203
[M::mm_idx_stat::165.370*1.65] distinct minimizers: 299612923 (68.25% are singletons); average occurrences: 2.355; average spacing: 5.994
[M::main] Version: 2.17-r941
[M::main] CMD: minimap2 -x sr -I 7G -d Dstr.CompNanopore.mmi preprocessing/compressed_Dstr.filt_q10_l500_crop50.fastq
[M::main] Real time: 165.442 sec; CPU: 273.274 sec; Peak RSS: 17.957 GB
Thu Dec 12 16:20:35 PST 2019: Done.
Thu Dec 12 16:20:35 PST 2019: Generating alignment with Minimap2...
[M::main::28.717*0.93] loaded/built the index for 436203 target sequence(s)
[M::mm_mapopt_update::28.717*0.93] mid_occ = 1000
[M::mm_idx_stat] kmer size: 21; skip: 11; is_hpc: 0; #seq: 436203
[M::mm_idx_stat::33.226*0.94] distinct minimizers: 299612923 (68.25% are singletons); average occurrences: 2.355; average spacing: 5.994
[M::worker_pipeline::101.837*1.63] mapped 930742 sequences
[M::worker_pipeline::163.924*1.77] mapped 930692 sequences
[M::worker_pipeline::226.024*1.83] mapped 931254 sequences
[M::worker_pipeline::288.146*1.87] mapped 931279 sequences
[M::worker_pipeline::350.727*1.89] mapped 931585 sequences
[M::worker_pipeline::413.764*1.91] mapped 930751 sequences
[M::worker_pipeline::476.782*1.92] mapped 930571 sequences
[M::worker_pipeline::539.651*1.93] mapped 930824 sequences
[M::worker_pipeline::603.226*1.94] mapped 930902 sequences
[M::worker_pipeline::666.545*1.94] mapped 931311 sequences
[M::worker_pipeline::729.951*1.95] mapped 931219 sequences
[M::worker_pipeline::792.969*1.95] mapped 931260 sequences
[M::worker_pipeline::856.176*1.95] mapped 931646 sequences
[M::worker_pipeline::919.042*1.96] mapped 931236 sequences
[M::worker_pipeline::981.866*1.96] mapped 931504 sequences
[M::worker_pipeline::1045.026*1.96] mapped 930982 sequences
[M::worker_pipeline::1108.478*1.96] mapped 931530 sequences
[M::worker_pipeline::1170.651*1.97] mapped 931755 sequences
[M::worker_pipeline::1232.579*1.97] mapped 931298 sequences
[M::worker_pipeline::1331.816*1.97] mapped 596071 sequences
[M::worker_pipeline::1447.829*1.97] mapped 465043 sequences
[M::worker_pipeline::1561.747*1.97] mapped 465005 sequences
[M::worker_pipeline::1675.904*1.98] mapped 465041 sequences
[M::worker_pipeline::1789.496*1.98] mapped 465020 sequences
[M::worker_pipeline::1902.640*1.98] mapped 465012 sequences
[M::worker_pipeline::2015.921*1.98] mapped 465030 sequences
[M::worker_pipeline::2130.464*1.98] mapped 465055 sequences
[M::worker_pipeline::2244.677*1.98] mapped 464960 sequences
[M::worker_pipeline::2358.284*1.98] mapped 465261 sequences
[M::worker_pipeline::2471.569*1.98] mapped 464959 sequences
[M::worker_pipeline::2585.672*1.98] mapped 465083 sequences
[M::worker_pipeline::2698.701*1.98] mapped 465096 sequences
[M::worker_pipeline::2812.500*1.99] mapped 464988 sequences
[M::worker_pipeline::2925.378*1.99] mapped 465108 sequences
[M::worker_pipeline::3038.741*1.99] mapped 464984 sequences
[M::worker_pipeline::3152.195*1.99] mapped 465003 sequences
[M::worker_pipeline::3265.283*1.99] mapped 465025 sequences
[M::worker_pipeline::3379.378*1.99] mapped 465139 sequences
[M::worker_pipeline::3493.418*1.99] mapped 465126 sequences
[M::worker_pipeline::3606.742*1.99] mapped 465156 sequences
[M::worker_pipeline::3723.171*1.99] mapped 465121 sequences
[M::worker_pipeline::3837.286*1.99] mapped 465097 sequences
[M::worker_pipeline::3950.234*1.99] mapped 465179 sequences
[M::worker_pipeline::4063.631*1.99] mapped 465213 sequences
[M::worker_pipeline::4176.925*1.99] mapped 465196 sequences
[M::worker_pipeline::4290.624*1.99] mapped 465142 sequences
[M::worker_pipeline::4403.175*1.99] mapped 465077 sequences
[M::worker_pipeline::4515.944*1.99] mapped 464955 sequences
[M::worker_pipeline::4629.484*1.99] mapped 464996 sequences
[M::worker_pipeline::4742.967*1.99] mapped 465144 sequences
[M::worker_pipeline::4857.297*1.99] mapped 465105 sequences
[M::worker_pipeline::4970.078*1.99] mapped 465171 sequences
[M::worker_pipeline::5082.943*1.99] mapped 465180 sequences
[M::worker_pipeline::5195.614*1.99] mapped 465335 sequences
[M::worker_pipeline::5308.485*1.99] mapped 465094 sequences
[M::worker_pipeline::5422.346*1.99] mapped 464793 sequences
[M::worker_pipeline::5534.812*1.99] mapped 464924 sequences
[M::worker_pipeline::5649.741*1.99] mapped 465150 sequences
[M::worker_pipeline::5763.613*1.99] mapped 465119 sequences
[M::worker_pipeline::5877.594*1.99] mapped 464997 sequences
[M::worker_pipeline::5991.943*1.99] mapped 465054 sequences
[M::worker_pipeline::6105.091*1.99] mapped 464909 sequences
[M::worker_pipeline::6219.683*1.99] mapped 465009 sequences
[M::worker_pipeline::6332.815*1.99] mapped 464982 sequences
[M::worker_pipeline::6445.885*1.99] mapped 464982 sequences
[M::worker_pipeline::6558.778*1.99] mapped 465072 sequences
[M::worker_pipeline::6672.687*1.99] mapped 465027 sequences
[M::worker_pipeline::6786.357*1.99] mapped 465000 sequences
[M::worker_pipeline::6900.231*1.99] mapped 464975 sequences
[M::worker_pipeline::7013.395*1.99] mapped 465051 sequences
[M::worker_pipeline::7127.654*1.99] mapped 464967 sequences
[M::worker_pipeline::7241.983*1.99] mapped 464910 sequences
[M::worker_pipeline::7356.060*1.99] mapped 464955 sequences
[M::worker_pipeline::7470.427*1.99] mapped 464897 sequences
[M::worker_pipeline::7583.792*1.99] mapped 465021 sequences
[M::worker_pipeline::7697.463*1.99] mapped 465062 sequences
[M::worker_pipeline::7811.513*1.99] mapped 464871 sequences
[M::worker_pipeline::7925.895*1.99] mapped 464754 sequences
[M::worker_pipeline::8039.807*1.99] mapped 464819 sequences
[M::worker_pipeline::8153.586*1.99] mapped 464722 sequences
[M::worker_pipeline::8266.587*1.99] mapped 464961 sequences
[M::worker_pipeline::8380.264*1.99] mapped 465395 sequences
[M::worker_pipeline::8494.421*1.99] mapped 464938 sequences
[M::worker_pipeline::8608.028*2.00] mapped 464814 sequences
[M::worker_pipeline::8721.895*2.00] mapped 464775 sequences
[M::worker_pipeline::8835.462*2.00] mapped 464850 sequences
[M::worker_pipeline::8948.826*2.00] mapped 464572 sequences
[M::worker_pipeline::9062.847*2.00] mapped 464696 sequences
[M::worker_pipeline::9176.561*2.00] mapped 465081 sequences
[M::worker_pipeline::9290.607*2.00] mapped 464912 sequences
[M::worker_pipeline::9404.482*2.00] mapped 464861 sequences
[M::worker_pipeline::9517.546*2.00] mapped 464785 sequences
[M::worker_pipeline::9631.729*2.00] mapped 464710 sequences
[M::worker_pipeline::9744.840*2.00] mapped 464848 sequences
[M::worker_pipeline::9858.697*2.00] mapped 464824 sequences
[M::worker_pipeline::9971.963*2.00] mapped 464790 sequences
[M::worker_pipeline::10085.517*2.00] mapped 464833 sequences
[M::worker_pipeline::10198.775*2.00] mapped 464909 sequences
[M::worker_pipeline::10311.557*2.00] mapped 464902 sequences
[M::worker_pipeline::10424.513*2.00] mapped 464805 sequences
[M::worker_pipeline::10538.449*2.00] mapped 464867 sequences
[M::worker_pipeline::10652.307*2.00] mapped 464732 sequences
[M::worker_pipeline::10765.835*2.00] mapped 464837 sequences
[M::worker_pipeline::10879.486*2.00] mapped 464826 sequences
[M::worker_pipeline::10994.460*2.00] mapped 464737 sequences
[M::worker_pipeline::11108.503*2.00] mapped 464936 sequences
[M::worker_pipeline::11222.394*2.00] mapped 464840 sequences
[M::worker_pipeline::11336.430*2.00] mapped 464786 sequences
[M::worker_pipeline::11451.711*2.00] mapped 464858 sequences
[M::worker_pipeline::11566.412*2.00] mapped 464816 sequences
[M::worker_pipeline::11679.229*2.00] mapped 464780 sequences
[M::worker_pipeline::11793.227*2.00] mapped 464712 sequences
[M::worker_pipeline::11906.897*2.00] mapped 464751 sequences
[M::worker_pipeline::12021.220*2.00] mapped 464821 sequences
[M::worker_pipeline::12134.114*2.00] mapped 465011 sequences
[M::worker_pipeline::12248.450*2.00] mapped 464842 sequences
[M::worker_pipeline::12362.172*2.00] mapped 464843 sequences
[M::worker_pipeline::12475.765*2.00] mapped 464826 sequences
[M::worker_pipeline::12589.722*2.00] mapped 464855 sequences
[M::worker_pipeline::12703.985*2.00] mapped 464694 sequences
[M::worker_pipeline::12818.581*2.00] mapped 464706 sequences
[M::worker_pipeline::12932.591*2.00] mapped 464628 sequences
[M::worker_pipeline::13047.691*2.00] mapped 465284 sequences
[M::worker_pipeline::13163.598*2.00] mapped 465363 sequences
[M::worker_pipeline::13278.970*2.00] mapped 465189 sequences
[M::worker_pipeline::13394.304*2.00] mapped 465322 sequences
[M::worker_pipeline::13509.929*2.00] mapped 465258 sequences
[M::worker_pipeline::13625.618*2.00] mapped 465146 sequences
[M::worker_pipeline::13742.299*2.00] mapped 465216 sequences
[M::worker_pipeline::13857.838*2.00] mapped 465181 sequences
[M::worker_pipeline::13973.396*2.00] mapped 465162 sequences
[M::worker_pipeline::14088.349*2.00] mapped 465078 sequences
[M::worker_pipeline::14203.451*2.00] mapped 465145 sequences
[M::worker_pipeline::14318.878*2.00] mapped 465146 sequences
[M::worker_pipeline::14433.473*2.00] mapped 465123 sequences
[M::worker_pipeline::14548.302*2.00] mapped 465164 sequences
[M::worker_pipeline::14664.047*2.00] mapped 465155 sequences
[M::worker_pipeline::14779.585*2.00] mapped 465202 sequences
[M::worker_pipeline::14894.170*2.00] mapped 465550 sequences
[M::worker_pipeline::15009.394*2.00] mapped 465359 sequences
[M::worker_pipeline::15123.125*2.00] mapped 465453 sequences
[M::worker_pipeline::15237.071*2.00] mapped 465313 sequences
[M::worker_pipeline::15351.949*2.00] mapped 465365 sequences
[M::worker_pipeline::15465.703*2.00] mapped 465331 sequences
[M::worker_pipeline::15579.866*2.00] mapped 465086 sequences
[M::worker_pipeline::15694.588*2.00] mapped 465265 sequences
[M::worker_pipeline::15809.028*2.00] mapped 465140 sequences
[M::worker_pipeline::15922.872*2.00] mapped 465192 sequences
[M::worker_pipeline::16037.086*2.00] mapped 465219 sequences
[M::worker_pipeline::16150.909*2.00] mapped 465145 sequences
[M::worker_pipeline::16264.654*2.00] mapped 465057 sequences
[M::worker_pipeline::16378.716*2.00] mapped 465093 sequences
[M::worker_pipeline::16492.487*2.00] mapped 465009 sequences
[M::worker_pipeline::16605.919*2.00] mapped 465228 sequences
[M::worker_pipeline::16719.244*2.00] mapped 465607 sequences
[M::worker_pipeline::16832.559*2.00] mapped 465514 sequences
[M::worker_pipeline::16946.010*2.00] mapped 465424 sequences
[M::worker_pipeline::17061.432*2.00] mapped 465392 sequences
[M::worker_pipeline::17175.633*2.00] mapped 465443 sequences
[M::worker_pipeline::17288.971*2.00] mapped 465265 sequences
[M::worker_pipeline::17403.585*2.00] mapped 465257 sequences
[M::worker_pipeline::17518.257*2.00] mapped 465209 sequences
[M::worker_pipeline::17631.562*2.00] mapped 465272 sequences
[M::worker_pipeline::17744.532*2.00] mapped 465170 sequences
[M::worker_pipeline::17858.373*2.00] mapped 465046 sequences
[M::worker_pipeline::17972.354*2.00] mapped 465201 sequences
[M::worker_pipeline::18086.337*2.00] mapped 465127 sequences
[M::worker_pipeline::18200.611*2.00] mapped 465163 sequences
[M::worker_pipeline::18313.396*2.00] mapped 465117 sequences
[M::worker_pipeline::18426.469*2.00] mapped 465521 sequences
[M::worker_pipeline::18540.190*2.00] mapped 465505 sequences
[M::worker_pipeline::18653.961*2.00] mapped 465498 sequences
[M::worker_pipeline::18768.818*2.00] mapped 465364 sequences
[M::worker_pipeline::18881.827*2.00] mapped 465365 sequences
[M::worker_pipeline::18995.281*2.00] mapped 465211 sequences
[M::worker_pipeline::19109.349*2.00] mapped 465177 sequences
[M::worker_pipeline::19222.883*2.00] mapped 465228 sequences
[M::worker_pipeline::19336.651*2.00] mapped 465179 sequences
[M::worker_pipeline::19450.540*2.00] mapped 465221 sequences
[M::worker_pipeline::19564.868*2.00] mapped 465164 sequences
[M::worker_pipeline::19679.730*2.00] mapped 465120 sequences
[M::worker_pipeline::19793.009*2.00] mapped 465146 sequences
[M::worker_pipeline::19906.577*2.00] mapped 465199 sequences
[M::worker_pipeline::20019.018*2.00] mapped 465050 sequences
[M::worker_pipeline::20131.399*2.00] mapped 465233 sequences
[M::worker_pipeline::20244.513*2.00] mapped 465512 sequences
[M::worker_pipeline::20358.561*2.00] mapped 465363 sequences
[M::worker_pipeline::20470.805*2.00] mapped 465378 sequences
[M::worker_pipeline::20583.338*2.00] mapped 465319 sequences
[M::worker_pipeline::20695.377*2.00] mapped 465331 sequences
[M::worker_pipeline::20807.800*2.00] mapped 465206 sequences
[M::worker_pipeline::20920.680*2.00] mapped 465140 sequences
[M::worker_pipeline::21033.351*2.00] mapped 465287 sequences
[M::worker_pipeline::21146.010*2.00] mapped 465330 sequences
[M::worker_pipeline::21258.344*2.00] mapped 465184 sequences
[M::worker_pipeline::21371.542*2.00] mapped 465094 sequences
[M::worker_pipeline::21483.940*2.00] mapped 465062 sequences
[M::worker_pipeline::21596.705*2.00] mapped 465106 sequences
[M::worker_pipeline::21709.249*2.00] mapped 465081 sequences
[M::worker_pipeline::21821.577*2.00] mapped 464855 sequences
[M::worker_pipeline::21933.830*2.00] mapped 465434 sequences
[M::worker_pipeline::22045.600*2.00] mapped 465592 sequences
[M::worker_pipeline::22157.229*2.00] mapped 465405 sequences
[M::worker_pipeline::22269.173*2.00] mapped 465355 sequences
[M::worker_pipeline::22381.190*2.00] mapped 465390 sequences
[M::worker_pipeline::22492.908*2.00] mapped 465295 sequences
[M::worker_pipeline::22604.388*2.00] mapped 465273 sequences
[M::worker_pipeline::22716.961*2.00] mapped 465173 sequences
[M::worker_pipeline::22828.951*2.00] mapped 465143 sequences
[M::worker_pipeline::22940.707*2.00] mapped 465208 sequences
[M::worker_pipeline::23052.346*2.00] mapped 465207 sequences
[M::worker_pipeline::23164.812*2.00] mapped 465104 sequences
[M::worker_pipeline::23278.050*2.00] mapped 465030 sequences
[M::worker_pipeline::23390.571*2.00] mapped 465135 sequences
[M::worker_pipeline::23502.201*2.00] mapped 464950 sequences
[M::worker_pipeline::23614.524*2.00] mapped 465128 sequences
[M::worker_pipeline::23725.199*2.00] mapped 465867 sequences
[M::worker_pipeline::23835.733*2.00] mapped 465905 sequences
[M::worker_pipeline::23946.918*2.00] mapped 465702 sequences
[M::worker_pipeline::24057.485*2.00] mapped 465600 sequences
[M::worker_pipeline::24168.603*2.00] mapped 465493 sequences
[M::worker_pipeline::24280.262*2.00] mapped 465396 sequences
[M::worker_pipeline::24390.633*2.00] mapped 465530 sequences
[M::worker_pipeline::24501.661*2.00] mapped 465383 sequences
[M::worker_pipeline::24613.450*2.00] mapped 465347 sequences
[M::worker_pipeline::24723.814*2.00] mapped 465491 sequences
[M::worker_pipeline::24834.222*2.00] mapped 465318 sequences
[M::worker_pipeline::24946.039*2.00] mapped 465335 sequences
[M::worker_pipeline::25057.359*2.00] mapped 465258 sequences
[M::worker_pipeline::25167.366*2.00] mapped 465258 sequences
[M::worker_pipeline::25277.437*2.00] mapped 465332 sequences
[M::worker_pipeline::25389.369*2.00] mapped 465262 sequences
[M::worker_pipeline::25499.528*2.00] mapped 465897 sequences
[M::worker_pipeline::25609.329*2.00] mapped 465779 sequences
[M::worker_pipeline::25718.250*2.00] mapped 465600 sequences
[M::worker_pipeline::25828.248*2.00] mapped 465556 sequences
[M::worker_pipeline::25938.790*2.00] mapped 465546 sequences
[M::worker_pipeline::26050.107*2.00] mapped 465457 sequences
[M::worker_pipeline::26159.297*2.00] mapped 465351 sequences
[M::worker_pipeline::26268.767*2.00] mapped 465374 sequences
[M::worker_pipeline::26378.598*2.00] mapped 465348 sequences
[M::worker_pipeline::26490.013*2.00] mapped 465231 sequences
[M::worker_pipeline::26599.707*2.00] mapped 465331 sequences
[M::worker_pipeline::26711.614*2.00] mapped 465246 sequences
[M::worker_pipeline::26820.337*2.00] mapped 465263 sequences
[M::worker_pipeline::26929.518*2.00] mapped 465287 sequences
[M::worker_pipeline::27039.241*2.00] mapped 465246 sequences
[M::worker_pipeline::27148.252*2.00] mapped 465366 sequences
[M::worker_pipeline::27258.553*2.00] mapped 466034 sequences
[M::worker_pipeline::27367.373*2.00] mapped 465707 sequences
[M::worker_pipeline::27475.957*2.00] mapped 465615 sequences
[M::worker_pipeline::27585.083*2.00] mapped 465552 sequences
[M::worker_pipeline::27694.373*2.00] mapped 465575 sequences
[M::worker_pipeline::27803.249*2.00] mapped 465363 sequences
[M::worker_pipeline::27912.176*2.00] mapped 465338 sequences
[M::worker_pipeline::28021.745*2.00] mapped 465376 sequences
[M::worker_pipeline::28130.994*2.00] mapped 465378 sequences
[M::worker_pipeline::28241.385*2.00] mapped 465229 sequences
[M::worker_pipeline::28350.661*2.00] mapped 465312 sequences
[M::worker_pipeline::28459.280*2.00] mapped 465207 sequences
[M::worker_pipeline::28569.347*2.00] mapped 465259 sequences
[M::worker_pipeline::28678.406*2.00] mapped 465206 sequences
[M::worker_pipeline::28788.672*2.00] mapped 465131 sequences
[M::worker_pipeline::28898.137*2.00] mapped 465723 sequences
[M::worker_pipeline::29005.989*2.00] mapped 465880 sequences
[M::worker_pipeline::29116.795*2.00] mapped 465741 sequences
[M::worker_pipeline::29227.158*2.00] mapped 465626 sequences
[M::worker_pipeline::29336.229*2.00] mapped 465502 sequences
[M::worker_pipeline::29447.605*2.00] mapped 465478 sequences
[M::worker_pipeline::29556.581*2.00] mapped 465392 sequences
[M::worker_pipeline::29665.905*2.00] mapped 465350 sequences
[M::worker_pipeline::29776.978*2.00] mapped 465403 sequences
[M::worker_pipeline::29887.836*2.00] mapped 465361 sequences
[M::worker_pipeline::29997.006*2.00] mapped 465303 sequences
[M::worker_pipeline::30105.690*2.00] mapped 465331 sequences
[M::worker_pipeline::30214.934*2.00] mapped 465248 sequences
[M::worker_pipeline::30323.992*2.00] mapped 465156 sequences
[M::worker_pipeline::30432.410*2.00] mapped 465189 sequences
[M::worker_pipeline::30542.991*2.00] mapped 465223 sequences
[M::worker_pipeline::30652.322*2.00] mapped 466112 sequences
[M::worker_pipeline::30761.717*2.00] mapped 465874 sequences
[M::worker_pipeline::30870.134*2.00] mapped 465776 sequences
[M::worker_pipeline::30979.369*2.00] mapped 465797 sequences
[M::worker_pipeline::31088.578*2.00] mapped 465729 sequences
[M::worker_pipeline::31198.855*2.00] mapped 465399 sequences
[M::worker_pipeline::31307.603*2.00] mapped 465505 sequences
[M::worker_pipeline::31417.416*2.00] mapped 465506 sequences
[M::worker_pipeline::31526.293*2.00] mapped 465404 sequences
[M::worker_pipeline::31634.967*2.00] mapped 465427 sequences
[M::worker_pipeline::31743.411*2.00] mapped 465431 sequences
[M::worker_pipeline::31852.726*2.00] mapped 465437 sequences
[M::worker_pipeline::31962.687*2.00] mapped 465317 sequences
[M::worker_pipeline::32072.296*2.00] mapped 465194 sequences
[M::worker_pipeline::32182.109*2.00] mapped 465150 sequences
[M::worker_pipeline::32291.283*2.00] mapped 465303 sequences
[M::worker_pipeline::32399.579*2.00] mapped 465983 sequences
[M::worker_pipeline::32508.036*2.00] mapped 465899 sequences
[M::worker_pipeline::32616.853*2.00] mapped 465801 sequences
[M::worker_pipeline::32726.325*2.00] mapped 465754 sequences
[M::worker_pipeline::32835.557*2.00] mapped 465758 sequences
[M::worker_pipeline::32944.451*2.00] mapped 465660 sequences
[M::worker_pipeline::33053.922*2.00] mapped 465484 sequences
[M::worker_pipeline::33163.054*2.00] mapped 465551 sequences
[M::worker_pipeline::33271.962*2.00] mapped 465520 sequences
[M::worker_pipeline::33381.504*2.00] mapped 465481 sequences
[M::worker_pipeline::33491.404*2.00] mapped 465433 sequences
[M::worker_pipeline::33600.071*2.00] mapped 465358 sequences
[M::worker_pipeline::33710.307*2.00] mapped 465399 sequences
[M::worker_pipeline::33819.677*2.00] mapped 465266 sequences
[M::worker_pipeline::33930.080*2.00] mapped 465248 sequences
[M::worker_pipeline::34013.159*2.00] mapped 719045 sequences
[M::worker_pipeline::34069.866*2.00] mapped 936083 sequences
[M::worker_pipeline::34126.454*2.00] mapped 936630 sequences
[M::worker_pipeline::34183.083*2.00] mapped 936847 sequences
[M::worker_pipeline::34239.969*2.00] mapped 937027 sequences
[M::worker_pipeline::34295.798*2.00] mapped 936743 sequences
[M::worker_pipeline::34352.775*2.00] mapped 935880 sequences
[M::worker_pipeline::34408.212*2.00] mapped 936312 sequences
[M::worker_pipeline::34464.248*2.00] mapped 936518 sequences
[M::worker_pipeline::34520.662*2.00] mapped 936871 sequences
[M::worker_pipeline::34577.122*2.00] mapped 936666 sequences
[M::worker_pipeline::34632.902*2.00] mapped 936746 sequences
[M::worker_pipeline::34688.910*2.00] mapped 937094 sequences
[M::worker_pipeline::34745.008*2.00] mapped 936848 sequences
[M::worker_pipeline::34801.113*2.00] mapped 937120 sequences
[M::worker_pipeline::34857.285*2.00] mapped 936857 sequences
[M::worker_pipeline::34913.631*2.00] mapped 936835 sequences
[M::worker_pipeline::34970.364*2.00] mapped 936923 sequences
[M::worker_pipeline::35025.592*2.00] mapped 936884 sequences
[M::worker_pipeline::35107.923*2.00] mapped 685170 sequences
[M::worker_pipeline::35217.333*2.00] mapped 464389 sequences
[M::worker_pipeline::35323.922*2.00] mapped 464283 sequences
[M::worker_pipeline::35430.914*2.00] mapped 464405 sequences
[M::worker_pipeline::35538.790*2.00] mapped 464355 sequences
[M::worker_pipeline::35645.225*2.00] mapped 464340 sequences
[M::worker_pipeline::35751.747*2.00] mapped 464346 sequences
[M::worker_pipeline::35858.578*2.00] mapped 464412 sequences
[M::worker_pipeline::35966.186*2.00] mapped 464398 sequences
[M::worker_pipeline::36072.593*2.00] mapped 464448 sequences
[M::worker_pipeline::36178.983*2.00] mapped 464223 sequences
[M::worker_pipeline::36285.465*2.00] mapped 464384 sequences
[M::worker_pipeline::36391.816*2.00] mapped 464371 sequences
[M::worker_pipeline::36498.600*2.00] mapped 464352 sequences
[M::worker_pipeline::36605.916*2.00] mapped 464350 sequences
[M::worker_pipeline::36712.346*2.00] mapped 464346 sequences
[M::worker_pipeline::36820.261*2.00] mapped 464242 sequences
[M::worker_pipeline::36927.223*2.00] mapped 464428 sequences
[M::worker_pipeline::37034.518*2.00] mapped 464517 sequences
[M::worker_pipeline::37140.644*2.00] mapped 464296 sequences
[M::worker_pipeline::37247.074*2.00] mapped 464364 sequences
[M::worker_pipeline::37353.935*2.00] mapped 464390 sequences
[M::worker_pipeline::37461.567*2.00] mapped 464361 sequences
[M::worker_pipeline::37568.799*2.00] mapped 464594 sequences
[M::worker_pipeline::37675.486*2.00] mapped 464517 sequences
[M::worker_pipeline::37782.428*2.00] mapped 464465 sequences
[M::worker_pipeline::37889.946*2.00] mapped 464469 sequences
[M::worker_pipeline::37996.741*2.00] mapped 464359 sequences
[M::worker_pipeline::38103.981*2.00] mapped 464309 sequences
[M::worker_pipeline::38211.840*2.00] mapped 464392 sequences
[M::worker_pipeline::38319.674*2.00] mapped 464484 sequences
[M::worker_pipeline::38427.331*2.00] mapped 464488 sequences
[M::worker_pipeline::38534.268*2.00] mapped 464439 sequences
[M::worker_pipeline::38640.553*2.00] mapped 464479 sequences
[M::worker_pipeline::38747.500*2.00] mapped 464566 sequences
[M::worker_pipeline::38854.727*2.00] mapped 464322 sequences
[M::worker_pipeline::38961.050*2.00] mapped 464119 sequences
[M::worker_pipeline::39068.882*2.00] mapped 464350 sequences
[M::worker_pipeline::39176.285*2.00] mapped 464339 sequences
[M::worker_pipeline::39284.712*2.00] mapped 464424 sequences
[M::worker_pipeline::39391.959*2.00] mapped 464269 sequences
[M::worker_pipeline::39500.005*2.00] mapped 464407 sequences
[M::worker_pipeline::39606.726*2.00] mapped 464347 sequences
[M::worker_pipeline::39715.919*2.00] mapped 464478 sequences
[M::worker_pipeline::39824.023*2.00] mapped 464439 sequences
[M::worker_pipeline::39932.463*2.00] mapped 464301 sequences
[M::worker_pipeline::40039.126*2.00] mapped 464472 sequences
[M::worker_pipeline::40145.841*2.00] mapped 464443 sequences
[M::worker_pipeline::40253.869*2.00] mapped 464394 sequences
[M::worker_pipeline::40360.154*2.00] mapped 464431 sequences
[M::worker_pipeline::40467.504*2.00] mapped 464358 sequences
[M::worker_pipeline::40574.709*2.00] mapped 464378 sequences
[M::worker_pipeline::40680.168*2.00] mapped 464993 sequences
[M::worker_pipeline::40787.194*2.00] mapped 465128 sequences
[M::worker_pipeline::40893.724*2.00] mapped 464981 sequences
[M::worker_pipeline::41000.551*2.00] mapped 465315 sequences
[M::worker_pipeline::41106.922*2.00] mapped 465182 sequences
[M::worker_pipeline::41213.736*2.00] mapped 465020 sequences
[M::worker_pipeline::41320.174*2.00] mapped 464751 sequences
[M::worker_pipeline::41426.912*2.00] mapped 464980 sequences
[M::worker_pipeline::41533.141*2.00] mapped 464842 sequences
[M::worker_pipeline::41640.019*2.00] mapped 464568 sequences
[M::worker_pipeline::41746.517*2.00] mapped 464557 sequences
[M::worker_pipeline::41853.515*2.00] mapped 464292 sequences
[M::worker_pipeline::41959.706*2.00] mapped 464506 sequences
[M::worker_pipeline::42066.229*2.00] mapped 464413 sequences
[M::worker_pipeline::42172.736*2.00] mapped 464573 sequences
[M::worker_pipeline::42279.310*2.00] mapped 464515 sequences
[M::worker_pipeline::42386.275*2.00] mapped 464851 sequences
[M::worker_pipeline::42492.607*2.00] mapped 464592 sequences
[M::worker_pipeline::42599.456*2.00] mapped 464421 sequences
[M::worker_pipeline::42706.865*2.00] mapped 464283 sequences
[M::worker_pipeline::42813.459*2.00] mapped 464470 sequences
[M::worker_pipeline::42919.532*2.00] mapped 464482 sequences
[M::worker_pipeline::43025.815*2.00] mapped 464593 sequences
[M::worker_pipeline::43132.729*2.00] mapped 464637 sequences
[M::worker_pipeline::43239.364*2.00] mapped 464619 sequences
[M::worker_pipeline::43345.631*2.00] mapped 464494 sequences
[M::worker_pipeline::43452.024*2.00] mapped 464351 sequences
[M::worker_pipeline::43558.658*2.00] mapped 464352 sequences
[M::worker_pipeline::43666.612*2.00] mapped 464422 sequences
[M::worker_pipeline::43773.371*2.00] mapped 464278 sequences
[M::worker_pipeline::43880.803*2.00] mapped 464442 sequences
[M::worker_pipeline::43987.436*2.00] mapped 464484 sequences
[M::worker_pipeline::44094.164*2.00] mapped 464578 sequences
[M::worker_pipeline::44200.850*2.00] mapped 464584 sequences
[M::worker_pipeline::44308.392*2.00] mapped 464499 sequences
[M::worker_pipeline::44415.166*2.00] mapped 464379 sequences
[M::worker_pipeline::44522.501*2.00] mapped 464384 sequences
[M::worker_pipeline::44630.222*2.00] mapped 464446 sequences
[M::worker_pipeline::44736.932*2.00] mapped 464357 sequences
[M::worker_pipeline::44843.765*2.00] mapped 464544 sequences
[M::worker_pipeline::44950.408*2.00] mapped 464557 sequences
[M::worker_pipeline::45057.620*2.00] mapped 464746 sequences
[M::worker_pipeline::45164.452*2.00] mapped 464804 sequences
[M::worker_pipeline::45270.992*2.00] mapped 464628 sequences
[M::worker_pipeline::45377.089*2.00] mapped 464698 sequences
[M::worker_pipeline::45484.966*2.00] mapped 464422 sequences
[M::worker_pipeline::45592.109*2.00] mapped 464552 sequences
[M::worker_pipeline::45699.533*2.00] mapped 464501 sequences
[M::worker_pipeline::45806.271*2.00] mapped 464521 sequences
[M::worker_pipeline::45913.250*2.00] mapped 464528 sequences
[M::worker_pipeline::46022.126*2.00] mapped 465645 sequences
[M::worker_pipeline::46130.470*2.00] mapped 465836 sequences
[M::worker_pipeline::46238.925*2.00] mapped 465706 sequences
[M::worker_pipeline::46345.911*2.00] mapped 465791 sequences
[M::worker_pipeline::46453.579*2.00] mapped 465653 sequences
[M::worker_pipeline::46562.075*2.00] mapped 465589 sequences
[M::worker_pipeline::46669.123*2.00] mapped 465561 sequences
[M::worker_pipeline::46777.034*2.00] mapped 465559 sequences
[M::worker_pipeline::46885.474*2.00] mapped 465540 sequences
[M::worker_pipeline::46992.745*2.00] mapped 465481 sequences
[M::worker_pipeline::47101.510*2.00] mapped 465422 sequences
[M::worker_pipeline::47209.214*2.00] mapped 465532 sequences
[M::worker_pipeline::47316.118*2.00] mapped 465555 sequences
[M::worker_pipeline::47423.791*2.00] mapped 465604 sequences
[M::worker_pipeline::47531.912*2.00] mapped 465559 sequences
[M::worker_pipeline::47639.291*2.00] mapped 465975 sequences
[M::worker_pipeline::47747.153*2.00] mapped 465897 sequences
[M::worker_pipeline::47854.898*2.00] mapped 465737 sequences
[M::worker_pipeline::47963.263*2.00] mapped 465843 sequences
[M::worker_pipeline::48072.012*2.00] mapped 465709 sequences
[M::worker_pipeline::48179.851*2.00] mapped 465652 sequences
[M::worker_pipeline::48287.401*2.00] mapped 465568 sequences
[M::worker_pipeline::48395.328*2.00] mapped 465363 sequences
[M::worker_pipeline::48503.234*2.00] mapped 465590 sequences
[M::worker_pipeline::48612.913*2.00] mapped 465466 sequences
[M::worker_pipeline::48721.041*2.00] mapped 465536 sequences
[M::worker_pipeline::48829.117*2.00] mapped 465336 sequences
[M::worker_pipeline::48937.116*2.00] mapped 465524 sequences
[M::worker_pipeline::49044.300*2.00] mapped 465493 sequences
[M::worker_pipeline::49151.703*2.00] mapped 465658 sequences
[M::worker_pipeline::49259.247*2.00] mapped 465687 sequences
[M::worker_pipeline::49366.149*2.00] mapped 465932 sequences
[M::worker_pipeline::49473.569*2.00] mapped 465856 sequences
[M::worker_pipeline::49580.923*2.00] mapped 465963 sequences
[M::worker_pipeline::49688.017*2.00] mapped 465784 sequences
[M::worker_pipeline::49795.859*2.00] mapped 465700 sequences
[M::worker_pipeline::49903.824*2.00] mapped 465639 sequences
[M::worker_pipeline::50012.077*2.00] mapped 465616 sequences
[M::worker_pipeline::50119.553*2.00] mapped 465524 sequences
[M::worker_pipeline::50227.967*2.00] mapped 465436 sequences
[M::worker_pipeline::50337.461*2.00] mapped 465511 sequences
[M::worker_pipeline::50445.154*2.00] mapped 465454 sequences
[M::worker_pipeline::50553.146*2.00] mapped 465550 sequences
[M::worker_pipeline::50661.945*2.00] mapped 465636 sequences
[M::worker_pipeline::50769.200*2.00] mapped 465564 sequences
[M::worker_pipeline::50877.071*2.00] mapped 465743 sequences
[M::worker_pipeline::50984.212*2.00] mapped 465971 sequences
[M::worker_pipeline::51091.129*2.00] mapped 465973 sequences
[M::worker_pipeline::51198.831*2.00] mapped 465792 sequences
[M::worker_pipeline::51306.960*2.00] mapped 465835 sequences
[M::worker_pipeline::51414.915*2.00] mapped 465811 sequences
[M::worker_pipeline::51522.010*2.00] mapped 465704 sequences
[M::worker_pipeline::51629.848*2.00] mapped 465429 sequences
[M::worker_pipeline::51737.587*2.00] mapped 465500 sequences
[M::worker_pipeline::51844.925*2.00] mapped 465425 sequences
[M::worker_pipeline::51952.179*2.00] mapped 465416 sequences
[M::worker_pipeline::52059.936*2.00] mapped 465452 sequences
[M::worker_pipeline::52167.992*2.00] mapped 465488 sequences
[M::worker_pipeline::52275.595*2.00] mapped 465495 sequences
[M::worker_pipeline::52383.526*2.00] mapped 465479 sequences
[M::worker_pipeline::52490.914*2.00] mapped 465506 sequences
[M::worker_pipeline::52597.566*2.00] mapped 465803 sequences
[M::worker_pipeline::52705.513*2.00] mapped 466229 sequences
[M::worker_pipeline::52813.370*2.00] mapped 465951 sequences
[M::worker_pipeline::52921.988*2.00] mapped 466002 sequences
[M::worker_pipeline::53030.244*2.00] mapped 465874 sequences
[M::worker_pipeline::53138.258*2.00] mapped 465770 sequences
[M::worker_pipeline::53245.484*2.00] mapped 465624 sequences
[M::worker_pipeline::53353.709*2.00] mapped 465517 sequences
[M::worker_pipeline::53462.426*2.00] mapped 465659 sequences
[M::worker_pipeline::53571.252*2.00] mapped 465644 sequences
[M::worker_pipeline::53678.538*2.00] mapped 466160 sequences
[M::worker_pipeline::53788.196*2.00] mapped 465618 sequences
[M::worker_pipeline::53897.464*2.00] mapped 465553 sequences
[M::worker_pipeline::54004.810*2.00] mapped 465679 sequences
[M::worker_pipeline::54112.156*2.00] mapped 465756 sequences
[M::worker_pipeline::54220.186*2.00] mapped 465641 sequences
[M::worker_pipeline::54327.878*2.00] mapped 466216 sequences
[M::worker_pipeline::54436.169*2.00] mapped 466110 sequences
[M::worker_pipeline::54543.743*2.00] mapped 465907 sequences
[M::worker_pipeline::54651.401*2.00] mapped 465801 sequences
[M::worker_pipeline::54758.994*2.00] mapped 465778 sequences
[M::worker_pipeline::54866.301*2.00] mapped 465734 sequences
[M::worker_pipeline::54974.998*2.00] mapped 465532 sequences
[M::worker_pipeline::55082.886*2.00] mapped 465460 sequences
[M::worker_pipeline::55191.040*2.00] mapped 465484 sequences
[M::worker_pipeline::55299.155*2.00] mapped 465513 sequences
[M::worker_pipeline::55407.365*2.00] mapped 465621 sequences
[M::worker_pipeline::55515.979*2.00] mapped 465450 sequences
[M::worker_pipeline::55624.567*2.00] mapped 465523 sequences
[M::worker_pipeline::55732.598*2.00] mapped 465590 sequences
[M::worker_pipeline::55840.341*2.00] mapped 465518 sequences
[M::worker_pipeline::55947.597*2.00] mapped 465537 sequences
[M::worker_pipeline::56054.637*2.00] mapped 467794 sequences
[M::worker_pipeline::56160.891*2.00] mapped 467862 sequences
[M::worker_pipeline::56267.179*2.00] mapped 467359 sequences
[M::worker_pipeline::56374.286*2.00] mapped 466952 sequences
[M::worker_pipeline::56481.834*2.00] mapped 466411 sequences
[M::worker_pipeline::56589.776*2.00] mapped 466166 sequences
[M::worker_pipeline::56697.044*2.00] mapped 466396 sequences
[M::worker_pipeline::56806.485*2.00] mapped 466476 sequences
[M::worker_pipeline::56912.651*2.00] mapped 466224 sequences
[M::worker_pipeline::57019.793*2.00] mapped 466304 sequences
[M::worker_pipeline::57127.117*2.00] mapped 466137 sequences
[M::worker_pipeline::57235.007*2.00] mapped 466091 sequences
[M::worker_pipeline::57341.977*2.00] mapped 465840 sequences
[M::worker_pipeline::57449.604*2.00] mapped 466000 sequences
[M::worker_pipeline::57556.379*2.00] mapped 466074 sequences
[M::worker_pipeline::57663.540*2.00] mapped 466437 sequences
[M::worker_pipeline::57770.460*2.00] mapped 467383 sequences
[M::worker_pipeline::57878.240*2.00] mapped 466961 sequences
[M::worker_pipeline::57985.816*2.00] mapped 466647 sequences
[M::worker_pipeline::58092.521*2.00] mapped 466121 sequences
[M::worker_pipeline::58198.596*2.00] mapped 466120 sequences
[M::worker_pipeline::58306.094*2.00] mapped 466141 sequences
[M::worker_pipeline::58413.781*2.00] mapped 466029 sequences
[M::worker_pipeline::58520.080*2.00] mapped 465930 sequences
[M::worker_pipeline::58627.941*2.00] mapped 466025 sequences
[M::worker_pipeline::58735.769*2.00] mapped 465774 sequences
[M::worker_pipeline::58844.301*2.00] mapped 465758 sequences
[M::worker_pipeline::58951.283*2.00] mapped 465865 sequences
[M::worker_pipeline::59058.757*2.00] mapped 465934 sequences
[M::worker_pipeline::59166.911*2.00] mapped 466007 sequences
[M::worker_pipeline::59274.088*2.00] mapped 466148 sequences
[M::worker_pipeline::59380.197*2.00] mapped 467352 sequences
[M::worker_pipeline::59486.787*2.00] mapped 467107 sequences
[M::worker_pipeline::59593.572*2.00] mapped 466793 sequences
[M::worker_pipeline::59701.143*2.00] mapped 466426 sequences
[M::worker_pipeline::59808.673*2.00] mapped 466221 sequences
[M::worker_pipeline::59916.001*2.00] mapped 466234 sequences
[M::worker_pipeline::60023.379*2.00] mapped 466076 sequences
[M::worker_pipeline::60131.568*2.00] mapped 465830 sequences
[M::worker_pipeline::60237.978*2.00] mapped 465895 sequences
[M::worker_pipeline::60346.191*2.00] mapped 465860 sequences
[M::worker_pipeline::60454.224*2.00] mapped 465864 sequences
[M::worker_pipeline::60561.733*2.00] mapped 465793 sequences
[M::worker_pipeline::60669.487*2.00] mapped 465851 sequences
[M::worker_pipeline::60777.873*2.00] mapped 465763 sequences
[M::worker_pipeline::60884.539*2.00] mapped 465933 sequences
[M::worker_pipeline::60992.287*2.00] mapped 466464 sequences
[M::worker_pipeline::61099.439*2.00] mapped 467108 sequences
[M::worker_pipeline::61206.527*2.00] mapped 466960 sequences
[M::worker_pipeline::61313.244*2.00] mapped 466599 sequences
[M::worker_pipeline::61420.604*2.00] mapped 466369 sequences
[M::worker_pipeline::61528.569*2.00] mapped 466339 sequences
[M::worker_pipeline::61635.841*2.00] mapped 466166 sequences
[M::worker_pipeline::61742.805*2.00] mapped 465976 sequences
[M::worker_pipeline::61850.496*2.00] mapped 465982 sequences
[M::worker_pipeline::61957.754*2.00] mapped 465902 sequences
[M::worker_pipeline::62065.689*2.00] mapped 465859 sequences
[M::worker_pipeline::62172.925*2.00] mapped 465974 sequences
[M::worker_pipeline::62280.436*2.00] mapped 465677 sequences
[M::worker_pipeline::62387.826*2.00] mapped 465812 sequences
[M::worker_pipeline::62495.248*2.00] mapped 465901 sequences
[M::worker_pipeline::62603.241*2.00] mapped 466192 sequences
[M::worker_pipeline::62709.332*2.00] mapped 467955 sequences
[M::worker_pipeline::62815.068*2.00] mapped 467887 sequences
[M::worker_pipeline::62921.442*2.00] mapped 467735 sequences
[M::worker_pipeline::63027.265*2.00] mapped 467334 sequences
[M::worker_pipeline::63133.774*2.00] mapped 467063 sequences
[M::worker_pipeline::63242.241*2.00] mapped 466614 sequences
[M::worker_pipeline::63349.779*2.00] mapped 466463 sequences
[M::worker_pipeline::63458.318*2.00] mapped 466402 sequences
[M::worker_pipeline::63564.782*2.00] mapped 466409 sequences
[M::worker_pipeline::63672.001*2.00] mapped 466575 sequences
[M::worker_pipeline::63778.812*2.00] mapped 466521 sequences
[M::worker_pipeline::63885.723*2.00] mapped 466124 sequences
[M::worker_pipeline::63993.540*2.00] mapped 465938 sequences
[M::worker_pipeline::64101.492*2.00] mapped 465840 sequences
[M::worker_pipeline::64208.417*2.00] mapped 465908 sequences
[M::worker_pipeline::64315.479*2.00] mapped 467384 sequences
[M::worker_pipeline::64421.200*2.00] mapped 468056 sequences
[M::worker_pipeline::64526.866*2.00] mapped 468358 sequences
[M::worker_pipeline::64633.688*2.00] mapped 467879 sequences
[M::worker_pipeline::64740.317*2.00] mapped 467659 sequences
[M::worker_pipeline::64846.414*2.00] mapped 467320 sequences
[M::worker_pipeline::64953.943*2.00] mapped 467173 sequences
[M::worker_pipeline::65060.791*2.00] mapped 466946 sequences
[M::worker_pipeline::65167.468*2.00] mapped 466886 sequences
[M::worker_pipeline::65274.517*2.00] mapped 466686 sequences
[M::worker_pipeline::65382.446*2.00] mapped 466848 sequences
[M::worker_pipeline::65489.043*2.00] mapped 466526 sequences
[M::worker_pipeline::65596.615*2.00] mapped 466095 sequences
[M::worker_pipeline::65704.222*2.00] mapped 466207 sequences
[M::worker_pipeline::65812.520*2.00] mapped 466214 sequences
[M::worker_pipeline::65902.588*2.00] mapped 399481 sequences
[M::main] Version: 2.17-r941
[M::main] CMD: minimap2 -ax sr -I 7G -t 2 -o DstrCompAlignment.sam Dstr.CompNanopore.mmi preprocessing/compressed_short.fasta
[M::main] Real time: 65903.690 sec; CPU: 131719.813 sec; Peak RSS: 22.969 GB
Fri Dec 13 10:38:58 PST 2019 Done with minimap2.
Fri Dec 13 10:38:58 PST 2019: Converting and sorting minimap2 output...
[samfaipath] build FASTA index...
[bam_sort_core] merging from 0 files and 2 in-memory blocks...
Fri Dec 13 12:04:14 PST 2019: Done.
Fri Dec 13 12:04:14 PST 2019: Deduplicating BAM file...
[bam_rmdupse_core] 161673412 / 321516773 = 0.5028 in library '	'
Fri Dec 13 12:36:36 PST 2019: Done.
Fri Dec 13 12:36:36 PST 2019: Beginning long read correction with hercules
Long Read: /rhome/arajewski/bigdata/Datura/1_QCQA/Dstr.filt_q10_l500_crop50.fastq
Short read: preprocessing/short.fasta
Alignment File: DstrCompAlignmentNoDup.bam
Output file: Dstr_Nanopore_Hercules_Corrected.fasta
Will output coverage?: No
Min mapping quality: 0
Max Coverage: 1
Filter size: 100
Maximum insertion: 3
Maximum deletion: 10
Match transition probability: 0.7
Insertion transition probability: 0.25
Deletion transition probability: 0.05
Deletion transition factor: 2.5
Match emission probability: 0.97
Mismatch emission probability: 0.01
Insertion emission probability: 0.333333
Max thread: 2
terminate called after throwing an instance of 'seqan::ParseError'
  what():  FastaIndex: Record has inconsistent line lengths or line endings
/var/spool/slurmd/job555156/slurm_script: line 99: 17435 Aborted                 hercules -2 -li $NANOPORE -ai DstrCompAlignmentNoDup.bam -si preprocessing/short.fasta -t $SLURM_CPUS_PER_TASK -o Dstr_Nanopore_Hercules_Corrected.fasta
