Tue Nov 12 14:37:17 PST 2019: Minimap2 index already present.
Tue Nov 12 14:37:17 PST 2019: Minimap2 output SAM found.
Tue Nov 12 14:37:17 PST 2019: BAM file already present.
Tue Nov 12 14:37:17 PST 2019: Deduplication already complete.
Tue Nov 12 14:37:17 PST 2019: Beginning long read correction with hercules
Long Read: /rhome/arajewski/bigdata/Datura/1_QCQA/Dstr.filt_q10_l500_crop50.fastq
Short read: /rhome/arajewski/bigdata/Datura/1_QCQA/DstrTrim_1P.fq
Alignment File: DstrAlignmentNoDup.bam
Output file: Dstr_Nanopore_HerculesCorrected.fasta
Will output coverage?: No
Min mapping quality: 0
Max Coverage: 1
Filter size: 100
Maximum insertion: 3
Maximum deletion: 10
Match transition probability: 0.7
Insertion transition probability: 0.25
Deletion transition probability: 0.05
Deletion transition factor: 2.5
Match emission probability: 0.97
Mismatch emission probability: 0.01
Insertion emission probability: 0.333333
Max thread: 1
terminate called after throwing an instance of 'seqan::ParseError'
  what():  FastaIndex: Record has inconsistent line lengths or line endings
/var/spool/slurmd/job460749/slurm_script: line 80: 10863 Aborted                 hercules -2 -li $NANOPORE -ai DstrAlignmentNoDup.bam -si /rhome/arajewski/bigdata/Datura/1_QCQA/DstrTrim_1P.fq -t $SLURM_NTASKS -o Dstr_Nanopore_HerculesCorrected.fasta
