
module load loredec/0.9
/usr/bin/modulecmd bash $*
PATH=/opt/linux/centos/7.x/x86_64/pkgs/loredec/0.9/bin:/opt/linux/centos/7.x/x86_64/pkgs/vim/8.1/bin:/opt/linux/centos/7.x/x86_64/pkgs/iigb_utilities/1/bin:/opt/linux/centos/7.x/x86_64/pkgs/perl/5.20.2/bin:/opt/linux/centos/7.x/x86_64/pkgs/miniconda2/4.4.10/bin:/opt/linux/centos/7.x/x86_64/pkgs/hdf5/1.10.1/bin:/opt/linux/centos/7.x/x86_64/pkgs/gdal/2.1.3/bin:/opt/linux/centos/7.x/x86_64/pkgs/geos/3.7.1/bin:/opt/linux/centos/7.x/x86_64/pkgs/java/jdk1.8.0_45/bin:/opt/linux/centos/7.x/x86_64/pkgs/netcdf/4.4.1.1/bin:/opt/linux/centos/7.x/x86_64/pkgs/pandoc/2.0/bin:/opt/linux/centos/7.x/x86_64/pkgs/texlive/2017/bin/x86_64-linux:/opt/linux/centos/7.x/x86_64/pkgs/ggobi/2.1.11/bin:/opt/linux/centos/7.x/x86_64/pkgs/R/3.6.0/bin:/opt/linux/centos/7.x/x86_64/pkgs/openmpi/4.0.1-slurm-19.05.0/bin:/opt/linux/centos/7.x/x86_64/pkgs/slurm/19.05.0/bin:/opt/linux/centos/7.x/x86_64/pkgs/slurm/19.05.0/sbin:/usr/bin:/bin:/usr/local/games:/usr/games:/usr/local/bin:/usr/lpp/mmfs/bin:/opt/ibutils/bin ;export PATH;
lordec-correct \
    -i /rhome/arajewski/bigdata/Datura/1_QCQA/Dstr.filt_q10_l500_crop50.fastq \
    -2 /rhome/arajewski/bigdata/Datura/1_QCQA/DstrTrim_1P.fq,/rhome/arajewski/bigdata/Datura/1_QCQA/DstrTrim_2P.fq,/rhome/arajewski/bigdata/Datura/1_QCQA/DstrTrim_1u.fq,/rhome/arajewski/bigdata/Datura/1_QCQA/DstrTrim_2U.fq \
    -k 19 \
    -s 3 \
    -t $SLURM_NTASKS \
    -o Dstr.filt_q10_l500_crop50_loredec.fasta
-i
/rhome/arajewski/bigdata/Datura/1_QCQA/Dstr.filt_q10_l500_crop50.fastq
-2
/rhome/arajewski/bigdata/Datura/1_QCQA/DstrTrim_1P.fq,/rhome/arajewski/bigdata/Datura/1_QCQA/DstrTrim_2P.fq,/rhome/arajewski/bigdata/Datura/1_QCQA/DstrTrim_1u.fq,/rhome/arajewski/bigdata/Datura/1_QCQA/DstrTrim_2U.fq
-k
19
-s
3
-t
16
-o
Dstr.filt_q10_l500_crop50_loredec.fasta
illumina: /rhome/arajewski/bigdata/Datura/1_QCQA/DstrTrim_1P.fq,/rhome/arajewski/bigdata/Datura/1_QCQA/DstrTrim_2P.fq,/rhome/arajewski/bigdata/Datura/1_QCQA/DstrTrim_1u.fq,/rhome/arajewski/bigdata/Datura/1_QCQA/DstrTrim_2U.fq /rhome/arajewski/bigdata/Datura/1_QCQA/DstrTrim_1P.fq_multi_k19_s3.h5 pacbioFile: /rhome/arajewski/bigdata/Datura/1_QCQA/Dstr.filt_q10_l500_crop50.fastq
kmer_len: 19 solid_kmer_thr: 3
max_trials: 16 max_error_rate: 0.4 max_branch: 200
abundance_max: 2147483647
Cannot access the graph file for reference reads: /rhome/arajewski/bigdata/Datura/1_QCQA/DstrTrim_1P.fq_multi_k19_s3.h5
bRefGraph: 0
bRefSeq: 1
creating the graph from file(s): /rhome/arajewski/bigdata/Datura/1_QCQA/DstrTrim_1P.fq,/rhome/arajewski/bigdata/Datura/1_QCQA/DstrTrim_2P.fq,/rhome/arajewski/bigdata/Datura/1_QCQA/DstrTrim_1u.fq,/rhome/arajewski/bigdata/Datura/1_QCQA/DstrTrim_2U.fq
HDF5-DIAG: Error detected in HDF5 (1.8.18) thread 0:
  #000: /opt/linux/centos/7.x/x86_64/src/lordec-src_0.9/gatb-core-1.4.1/gatb-core/thirdparty/hdf5/src/H5A.c line 407 in H5Aopen(): unable to load attribute info from object header for attribute: 'version'
    major: Attribute
    minor: Unable to initialize object
  #001: /opt/linux/centos/7.x/x86_64/src/lordec-src_0.9/gatb-core-1.4.1/gatb-core/thirdparty/hdf5/src/H5Oattribute.c line 537 in H5O_attr_open_by_name(): can't locate attribute: 'version'
    major: Attribute
    minor: Object not found
HDF5-DIAG: Error detected in HDF5 (1.8.18) thread 0:
  #000: /opt/linux/centos/7.x/x86_64/src/lordec-src_0.9/gatb-core-1.4.1/gatb-core/thirdparty/hdf5/src/H5A.c line 677 in H5Aget_space(): not an attribute
    major: Invalid arguments to routine
    minor: Inappropriate type
HDF5-DIAG: Error detected in HDF5 (1.8.18) thread 0:
  #000: /opt/linux/centos/7.x/x86_64/src/lordec-src_0.9/gatb-core-1.4.1/gatb-core/thirdparty/hdf5/src/H5S.c line 883 in H5Sget_simple_extent_dims(): not a dataspace
    major: Invalid arguments to routine
    minor: Inappropriate type
HDF5-DIAG: Error detected in HDF5 (1.8.18) thread 0:
  #000: /opt/linux/centos/7.x/x86_64/src/lordec-src_0.9/gatb-core-1.4.1/gatb-core/thirdparty/hdf5/src/H5A.c line 634 in H5Aread(): not an attribute
    major: Invalid arguments to routine
    minor: Inappropriate type
EXCEPTION: Unable to open bank '/rhome/arajewski/bigdata/Datura/1_QCQA/DstrTrim_1u.fq' (if it is a list of files, perhaps some of the files inside don't exist)
