-i(scaffolds)=Dstr_v1.7_lnr13.fa -l(longread)=Lordec.fasta -s(platform)=o -t(thread)=48 -c(coverage)=0.8 -a(tolerance)=0.2 -m(max_distance)=600 -n(number)=5 -g(taglen)=300 -v(overstep)=300 -o(output)=Output_1590369
[M::mm_idx_gen::64.527*1.74] collected minimizers
[M::mm_idx_gen::78.796*1.96] sorted minimizers
[M::main::89.338*1.84] loaded/built the index for 3458610 target sequence(s)
[M::mm_idx_stat] kmer size: 15; skip: 10; is_hpc: 0; #seq: 3458610
[M::mm_idx_stat::90.935*1.83] distinct minimizers: 69032635 (48.56% are singletons); average occurrences: 5.737; average spacing: 6.848
[M::main] Version: 2.17-r941
[M::main] CMD: minimap2 -x map-ont -d Output_1590369/iteration-1/db/genome Dstr_v1.7_lnr13.fa
[M::main] Real time: 92.432 sec; CPU: 167.852 sec; Peak RSS: 13.801 GB
Can't open perl script "/bigdata/littlab/arajewski/Datura/software/LR_Gapcloser/src/LR_Gapcloser_minimap.sh/format_fa.pl": Not a directory
Can't open perl script "/bigdata/littlab/arajewski/Datura/software/LR_Gapcloser/src/LR_Gapcloser_minimap.sh/change_case_fasta.pl": Not a directory
Can't open perl script "/bigdata/littlab/arajewski/Datura/software/LR_Gapcloser/src/LR_Gapcloser_minimap.sh/tag_generator.pl": Not a directory
[ERROR] failed to open file 'Output_1590369/iteration-1/db/genome.mmi'
[ERROR] failed to open file 'Output_1590369/iteration-1/db/genome.mmi'
[ERROR] failed to open file 'Output_1590369/iteration-1/db/genome.mmi'
[ERROR] failed to open file 'Output_1590369/iteration-1/db/genome.mmi'
[ERROR] failed to open file 'Output_1590369/iteration-1/db/genome.mmi'
Can't open perl script "/bigdata/littlab/arajewski/Datura/software/LR_Gapcloser/src/LR_Gapcloser_minimap.sh/coverage_calculator.pl": Not a directory
Can't open perl script "/bigdata/littlab/arajewski/Datura/software/LR_Gapcloser/src/LR_Gapcloser_minimap.sh/coverage_calculator.pl": Not a directory
Can't open perl script "/bigdata/littlab/arajewski/Datura/software/LR_Gapcloser/src/LR_Gapcloser_minimap.sh/coverage_calculator.pl": Not a directory
Can't open perl script "/bigdata/littlab/arajewski/Datura/software/LR_Gapcloser/src/LR_Gapcloser_minimap.sh/coverage_calculator.pl": Not a directory
Can't open perl script "/bigdata/littlab/arajewski/Datura/software/LR_Gapcloser/src/LR_Gapcloser_minimap.sh/coverage_calculator.pl": Not a directory
cat: Output_1590369/iteration-1/tmp/x*.mem.coverage: No such file or directory
Can't open perl script "/bigdata/littlab/arajewski/Datura/software/LR_Gapcloser/src/LR_Gapcloser_minimap.sh/gap_finder.pl": Not a directory
Can't open perl script "/bigdata/littlab/arajewski/Datura/software/LR_Gapcloser/src/LR_Gapcloser_minimap.sh/coverage_filter.pl": Not a directory
Can't open perl script "/bigdata/littlab/arajewski/Datura/software/LR_Gapcloser/src/LR_Gapcloser_minimap.sh/tag_alignment_filter.pl": Not a directory
Can't open perl script "/bigdata/littlab/arajewski/Datura/software/LR_Gapcloser/src/LR_Gapcloser_minimap.sh/retrieve-unique-alignment.pl": Not a directory
Can't open perl script "/bigdata/littlab/arajewski/Datura/software/LR_Gapcloser/src/LR_Gapcloser_minimap.sh/best-match-LR.pl": Not a directory
Can't open perl script "/bigdata/littlab/arajewski/Datura/software/LR_Gapcloser/src/LR_Gapcloser_minimap.sh/tag_orientation_corrector.pl": Not a directory
Can't open perl script "/bigdata/littlab/arajewski/Datura/software/LR_Gapcloser/src/LR_Gapcloser_minimap.sh/block_align.pl": Not a directory
Can't open perl script "/bigdata/littlab/arajewski/Datura/software/LR_Gapcloser/src/LR_Gapcloser_minimap.sh/remove_wrong3.pl": Not a directory
Can't open perl script "/bigdata/littlab/arajewski/Datura/software/LR_Gapcloser/src/LR_Gapcloser_minimap.sh/block_align.pl": Not a directory
Can't open perl script "/bigdata/littlab/arajewski/Datura/software/LR_Gapcloser/src/LR_Gapcloser_minimap.sh/gap_bridging.pl": Not a directory
Can't open perl script "/bigdata/littlab/arajewski/Datura/software/LR_Gapcloser/src/LR_Gapcloser_minimap.sh/join_LRlength.pl": Not a directory
Can't open perl script "/bigdata/littlab/arajewski/Datura/software/LR_Gapcloser/src/LR_Gapcloser_minimap.sh/tag_distance_filter_classify.pl": Not a directory
Can't open perl script "/bigdata/littlab/arajewski/Datura/software/LR_Gapcloser/src/LR_Gapcloser_minimap.sh/complete_substitute_limiter.pl": Not a directory
Can't open perl script "/bigdata/littlab/arajewski/Datura/software/LR_Gapcloser/src/LR_Gapcloser_minimap.sh/complete_ultimate_elect.pl": Not a directory
Can't open perl script "/bigdata/littlab/arajewski/Datura/software/LR_Gapcloser/src/LR_Gapcloser_minimap.sh/further_partial_select.pl": Not a directory
Can't open perl script "/bigdata/littlab/arajewski/Datura/software/LR_Gapcloser/src/LR_Gapcloser_minimap.sh/partial_ultimate_elect.pl": Not a directory
Can't open perl script "/bigdata/littlab/arajewski/Datura/software/LR_Gapcloser/src/LR_Gapcloser_minimap.sh/last_Drepeat.pl": Not a directory
Can't open perl script "/bigdata/littlab/arajewski/Datura/software/LR_Gapcloser/src/LR_Gapcloser_minimap.sh/group_partial.pl": Not a directory
Can't open perl script "/bigdata/littlab/arajewski/Datura/software/LR_Gapcloser/src/LR_Gapcloser_minimap.sh/complete_retriver.pl": Not a directory
Can't open perl script "/bigdata/littlab/arajewski/Datura/software/LR_Gapcloser/src/LR_Gapcloser_minimap.sh/retriever_backfill.pl": Not a directory
cat: Output_1590369/iteration-1/tmp/retrieve_ccomplete.out: No such file or directory
Can't open perl script "/bigdata/littlab/arajewski/Datura/software/LR_Gapcloser/src/LR_Gapcloser_minimap.sh/info_formatter.pl": Not a directory
Can't open perl script "/bigdata/littlab/arajewski/Datura/software/LR_Gapcloser/src/LR_Gapcloser_minimap.sh/same_filter.pl": Not a directory
Can't open perl script "/bigdata/littlab/arajewski/Datura/software/LR_Gapcloser/src/LR_Gapcloser_minimap.sh/info_pacify.pl": Not a directory
Can't open perl script "/bigdata/littlab/arajewski/Datura/software/LR_Gapcloser/src/LR_Gapcloser_minimap.sh/form_sequence.pl": Not a directory
Can't open perl script "/bigdata/littlab/arajewski/Datura/software/LR_Gapcloser/src/LR_Gapcloser_minimap.sh/gap_finder.pl": Not a directory
rm: cannot remove 'Output_1590369/LR.fasta': No such file or directory
rm: cannot remove 'Output_1590369/LR_length': No such file or directory
