command time > Dstr_v1.5.fa.k32.w300.tsv.time /rhome/arajewski/.conda/envs/Datura/bin/share/ntjoin-1.0.1-0/src/indexlr --pos -k 32 -w 300 -t 4 Dstr_v1.5.fa > Dstr_v1.5.fa.k32.w300.tsv

real	0m9.661s
user	0m34.313s
sys	0m2.055s
command time > Target.fa.k32.w300.tsv.time /rhome/arajewski/.conda/envs/Datura/bin/share/ntjoin-1.0.1-0/src/indexlr --pos -k 32 -w 300 -t 4 Target.fa > Target.fa.k32.w300.tsv

real	0m32.141s
user	1m45.680s
sys	0m8.897s
command time > Dstr_v1.5.fa.fai.time samtools faidx Dstr_v1.5.fa

real	0m3.749s
user	0m3.176s
sys	0m0.293s
command time > Target.fa.fai.time samtools faidx Target.fa

real	0m15.562s
user	0m14.189s
sys	0m1.296s
command time > out.k32.w300.n1.mx.dot.time /rhome/arajewski/.conda/envs/Datura/bin/share/ntjoin-1.0.1-0/bin/ntjoin_assemble.py -p out.k32.w300.n1 -n 1 -s Target.fa.k32.w300.tsv -l 1 \
-r "2" -k 32 -g 20 -t 1 -m 90 Dstr_v1.5.fa.k32.w300.tsv

real	6m20.834s
user	5m54.431s
sys	0m53.121s
touch Target.fa.k32.w300.n1.assigned.scaffolds.fa
touch Target.fa.k32.w300.n1.unassigned.scaffolds.fa
command time > Target.fa.k32.w300.n1.all.scaffolds.fa.time cat Target.fa.k32.w300.n1.assigned.scaffolds.fa Target.fa.k32.w300.n1.unassigned.scaffolds.fa > Target.fa.k32.w300.n1.all.scaffolds.fa

real	0m2.464s
user	0m0.000s
sys	0m1.840s
