command time > Dstr_v1.5.fa.k32.w300.tsv.time /rhome/arajewski/.conda/envs/Datura/bin/share/ntjoin-1.0.1-0/src/indexlr --pos -k 32 -w 300 -t 4 Dstr_v1.5.fa > Dstr_v1.5.fa.k32.w300.tsv

real	0m9.952s
user	0m35.252s
sys	0m2.055s
command time > Target1.fa.k32.w300.tsv.time /rhome/arajewski/.conda/envs/Datura/bin/share/ntjoin-1.0.1-0/src/indexlr --pos -k 32 -w 300 -t 4 Target1.fa > Target1.fa.k32.w300.tsv

real	0m24.566s
user	1m19.376s
sys	0m7.830s
command time > Dstr_v1.5.fa.fai.time samtools faidx Dstr_v1.5.fa

real	0m4.147s
user	0m3.640s
sys	0m0.320s
command time > Target1.fa.fai.time samtools faidx Target1.fa

real	0m15.454s
user	0m13.906s
sys	0m1.452s
command time > out.k32.w300.n1.mx.dot.time /rhome/arajewski/.conda/envs/Datura/bin/share/ntjoin-1.0.1-0/bin/ntjoin_assemble.py -p out.k32.w300.n1 -n 1 -s Target1.fa.k32.w300.tsv -l 1 \
-r "2" -k 32 -g 20 -t 1 -m 90 Dstr_v1.5.fa.k32.w300.tsv

real	6m7.138s
user	5m36.700s
sys	0m46.847s
touch Target1.fa.k32.w300.n1.assigned.scaffolds.fa
touch Target1.fa.k32.w300.n1.unassigned.scaffolds.fa
command time > Target1.fa.k32.w300.n1.all.scaffolds.fa.time cat Target1.fa.k32.w300.n1.assigned.scaffolds.fa Target1.fa.k32.w300.n1.unassigned.scaffolds.fa > Target1.fa.k32.w300.n1.all.scaffolds.fa

real	0m2.881s
user	0m0.003s
sys	0m1.919s
