0	quickmerge
1	-d
2	out.rq.delta
3	-q
4	hybrid_oneline.fa
5	-r
6	self_oneline.fa
7	-hco
8	5.0
9	-c
10	1.5
11	-l
12	5000
13	-ml
14	5000
15	-p
16	out
scaffold10072_36101_scaffold10072,36101,f10104Z36101	scaffold10072_36101_scaffold10072,36101,f10104Z36101	1	 scaffold7639_28553_scaffold7639,28553,f7632Z28553	-1	
scaffold1013_101773_scaffold1013,101773,f1020Z101773	 scaffold7790_27293_scaffold7790,27293,f7800Z27293	1	scaffold1013_101773_scaffold1013,101773,f1020Z101773	-1	
scaffold1025_101451_scaffold1025,101451,f1022Z101451	 scaffold5777_48380_scaffold5777,48380,f5829Z48380	1	scaffold1025_101451_scaffold1025,101451,f1022Z101451	1	
scaffold1028_101423_scaffold1028,101423,f1018Z101423	 scaffold5560_50932_scaffold5560,50932,f5608Z50932	1	scaffold1028_101423_scaffold1028,101423,f1018Z101423	1	
scaffold10320_35225_scaffold10320,35225,f10300Z35225	 scaffold8292_21876_scaffold8292,21876,f8317Z21876	1	scaffold10320_35225_scaffold10320,35225,f10300Z35225	-1	
scaffold1048_100766_scaffold1048,100766,f1053Z100766	scaffold1048_100766_scaffold1048,100766,f1053Z100766	1	 scaffold5132_55824_scaffold5132,55824,f5128Z55824	-1	
scaffold1054_100538_scaffold1054,100538,f1024Z100538	 scaffold2992_88565_scaffold2992,88565,f2922Z88565	1	scaffold1054_100538_scaffold1054,100538,f1024Z100538	1	
scaffold1057_100483_scaffold1057,100483,f1056Z100483	 scaffold6954_35667_scaffold6954,35667,f6876Z35667	1	scaffold1057_100483_scaffold1057,100483,f1056Z100483	-1	
scaffold10631_34306_scaffold10631,34306,f10660Z34306	 scaffold8853_16648_scaffold8853,16648,f8851Z16648	1	scaffold10631_34306_scaffold10631,34306,f10660Z34306	-1	
scaffold1066_100247_scaffold1066,100247,f1036Z100247	 scaffold3646_76039_scaffold3646,76039,f3587Z76039	1	scaffold1066_100247_scaffold1066,100247,f1036Z100247	-1	 scaffold891_170923_scaffold891,170923,f838Z170923	-1	
scaffold10694_34065_scaffold10694,34065,f10717Z34065	scaffold10694_34065_scaffold10694,34065,f10717Z34065	1	 scaffold8475_20043_scaffold8475,20043,f8467Z20043	-1	
scaffold10887_33440_scaffold10887,33440,f10817Z33440	 scaffold3022_87976_scaffold3022,87976,f3080Z87976	1	scaffold10887_33440_scaffold10887,33440,f10817Z33440	-1	 scaffold3022_87976_scaffold3022,87976,f3080Z87976	1	
scaffold1088_99834_scaffold1088,99834,f1055Z99834	 scaffold7946_25731_scaffold7946,25731,f7903Z25731	1	scaffold1088_99834_scaffold1088,99834,f1055Z99834	-1	
scaffold11164_32608_scaffold11164,32608,f11090Z32608	 scaffold7319_32076_scaffold7319,32076,f7441Z32076	1	scaffold11164_32608_scaffold11164,32608,f11090Z32608	1	
scaffold1116_99245_scaffold1116,99245,f1126Z99245	scaffold1116_99245_scaffold1116,99245,f1126Z99245	1	 scaffold6673_38655_scaffold6673,38655,f6634Z38655	-1	
scaffold11170_32594_scaffold11170,32594,f11058Z32594	 scaffold7801_27165_scaffold7801,27165,f7774Z27165	1	scaffold11170_32594_scaffold11170,32594,f11058Z32594	1	
scaffold11172_32590_scaffold11172,32590,f11155Z32590	scaffold11172_32590_scaffold11172,32590,f11155Z32590	1	 scaffold7313_32123_scaffold7313,32123,f7259Z32123	-1	
scaffold11187_32550_scaffold11187,32550,f11116Z32550	 scaffold3918_71556_scaffold3918,71556,f3877Z71556	1	scaffold11187_32550_scaffold11187,32550,f11116Z32550	1	
scaffold1128_98846_scaffold1128,98846,f1125Z98846	 scaffold6086_45037_scaffold6086,45037,f6037Z45037	1	scaffold1128_98846_scaffold1128,98846,f1125Z98846	-1	
scaffold11295_32216_scaffold11295,32216,f11279Z32216	scaffold11295_32216_scaffold11295,32216,f11279Z32216	1	 scaffold8178_23049_scaffold8178,23049,f8145Z23049	-1	
scaffold11369_31963_scaffold11369,31963,f11316Z31963	 scaffold9524_9673_scaffold9524,9673,f9433Z9673	1	scaffold11369_31963_scaffold11369,31963,f11316Z31963	-1	
scaffold1149_98447_scaffold1149,98447,f1122Z98447	scaffold1149_98447_scaffold1149,98447,f1122Z98447	1	 scaffold3056_87272_scaffold3056,87272,f3088Z87272	-1	
scaffold11650_31147_scaffold11650,31147,f11669Z31147	 scaffold9886_7065_scaffold9886,7065,f9922Z7065	1	scaffold11650_31147_scaffold11650,31147,f11669Z31147	-1	
scaffold1168_97909_scaffold1168,97909,f1134Z97909	 scaffold3411_80655_scaffold3411,80655,f3395Z80655	1	scaffold1168_97909_scaffold1168,97909,f1134Z97909	-1	
scaffold116_170971_scaffold116,170971,f102Z170971	scaffold116_170971_scaffold116,170971,f102Z170971	1	 scaffold2527_99247_scaffold2527,99247,f2451Z99247	1	
scaffold11820_30679_scaffold11820,30679,f11728Z30679	scaffold11820_30679_scaffold11820,30679,f11728Z30679	1	 scaffold7463_30433_scaffold7463,30433,f7519Z30433	1	
scaffold1215_96730_scaffold1215,96730,f1225Z96730	 scaffold3951_70954_scaffold3951,70954,f4043Z70954	1	scaffold1215_96730_scaffold1215,96730,f1225Z96730	-1	
scaffold12265_29337_scaffold12265,29337,f12251Z29337	scaffold12265_29337_scaffold12265,29337,f12251Z29337	1	 scaffold8771_17398_scaffold8771,17398,f8799Z17398	1	
scaffold12279_29297_scaffold12279,29297,f12230Z29297	scaffold12279_29297_scaffold12279,29297,f12230Z29297	1	 scaffold9439_10469_scaffold9439,10469,f9404Z10469	-1	
scaffold12315_29186_scaffold12315,29186,f12324Z29186	scaffold12315_29186_scaffold12315,29186,f12324Z29186	1	 scaffold8655_18436_scaffold8655,18436,f8687Z18436	1	scaffold22806_13942_scaffold22806,13942,f22706Z13942	-1	
scaffold1232_96308_scaffold1232,96308,f1238Z96308	 scaffold3191_84557_scaffold3191,84557,f3149Z84557	1	scaffold1232_96308_scaffold1232,96308,f1238Z96308	1	
scaffold12352_29091_scaffold12352,29091,f12336Z29091	 scaffold7591_29018_scaffold7591,29018,f7588Z29018	1	scaffold12352_29091_scaffold12352,29091,f12336Z29091	-1	
scaffold12389_28998_scaffold12389,28998,f12408Z28998	scaffold12389_28998_scaffold12389,28998,f12408Z28998	1	 scaffold9407_10780_scaffold9407,10780,f9361Z10780	-1	
scaffold123_169109_scaffold123,169109,f142Z169109	 scaffold2319_104695_scaffold2319,104695,f2308Z104695	1	scaffold123_169109_scaffold123,169109,f142Z169109	-1	
scaffold12414_28940_scaffold12414,28940,f12361Z28940	scaffold12414_28940_scaffold12414,28940,f12361Z28940	1	 scaffold8377_21058_scaffold8377,21058,f8350Z21058	-1	
scaffold125_168783_scaffold125,168783,f120Z168783	scaffold10016_36259_scaffold10016,36259,f10034Z36259	1	 scaffold5954_46345_scaffold5954,46345,f5885Z46345	-1	scaffold125_168783_scaffold125,168783,f120Z168783	1	 scaffold528_218681_scaffold528,218681,f486Z218681	-1	scaffold887_105415_scaffold887,105415,f874Z105415	-1	
scaffold12713_28154_scaffold12713,28154,f12736Z28154	scaffold12713_28154_scaffold12713,28154,f12736Z28154	1	 scaffold10116_5533_scaffold10116,5533,f10063Z5533	-1	
scaffold12751_28090_scaffold12751,28090,f12769Z28090	scaffold12751_28090_scaffold12751,28090,f12769Z28090	1	 scaffold9721_8373_scaffold9721,8373,f9625Z8373	1	
scaffold1277_95387_scaffold1277,95387,f1267Z95387	scaffold1277_95387_scaffold1277,95387,f1267Z95387	1	 scaffold7424_30833_scaffold7424,30833,f7620Z30833	-1	
scaffold12841_27826_scaffold12841,27826,f12907Z27826	 scaffold8335_21472_scaffold8335,21472,f8354Z21472	1	scaffold12841_27826_scaffold12841,27826,f12907Z27826	-1	
scaffold1292_95115_scaffold1292,95115,f1291Z95115	 scaffold9075_14295_scaffold9075,14295,f9078Z14295	1	scaffold1292_95115_scaffold1292,95115,f1291Z95115	1	
scaffold12_256164_scaffold12,256164,f53Z256164	 scaffold1774_122166_scaffold1774,122166,f1712Z122166	1	scaffold12_256164_scaffold12,256164,f53Z256164	-1	
scaffold13105_27188_scaffold13105,27188,f13023Z27188	 scaffold8082_24180_scaffold8082,24180,f7998Z24180	1	scaffold13105_27188_scaffold13105,27188,f13023Z27188	-1	
scaffold1316_94438_scaffold1316,94438,f1289Z94438	 scaffold3551_78032_scaffold3551,78032,f3576Z78032	1	scaffold1316_94438_scaffold1316,94438,f1289Z94438	-1	
scaffold1318_94366_scaffold1318,94366,f1295Z94366	scaffold1318_94366_scaffold1318,94366,f1295Z94366	1	 scaffold5897_46893_scaffold5897,46893,f5856Z46893	-1	scaffold32008_9992_scaffold32008,9992,f32089Z9992	1	
scaffold131_166951_scaffold131,166951,f164Z166951	scaffold131_166951_scaffold131,166951,f164Z166951	1	 scaffold7938_25858_scaffold7938,25858,f7893Z25858	-1	scaffold19991_16190_scaffold19991,16190,f19997Z16190	1	
scaffold1326_94276_scaffold1326,94276,f1329Z94276	scaffold1326_94276_scaffold1326,94276,f1329Z94276	1	 scaffold3146_85493_scaffold3146,85493,f3068Z85493	1	
scaffold13309_26699_scaffold13309,26699,f13203Z26699	scaffold13309_26699_scaffold13309,26699,f13203Z26699	1	 scaffold8098_24032_scaffold8098,24032,f8053Z24032	1	
scaffold13321_26680_scaffold13321,26680,f13239Z26680	 scaffold4517_63365_scaffold4517,63365,f4434Z63365	1	scaffold13321_26680_scaffold13321,26680,f13239Z26680	1	 scaffold4517_63365_scaffold4517,63365,f4434Z63365	1	
scaffold13631_25915_scaffold13631,25915,f13588Z25915	scaffold13631_25915_scaffold13631,25915,f13588Z25915	1	 scaffold8901_16104_scaffold8901,16104,f9112Z16104	1	
scaffold13664_25846_scaffold13664,25846,f13563Z25846	 scaffold5182_55312_scaffold5182,55312,f5187Z55312	1	scaffold13664_25846_scaffold13664,25846,f13563Z25846	-1	
scaffold13812_25505_scaffold13812,25505,f13732Z25505	scaffold13812_25505_scaffold13812,25505,f13732Z25505	1	 scaffold1453_135041_scaffold1453,135041,f1482Z135041	1	
scaffold13817_25493_scaffold13817,25493,f13827Z25493	scaffold13817_25493_scaffold13817,25493,f13827Z25493	1	 scaffold8295_21832_scaffold8295,21832,f8226Z21832	1	
scaffold1388_93090_scaffold1388,93090,f1368Z93090	 scaffold3275_83063_scaffold3275,83063,f3203Z83063	1	scaffold1388_93090_scaffold1388,93090,f1368Z93090	1	 scaffold5119_55920_scaffold5119,55920,f5103Z55920	-1	
scaffold13968_25173_scaffold13968,25173,f14008Z25173	scaffold13968_25173_scaffold13968,25173,f14008Z25173	1	 scaffold9432_10569_scaffold9432,10569,f9522Z10569	1	
scaffold14212_24681_scaffold14212,24681,f14236Z24681	 scaffold2795_92864_scaffold2795,92864,f2768Z92864	1	scaffold14212_24681_scaffold14212,24681,f14236Z24681	1	
scaffold1429_92499_scaffold1429,92499,f1440Z92499	scaffold17974_18381_scaffold17974,18381,f17868Z18381	1	 scaffold4509_63434_scaffold4509,63434,f4438Z63434	1	scaffold1429_92499_scaffold1429,92499,f1440Z92499	-1	
scaffold1431_92456_scaffold1431,92456,f1389Z92456	 scaffold5971_46130_scaffold5971,46130,f5912Z46130	1	scaffold1431_92456_scaffold1431,92456,f1389Z92456	-1	
scaffold1436_92404_scaffold1436,92404,f1412Z92404	 scaffold7616_28775_scaffold7616,28775,f7521Z28775	1	scaffold1436_92404_scaffold1436,92404,f1412Z92404	1	
scaffold14676_23718_scaffold14676,23718,f14632Z23718	scaffold14676_23718_scaffold14676,23718,f14632Z23718	1	 scaffold8290_21901_scaffold8290,21901,f8202Z21901	-1	
scaffold14691_23685_scaffold14691,23685,f14679Z23685	 scaffold8315_21646_scaffold8315,21646,f8342Z21646	1	scaffold14691_23685_scaffold14691,23685,f14679Z23685	1	
scaffold14753_23553_scaffold14753,23553,f14758Z23553	scaffold47891_7199_scaffold47891,7199,f47849Z7199	1	 scaffold8756_17497_scaffold8756,17497,f8724Z17497	1	scaffold14753_23553_scaffold14753,23553,f14758Z23553	1	
scaffold15184_22731_scaffold15184,22731,f15264Z22731	 scaffold7269_32573_scaffold7269,32573,f7212Z32573	1	scaffold15184_22731_scaffold15184,22731,f15264Z22731	1	
scaffold1528_90660_scaffold1528,90660,f1519Z90660	scaffold1528_90660_scaffold1528,90660,f1519Z90660	1	 scaffold5524_51300_scaffold5524,51300,f5478Z51300	-1	
scaffold15597_21959_scaffold15597,21959,f15638Z21959	 scaffold8328_21519_scaffold8328,21519,f8343Z21519	1	scaffold15597_21959_scaffold15597,21959,f15638Z21959	-1	
scaffold1560_90170_scaffold1560,90170,f1488Z90170	 scaffold3199_84382_scaffold3199,84382,f3091Z84382	1	scaffold1560_90170_scaffold1560,90170,f1488Z90170	1	 scaffold5058_56613_scaffold5058,56613,f5024Z56613	-1	
scaffold1562_90122_scaffold1562,90122,f1513Z90122	scaffold1562_90122_scaffold1562,90122,f1513Z90122	1	 scaffold4649_61418_scaffold4649,61418,f4544Z61418	-1	
scaffold1563_90114_scaffold1563,90114,f1534Z90114	 scaffold1828_120247_scaffold1828,120247,f1786Z120247	1	scaffold1563_90114_scaffold1563,90114,f1534Z90114	1	
scaffold15653_21878_scaffold15653,21878,f15556Z21878	 scaffold8870_16474_scaffold8870,16474,f8860Z16474	1	scaffold15653_21878_scaffold15653,21878,f15556Z21878	-1	
scaffold15775_21680_scaffold15775,21680,f15700Z21680	 scaffold8983_15359_scaffold8983,15359,f8944Z15359	1	scaffold15775_21680_scaffold15775,21680,f15700Z21680	-1	
scaffold1607_89415_scaffold1607,89415,f1595Z89415	 scaffold8000_25142_scaffold8000,25142,f7905Z25142	1	scaffold1607_89415_scaffold1607,89415,f1595Z89415	-1	
scaffold16230_20916_scaffold16230,20916,f16222Z20916	scaffold16230_20916_scaffold16230,20916,f16222Z20916	1	 scaffold1587_129652_scaffold1587,129652,f1536Z129652	1	
scaffold16366_20714_scaffold16366,20714,f16259Z20714	 scaffold8495_19880_scaffold8495,19880,f8478Z19880	1	scaffold16366_20714_scaffold16366,20714,f16259Z20714	-1	
scaffold1659_88596_scaffold1659,88596,f1648Z88596	scaffold1659_88596_scaffold1659,88596,f1648Z88596	1	 scaffold8128_23665_scaffold8128,23665,f8175Z23665	-1	
scaffold165_159644_scaffold165,159644,f147Z159644	scaffold165_159644_scaffold165,159644,f147Z159644	1	 scaffold1496_133016_scaffold1496,133016,f1461Z133016	-1	
scaffold16725_20168_scaffold16725,20168,f16740Z20168	scaffold16725_20168_scaffold16725,20168,f16740Z20168	1	 scaffold9067_14385_scaffold9067,14385,f9049Z14385	1	
scaffold16860_19944_scaffold16860,19944,f16906Z19944	 scaffold6361_42226_scaffold6361,42226,f6265Z42226	1	scaffold16860_19944_scaffold16860,19944,f16906Z19944	1	 scaffold6361_42226_scaffold6361,42226,f6265Z42226	1	
scaffold16949_19810_scaffold16949,19810,f17059Z19810	 scaffold9784_7870_scaffold9784,7870,f9685Z7870	1	scaffold16949_19810_scaffold16949,19810,f17059Z19810	1	
scaffold17117_19528_scaffold17117,19528,f17216Z19528	 scaffold9787_7832_scaffold9787,7832,f9712Z7832	1	scaffold17117_19528_scaffold17117,19528,f17216Z19528	-1	
scaffold1740_87401_scaffold1740,87401,f1714Z87401	scaffold1740_87401_scaffold1740,87401,f1714Z87401	1	 scaffold3320_82038_scaffold3320,82038,f3251Z82038	-1	
scaffold1765_86968_scaffold1765,86968,f1777Z86968	scaffold1765_86968_scaffold1765,86968,f1777Z86968	1	 scaffold6078_45078_scaffold6078,45078,f5997Z45078	1	
scaffold17828_18562_scaffold17828,18562,f17815Z18562	scaffold17828_18562_scaffold17828,18562,f17815Z18562	1	 scaffold8646_18499_scaffold8646,18499,f8632Z18499	-1	
scaffold1798_86580_scaffold1798,86580,f1786Z86580	scaffold1798_86580_scaffold1798,86580,f1786Z86580	1	 scaffold5492_51759_scaffold5492,51759,f5473Z51759	-1	
scaffold18112_18210_scaffold18112,18210,f18153Z18210	 scaffold256_292029_scaffold256,292029,f218Z292029	1	scaffold18112_18210_scaffold18112,18210,f18153Z18210	1	
scaffold1812_86457_scaffold1812,86457,f1808Z86457	scaffold1812_86457_scaffold1812,86457,f1808Z86457	1	 scaffold5207_55125_scaffold5207,55125,f5115Z55125	1	
scaffold18252_18052_scaffold18252,18052,f18277Z18052	scaffold18252_18052_scaffold18252,18052,f18277Z18052	1	 scaffold9633_8969_scaffold9633,8969,f9562Z8969	1	
scaffold18363_17928_scaffold18363,17928,f18381Z17928	scaffold18363_17928_scaffold18363,17928,f18381Z17928	1	 scaffold5180_55354_scaffold5180,55354,f5203Z55354	-1	
scaffold18492_17760_scaffold18492,17760,f18506Z17760	scaffold18492_17760_scaffold18492,17760,f18506Z17760	1	 scaffold9321_11505_scaffold9321,11505,f9228Z11505	-1	
scaffold18500_17750_scaffold18500,17750,f18399Z17750	 scaffold8769_17405_scaffold8769,17405,f8833Z17405	1	scaffold18500_17750_scaffold18500,17750,f18399Z17750	1	
scaffold1888_85165_scaffold1888,85165,f1848Z85165	 scaffold3627_76595_scaffold3627,76595,f3718Z76595	1	scaffold1888_85165_scaffold1888,85165,f1848Z85165	-1	
scaffold1891_85136_scaffold1891,85136,f1892Z85136	scaffold1891_85136_scaffold1891,85136,f1892Z85136	1	 scaffold5875_47193_scaffold5875,47193,f5806Z47193	1	
scaffold1898_85038_scaffold1898,85038,f1870Z85038	 scaffold3459_79733_scaffold3459,79733,f3494Z79733	1	scaffold1898_85038_scaffold1898,85038,f1870Z85038	1	
scaffold1905_84942_scaffold1905,84942,f1895Z84942	scaffold1905_84942_scaffold1905,84942,f1895Z84942	1	 scaffold4231_67080_scaffold4231,67080,f4170Z67080	-1	
scaffold1920_84732_scaffold1920,84732,f1905Z84732	scaffold1920_84732_scaffold1920,84732,f1905Z84732	1	 scaffold5037_56839_scaffold5037,56839,f4968Z56839	1	
scaffold19289_16880_scaffold19289,16880,f19283Z16880	 scaffold9561_9420_scaffold9561,9420,f9517Z9420	1	scaffold19289_16880_scaffold19289,16880,f19283Z16880	1	
scaffold19350_16822_scaffold19350,16822,f19417Z16822	scaffold19350_16822_scaffold19350,16822,f19417Z16822	1	 scaffold9619_9059_scaffold9619,9059,f9574Z9059	1	
scaffold19443_16733_scaffold19443,16733,f19375Z16733	 scaffold8897_16149_scaffold8897,16149,f8795Z16149	1	scaffold19443_16733_scaffold19443,16733,f19375Z16733	1	
scaffold1977_83833_scaffold1977,83833,f1938Z83833	scaffold14615_23840_scaffold14615,23840,f14684Z23840	1	 scaffold6307_42832_scaffold6307,42832,f6229Z42832	-1	scaffold1977_83833_scaffold1977,83833,f1938Z83833	1	 scaffold689_192666_scaffold689,192666,f620Z192666	1	scaffold824_107571_scaffold824,107571,f797Z107571	-1	
scaffold1982_83776_scaffold1982,83776,f1965Z83776	 scaffold3869_72437_scaffold3869,72437,f3954Z72437	1	scaffold1982_83776_scaffold1982,83776,f1965Z83776	-1	
scaffold2005_83466_scaffold2005,83466,f1991Z83466	scaffold2005_83466_scaffold2005,83466,f1991Z83466	1	 scaffold6102_44855_scaffold6102,44855,f6001Z44855	-1	
scaffold20336_15874_scaffold20336,15874,f20255Z15874	scaffold20336_15874_scaffold20336,15874,f20255Z15874	1	 scaffold8931_15797_scaffold8931,15797,f8894Z15797	-1	
scaffold2035_83044_scaffold2035,83044,f2027Z83044	scaffold2035_83044_scaffold2035,83044,f2027Z83044	1	 scaffold6033_45525_scaffold6033,45525,f6118Z45525	-1	
scaffold20677_15574_scaffold20677,15574,f20581Z15574	scaffold20677_15574_scaffold20677,15574,f20581Z15574	1	 scaffold9240_12325_scaffold9240,12325,f9352Z12325	-1	
scaffold21026_15282_scaffold21026,15282,f21112Z15282	 scaffold9184_12964_scaffold9184,12964,f9135Z12964	1	scaffold21026_15282_scaffold21026,15282,f21112Z15282	-1	
scaffold2102_82219_scaffold2102,82219,f2071Z82219	scaffold2102_82219_scaffold2102,82219,f2071Z82219	1	 scaffold7851_26695_scaffold7851,26695,f7770Z26695	1	
scaffold2122_81897_scaffold2122,81897,f2094Z81897	scaffold2122_81897_scaffold2122,81897,f2094Z81897	1	 scaffold7340_31892_scaffold7340,31892,f7393Z31892	-1	
scaffold2131_81812_scaffold2131,81812,f2114Z81812	scaffold2131_81812_scaffold2131,81812,f2114Z81812	1	 scaffold8064_24395_scaffold8064,24395,f7968Z24395	-1	
scaffold2146_81642_scaffold2146,81642,f2136Z81642	scaffold2146_81642_scaffold2146,81642,f2136Z81642	1	 scaffold3352_81550_scaffold3352,81550,f3382Z81550	1	
scaffold2160_81429_scaffold2160,81429,f2170Z81429	scaffold2160_81429_scaffold2160,81429,f2170Z81429	1	 scaffold9224_12529_scaffold9224,12529,f9132Z12529	1	
scaffold21683_14763_scaffold21683,14763,f21580Z14763	 scaffold9730_8274_scaffold9730,8274,f9637Z8274	1	scaffold21683_14763_scaffold21683,14763,f21580Z14763	-1	
scaffold222_149203_scaffold222,149203,f204Z149203	scaffold222_149203_scaffold222,149203,f204Z149203	1	 scaffold1245_146185_scaffold1245,146185,f1254Z146185	-1	scaffold50148_6949_scaffold50148,6949,f50110Z6949	-1	
scaffold2241_80365_scaffold2241,80365,f2236Z80365	scaffold2241_80365_scaffold2241,80365,f2236Z80365	1	 scaffold5502_51563_scaffold5502,51563,f5415Z51563	1	
scaffold22646_14056_scaffold22646,14056,f22739Z14056	 scaffold425_238390_scaffold425,238390,f477Z238390	1	scaffold22646_14056_scaffold22646,14056,f22739Z14056	-1	 scaffold425_238390_scaffold425,238390,f477Z238390	1	
scaffold2265_80055_scaffold2265,80055,f2237Z80055	scaffold2265_80055_scaffold2265,80055,f2237Z80055	1	 scaffold4915_58348_scaffold4915,58348,f4880Z58348	-1	
scaffold227_148531_scaffold227,148531,f208Z148531	scaffold227_148531_scaffold227,148531,f208Z148531	1	 scaffold3878_72339_scaffold3878,72339,f3794Z72339	-1	
scaffold23010_13798_scaffold23010,13798,f23100Z13798	 scaffold9496_9934_scaffold9496,9934,f9739Z9934	1	scaffold23010_13798_scaffold23010,13798,f23100Z13798	1	
scaffold2321_79347_scaffold2321,79347,f2307Z79347	scaffold2321_79347_scaffold2321,79347,f2307Z79347	1	 scaffold3725_74727_scaffold3725,74727,f3649Z74727	-1	scaffold5253_56157_scaffold5253,56157,f5214Z56157	1	
scaffold23227_13673_scaffold23227,13673,f23201Z13673	 scaffold9301_11693_scaffold9301,11693,f9336Z11693	1	scaffold23227_13673_scaffold23227,13673,f23201Z13673	1	
scaffold234_146994_scaffold234,146994,f192Z146994	 scaffold1972_115535_scaffold1972,115535,f1896Z115535	1	scaffold234_146994_scaffold234,146994,f192Z146994	-1	
scaffold2350_78983_scaffold2350,78983,f2303Z78983	scaffold2350_78983_scaffold2350,78983,f2303Z78983	1	 scaffold5513_51429_scaffold5513,51429,f5639Z51429	1	
scaffold2359_78914_scaffold2359,78914,f2318Z78914	 scaffold6126_44581_scaffold6126,44581,f6077Z44581	1	scaffold2359_78914_scaffold2359,78914,f2318Z78914	1	 scaffold3708_75062_scaffold3708,75062,f3652Z75062	1	
scaffold23827_13295_scaffold23827,13295,f23848Z13295	 scaffold6399_41836_scaffold6399,41836,f6333Z41836	1	scaffold23827_13295_scaffold23827,13295,f23848Z13295	-1	 scaffold6399_41836_scaffold6399,41836,f6333Z41836	1	
scaffold24049_13181_scaffold24049,13181,f23963Z13181	 scaffold9177_13115_scaffold9177,13115,f9133Z13115	1	scaffold24049_13181_scaffold24049,13181,f23963Z13181	1	
scaffold2414_78221_scaffold2414,78221,f2418Z78221	 scaffold4960_57796_scaffold4960,57796,f5012Z57796	1	scaffold2414_78221_scaffold2414,78221,f2418Z78221	-1	
scaffold2417_78198_scaffold2417,78198,f2425Z78198	 scaffold4911_58426_scaffold4911,58426,f4858Z58426	1	scaffold2417_78198_scaffold2417,78198,f2425Z78198	1	
scaffold2430_78063_scaffold2430,78063,f2398Z78063	 scaffold73_513259_scaffold73,513259,f135Z513259	1	scaffold2430_78063_scaffold2430,78063,f2398Z78063	1	 scaffold73_513259_scaffold73,513259,f135Z513259	1	
scaffold2436_77968_scaffold2436,77968,f2421Z77968	scaffold2436_77968_scaffold2436,77968,f2421Z77968	1	 scaffold5801_48176_scaffold5801,48176,f5775Z48176	-1	
scaffold244_145672_scaffold244,145672,f219Z145672	scaffold244_145672_scaffold244,145672,f219Z145672	1	 scaffold4058_69424_scaffold4058,69424,f4023Z69424	-1	
scaffold2452_77786_scaffold2452,77786,f2453Z77786	scaffold2452_77786_scaffold2452,77786,f2453Z77786	1	 scaffold8114_23860_scaffold8114,23860,f8160Z23860	1	
scaffold24653_12845_scaffold24653,12845,f24560Z12845	 scaffold9491_9970_scaffold9491,9970,f9461Z9970	1	scaffold24653_12845_scaffold24653,12845,f24560Z12845	-1	
scaffold2486_77304_scaffold2486,77304,f2451Z77304	 scaffold843_175532_scaffold843,175532,f894Z175532	1	scaffold2486_77304_scaffold2486,77304,f2451Z77304	-1	
scaffold2508_77045_scaffold2508,77045,f2511Z77045	scaffold2508_77045_scaffold2508,77045,f2511Z77045	1	 scaffold8073_24314_scaffold8073,24314,f8022Z24314	1	
scaffold250_144765_scaffold250,144765,f241Z144765	scaffold250_144765_scaffold250,144765,f241Z144765	1	 scaffold724_188567_scaffold724,188567,f650Z188567	-1	
scaffold2515_76929_scaffold2515,76929,f2502Z76929	scaffold2515_76929_scaffold2515,76929,f2502Z76929	1	 scaffold5616_50283_scaffold5616,50283,f5630Z50283	-1	
scaffold25550_12368_scaffold25550,12368,f25470Z12368	scaffold25550_12368_scaffold25550,12368,f25470Z12368	1	 scaffold9602_9150_scaffold9602,9150,f9508Z9150	1	
scaffold2560_76556_scaffold2560,76556,f2545Z76556	scaffold2560_76556_scaffold2560,76556,f2545Z76556	1	 scaffold6730_37991_scaffold6730,37991,f6668Z37991	1	
scaffold2606_76071_scaffold2606,76071,f2617Z76071	 scaffold7552_29504_scaffold7552,29504,f7756Z29504	1	scaffold2606_76071_scaffold2606,76071,f2617Z76071	-1	
scaffold26140_12071_scaffold26140,12071,f26064Z12071	 scaffold10027_6161_scaffold10027,6161,f10048Z6161	1	scaffold26140_12071_scaffold26140,12071,f26064Z12071	1	
scaffold2663_75506_scaffold2663,75506,f2668Z75506	 scaffold9018_14851_scaffold9018,14851,f8932Z14851	1	scaffold2663_75506_scaffold2663,75506,f2668Z75506	1	
scaffold267_141550_scaffold267,141550,f240Z141550	 scaffold3682_75469_scaffold3682,75469,f3626Z75469	1	scaffold267_141550_scaffold267,141550,f240Z141550	-1	 scaffold1966_115723_scaffold1966,115723,f1929Z115723	-1	
scaffold2704_75126_scaffold2704,75126,f2709Z75126	scaffold2704_75126_scaffold2704,75126,f2709Z75126	1	 scaffold8775_17375_scaffold8775,17375,f8839Z17375	1	
scaffold2728_74806_scaffold2728,74806,f2732Z74806	scaffold2728_74806_scaffold2728,74806,f2732Z74806	1	 scaffold6375_42130_scaffold6375,42130,f6385Z42130	-1	
scaffold2799_74099_scaffold2799,74099,f2783Z74099	scaffold2799_74099_scaffold2799,74099,f2783Z74099	1	 scaffold8411_20637_scaffold8411,20637,f8492Z20637	1	
scaffold27_226228_scaffold27,226228,f43Z226228	scaffold27_226228_scaffold27,226228,f43Z226228	1	 scaffold2194_108004_scaffold2194,108004,f2122Z108004	1	
scaffold283_139619_scaffold283,139619,f5826Z139619	 scaffold261_290049_scaffold261,290049,f215Z290049	1	scaffold283_139619_scaffold283,139619,f5826Z139619	1	
scaffold2918_73116_scaffold2918,73116,f2935Z73116	 scaffold5353_53574_scaffold5353,53574,f5279Z53574	1	scaffold2918_73116_scaffold2918,73116,f2935Z73116	-1	
scaffold29382_10782_scaffold29382,10782,f29346Z10782	scaffold29382_10782_scaffold29382,10782,f29346Z10782	1	 scaffold9471_10144_scaffold9471,10144,f9474Z10144	-1	
scaffold2949_72740_scaffold2949,72740,f2922Z72740	scaffold66470_5550_scaffold66470,5550,f66475Z5550	1	 scaffold8143_23412_scaffold8143,23412,f8193Z23412	1	scaffold2949_72740_scaffold2949,72740,f2922Z72740	1	
scaffold294_138540_scaffold294,138540,f256Z138540	 scaffold6019_45683_scaffold6019,45683,f5954Z45683	1	scaffold294_138540_scaffold294,138540,f256Z138540	1	
scaffold29574_10715_scaffold29574,10715,f29509Z10715	scaffold29574_10715_scaffold29574,10715,f29509Z10715	1	 scaffold9560_9424_scaffold9560,9424,f9495Z9424	-1	
scaffold2981_72439_scaffold2981,72439,f2979Z72439	 scaffold3978_70562_scaffold3978,70562,f4030Z70562	1	scaffold2981_72439_scaffold2981,72439,f2979Z72439	1	
scaffold2998_72329_scaffold2998,72329,f2971Z72329	 scaffold491_226094_scaffold491,226094,f503Z226094	1	scaffold2998_72329_scaffold2998,72329,f2971Z72329	1	
scaffold2_308891_scaffold2,308891,f61Z308891	scaffold7071_47190_scaffold7071,47190,f7055Z47190	1	 scaffold361_254840_scaffold361,254840,f292Z254840	1	scaffold2_308891_scaffold2,308891,f61Z308891	1	
scaffold30050_10573_scaffold30050,10573,f29975Z10573	 scaffold9512_9825_scaffold9512,9825,f9513Z9825	1	scaffold30050_10573_scaffold30050,10573,f29975Z10573	1	
scaffold3033_72056_scaffold3033,72056,f3041Z72056	scaffold3033_72056_scaffold3033,72056,f3041Z72056	1	 scaffold3919_71549_scaffold3919,71549,f3930Z71549	1	
scaffold3048_71875_scaffold3048,71875,f3026Z71875	scaffold3048_71875_scaffold3048,71875,f3026Z71875	1	 scaffold2087_111730_scaffold2087,111730,f2029Z111730	-1	scaffold10200_35610_scaffold10200,35610,f10199Z35610	1	
scaffold3051_71822_scaffold3051,71822,f3017Z71822	scaffold3051_71822_scaffold3051,71822,f3017Z71822	1	 scaffold3913_71618_scaffold3913,71618,f3841Z71618	-1	
scaffold30795_10343_scaffold30795,10343,f31242Z10343	 scaffold10094_5666_scaffold10094,5666,f10019Z5666	1	scaffold30795_10343_scaffold30795,10343,f31242Z10343	1	
scaffold30_224340_scaffold30,224340,f44Z224340	 scaffold5281_54309_scaffold5281,54309,f5202Z54309	1	scaffold30_224340_scaffold30,224340,f44Z224340	-1	
scaffold31003_10282_scaffold31003,10282,f30928Z10282	scaffold31003_10282_scaffold31003,10282,f30928Z10282	1	 scaffold9909_6852_scaffold9909,6852,f10056Z6852	-1	
scaffold3106_71262_scaffold3106,71262,f3102Z71262	scaffold3106_71262_scaffold3106,71262,f3102Z71262	1	 scaffold4130_68430_scaffold4130,68430,f4060Z68430	1	
scaffold31104_10248_scaffold31104,10248,f31039Z10248	scaffold31104_10248_scaffold31104,10248,f31039Z10248	1	 scaffold9656_8824_scaffold9656,8824,f9776Z8824	1	
scaffold320_136034_scaffold320,136034,f318Z136034	scaffold320_136034_scaffold320,136034,f318Z136034	1	 scaffold5641_50004_scaffold5641,50004,f5682Z50004	-1	
scaffold32780_9785_scaffold32780,9785,f32716Z9785	 scaffold9836_7459_scaffold9836,7459,f9813Z7459	1	scaffold32780_9785_scaffold32780,9785,f32716Z9785	-1	
scaffold328_135111_scaffold328,135111,f326Z135111	 scaffold4830_59342_scaffold4830,59342,f4796Z59342	1	scaffold328_135111_scaffold328,135111,f326Z135111	1	
scaffold334_134563_scaffold334,134563,f301Z134563	 scaffold2005_114343_scaffold2005,114343,f1923Z114343	1	scaffold80_184350_scaffold80,184350,f54Z184350	-1	 scaffold4891_58635_scaffold4891,58635,f4818Z58635	-1	scaffold334_134563_scaffold334,134563,f301Z134563	1	
scaffold33_221529_scaffold33,221529,f30Z221529	scaffold33_221529_scaffold33,221529,f30Z221529	1	 scaffold1400_137462_scaffold1400,137462,f1332Z137462	-1	scaffold167_159452_scaffold167,159452,f162Z159452	-1	
scaffold34128_9451_scaffold34128,9451,f34082Z9451	 scaffold9679_8636_scaffold9679,8636,f9786Z8636	1	scaffold34128_9451_scaffold34128,9451,f34082Z9451	1	
scaffold3442_68533_scaffold3442,68533,f3413Z68533	 scaffold6236_43493_scaffold6236,43493,f6297Z43493	1	scaffold3442_68533_scaffold3442,68533,f3413Z68533	-1	
scaffold34620_9327_scaffold34620,9327,f34554Z9327	 scaffold9662_8753_scaffold9662,8753,f9582Z8753	1	scaffold34620_9327_scaffold34620,9327,f34554Z9327	1	
scaffold3486_68093_scaffold3486,68093,f3487Z68093	scaffold3486_68093_scaffold3486,68093,f3487Z68093	1	 scaffold9624_9034_scaffold9624,9034,f9557Z9034	-1	
scaffold35062_9225_scaffold35062,9225,f35009Z9225	scaffold35062_9225_scaffold35062,9225,f35009Z9225	1	 scaffold9590_9221_scaffold9590,9221,f9598Z9221	-1	
scaffold3506_67951_scaffold3506,67951,f3477Z67951	scaffold3506_67951_scaffold3506,67951,f3477Z67951	1	 scaffold4757_60126_scaffold4757,60126,f4785Z60126	1	
scaffold35418_9147_scaffold35418,9147,f35353Z9147	 scaffold9622_9050_scaffold9622,9050,f9521Z9050	1	scaffold35418_9147_scaffold35418,9147,f35353Z9147	-1	
scaffold35482_9133_scaffold35482,9133,f35406Z9133	 scaffold9635_8950_scaffold9635,8950,f9610Z8950	1	scaffold35482_9133_scaffold35482,9133,f35406Z9133	-1	
scaffold35745_9072_scaffold35745,9072,f35688Z9072	scaffold35745_9072_scaffold35745,9072,f35688Z9072	1	 scaffold8305_21738_scaffold8305,21738,f8260Z21738	-1	
scaffold360_131316_scaffold360,131316,f351Z131316	 scaffold624_202015_scaffold624,202015,f568Z202015	1	scaffold360_131316_scaffold360,131316,f351Z131316	-1	 scaffold1548_130897_scaffold1548,130897,f1476Z130897	-1	
scaffold3645_66825_scaffold3645,66825,f3624Z66825	scaffold3645_66825_scaffold3645,66825,f3624Z66825	1	 scaffold6643_39081_scaffold6643,39081,f6628Z39081	-1	
scaffold3703_66389_scaffold3703,66389,f3710Z66389	 scaffold6182_43994_scaffold6182,43994,f6156Z43994	1	scaffold3703_66389_scaffold3703,66389,f3710Z66389	1	
scaffold3804_65609_scaffold3804,65609,f3802Z65609	scaffold3804_65609_scaffold3804,65609,f3802Z65609	1	 scaffold7718_27838_scaffold7718,27838,f7666Z27838	1	
scaffold3805_65604_scaffold3805,65604,f3788Z65604	 scaffold7850_26708_scaffold7850,26708,f7993Z26708	1	scaffold3805_65604_scaffold3805,65604,f3788Z65604	1	
scaffold3830_65475_scaffold3830,65475,f3851Z65475	 scaffold9703_8517_scaffold9703,8517,f9751Z8517	1	scaffold3830_65475_scaffold3830,65475,f3851Z65475	1	
scaffold3849_65350_scaffold3849,65350,f3841Z65350	 scaffold8513_19725_scaffold8513,19725,f8514Z19725	1	scaffold3849_65350_scaffold3849,65350,f3841Z65350	1	
scaffold3872_65176_scaffold3872,65176,f3843Z65176	scaffold3872_65176_scaffold3872,65176,f3843Z65176	1	 scaffold6064_45206_scaffold6064,45206,f5978Z45206	1	
scaffold3896_65011_scaffold3896,65011,f3869Z65011	scaffold3896_65011_scaffold3896,65011,f3869Z65011	1	 scaffold5243_54682_scaffold5243,54682,f5162Z54682	1	
scaffold3931_64739_scaffold3931,64739,f3916Z64739	 scaffold4484_63751_scaffold4484,63751,f4496Z63751	1	scaffold3931_64739_scaffold3931,64739,f3916Z64739	1	
scaffold3956_64576_scaffold3956,64576,f3934Z64576	 scaffold5853_47485_scaffold5853,47485,f5811Z47485	1	scaffold3956_64576_scaffold3956,64576,f3934Z64576	-1	
scaffold3965_64527_scaffold3965,64527,f3960Z64527	scaffold3965_64527_scaffold3965,64527,f3960Z64527	1	 scaffold7150_33693_scaffold7150,33693,f7135Z33693	1	
scaffold3971_64477_scaffold3971,64477,f3993Z64477	 scaffold6857_36738_scaffold6857,36738,f6955Z36738	1	scaffold3971_64477_scaffold3971,64477,f3993Z64477	-1	
scaffold398_128634_scaffold398,128634,f358Z128634	scaffold398_128634_scaffold398,128634,f358Z128634	1	 scaffold141_377901_scaffold141,377901,f83Z377901	1	
scaffold4020_64136_scaffold4020,64136,f4013Z64136	 scaffold6170_44108_scaffold6170,44108,f6196Z44108	1	scaffold4020_64136_scaffold4020,64136,f4013Z64136	1	
scaffold4030_64080_scaffold4030,64080,f4006Z64080	scaffold4030_64080_scaffold4030,64080,f4006Z64080	1	 scaffold4733_60401_scaffold4733,60401,f4759Z60401	1	
scaffold407_127813_scaffold407,127813,f407Z127813	scaffold407_127813_scaffold407,127813,f407Z127813	1	 scaffold2750_93824_scaffold2750,93824,f2726Z93824	1	
scaffold41582_8019_scaffold41582,8019,f41539Z8019	 scaffold9776_7927_scaffold9776,7927,f9707Z7927	1	scaffold41582_8019_scaffold41582,8019,f41539Z8019	1	
scaffold4159_63162_scaffold4159,63162,f4143Z63162	scaffold4159_63162_scaffold4159,63162,f4143Z63162	1	 scaffold7336_31909_scaffold7336,31909,f7329Z31909	-1	
scaffold416_127251_scaffold416,127251,f417Z127251	scaffold416_127251_scaffold416,127251,f417Z127251	1	 scaffold8135_23545_scaffold8135,23545,f8132Z23545	1	
scaffold4185_62951_scaffold4185,62951,f4176Z62951	 scaffold5222_54953_scaffold5222,54953,f5222Z54953	1	scaffold4185_62951_scaffold4185,62951,f4176Z62951	-1	
scaffold422_126918_scaffold422,126918,f427Z126918	 scaffold6764_37656_scaffold6764,37656,f6698Z37656	1	scaffold422_126918_scaffold422,126918,f427Z126918	-1	
scaffold4261_62331_scaffold4261,62331,f4238Z62331	 scaffold1508_132614_scaffold1508,132614,f1501Z132614	1	scaffold4261_62331_scaffold4261,62331,f4238Z62331	1	 scaffold1508_132614_scaffold1508,132614,f1501Z132614	1	
scaffold4265_62291_scaffold4265,62291,f4262Z62291	scaffold4265_62291_scaffold4265,62291,f4262Z62291	1	 scaffold7194_33353_scaffold7194,33353,f7226Z33353	-1	
scaffold4388_61374_scaffold4388,61374,f4384Z61374	 scaffold5633_50103_scaffold5633,50103,f5550Z50103	1	scaffold4388_61374_scaffold4388,61374,f4384Z61374	-1	
scaffold440_125365_scaffold440,125365,f431Z125365	scaffold440_125365_scaffold440,125365,f431Z125365	1	 scaffold2563_98399_scaffold2563,98399,f2487Z98399	1	
scaffold4438_61045_scaffold4438,61045,f4442Z61045	 scaffold5130_55833_scaffold5130,55833,f5069Z55833	1	scaffold4438_61045_scaffold4438,61045,f4442Z61045	-1	
scaffold4547_60383_scaffold4547,60383,f4561Z60383	 scaffold8158_23270_scaffold8158,23270,f8061Z23270	1	scaffold4547_60383_scaffold4547,60383,f4561Z60383	1	
scaffold45525_7476_scaffold45525,7476,f45494Z7476	scaffold45525_7476_scaffold45525,7476,f45494Z7476	1	 scaffold9842_7417_scaffold9842,7417,f9773Z7417	-1	
scaffold4556_60322_scaffold4556,60322,f4487Z60322	 scaffold5049_56693_scaffold5049,56693,f4956Z56693	1	scaffold4556_60322_scaffold4556,60322,f4487Z60322	1	
scaffold4567_60274_scaffold4567,60274,f4552Z60274	 scaffold8271_22177_scaffold8271,22177,f8225Z22177	1	scaffold4567_60274_scaffold4567,60274,f4552Z60274	-1	
scaffold456_124665_scaffold456,124665,f467Z124665	 scaffold5846_47576_scaffold5846,47576,f5761Z47576	1	scaffold456_124665_scaffold456,124665,f467Z124665	-1	
scaffold4603_60037_scaffold4603,60037,f4596Z60037	scaffold4603_60037_scaffold4603,60037,f4596Z60037	1	 scaffold5577_50672_scaffold5577,50672,f5533Z50672	1	
scaffold4623_59917_scaffold4623,59917,f4547Z59917	 scaffold6429_41364_scaffold6429,41364,f6414Z41364	1	scaffold4623_59917_scaffold4623,59917,f4547Z59917	1	
scaffold47178_7278_scaffold47178,7278,f47131Z7278	 scaffold10034_6084_scaffold10034,6084,f10041Z6084	1	scaffold47178_7278_scaffold47178,7278,f47131Z7278	-1	
scaffold4747_59135_scaffold4747,59135,f4707Z59135	 scaffold6326_42575_scaffold6326,42575,f6258Z42575	1	scaffold4747_59135_scaffold4747,59135,f4707Z59135	-1	
scaffold4797_58889_scaffold4797,58889,f4783Z58889	 scaffold8726_17868_scaffold8726,17868,f8634Z17868	1	scaffold4797_58889_scaffold4797,58889,f4783Z58889	1	 scaffold2168_108976_scaffold2168,108976,f2175Z108976	1	
scaffold4799_58873_scaffold4799,58873,f4758Z58873	 scaffold7174_33483_scaffold7174,33483,f7279Z33483	1	scaffold4799_58873_scaffold4799,58873,f4758Z58873	1	
scaffold4819_58754_scaffold4819,58754,f4825Z58754	 scaffold9543_9530_scaffold9543,9530,f9456Z9530	1	scaffold4819_58754_scaffold4819,58754,f4825Z58754	-1	
scaffold4852_58489_scaffold4852,58489,f4856Z58489	scaffold4852_58489_scaffold4852,58489,f4856Z58489	1	 scaffold9481_10071_scaffold9481,10071,f9420Z10071	1	
scaffold4867_58400_scaffold4867,58400,f4812Z58400	scaffold4867_58400_scaffold4867,58400,f4812Z58400	1	 scaffold9501_9889_scaffold9501,9889,f9580Z9889	-1	
scaffold4904_58150_scaffold4904,58150,f4855Z58150	 scaffold5783_48312_scaffold5783,48312,f5793Z48312	1	scaffold4904_58150_scaffold4904,58150,f4855Z58150	-1	
scaffold5257_56148_scaffold5257,56148,f5266Z56148	scaffold5257_56148_scaffold5257,56148,f5266Z56148	1	 scaffold7502_30133_scaffold7502,30133,f7585Z30133	-1	scaffold42263_7908_scaffold42263,7908,f42212Z7908	-1	
scaffold5307_55864_scaffold5307,55864,f5305Z55864	scaffold5307_55864_scaffold5307,55864,f5305Z55864	1	 scaffold7420_30858_scaffold7420,30858,f7385Z30858	-1	
scaffold5432_55229_scaffold5432,55229,f5429Z55229	scaffold5432_55229_scaffold5432,55229,f5429Z55229	1	 scaffold7012_35043_scaffold7012,35043,f7008Z35043	-1	
scaffold545_119500_scaffold545,119500,f501Z119500	 scaffold4025_69895_scaffold4025,69895,f3950Z69895	1	scaffold545_119500_scaffold545,119500,f501Z119500	-1	 scaffold1873_119007_scaffold1873,119007,f1811Z119007	1	scaffold11562_31372_scaffold11562,31372,f11564Z31372	-1	
scaffold5478_55001_scaffold5478,55001,f5479Z55001	 scaffold7695_28068_scaffold7695,28068,f7648Z28068	1	scaffold5478_55001_scaffold5478,55001,f5479Z55001	1	
scaffold547_119405_scaffold547,119405,f548Z119405	scaffold547_119405_scaffold547,119405,f548Z119405	1	 scaffold4449_64226_scaffold4449,64226,f4398Z64226	-1	
scaffold5615_54334_scaffold5615,54334,f5619Z54334	scaffold5615_54334_scaffold5615,54334,f5619Z54334	1	 scaffold7753_27586_scaffold7753,27586,f7671Z27586	1	
scaffold5690_53965_scaffold5690,53965,f5693Z53965	 scaffold8489_19915_scaffold8489,19915,f8399Z19915	1	scaffold5690_53965_scaffold5690,53965,f5693Z53965	1	
scaffold5816_53229_scaffold5816,53229,f5782Z53229	scaffold14103_24882_scaffold14103,24882,f14044Z24882	1	 scaffold2996_88449_scaffold2996,88449,f2917Z88449	1	scaffold5816_53229_scaffold5816,53229,f5782Z53229	-1	
scaffold5838_53138_scaffold5838,53138,f5816Z53138	scaffold5838_53138_scaffold5838,53138,f5816Z53138	1	 scaffold5572_50750_scaffold5572,50750,f5624Z50750	1	
scaffold5904_52735_scaffold5904,52735,f5923Z52735	 scaffold9033_14720_scaffold9033,14720,f8946Z14720	1	scaffold5904_52735_scaffold5904,52735,f5923Z52735	-1	
scaffold60621_5987_scaffold60621,5987,f60593Z5987	scaffold60621_5987_scaffold60621,5987,f60593Z5987	1	 scaffold10072_5823_scaffold10072,5823,f10062Z5823	-1	
scaffold616_115720_scaffold616,115720,f575Z115720	scaffold616_115720_scaffold616,115720,f575Z115720	1	 scaffold5435_52615_scaffold5435,52615,f5412Z52615	1	
scaffold6206_51208_scaffold6206,51208,f6189Z51208	 scaffold9607_9126_scaffold9607,9126,f9798Z9126	1	scaffold6206_51208_scaffold6206,51208,f6189Z51208	1	
scaffold624_115389_scaffold624,115389,f602Z115389	scaffold624_115389_scaffold624,115389,f602Z115389	1	 scaffold8121_23792_scaffold8121,23792,f8144Z23792	-1	
scaffold6301_50792_scaffold6301,50792,f6262Z50792	 scaffold6387_41917_scaffold6387,41917,f6336Z41917	1	scaffold6301_50792_scaffold6301,50792,f6262Z50792	-1	
scaffold648_114294_scaffold648,114294,f664Z114294	scaffold648_114294_scaffold648,114294,f664Z114294	1	 scaffold5468_52035_scaffold5468,52035,f5421Z52035	1	
scaffold6527_49706_scaffold6527,49706,f6524Z49706	 scaffold7142_33767_scaffold7142,33767,f7071Z33767	1	scaffold6527_49706_scaffold6527,49706,f6524Z49706	-1	
scaffold6547_49621_scaffold6547,49621,f6480Z49621	scaffold6547_49621_scaffold6547,49621,f6480Z49621	1	 scaffold7578_29222_scaffold7578,29222,f7562Z29222	-1	
scaffold6614_49340_scaffold6614,49340,f6602Z49340	scaffold6614_49340_scaffold6614,49340,f6602Z49340	1	 scaffold8042_24673_scaffold8042,24673,f8062Z24673	-1	
scaffold662_113607_scaffold662,113607,f607Z113607	scaffold4300_62010_scaffold4300,62010,f4300Z62010	1	 scaffold4815_59615_scaffold4815,59615,f4891Z59615	-1	scaffold17050_19637_scaffold17050,19637,f17027Z19637	1	 scaffold3228_83795_scaffold3228,83795,f3204Z83795	1	scaffold662_113607_scaffold662,113607,f607Z113607	1	
scaffold6676_49019_scaffold6676,49019,f6669Z49019	scaffold5423_55273_scaffold5423,55273,f5408Z55273	1	 scaffold815_177617_scaffold815,177617,f757Z177617	-1	scaffold6676_49019_scaffold6676,49019,f6669Z49019	1	 scaffold815_177617_scaffold815,177617,f757Z177617	-1	
scaffold6694_48949_scaffold6694,48949,f6681Z48949	 scaffold6321_42608_scaffold6321,42608,f6347Z42608	1	scaffold6694_48949_scaffold6694,48949,f6681Z48949	-1	
scaffold6739_48682_scaffold6739,48682,f6738Z48682	scaffold6739_48682_scaffold6739,48682,f6738Z48682	1	 scaffold7337_31905_scaffold7337,31905,f7316Z31905	-1	
scaffold673_113296_scaffold673,113296,f680Z113296	scaffold26569_11862_scaffold26569,11862,f26484Z11862	1	 scaffold7771_27399_scaffold7771,27399,f7768Z27399	1	scaffold673_113296_scaffold673,113296,f680Z113296	1	
scaffold677_113182_scaffold677,113182,f681Z113182	 scaffold3460_79700_scaffold3460,79700,f3474Z79700	1	scaffold677_113182_scaffold677,113182,f681Z113182	1	
scaffold68145_5432_scaffold68145,5432,f68118Z5432	 scaffold10126_5415_scaffold10126,5415,f10158Z5415	1	scaffold68145_5432_scaffold68145,5432,f68118Z5432	-1	
scaffold6825_48400_scaffold6825,48400,f6813Z48400	 scaffold5852_47486_scaffold5852,47486,f5770Z47486	1	scaffold6825_48400_scaffold6825,48400,f6813Z48400	-1	
scaffold6923_47921_scaffold6923,47921,f6937Z47921	 scaffold7526_29755_scaffold7526,29755,f7555Z29755	1	scaffold6923_47921_scaffold6923,47921,f6937Z47921	1	
scaffold6955_47726_scaffold6955,47726,f6976Z47726	scaffold6955_47726_scaffold6955,47726,f6976Z47726	1	 scaffold9850_7383_scaffold9850,7383,f9832Z7383	-1	
scaffold7000_47542_scaffold7000,47542,f6981Z47542	scaffold7000_47542_scaffold7000,47542,f6981Z47542	1	 scaffold6269_43148_scaffold6269,43148,f6212Z43148	-1	scaffold40691_8160_scaffold40691,8160,f40640Z8160	1	
scaffold7190_46721_scaffold7190,46721,f7199Z46721	 scaffold5919_46599_scaffold5919,46599,f6051Z46599	1	scaffold7190_46721_scaffold7190,46721,f7199Z46721	-1	
scaffold7212_46611_scaffold7212,46611,f7188Z46611	 scaffold9794_7775_scaffold9794,7775,f9887Z7775	1	scaffold7212_46611_scaffold7212,46611,f7188Z46611	-1	
scaffold7234_46508_scaffold7234,46508,f7254Z46508	 scaffold6215_43711_scaffold6215,43711,f6199Z43711	1	scaffold7234_46508_scaffold7234,46508,f7254Z46508	-1	
scaffold7245_46458_scaffold7245,46458,f7241Z46458	 scaffold7534_29676_scaffold7534,29676,f7510Z29676	1	scaffold7245_46458_scaffold7245,46458,f7241Z46458	1	
scaffold725_111328_scaffold725,111328,f718Z111328	 scaffold9639_8929_scaffold9639,8929,f9547Z8929	1	scaffold725_111328_scaffold725,111328,f718Z111328	1	
scaffold7308_46190_scaffold7308,46190,f7326Z46190	scaffold7308_46190_scaffold7308,46190,f7326Z46190	1	 scaffold9604_9132_scaffold9604,9132,f9512Z9132	1	
scaffold7310_46187_scaffold7310,46187,f7323Z46187	scaffold7310_46187_scaffold7310,46187,f7323Z46187	1	 scaffold9355_11204_scaffold9355,11204,f9398Z11204	-1	
scaffold7384_45898_scaffold7384,45898,f7348Z45898	scaffold7384_45898_scaffold7384,45898,f7348Z45898	1	 scaffold6334_42505_scaffold6334,42505,f6248Z42505	1	scaffold11444_31725_scaffold11444,31725,f11445Z31725	1	
scaffold739_110827_scaffold739,110827,f671Z110827	 scaffold2229_107046_scaffold2229,107046,f2239Z107046	1	scaffold739_110827_scaffold739,110827,f671Z110827	1	 scaffold1861_119254_scaffold1861,119254,f1782Z119254	-1	
scaffold7499_45437_scaffold7499,45437,f7471Z45437	 scaffold6284_42993_scaffold6284,42993,f6247Z42993	1	scaffold7499_45437_scaffold7499,45437,f7471Z45437	-1	
scaffold7544_45263_scaffold7544,45263,f7506Z45263	scaffold7544_45263_scaffold7544,45263,f7506Z45263	1	 scaffold6550_40106_scaffold6550,40106,f6550Z40106	-1	
scaffold75_186990_scaffold75,186990,f81Z186990	scaffold75_186990_scaffold75,186990,f81Z186990	1	 scaffold1286_143532_scaffold1286,143532,f1226Z143532	-1	scaffold13272_26775_scaffold13272,26775,f13341Z26775	1	
scaffold766_110091_scaffold766,110091,f744Z110091	scaffold766_110091_scaffold766,110091,f744Z110091	1	 scaffold2920_90018_scaffold2920,90018,f2898Z90018	1	
scaffold768_110046_scaffold768,110046,f772Z110046	 scaffold3751_74431_scaffold3751,74431,f3736Z74431	1	scaffold768_110046_scaffold768,110046,f772Z110046	1	
scaffold7827_44014_scaffold7827,44014,f7770Z44014	scaffold7827_44014_scaffold7827,44014,f7770Z44014	1	 scaffold6314_42723_scaffold6314,42723,f6398Z42723	-1	
scaffold7907_43679_scaffold7907,43679,f7916Z43679	scaffold7907_43679_scaffold7907,43679,f7916Z43679	1	 scaffold8170_23117_scaffold8170,23117,f8207Z23117	-1	
scaffold796_108811_scaffold796,108811,f796Z108811	 scaffold8052_24494_scaffold8052,24494,f8063Z24494	1	scaffold796_108811_scaffold796,108811,f796Z108811	1	
scaffold798_108740_scaffold798,108740,f777Z108740	 scaffold3012_88213_scaffold3012,88213,f2997Z88213	1	scaffold798_108740_scaffold798,108740,f777Z108740	1	
scaffold802_108567_scaffold802,108567,f764Z108567	 scaffold13_889727_scaffold13,889727,f65Z889727	1	scaffold802_108567_scaffold802,108567,f764Z108567	-1	 scaffold13_889727_scaffold13,889727,f65Z889727	1	
scaffold8195_42582_scaffold8195,42582,f8201Z42582	 scaffold7585_29137_scaffold7585,29137,f7544Z29137	1	scaffold8195_42582_scaffold8195,42582,f8201Z42582	1	
scaffold819_107715_scaffold819,107715,f795Z107715	 scaffold3388_80924_scaffold3388,80924,f3421Z80924	1	scaffold819_107715_scaffold819,107715,f795Z107715	1	
scaffold8290_42173_scaffold8290,42173,f8252Z42173	scaffold8290_42173_scaffold8290,42173,f8252Z42173	1	 scaffold6418_41489_scaffold6418,41489,f6407Z41489	1	
scaffold8333_42015_scaffold8333,42015,f8308Z42015	scaffold36961_8823_scaffold36961,8823,f36894Z8823	1	 scaffold8606_18801_scaffold8606,18801,f8701Z18801	1	scaffold8333_42015_scaffold8333,42015,f8308Z42015	1	 scaffold6912_36130_scaffold6912,36130,f6962Z36130	-1	
scaffold8358_41905_scaffold8358,41905,f8336Z41905	scaffold8358_41905_scaffold8358,41905,f8336Z41905	1	 scaffold6624_39283_scaffold6624,39283,f6578Z39283	1	
scaffold8364_41886_scaffold8364,41886,f8309Z41886	 scaffold8453_20250_scaffold8453,20250,f8375Z20250	1	scaffold8364_41886_scaffold8364,41886,f8309Z41886	1	
scaffold8382_41809_scaffold8382,41809,f8396Z41809	scaffold8382_41809_scaffold8382,41809,f8396Z41809	1	 scaffold7968_25457_scaffold7968,25457,f7957Z25457	-1	
scaffold8385_41780_scaffold8385,41780,f8333Z41780	 scaffold7969_25452_scaffold7969,25452,f7923Z25452	1	scaffold8385_41780_scaffold8385,41780,f8333Z41780	-1	
scaffold8428_41634_scaffold8428,41634,f8430Z41634	 scaffold8312_21685_scaffold8312,21685,f8212Z21685	1	scaffold8428_41634_scaffold8428,41634,f8430Z41634	1	
scaffold8429_41634_scaffold8429,41634,f8383Z41634	scaffold8429_41634_scaffold8429,41634,f8383Z41634	1	 scaffold7435_30698_scaffold7435,30698,f7539Z30698	1	
scaffold8496_41378_scaffold8496,41378,f8481Z41378	 scaffold9218_12591_scaffold9218,12591,f9213Z12591	1	scaffold8496_41378_scaffold8496,41378,f8481Z41378	1	
scaffold8594_41029_scaffold8594,41029,f8582Z41029	 scaffold9113_13866_scaffold9113,13866,f9101Z13866	1	scaffold8594_41029_scaffold8594,41029,f8582Z41029	-1	
scaffold873_106032_scaffold873,106032,f820Z106032	scaffold873_106032_scaffold873,106032,f820Z106032	1	 scaffold1106_154511_scaffold1106,154511,f1077Z154511	1	scaffold1181_97670_scaffold1181,97670,f1158Z97670	1	
scaffold8748_40485_scaffold8748,40485,f8754Z40485	scaffold8748_40485_scaffold8748,40485,f8754Z40485	1	 scaffold6874_36530_scaffold6874,36530,f6948Z36530	-1	scaffold65343_5630_scaffold65343,5630,f65302Z5630	-1	
scaffold875_106013_scaffold875,106013,f863Z106013	scaffold875_106013_scaffold875,106013,f863Z106013	1	 scaffold2394_102871_scaffold2394,102871,f2345Z102871	1	
scaffold8809_40257_scaffold8809,40257,f8774Z40257	 scaffold7129_33852_scaffold7129,33852,f7101Z33852	1	scaffold8809_40257_scaffold8809,40257,f8774Z40257	1	
scaffold8971_39638_scaffold8971,39638,f8962Z39638	 scaffold8676_18254_scaffold8676,18254,f8713Z18254	1	scaffold8971_39638_scaffold8971,39638,f8962Z39638	-1	
scaffold9035_39387_scaffold9035,39387,f8984Z39387	scaffold9035_39387_scaffold9035,39387,f8984Z39387	1	 scaffold9467_10179_scaffold9467,10179,f9475Z10179	1	
scaffold9148_39058_scaffold9148,39058,f9169Z39058	scaffold9148_39058_scaffold9148,39058,f9169Z39058	1	 scaffold9289_11793_scaffold9289,11793,f9195Z11793	-1	
scaffold9237_38748_scaffold9237,38748,f9263Z38748	 scaffold9221_12567_scaffold9221,12567,f9134Z12567	1	scaffold9237_38748_scaffold9237,38748,f9263Z38748	1	
scaffold9278_38588_scaffold9278,38588,f9260Z38588	 scaffold782_181417_scaffold782,181417,f739Z181417	1	scaffold9278_38588_scaffold9278,38588,f9260Z38588	-1	 scaffold9135_13588_scaffold9135,13588,f9035Z13588	1	
scaffold92_181462_scaffold92,181462,f80Z181462	scaffold4327_61837_scaffold4327,61837,f4289Z61837	1	 scaffold929_167488_scaffold929,167488,f855Z167488	-1	scaffold92_181462_scaffold92,181462,f80Z181462	1	 scaffold349_258572_scaffold349,258572,f308Z258572	1	
scaffold9334_38460_scaffold9334,38460,f9277Z38460	 scaffold6884_36479_scaffold6884,36479,f6826Z36479	1	scaffold9334_38460_scaffold9334,38460,f9277Z38460	1	
scaffold9398_38273_scaffold9398,38273,f9338Z38273	scaffold9398_38273_scaffold9398,38273,f9338Z38273	1	 scaffold7436_30693_scaffold7436,30693,f7470Z30693	1	
scaffold9533_37760_scaffold9533,37760,f9502Z37760	 scaffold8465_20135_scaffold8465,20135,f8452Z20135	1	scaffold9533_37760_scaffold9533,37760,f9502Z37760	1	
scaffold9595_37552_scaffold9595,37552,f9511Z37552	scaffold9595_37552_scaffold9595,37552,f9511Z37552	1	 scaffold7347_31792_scaffold7347,31792,f7257Z31792	1	
scaffold9622_37460_scaffold9622,37460,f9634Z37460	scaffold52616_6699_scaffold52616,6699,f52578Z6699	1	 scaffold8656_18431_scaffold8656,18431,f8559Z18431	-1	scaffold9622_37460_scaffold9622,37460,f9634Z37460	1	
scaffold9811_36802_scaffold9811,36802,f9821Z36802	 scaffold8888_16313_scaffold8888,16313,f8959Z16313	1	scaffold9811_36802_scaffold9811,36802,f9821Z36802	1	
scaffold9855_36678_scaffold9855,36678,f9824Z36678	scaffold9855_36678_scaffold9855,36678,f9824Z36678	1	 scaffold9288_11805_scaffold9288,11805,f9353Z11805	-1	
Merged Contig and length: scaffold10072_36101_scaffold10072,36101,f10104Z36101	56959
Merged Contig and length: scaffold1013_101773_scaffold1013,101773,f1020Z101773	109904
Merged Contig and length: scaffold1025_101451_scaffold1025,101451,f1022Z101451	143949
Merged Contig and length: scaffold1028_101423_scaffold1028,101423,f1018Z101423	144681
Merged Contig and length: scaffold10320_35225_scaffold10320,35225,f10300Z35225	40143
Merged Contig and length: scaffold1048_100766_scaffold1048,100766,f1053Z100766	150104
Merged Contig and length: scaffold1054_100538_scaffold1054,100538,f1024Z100538	110246
Merged Contig and length: scaffold1057_100483_scaffold1057,100483,f1056Z100483	129660
Merged Contig and length: scaffold10631_34306_scaffold10631,34306,f10660Z34306	35387
Merged Contig and length: scaffold1066_100247_scaffold1066,100247,f1036Z100247	264129
Merged Contig and length: scaffold10694_34065_scaffold10694,34065,f10717Z34065	41114
Merged Contig and length: scaffold10887_33440_scaffold10887,33440,f10817Z33440	87976
Merged Contig and length: scaffold1088_99834_scaffold1088,99834,f1055Z99834	106774
Merged Contig and length: scaffold11164_32608_scaffold11164,32608,f11090Z32608	45547
Merged Contig and length: scaffold1116_99245_scaffold1116,99245,f1126Z99245	123815
Merged Contig and length: scaffold11170_32594_scaffold11170,32594,f11058Z32594	45383
Merged Contig and length: scaffold11172_32590_scaffold11172,32590,f11155Z32590	40174
Merged Contig and length: scaffold11187_32550_scaffold11187,32550,f11116Z32550	31078
Merged Contig and length: scaffold1128_98846_scaffold1128,98846,f1125Z98846	129221
Merged Contig and length: scaffold11295_32216_scaffold11295,32216,f11279Z32216	38460
Merged Contig and length: scaffold11369_31963_scaffold11369,31963,f11316Z31963	32989
Merged Contig and length: scaffold1149_98447_scaffold1149,98447,f1122Z98447	115881
Merged Contig and length: scaffold11650_31147_scaffold11650,31147,f11669Z31147	31675
Merged Contig and length: scaffold1168_97909_scaffold1168,97909,f1134Z97909	166248
Merged Contig and length: scaffold116_170971_scaffold116,170971,f102Z170971	202203
Merged Contig and length: scaffold11820_30679_scaffold11820,30679,f11728Z30679	41192
Merged Contig and length: scaffold1215_96730_scaffold1215,96730,f1225Z96730	160735
Merged Contig and length: scaffold12265_29337_scaffold12265,29337,f12251Z29337	35338
Merged Contig and length: scaffold12279_29297_scaffold12279,29297,f12230Z29297	31638
Merged Contig and length: scaffold12315_29186_scaffold12315,29186,f12324Z29186	44666
Merged Contig and length: scaffold1232_96308_scaffold1232,96308,f1238Z96308	163832
Merged Contig and length: scaffold12352_29091_scaffold12352,29091,f12336Z29091	52322
Merged Contig and length: scaffold12389_28998_scaffold12389,28998,f12408Z28998	30010
Merged Contig and length: scaffold123_169109_scaffold123,169109,f142Z169109	268744
Merged Contig and length: scaffold12414_28940_scaffold12414,28940,f12361Z28940	41595
Merged Contig and length: scaffold125_168783_scaffold125,168783,f120Z168783	360707
Merged Contig and length: scaffold12713_28154_scaffold12713,28154,f12736Z28154	28265
Merged Contig and length: scaffold12751_28090_scaffold12751,28090,f12769Z28090	31111
Merged Contig and length: scaffold1277_95387_scaffold1277,95387,f1267Z95387	114514
Merged Contig and length: scaffold12841_27826_scaffold12841,27826,f12907Z27826	42825
Merged Contig and length: scaffold1292_95115_scaffold1292,95115,f1291Z95115	102359
Merged Contig and length: scaffold12_256164_scaffold12,256164,f53Z256164	263847
Merged Contig and length: scaffold13105_27188_scaffold13105,27188,f13023Z27188	27455
Merged Contig and length: scaffold1316_94438_scaffold1316,94438,f1289Z94438	156092
Merged Contig and length: scaffold1318_94366_scaffold1318,94366,f1295Z94366	132878
Merged Contig and length: scaffold131_166951_scaffold131,166951,f164Z166951	183477
Merged Contig and length: scaffold1326_94276_scaffold1326,94276,f1329Z94276	173457
Merged Contig and length: scaffold13309_26699_scaffold13309,26699,f13203Z26699	43686
Merged Contig and length: scaffold13321_26680_scaffold13321,26680,f13239Z26680	63365
Merged Contig and length: scaffold13631_25915_scaffold13631,25915,f13588Z25915	27245
Merged Contig and length: scaffold13664_25846_scaffold13664,25846,f13563Z25846	64929
Merged Contig and length: scaffold13812_25505_scaffold13812,25505,f13732Z25505	147345
Merged Contig and length: scaffold13817_25493_scaffold13817,25493,f13827Z25493	30970
Merged Contig and length: scaffold1388_93090_scaffold1388,93090,f1368Z93090	191140
Merged Contig and length: scaffold13968_25173_scaffold13968,25173,f14008Z25173	30079
Merged Contig and length: scaffold14212_24681_scaffold14212,24681,f14236Z24681	101678
Merged Contig and length: scaffold1429_92499_scaffold1429,92499,f1440Z92499	144440
Merged Contig and length: scaffold1431_92456_scaffold1431,92456,f1389Z92456	98475
Merged Contig and length: scaffold1436_92404_scaffold1436,92404,f1412Z92404	96830
Merged Contig and length: scaffold14676_23718_scaffold14676,23718,f14632Z23718	29147
Merged Contig and length: scaffold14691_23685_scaffold14691,23685,f14679Z23685	39370
Merged Contig and length: scaffold14753_23553_scaffold14753,23553,f14758Z23553	30995
Merged Contig and length: scaffold15184_22731_scaffold15184,22731,f15264Z22731	48550
Merged Contig and length: scaffold1528_90660_scaffold1528,90660,f1519Z90660	98489
Merged Contig and length: scaffold15597_21959_scaffold15597,21959,f15638Z21959	34603
Merged Contig and length: scaffold1560_90170_scaffold1560,90170,f1488Z90170	138369
Merged Contig and length: scaffold1562_90122_scaffold1562,90122,f1513Z90122	91015
Merged Contig and length: scaffold1563_90114_scaffold1563,90114,f1534Z90114	162427
Merged Contig and length: scaffold15653_21878_scaffold15653,21878,f15556Z21878	27213
Merged Contig and length: scaffold15775_21680_scaffold15775,21680,f15700Z21680	26738
Merged Contig and length: scaffold1607_89415_scaffold1607,89415,f1595Z89415	89813
Merged Contig and length: scaffold16230_20916_scaffold16230,20916,f16222Z20916	137485
Merged Contig and length: scaffold16366_20714_scaffold16366,20714,f16259Z20714	21919
Merged Contig and length: scaffold1659_88596_scaffold1659,88596,f1648Z88596	105432
Merged Contig and length: scaffold165_159644_scaffold165,159644,f147Z159644	196059
Merged Contig and length: scaffold16725_20168_scaffold16725,20168,f16740Z20168	22748
Merged Contig and length: scaffold16860_19944_scaffold16860,19944,f16906Z19944	42226
Merged Contig and length: scaffold16949_19810_scaffold16949,19810,f17059Z19810	21791
Merged Contig and length: scaffold17117_19528_scaffold17117,19528,f17216Z19528	20365
Merged Contig and length: scaffold1740_87401_scaffold1740,87401,f1714Z87401	90604
Merged Contig and length: scaffold1765_86968_scaffold1765,86968,f1777Z86968	121352
Merged Contig and length: scaffold17828_18562_scaffold17828,18562,f17815Z18562	23648
Merged Contig and length: scaffold1798_86580_scaffold1798,86580,f1786Z86580	116846
Merged Contig and length: scaffold18112_18210_scaffold18112,18210,f18153Z18210	296677
Merged Contig and length: scaffold1812_86457_scaffold1812,86457,f1808Z86457	99638
Merged Contig and length: scaffold18252_18052_scaffold18252,18052,f18277Z18052	20175
Merged Contig and length: scaffold18363_17928_scaffold18363,17928,f18381Z17928	62147
Merged Contig and length: scaffold18492_17760_scaffold18492,17760,f18506Z17760	21908
Merged Contig and length: scaffold18500_17750_scaffold18500,17750,f18399Z17750	24147
Merged Contig and length: scaffold1888_85165_scaffold1888,85165,f1848Z85165	103616
Merged Contig and length: scaffold1891_85136_scaffold1891,85136,f1892Z85136	117948
Merged Contig and length: scaffold1898_85038_scaffold1898,85038,f1870Z85038	89718
Merged Contig and length: scaffold1905_84942_scaffold1905,84942,f1895Z84942	93214
Merged Contig and length: scaffold1920_84732_scaffold1920,84732,f1905Z84732	133457
Merged Contig and length: scaffold19289_16880_scaffold19289,16880,f19283Z16880	20609
Merged Contig and length: scaffold19350_16822_scaffold19350,16822,f19417Z16822	19810
Merged Contig and length: scaffold19443_16733_scaffold19443,16733,f19375Z16733	17893
Merged Contig and length: scaffold1977_83833_scaffold1977,83833,f1938Z83833	268605
Merged Contig and length: scaffold1982_83776_scaffold1982,83776,f1965Z83776	141314
Merged Contig and length: scaffold2005_83466_scaffold2005,83466,f1991Z83466	107443
Merged Contig and length: scaffold20336_15874_scaffold20336,15874,f20255Z15874	18813
Merged Contig and length: scaffold2035_83044_scaffold2035,83044,f2027Z83044	107095
Merged Contig and length: scaffold20677_15574_scaffold20677,15574,f20581Z15574	16089
Merged Contig and length: scaffold21026_15282_scaffold21026,15282,f21112Z15282	21107
Merged Contig and length: scaffold2102_82219_scaffold2102,82219,f2071Z82219	89083
Merged Contig and length: scaffold2122_81897_scaffold2122,81897,f2094Z81897	85374
Merged Contig and length: scaffold2131_81812_scaffold2131,81812,f2114Z81812	81944
Merged Contig and length: scaffold2146_81642_scaffold2146,81642,f2136Z81642	147914
Merged Contig and length: scaffold2160_81429_scaffold2160,81429,f2170Z81429	85073
Merged Contig and length: scaffold21683_14763_scaffold21683,14763,f21580Z14763	16825
Merged Contig and length: scaffold222_149203_scaffold222,149203,f204Z149203	209512
Merged Contig and length: scaffold2241_80365_scaffold2241,80365,f2236Z80365	80434
Merged Contig and length: scaffold22646_14056_scaffold22646,14056,f22739Z14056	238390
Merged Contig and length: scaffold2265_80055_scaffold2265,80055,f2237Z80055	119397
Merged Contig and length: scaffold227_148531_scaffold227,148531,f208Z148531	175006
Merged Contig and length: scaffold23010_13798_scaffold23010,13798,f23100Z13798	16493
Merged Contig and length: scaffold2321_79347_scaffold2321,79347,f2307Z79347	151095
Merged Contig and length: scaffold23227_13673_scaffold23227,13673,f23201Z13673	15096
Merged Contig and length: scaffold234_146994_scaffold234,146994,f192Z146994	209570
Merged Contig and length: scaffold2350_78983_scaffold2350,78983,f2303Z78983	115576
Merged Contig and length: scaffold2359_78914_scaffold2359,78914,f2318Z78914	121185
Merged Contig and length: scaffold23827_13295_scaffold23827,13295,f23848Z13295	41836
Merged Contig and length: scaffold24049_13181_scaffold24049,13181,f23963Z13181	13223
Merged Contig and length: scaffold2414_78221_scaffold2414,78221,f2418Z78221	130000
Merged Contig and length: scaffold2417_78198_scaffold2417,78198,f2425Z78198	105751
Merged Contig and length: scaffold2430_78063_scaffold2430,78063,f2398Z78063	513259
Merged Contig and length: scaffold2436_77968_scaffold2436,77968,f2421Z77968	97037
Merged Contig and length: scaffold244_145672_scaffold244,145672,f219Z145672	198997
Merged Contig and length: scaffold2452_77786_scaffold2452,77786,f2453Z77786	91928
Merged Contig and length: scaffold24653_12845_scaffold24653,12845,f24560Z12845	12938
Merged Contig and length: scaffold2486_77304_scaffold2486,77304,f2451Z77304	189309
Merged Contig and length: scaffold2508_77045_scaffold2508,77045,f2511Z77045	87754
Merged Contig and length: scaffold250_144765_scaffold250,144765,f241Z144765	281699
Merged Contig and length: scaffold2515_76929_scaffold2515,76929,f2502Z76929	118355
Merged Contig and length: scaffold25550_12368_scaffold25550,12368,f25470Z12368	14849
Merged Contig and length: scaffold2560_76556_scaffold2560,76556,f2545Z76556	90609
Merged Contig and length: scaffold2606_76071_scaffold2606,76071,f2617Z76071	95017
Merged Contig and length: scaffold26140_12071_scaffold26140,12071,f26064Z12071	12119
Merged Contig and length: scaffold2663_75506_scaffold2663,75506,f2668Z75506	77455
Merged Contig and length: scaffold267_141550_scaffold267,141550,f240Z141550	205938
Merged Contig and length: scaffold2704_75126_scaffold2704,75126,f2709Z75126	87146
Merged Contig and length: scaffold2728_74806_scaffold2728,74806,f2732Z74806	95748
Merged Contig and length: scaffold2799_74099_scaffold2799,74099,f2783Z74099	79469
Merged Contig and length: scaffold27_226228_scaffold27,226228,f43Z226228	226899
Merged Contig and length: scaffold283_139619_scaffold283,139619,f5826Z139619	293567
Merged Contig and length: scaffold2918_73116_scaffold2918,73116,f2935Z73116	105991
Merged Contig and length: scaffold29382_10782_scaffold29382,10782,f29346Z10782	11668
Merged Contig and length: scaffold2949_72740_scaffold2949,72740,f2922Z72740	82457
Merged Contig and length: scaffold294_138540_scaffold294,138540,f256Z138540	138804
Merged Contig and length: scaffold29574_10715_scaffold29574,10715,f29509Z10715	13937
Merged Contig and length: scaffold2981_72439_scaffold2981,72439,f2979Z72439	134078
Merged Contig and length: scaffold2998_72329_scaffold2998,72329,f2971Z72329	291749
Merged Contig and length: scaffold2_308891_scaffold2,308891,f61Z308891	430669
Merged Contig and length: scaffold30050_10573_scaffold30050,10573,f29975Z10573	10648
Merged Contig and length: scaffold3033_72056_scaffold3033,72056,f3041Z72056	138377
Merged Contig and length: scaffold3048_71875_scaffold3048,71875,f3026Z71875	197972
Merged Contig and length: scaffold3051_71822_scaffold3051,71822,f3017Z71822	71826
Merged Contig and length: scaffold30795_10343_scaffold30795,10343,f31242Z10343	10358
Merged Contig and length: scaffold30_224340_scaffold30,224340,f44Z224340	267613
Merged Contig and length: scaffold31003_10282_scaffold31003,10282,f30928Z10282	11297
Merged Contig and length: scaffold3106_71262_scaffold3106,71262,f3102Z71262	121244
Merged Contig and length: scaffold31104_10248_scaffold31104,10248,f31039Z10248	13639
Merged Contig and length: scaffold320_136034_scaffold320,136034,f318Z136034	169015
Merged Contig and length: scaffold32780_9785_scaffold32780,9785,f32716Z9785	10999
Merged Contig and length: scaffold328_135111_scaffold328,135111,f326Z135111	152195
Merged Contig and length: scaffold334_134563_scaffold334,134563,f301Z134563	377094
Merged Contig and length: scaffold33_221529_scaffold33,221529,f30Z221529	373078
Merged Contig and length: scaffold34128_9451_scaffold34128,9451,f34082Z9451	10361
Merged Contig and length: scaffold3442_68533_scaffold3442,68533,f3413Z68533	82280
Merged Contig and length: scaffold34620_9327_scaffold34620,9327,f34554Z9327	10476
Merged Contig and length: scaffold3486_68093_scaffold3486,68093,f3487Z68093	70541
Merged Contig and length: scaffold35062_9225_scaffold35062,9225,f35009Z9225	9329
Merged Contig and length: scaffold3506_67951_scaffold3506,67951,f3477Z67951	111198
Merged Contig and length: scaffold35418_9147_scaffold35418,9147,f35353Z9147	9196
Merged Contig and length: scaffold35482_9133_scaffold35482,9133,f35406Z9133	9146
Merged Contig and length: scaffold35745_9072_scaffold35745,9072,f35688Z9072	22231
Merged Contig and length: scaffold360_131316_scaffold360,131316,f351Z131316	237577
Merged Contig and length: scaffold3645_66825_scaffold3645,66825,f3624Z66825	92534
Merged Contig and length: scaffold3703_66389_scaffold3703,66389,f3710Z66389	100789
Merged Contig and length: scaffold3804_65609_scaffold3804,65609,f3802Z65609	74442
Merged Contig and length: scaffold3805_65604_scaffold3805,65604,f3788Z65604	83122
Merged Contig and length: scaffold3830_65475_scaffold3830,65475,f3851Z65475	67752
Merged Contig and length: scaffold3849_65350_scaffold3849,65350,f3841Z65350	69378
Merged Contig and length: scaffold3872_65176_scaffold3872,65176,f3843Z65176	65953
Merged Contig and length: scaffold3896_65011_scaffold3896,65011,f3869Z65011	85158
Merged Contig and length: scaffold3931_64739_scaffold3931,64739,f3916Z64739	105592
Merged Contig and length: scaffold3956_64576_scaffold3956,64576,f3934Z64576	98315
Merged Contig and length: scaffold3965_64527_scaffold3965,64527,f3960Z64527	88980
Merged Contig and length: scaffold3971_64477_scaffold3971,64477,f3993Z64477	94512
Merged Contig and length: scaffold398_128634_scaffold398,128634,f358Z128634	380870
Merged Contig and length: scaffold4020_64136_scaffold4020,64136,f4013Z64136	82033
Merged Contig and length: scaffold4030_64080_scaffold4030,64080,f4006Z64080	77815
Merged Contig and length: scaffold407_127813_scaffold407,127813,f407Z127813	213545
Merged Contig and length: scaffold41582_8019_scaffold41582,8019,f41539Z8019	8496
Merged Contig and length: scaffold4159_63162_scaffold4159,63162,f4143Z63162	73330
Merged Contig and length: scaffold416_127251_scaffold416,127251,f417Z127251	129147
Merged Contig and length: scaffold4185_62951_scaffold4185,62951,f4176Z62951	98556
Merged Contig and length: scaffold422_126918_scaffold422,126918,f427Z126918	145761
Merged Contig and length: scaffold4261_62331_scaffold4261,62331,f4238Z62331	132614
Merged Contig and length: scaffold4265_62291_scaffold4265,62291,f4262Z62291	62490
Merged Contig and length: scaffold4388_61374_scaffold4388,61374,f4384Z61374	90377
Merged Contig and length: scaffold440_125365_scaffold440,125365,f431Z125365	177977
Merged Contig and length: scaffold4438_61045_scaffold4438,61045,f4442Z61045	102133
Merged Contig and length: scaffold4547_60383_scaffold4547,60383,f4561Z60383	61302
Merged Contig and length: scaffold45525_7476_scaffold45525,7476,f45494Z7476	7531
Merged Contig and length: scaffold4556_60322_scaffold4556,60322,f4487Z60322	61593
Merged Contig and length: scaffold4567_60274_scaffold4567,60274,f4552Z60274	61695
Merged Contig and length: scaffold456_124665_scaffold456,124665,f467Z124665	132887
Merged Contig and length: scaffold4603_60037_scaffold4603,60037,f4596Z60037	102152
Merged Contig and length: scaffold4623_59917_scaffold4623,59917,f4547Z59917	63768
Merged Contig and length: scaffold47178_7278_scaffold47178,7278,f47131Z7278	7870
Merged Contig and length: scaffold4747_59135_scaffold4747,59135,f4707Z59135	59460
Merged Contig and length: scaffold4797_58889_scaffold4797,58889,f4783Z58889	153013
Merged Contig and length: scaffold4799_58873_scaffold4799,58873,f4758Z58873	65014
Merged Contig and length: scaffold4819_58754_scaffold4819,58754,f4825Z58754	58851
Merged Contig and length: scaffold4852_58489_scaffold4852,58489,f4856Z58489	59879
Merged Contig and length: scaffold4867_58400_scaffold4867,58400,f4812Z58400	58488
Merged Contig and length: scaffold4904_58150_scaffold4904,58150,f4855Z58150	60435
Merged Contig and length: scaffold5257_56148_scaffold5257,56148,f5266Z56148	79780
Merged Contig and length: scaffold5307_55864_scaffold5307,55864,f5305Z55864	78293
Merged Contig and length: scaffold5432_55229_scaffold5432,55229,f5429Z55229	84365
Merged Contig and length: scaffold545_119500_scaffold545,119500,f501Z119500	203686
Merged Contig and length: scaffold5478_55001_scaffold5478,55001,f5479Z55001	65935
Merged Contig and length: scaffold547_119405_scaffold547,119405,f548Z119405	178060
Merged Contig and length: scaffold5615_54334_scaffold5615,54334,f5619Z54334	73171
Merged Contig and length: scaffold5690_53965_scaffold5690,53965,f5693Z53965	61736
Merged Contig and length: scaffold5816_53229_scaffold5816,53229,f5782Z53229	132539
Merged Contig and length: scaffold5838_53138_scaffold5838,53138,f5816Z53138	88577
Merged Contig and length: scaffold5904_52735_scaffold5904,52735,f5923Z52735	61521
Merged Contig and length: scaffold60621_5987_scaffold60621,5987,f60593Z5987	6003
Merged Contig and length: scaffold616_115720_scaffold616,115720,f575Z115720	116274
Merged Contig and length: scaffold6206_51208_scaffold6206,51208,f6189Z51208	54032
Merged Contig and length: scaffold624_115389_scaffold624,115389,f602Z115389	124873
Merged Contig and length: scaffold6301_50792_scaffold6301,50792,f6262Z50792	51015
Merged Contig and length: scaffold648_114294_scaffold648,114294,f664Z114294	160338
Merged Contig and length: scaffold6527_49706_scaffold6527,49706,f6524Z49706	64813
Merged Contig and length: scaffold6547_49621_scaffold6547,49621,f6480Z49621	57333
Merged Contig and length: scaffold6614_49340_scaffold6614,49340,f6602Z49340	67432
Merged Contig and length: scaffold662_113607_scaffold662,113607,f607Z113607	247009
Merged Contig and length: scaffold6676_49019_scaffold6676,49019,f6669Z49019	223702
Merged Contig and length: scaffold6694_48949_scaffold6694,48949,f6681Z48949	83075
Merged Contig and length: scaffold6739_48682_scaffold6739,48682,f6738Z48682	62539
Merged Contig and length: scaffold673_113296_scaffold673,113296,f680Z113296	130075
Merged Contig and length: scaffold677_113182_scaffold677,113182,f681Z113182	129344
Merged Contig and length: scaffold68145_5432_scaffold68145,5432,f68118Z5432	5513
Merged Contig and length: scaffold6825_48400_scaffold6825,48400,f6813Z48400	86633
Merged Contig and length: scaffold6923_47921_scaffold6923,47921,f6937Z47921	66309
Merged Contig and length: scaffold6955_47726_scaffold6955,47726,f6976Z47726	47747
Merged Contig and length: scaffold7000_47542_scaffold7000,47542,f6981Z47542	76447
Merged Contig and length: scaffold7190_46721_scaffold7190,46721,f7199Z46721	47180
Merged Contig and length: scaffold7212_46611_scaffold7212,46611,f7188Z46611	47538
Merged Contig and length: scaffold7234_46508_scaffold7234,46508,f7254Z46508	85048
Merged Contig and length: scaffold7245_46458_scaffold7245,46458,f7241Z46458	65354
Merged Contig and length: scaffold725_111328_scaffold725,111328,f718Z111328	111692
Merged Contig and length: scaffold7308_46190_scaffold7308,46190,f7326Z46190	47433
Merged Contig and length: scaffold7310_46187_scaffold7310,46187,f7323Z46187	49294
Merged Contig and length: scaffold7384_45898_scaffold7384,45898,f7348Z45898	77568
Merged Contig and length: scaffold739_110827_scaffold739,110827,f671Z110827	225310
Merged Contig and length: scaffold7499_45437_scaffold7499,45437,f7471Z45437	47773
Merged Contig and length: scaffold7544_45263_scaffold7544,45263,f7506Z45263	62051
Merged Contig and length: scaffold75_186990_scaffold75,186990,f81Z186990	213764
Merged Contig and length: scaffold766_110091_scaffold766,110091,f744Z110091	179786
Merged Contig and length: scaffold768_110046_scaffold768,110046,f772Z110046	167938
Merged Contig and length: scaffold7827_44014_scaffold7827,44014,f7770Z44014	63082
Merged Contig and length: scaffold7907_43679_scaffold7907,43679,f7916Z43679	56034
Merged Contig and length: scaffold796_108811_scaffold796,108811,f796Z108811	113087
Merged Contig and length: scaffold798_108740_scaffold798,108740,f777Z108740	115699
Merged Contig and length: scaffold802_108567_scaffold802,108567,f764Z108567	889727
Merged Contig and length: scaffold8195_42582_scaffold8195,42582,f8201Z42582	66191
Merged Contig and length: scaffold819_107715_scaffold819,107715,f795Z107715	150865
Merged Contig and length: scaffold8290_42173_scaffold8290,42173,f8252Z42173	47230
Merged Contig and length: scaffold8333_42015_scaffold8333,42015,f8308Z42015	63606
Merged Contig and length: scaffold8358_41905_scaffold8358,41905,f8336Z41905	49187
Merged Contig and length: scaffold8364_41886_scaffold8364,41886,f8309Z41886	50330
Merged Contig and length: scaffold8382_41809_scaffold8382,41809,f8396Z41809	58543
Merged Contig and length: scaffold8385_41780_scaffold8385,41780,f8333Z41780	52748
Merged Contig and length: scaffold8428_41634_scaffold8428,41634,f8430Z41634	55333
Merged Contig and length: scaffold8429_41634_scaffold8429,41634,f8383Z41634	54207
Merged Contig and length: scaffold8496_41378_scaffold8496,41378,f8481Z41378	43838
Merged Contig and length: scaffold8594_41029_scaffold8594,41029,f8582Z41029	42243
Merged Contig and length: scaffold873_106032_scaffold873,106032,f820Z106032	275492
Merged Contig and length: scaffold8748_40485_scaffold8748,40485,f8754Z40485	61378
Merged Contig and length: scaffold875_106013_scaffold875,106013,f863Z106013	197696
Merged Contig and length: scaffold8809_40257_scaffold8809,40257,f8774Z40257	41698
Merged Contig and length: scaffold8971_39638_scaffold8971,39638,f8962Z39638	45044
Merged Contig and length: scaffold9035_39387_scaffold9035,39387,f8984Z39387	40199
Merged Contig and length: scaffold9148_39058_scaffold9148,39058,f9169Z39058	44808
Merged Contig and length: scaffold9237_38748_scaffold9237,38748,f9263Z38748	39737
Merged Contig and length: scaffold9278_38588_scaffold9278,38588,f9260Z38588	202912
Merged Contig and length: scaffold92_181462_scaffold92,181462,f80Z181462	456095
Merged Contig and length: scaffold9334_38460_scaffold9334,38460,f9277Z38460	48607
Merged Contig and length: scaffold9398_38273_scaffold9398,38273,f9338Z38273	58325
Merged Contig and length: scaffold9533_37760_scaffold9533,37760,f9502Z37760	40424
Merged Contig and length: scaffold9595_37552_scaffold9595,37552,f9511Z37552	41195
Merged Contig and length: scaffold9622_37460_scaffold9622,37460,f9634Z37460	44057
Merged Contig and length: scaffold9811_36802_scaffold9811,36802,f9821Z36802	45126
Merged Contig and length: scaffold9855_36678_scaffold9855,36678,f9824Z36678	39832
