
# $((SLURM_MEM_PER_NODE/1000))'G'
# $SLURM_NTASKS

#Use fastqc to get a quality report of the input

if [ ! -d "1_QCQA" ]; then
    echo $(date) ": Running fastqc."
    module load fastqc/0.11.7
    fastqc -t $SLURM_NTASKS -noextract -o 1_QCQA DNA-seq/*.fastq.gz
    echo $(date) ": Done."
else
    echo $(date) ": fastqc has already been run. Let's trim and filter these reads."
fi
Wed May 8 12:55:44 PDT 2019 : fastqc has already been run. Let's trim and filter these reads.

#use trimmomatic to trim out low quality bases and adaptor sequences
#I cannot automate this with a loop because the file names are inconsistent. I could rename, but I want to preserve the original names for troubleshooting later
module load trimmomatic/0.36
/usr/bin/modulecmd bash $*
LOADEDMODULES=slurm/16.05.4:openmpi/2.0.1-slurm-16.05.4:ggobi/2.1.11:texlive/2017:pandoc/2.0:netcdf/4.4.1.1:java/8:geos/3.7.1:gdal/2.1.3:hdf5/1.10.1:R/3.6.0:miniconda2/4.4.10:perl/5.20.2:less-highlight/1.0:iigb_utilities/1:vim/7.4.1952:trimmomatic/0.36 ;export LOADEDMODULES;PATH=/opt/linux/centos/7.x/x86_64/pkgs/trimmomatic/0.36:/opt/linux/centos/7.x/x86_64/pkgs/vim/7.4.1952/bin:/opt/linux/centos/7.x/x86_64/pkgs/iigb_utilities/1/bin:/opt/linux/centos/7.x/x86_64/pkgs/perl/5.20.2/bin:/opt/linux/centos/7.x/x86_64/pkgs/miniconda2/4.4.10/bin:/opt/linux/centos/7.x/x86_64/pkgs/hdf5/1.10.1/bin:/opt/linux/centos/7.x/x86_64/pkgs/gdal/2.1.3/bin:/opt/linux/centos/7.x/x86_64/pkgs/geos/3.7.1/bin:/opt/linux/centos/7.x/x86_64/pkgs/java/jdk1.8.0_45/bin:/opt/linux/centos/7.x/x86_64/pkgs/netcdf/4.4.1.1/bin:/opt/linux/centos/7.x/x86_64/pkgs/pandoc/2.0/bin:/opt/linux/centos/7.x/x86_64/pkgs/texlive/2017/bin/x86_64-linux:/opt/linux/centos/7.x/x86_64/pkgs/ggobi/2.1.11/bin:/opt/linux/centos/7.x/x86_64/pkgs/R/3.6.0/bin:/opt/linux/centos/7.x/x86_64/pkgs/openmpi/2.0.1-slurm-16.05.4/bin:/opt/linux/centos/7.x/x86_64/pkgs/slurm/16.05.4/bin:/opt/linux/centos/7.x/x86_64/pkgs/slurm/16.05.4/sbin:/usr/bin:/bin:/usr/local/games:/usr/games:/usr/local/bin:/usr/lpp/mmfs/bin:/opt/ibutils/bin:/opt/puppetlabs/bin ;export PATH;TRIMMOMATIC=/opt/linux/centos/7.x/x86_64/pkgs/trimmomatic/0.36/trimmomatic.jar ;export TRIMMOMATIC;_LMFILES_=/opt/linux/centos/7.x/x86_64/modules/slurm/16.05.4:/opt/linux/centos/7.x/x86_64/modules/openmpi/2.0.1-slurm-16.05.4:/opt/linux/centos/7.x/x86_64/modules/ggobi/2.1.11:/opt/linux/centos/7.x/x86_64/modules/texlive/2017:/opt/linux/centos/7.x/x86_64/modules/pandoc/2.0:/opt/linux/centos/7.x/x86_64/modules/netcdf/4.4.1.1:/opt/linux/centos/7.x/x86_64/modules/java/8:/opt/linux/centos/7.x/x86_64/modules/geos/3.7.1:/opt/linux/centos/7.x/x86_64/modules/gdal/2.1.3:/opt/linux/centos/7.x/x86_64/modules/hdf5/1.10.1:/opt/linux/centos/7.x/x86_64/modules/R/3.6.0:/opt/linux/centos/7.x/x86_64/modules/miniconda2/4.4.10:/opt/linux/centos/7.x/x86_64/modules/perl/5.20.2:/opt/linux/centos/7.x/x86_64/modules/less-highlight/1.0:/opt/linux/centos/7.x/x86_64/modules/iigb_utilities/1:/opt/linux/centos/7.x/x86_64/modules/vim/7.4.1952:/opt/linux/centos/7.x/x86_64/modules/trimmomatic/0.36 ;export _LMFILES_;

#I'll add in an if statement once I know exactly how the outputs are structured so that I can check for them accurately.
trimmomatic PE -threads $SLURM_NTASKS DNA-seq/Alex-1_S9_R1_001.fastq.gz DNA-seq/Alex-2_S10_R1_001.fastq.gz -baseout DNA-seqTrimmed/Dstr1Trim.fq.gz ILLUMINACLIP:TruSeq3-PE-2.fa:2:30:10 LEADING:3 TRAILING:3 SLIDINGWINDOW:4:15 MINLEN:36
TrimmomaticPE: Started with arguments:
 -threads 8 DNA-seq/Alex-1_S9_R1_001.fastq.gz DNA-seq/Alex-2_S10_R1_001.fastq.gz -baseout DNA-seqTrimmed/Dstr1Trim.fq.gz ILLUMINACLIP:TruSeq3-PE-2.fa:2:30:10 LEADING:3 TRAILING:3 SLIDINGWINDOW:4:15 MINLEN:36
Using templated Output files: DNA-seqTrimmed/Dstr1Trim_1P.fq.gz DNA-seqTrimmed/Dstr1Trim_1U.fq.gz DNA-seqTrimmed/Dstr1Trim_2P.fq.gz DNA-seqTrimmed/Dstr1Trim_2U.fq.gz
Using PrefixPair: 'TACACTCTTTCCCTACACGACGCTCTTCCGATCT' and 'GTGACTGGAGTTCAGACGTGTGCTCTTCCGATCT'
Using Long Clipping Sequence: 'AGATCGGAAGAGCGTCGTGTAGGGAAAGAGTGTA'
Using Long Clipping Sequence: 'AGATCGGAAGAGCACACGTCTGAACTCCAGTCAC'
Using Long Clipping Sequence: 'GTGACTGGAGTTCAGACGTGTGCTCTTCCGATCT'
Using Long Clipping Sequence: 'TACACTCTTTCCCTACACGACGCTCTTCCGATCT'
ILLUMINACLIP: Using 1 prefix pairs, 4 forward/reverse sequences, 0 forward only sequences, 0 reverse only sequences
Quality encoding detected as phred33
Exception in thread "main" java.io.FileNotFoundException: DNA-seqTrimmed/Dstr1Trim_1P.fq.gz (No such file or directory)
	at java.io.FileOutputStream.open0(Native Method)
	at java.io.FileOutputStream.open(FileOutputStream.java:270)
	at java.io.FileOutputStream.<init>(FileOutputStream.java:213)
	at java.io.FileOutputStream.<init>(FileOutputStream.java:162)
	at org.usadellab.trimmomatic.fastq.FastqSerializer.open(FastqSerializer.java:28)
	at org.usadellab.trimmomatic.TrimmomaticPE.process(TrimmomaticPE.java:288)
	at org.usadellab.trimmomatic.TrimmomaticPE.run(TrimmomaticPE.java:539)
	at org.usadellab.trimmomatic.Trimmomatic.main(Trimmomatic.java:80)
