
if [ ! -e 'kmer_counts.kmc_suf' ]; then
    echo $(date): Running KMC first.
    #Lets run KMC first because it produces a sorted kmer histogram that should be 
    #easier and more memory effective for smudgeplot to use
    module load KMC/3.1.1
    mkdir -p tmp
    ls ../1_QCQA/*.fq.gz > FILES
    #counting kmer coverages between 1 and 10000x
    kmc -k31 -t$SLURM_NTASKS -m$((SLURM_MEM_PER_NODE/1024)) -ci1 -cs10000 @FILES kmer_counts tmp
    kmc_tools transform kmer_counts histogram kmer_k31.hist -cx10000
    echo $(date): Done with KMC.
else
    echo $(date): KMC has already been run, proceeding to smudgplot
fi
Wed Sep 25 22:44:04 PDT 2019: KMC has already been run, proceeding to smudgplot

echo $(date): Running smudgeplot
Wed Sep 25 22:44:04 PDT 2019: Running smudgeplot

#You must have smudgeplot installed. I am using v 0.2.1
export PATH="/rhome/arajewski/software:$PATH"

module load miniconda3
/usr/bin/modulecmd bash $*
LOADEDMODULES=slurm/19.05.0:openmpi/4.0.1-slurm-19.05.0:ggobi/2.1.11:texlive/2017:pandoc/2.0:netcdf/4.4.1.1:java/8:geos/3.7.1:gdal/2.1.3:hdf5/1.10.1:R/3.6.0:miniconda2/4.4.10:perl/5.20.2:less-highlight/1.0:iigb_utilities/1:vim/8.1:miniconda3/4.3.31 ;export LOADEDMODULES;PATH=/opt/linux/centos/7.x/x86_64/pkgs/miniconda3/4.3.31/bin:/rhome/arajewski/software:/opt/linux/centos/7.x/x86_64/pkgs/vim/8.1/bin:/opt/linux/centos/7.x/x86_64/pkgs/iigb_utilities/1/bin:/opt/linux/centos/7.x/x86_64/pkgs/perl/5.20.2/bin:/opt/linux/centos/7.x/x86_64/pkgs/miniconda2/4.4.10/bin:/opt/linux/centos/7.x/x86_64/pkgs/hdf5/1.10.1/bin:/opt/linux/centos/7.x/x86_64/pkgs/gdal/2.1.3/bin:/opt/linux/centos/7.x/x86_64/pkgs/geos/3.7.1/bin:/opt/linux/centos/7.x/x86_64/pkgs/java/jdk1.8.0_45/bin:/opt/linux/centos/7.x/x86_64/pkgs/netcdf/4.4.1.1/bin:/opt/linux/centos/7.x/x86_64/pkgs/pandoc/2.0/bin:/opt/linux/centos/7.x/x86_64/pkgs/texlive/2017/bin/x86_64-linux:/opt/linux/centos/7.x/x86_64/pkgs/ggobi/2.1.11/bin:/opt/linux/centos/7.x/x86_64/pkgs/R/3.6.0/bin:/opt/linux/centos/7.x/x86_64/pkgs/openmpi/4.0.1-slurm-19.05.0/bin:/opt/linux/centos/7.x/x86_64/pkgs/slurm/19.05.0/bin:/opt/linux/centos/7.x/x86_64/pkgs/slurm/19.05.0/sbin:/usr/bin:/bin:/usr/local/games:/usr/games:/usr/local/bin:/usr/lpp/mmfs/bin:/opt/ibutils/bin ;export PATH;_LMFILES_=/opt/linux/centos/7.x/x86_64/modules/slurm/19.05.0:/opt/linux/centos/7.x/x86_64/modules/openmpi/4.0.1-slurm-19.05.0:/opt/linux/centos/7.x/x86_64/modules/ggobi/2.1.11:/opt/linux/centos/7.x/x86_64/modules/texlive/2017:/opt/linux/centos/7.x/x86_64/modules/pandoc/2.0:/opt/linux/centos/7.x/x86_64/modules/netcdf/4.4.1.1:/opt/linux/centos/7.x/x86_64/modules/java/8:/opt/linux/centos/7.x/x86_64/modules/geos/3.7.1:/opt/linux/centos/7.x/x86_64/modules/gdal/2.1.3:/opt/linux/centos/7.x/x86_64/modules/hdf5/1.10.1:/opt/linux/centos/7.x/x86_64/modules/R/3.6.0:/opt/linux/centos/7.x/x86_64/modules/miniconda2/4.4.10:/opt/linux/centos/7.x/x86_64/modules/perl/5.20.2:/opt/linux/centos/7.x/x86_64/modules/less-highlight/1.0:/opt/linux/centos/7.x/x86_64/modules/iigb_utilities/1:/opt/linux/centos/7.x/x86_64/modules/vim/8.1:/opt/linux/centos/7.x/x86_64/modules/miniconda3/4.3.31 ;export _LMFILES_;
L=$(smudgeplot.py cutoff kmer_k31.hist L)
Running smudgeplot v0.2.1
Task: cutoff

Done!
U=$(smudgeplot.py cutoff kmer_k31.hist U)
Running smudgeplot v0.2.1
Task: cutoff

Done!
echo $L $U # these need to be sane values
10 890
# L should be like 20 - 200
# U should be like 500 - 3000
kmc_tools transform kmer_counts -ci$L -cx$U dump -s kmer_k31.dump
/var/spool/slurmd/job245750/slurm_script: line 38: kmc_tools: command not found
