
module load SPAdes/3.13.1
/usr/bin/modulecmd bash $*
PATH=/opt/linux/centos/7.x/x86_64/pkgs/SPAdes/3.13.1/bin:/opt/linux/centos/7.x/x86_64/pkgs/miniconda3/4.3.31/bin:/opt/linux/centos/7.x/x86_64/pkgs/vim/8.1/bin:/opt/linux/centos/7.x/x86_64/pkgs/iigb_utilities/1/bin:/opt/linux/centos/7.x/x86_64/pkgs/perl/5.20.2/bin:/opt/linux/centos/7.x/x86_64/pkgs/miniconda2/4.4.10/bin:/opt/linux/centos/7.x/x86_64/pkgs/hdf5/1.10.1/bin:/opt/linux/centos/7.x/x86_64/pkgs/gdal/2.1.3/bin:/opt/linux/centos/7.x/x86_64/pkgs/geos/3.7.1/bin:/opt/linux/centos/7.x/x86_64/pkgs/java/jdk1.8.0_45/bin:/opt/linux/centos/7.x/x86_64/pkgs/netcdf/4.4.1.1/bin:/opt/linux/centos/7.x/x86_64/pkgs/pandoc/2.0/bin:/opt/linux/centos/7.x/x86_64/pkgs/texlive/2017/bin/x86_64-linux:/opt/linux/centos/7.x/x86_64/pkgs/ggobi/2.1.11/bin:/opt/linux/centos/7.x/x86_64/pkgs/R/3.6.0/bin:/opt/linux/centos/7.x/x86_64/pkgs/openmpi/4.0.1-slurm-19.05.0/bin:/opt/linux/centos/7.x/x86_64/pkgs/slurm/19.05.0/bin:/opt/linux/centos/7.x/x86_64/pkgs/slurm/19.05.0/sbin:/usr/bin:/bin:/usr/local/games:/usr/games:/usr/local/bin:/usr/lpp/mmfs/bin:/opt/ibutils/bin ;export PATH;

spades.py \
    -1 /rhome/arajewski/bigdata/Datura/1_QCQA/DstrTrim_1P.fq \
    -2 /rhome/arajewski/bigdata/Datura/1_QCQA/DstrTrim_2P.fq \
    -s /rhome/arajewski/bigdata/Datura/1_QCQA/DstrTrim_1U.fq \
    --nanopore /rhome/arajewski/bigdata/Datura/1_QCQA/Dstr.filt_q10_l500_crop50.fastq.gz \
    -t $SLURM_NTASKS \
    -m $((SLURM_MEM_PER_NODE/1024)) \
    -o /rhome/arajewski/bigdata/Datura/2_SPAdes
Command line: /opt/linux/centos/7.x/x86_64/pkgs/SPAdes/3.13.1/bin/spades.py	-1	/rhome/arajewski/bigdata/Datura/1_QCQA/DstrTrim_1P.fq	-2	/rhome/arajewski/bigdata/Datura/1_QCQA/DstrTrim_2P.fq	-s	/rhome/arajewski/bigdata/Datura/1_QCQA/DstrTrim_1U.fq	--nanopore	/rhome/arajewski/bigdata/Datura/1_QCQA/Dstr.filt_q10_l500_crop50.fastq.gz	-t	1	-m	30	-o	/rhome/arajewski/bigdata/Datura/2_SPAdes	

System information:
  SPAdes version: 3.13.1
  Python version: 3.6.7
  OS: Linux-3.10.0-957.el7.x86_64-x86_64-with-centos-7.6.1810-Core

Output dir: /rhome/arajewski/bigdata/Datura/2_SPAdes
Mode: read error correction and assembling
Debug mode is turned OFF

Dataset parameters:
  Multi-cell mode (you should set '--sc' flag if input data was obtained with MDA (single-cell) technology or --meta flag if processing metagenomic dataset)
  Reads:
    Library number: 1, library type: paired-end
      orientation: fr
      left reads: ['/rhome/arajewski/bigdata/Datura/1_QCQA/DstrTrim_1P.fq']
      right reads: ['/rhome/arajewski/bigdata/Datura/1_QCQA/DstrTrim_2P.fq']
      interlaced reads: not specified
      single reads: ['/rhome/arajewski/bigdata/Datura/1_QCQA/DstrTrim_1U.fq']
      merged reads: not specified
    Library number: 2, library type: nanopore
      left reads: not specified
      right reads: not specified
      interlaced reads: not specified
      single reads: ['/rhome/arajewski/bigdata/Datura/1_QCQA/Dstr.filt_q10_l500_crop50.fastq.gz']
      merged reads: not specified
Read error correction parameters:
  Iterations: 1
  PHRED offset will be auto-detected
  Corrected reads will be compressed
Assembly parameters:
  k: automatic selection based on read length
  Repeat resolution is enabled
  Mismatch careful mode is turned OFF
  MismatchCorrector will be SKIPPED
  Coverage cutoff is turned OFF
Other parameters:
  Dir for temp files: /rhome/arajewski/bigdata/Datura/2_SPAdes/tmp
  Threads: 1
  Memory limit (in Gb): 30



== Warning ==  It is recommended to specify single reads with --pe<#>-s, --mp<#>-s, --hqmp<#>-s, or --s<#> option instead of -s!



======= SPAdes pipeline started. Log can be found here: /rhome/arajewski/bigdata/Datura/2_SPAdes/spades.log


===== Read error correction started. 


== Running read error correction tool: /bigdata/operations/pkgadmin/opt/linux/centos/7.x/x86_64/pkgs/SPAdes/3.13.1/bin/spades-hammer /rhome/arajewski/bigdata/Datura/2_SPAdes/corrected/configs/config.info

  0:00:00.000     4M / 4M    INFO    General                 (main.cpp                  :  75)   Starting BayesHammer, built from refs/heads/spades_3.13.1, git revision 9a9d54db2ff9abaac718155bf74c12ec9464e8ca
  0:00:00.000     4M / 4M    INFO    General                 (main.cpp                  :  76)   Loading config from /rhome/arajewski/bigdata/Datura/2_SPAdes/corrected/configs/config.info
  0:00:00.002     4M / 4M    INFO    General                 (main.cpp                  :  78)   Maximum # of threads to use (adjusted due to OMP capabilities): 1
  0:00:00.002     4M / 4M    INFO    General                 (memory_limit.cpp          :  49)   Memory limit set to 30 Gb
  0:00:00.002     4M / 4M    INFO    General                 (main.cpp                  :  86)   Trying to determine PHRED offset
  0:00:00.071     4M / 4M    INFO    General                 (main.cpp                  :  92)   Determined value is 33
  0:00:00.071     4M / 4M    INFO    General                 (hammer_tools.cpp          :  36)   Hamming graph threshold tau=1, k=21, subkmer positions = [ 0 10 ]
  0:00:00.071     4M / 4M    INFO    General                 (main.cpp                  : 113)   Size of aux. kmer data 24 bytes
     === ITERATION 0 begins ===
  0:00:00.073     4M / 4M    INFO   K-mer Index Building     (kmer_index_builder.hpp    : 301)   Building kmer index
  0:00:00.073     4M / 4M    INFO    General                 (kmer_index_builder.hpp    : 117)   Splitting kmer instances into 16 files using 1 threads. This might take a while.
  0:00:00.074     4M / 4M    INFO    General                 (file_limit.hpp            :  32)   Open file limit set to 4096
  0:00:00.074     4M / 4M    INFO    General                 (kmer_splitters.hpp        :  89)   Memory available for splitting buffers: 9.9987 Gb
  0:00:00.074     4M / 4M    INFO    General                 (kmer_splitters.hpp        :  97)   Using cell size of 4194304
  0:00:00.074   580M / 616M  INFO   K-mer Splitting          (kmer_data.cpp             :  97)   Processing /rhome/arajewski/bigdata/Datura/1_QCQA/DstrTrim_1P.fq
  0:00:16.325   580M / 616M  INFO   K-mer Splitting          (kmer_data.cpp             : 107)   Processed 626460 reads
  0:00:32.773   580M / 616M  INFO   K-mer Splitting          (kmer_data.cpp             : 107)   Processed 1252790 reads
  0:00:49.323   580M / 616M  INFO   K-mer Splitting          (kmer_data.cpp             : 107)   Processed 1880660 reads
  0:01:05.734   580M / 616M  INFO   K-mer Splitting          (kmer_data.cpp             : 107)   Processed 2506251 reads
  0:01:22.116   580M / 616M  INFO   K-mer Splitting          (kmer_data.cpp             : 107)   Processed 3133444 reads
slurmstepd-i23: error: *** JOB 393687 ON i23 CANCELLED AT 2019-10-28T15:20:27 ***
