
module load SPAdes/3.13.1
/usr/bin/modulecmd bash $*
LOADEDMODULES=slurm/19.05.0:openmpi/4.0.1-slurm-19.05.0:ggobi/2.1.11:texlive/2017:pandoc/2.0:netcdf/4.4.1.1:java/8:geos/3.7.1:gdal/2.1.3:hdf5/1.10.1:R/3.6.0:miniconda2/4.4.10:perl/5.20.2:less-highlight/1.0:iigb_utilities/1:vim/8.1:BBMap/38.60:SPAdes/3.13.1 ;export LOADEDMODULES;PATH=/opt/linux/centos/7.x/x86_64/pkgs/SPAdes/3.13.1/bin:/opt/linux/centos/7.x/x86_64/pkgs/vim/8.1/bin:/opt/linux/centos/7.x/x86_64/pkgs/iigb_utilities/1/bin:/opt/linux/centos/7.x/x86_64/pkgs/perl/5.20.2/bin:/opt/linux/centos/7.x/x86_64/pkgs/miniconda2/4.4.10/bin:/opt/linux/centos/7.x/x86_64/pkgs/hdf5/1.10.1/bin:/opt/linux/centos/7.x/x86_64/pkgs/gdal/2.1.3/bin:/opt/linux/centos/7.x/x86_64/pkgs/geos/3.7.1/bin:/opt/linux/centos/7.x/x86_64/pkgs/java/jdk1.8.0_45/bin:/opt/linux/centos/7.x/x86_64/pkgs/netcdf/4.4.1.1/bin:/opt/linux/centos/7.x/x86_64/pkgs/pandoc/2.0/bin:/opt/linux/centos/7.x/x86_64/pkgs/texlive/2017/bin/x86_64-linux:/opt/linux/centos/7.x/x86_64/pkgs/ggobi/2.1.11/bin:/opt/linux/centos/7.x/x86_64/pkgs/R/3.6.0/bin:/opt/linux/centos/7.x/x86_64/pkgs/openmpi/4.0.1-slurm-19.05.0/bin:/opt/linux/centos/7.x/x86_64/pkgs/slurm/19.05.0/bin:/opt/linux/centos/7.x/x86_64/pkgs/slurm/19.05.0/sbin:/usr/bin:/bin:/usr/local/games:/usr/games:/usr/local/bin:/usr/lpp/mmfs/bin:/opt/ibutils/bin ;export PATH;_LMFILES_=/opt/linux/centos/7.x/x86_64/modules/slurm/19.05.0:/opt/linux/centos/7.x/x86_64/modules/openmpi/4.0.1-slurm-19.05.0:/opt/linux/centos/7.x/x86_64/modules/ggobi/2.1.11:/opt/linux/centos/7.x/x86_64/modules/texlive/2017:/opt/linux/centos/7.x/x86_64/modules/pandoc/2.0:/opt/linux/centos/7.x/x86_64/modules/netcdf/4.4.1.1:/opt/linux/centos/7.x/x86_64/modules/java/8:/opt/linux/centos/7.x/x86_64/modules/geos/3.7.1:/opt/linux/centos/7.x/x86_64/modules/gdal/2.1.3:/opt/linux/centos/7.x/x86_64/modules/hdf5/1.10.1:/opt/linux/centos/7.x/x86_64/modules/R/3.6.0:/opt/linux/centos/7.x/x86_64/modules/miniconda2/4.4.10:/opt/linux/centos/7.x/x86_64/modules/perl/5.20.2:/opt/linux/centos/7.x/x86_64/modules/less-highlight/1.0:/opt/linux/centos/7.x/x86_64/modules/iigb_utilities/1:/opt/linux/centos/7.x/x86_64/modules/vim/8.1:/opt/linux/centos/7.x/x86_64/modules/BBMap/38.60:/opt/linux/centos/7.x/x86_64/modules/SPAdes/3.13.1 ;export _LMFILES_;

spades.py \
    -o /rhome/arajewski/bigdata/Datura/2_SPAdes \
    --continue

======= SPAdes pipeline continued. Log can be found here: /rhome/arajewski/bigdata/Datura/2_SPAdes/spades.log

Restored from Command line: /opt/linux/centos/7.x/x86_64/pkgs/SPAdes/3.13.1/bin/spades.py	-1	/rhome/arajewski/bigdata/Datura/1_QCQA/DstrTrim_1P.fq	-2	/rhome/arajewski/bigdata/Datura/1_QCQA/DstrTrim_2P.fq	-s	/rhome/arajewski/bigdata/Datura/1_QCQA/DstrTrim_1U.fq	--nanopore	/rhome/arajewski/bigdata/Datura/1_QCQA/Dstr.filt_q10_l500_crop50.fastq	-t	16	-m	300	-o	/rhome/arajewski/bigdata/Datura/2_SPAdes

Command line: /opt/linux/centos/7.x/x86_64/pkgs/SPAdes/3.13.1/bin/spades.py	-1	/rhome/arajewski/bigdata/Datura/1_QCQA/DstrTrim_1P.fq	-2	/rhome/arajewski/bigdata/Datura/1_QCQA/DstrTrim_2P.fq	-s	/rhome/arajewski/bigdata/Datura/1_QCQA/DstrTrim_1U.fq	--nanopore	/rhome/arajewski/bigdata/Datura/1_QCQA/Dstr.filt_q10_l500_crop50.fastq	-t	16	-m	300	-o	/rhome/arajewski/bigdata/Datura/2_SPAdes

System information:
  SPAdes version: 3.13.1
  Python version: 2.7.15
  OS: Linux-3.10.0-957.el7.x86_64-x86_64-with-centos-7.6.1810-Core

Output dir: /rhome/arajewski/bigdata/Datura/2_SPAdes
Mode: read error correction and assembling
Debug mode is turned OFF

Dataset parameters:
  Multi-cell mode (you should set '--sc' flag if input data was obtained with MDA (single-cell) technology or --meta flag if processing metagenomic dataset)
  Reads:
    Library number: 1, library type: paired-end
      orientation: fr
      left reads: ['/rhome/arajewski/bigdata/Datura/1_QCQA/DstrTrim_1P.fq']
      right reads: ['/rhome/arajewski/bigdata/Datura/1_QCQA/DstrTrim_2P.fq']
      interlaced reads: not specified
      single reads: ['/rhome/arajewski/bigdata/Datura/1_QCQA/DstrTrim_1U.fq']
      merged reads: not specified
    Library number: 2, library type: nanopore
      left reads: not specified
      right reads: not specified
      interlaced reads: not specified
      single reads: ['/rhome/arajewski/bigdata/Datura/1_QCQA/Dstr.filt_q10_l500_crop50.fastq']
      merged reads: not specified
Read error correction parameters:
  Iterations: 1
  PHRED offset will be auto-detected
  Corrected reads will be compressed
Assembly parameters:
  k: automatic selection based on read length
  Repeat resolution is enabled
  Mismatch careful mode is turned OFF
  MismatchCorrector will be SKIPPED
  Coverage cutoff is turned OFF
Other parameters:
  Dir for temp files: /rhome/arajewski/bigdata/Datura/2_SPAdes/tmp
  Threads: 16
  Memory limit (in Gb): 300



== Warning ==  It is recommended to specify single reads with --pe<#>-s, --mp<#>-s, --hqmp<#>-s, or --s<#> option instead of -s!



===== Skipping Read error correction (already processed). 


===== Assembling started.


== Skipping assembler: K21 (already processed)
Max read length detected as 151
Default k-mer sizes were set to [21, 33, 55, 77] because estimated read length (151) is equal to or greater than 150

== Skipping assembler: K33 (already processed)

== Skipping assembler: K55 (already processed)

== Running assembler: K77

  0:00:00.000     4M / 4M    INFO    General                 (main.cpp                  :  74)   Loaded config from /rhome/arajewski/bigdata/Datura/2_SPAdes/K77/configs/config.info
  0:00:00.001     4M / 4M    INFO    General                 (memory_limit.cpp          :  49)   Memory limit set to 300 Gb
  0:00:00.001     4M / 4M    INFO    General                 (main.cpp                  :  87)   Starting SPAdes, built from refs/heads/spades_3.13.1, git revision 9a9d54db2ff9abaac718155bf74c12ec9464e8ca
  0:00:00.001     4M / 4M    INFO    General                 (main.cpp                  :  88)   Maximum k-mer length: 128
  0:00:00.001     4M / 4M    INFO    General                 (main.cpp                  :  89)   Assembling dataset (/rhome/arajewski/bigdata/Datura/2_SPAdes/dataset.info) with K=77
  0:00:00.001     4M / 4M    INFO    General                 (main.cpp                  :  90)   Maximum # of threads to use (adjusted due to OMP capabilities): 16
  0:00:00.001     4M / 4M    INFO    General                 (launch.hpp                :  52)   SPAdes started
  0:00:00.001     4M / 4M    INFO    General                 (launch.hpp                :  59)   Starting from stage: construction
  0:00:00.001     4M / 4M    INFO    General                 (launch.hpp                :  66)   Two-step RR enabled: 0
  0:00:00.001     4M / 4M    INFO    General                 (launch.hpp                :  77)   Will need read mapping, kmer mapper will be attached
  0:00:00.002     4M / 4M    INFO   StageManager             (stage.cpp                 : 132)   STAGE == de Bruijn graph construction
  0:00:00.081     4M / 4M    INFO    General                 (read_converter.hpp        :  59)   Binary reads detected
  0:00:03.495     4M / 4M    INFO    General                 (construction.cpp          : 111)   Max read length 151
  0:00:03.495     4M / 4M    INFO    General                 (construction.cpp          : 117)   Average read length 129.27
  0:00:03.495     4M / 4M    INFO    General                 (stage.cpp                 : 101)   PROCEDURE == k+1-mer counting
  0:00:03.497     4M / 4M    INFO    General                 (kmer_index_builder.hpp    : 117)   Splitting kmer instances into 256 files using 16 threads. This might take a while.
  0:00:03.498     4M / 4M    INFO    General                 (file_limit.hpp            :  32)   Open file limit set to 4096
  0:00:03.498     4M / 4M    INFO    General                 (kmer_splitters.hpp        :  89)   Memory available for splitting buffers: 6.24992 Gb
  0:00:03.498     4M / 4M    INFO    General                 (kmer_splitters.hpp        :  97)   Using cell size of 87381
  0:00:15.701     8G / 9G    INFO    General                 (kmer_splitters.hpp        : 289)   Processed 31079076 reads
  0:00:50.332     8G / 9G    INFO    General                 (kmer_splitters.hpp        : 289)   Processed 57881422 reads
  0:01:25.705     8G / 9G    INFO    General                 (kmer_splitters.hpp        : 289)   Processed 84489695 reads
  0:01:54.914     8G / 9G    INFO    General                 (kmer_splitters.hpp        : 289)   Processed 110906217 reads
  0:02:32.390     8G / 9G    INFO    General                 (kmer_splitters.hpp        : 289)   Processed 137457018 reads
  0:03:10.208     8G / 9G    INFO    General                 (kmer_splitters.hpp        : 289)   Processed 164285527 reads
  0:03:44.919     8G / 9G    INFO    General                 (kmer_splitters.hpp        : 289)   Processed 193646394 reads
  0:04:23.146     8G / 9G    INFO    General                 (kmer_splitters.hpp        : 289)   Processed 223114651 reads
  0:04:55.680     8G / 9G    INFO    General                 (kmer_splitters.hpp        : 289)   Processed 252670731 reads
  0:05:31.892     8G / 9G    INFO    General                 (kmer_splitters.hpp        : 289)   Processed 281990795 reads
  0:06:04.658     8G / 9G    INFO    General                 (kmer_splitters.hpp        : 289)   Processed 311168229 reads
  0:06:41.126     8G / 9G    INFO    General                 (kmer_splitters.hpp        : 289)   Processed 340480071 reads
  0:07:11.573     8G / 9G    INFO    General                 (kmer_splitters.hpp        : 289)   Processed 369793377 reads
  0:07:48.302     8G / 9G    INFO    General                 (kmer_splitters.hpp        : 289)   Processed 398951081 reads
  0:08:20.514     8G / 9G    INFO    General                 (kmer_splitters.hpp        : 289)   Processed 569711440 reads
  0:43:44.974     8G / 9G    INFO    General                 (kmer_splitters.hpp        : 289)   Processed 1075596266 reads
  1:24:14.650     8G / 9G    INFO    General                 (kmer_splitters.hpp        : 295)   Adding contigs from previous K
  1:31:15.028    64M / 9G    INFO    General                 (kmer_splitters.hpp        : 308)   Used 1654391618 reads
  1:31:15.028    64M / 9G    INFO    General                 (kmer_index_builder.hpp    : 120)   Starting k-mer counting.
  2:03:32.077    64M / 9G    INFO    General                 (kmer_index_builder.hpp    : 127)   K-mer counting done. There are 5988858765 kmers in total.
  2:03:32.078    64M / 9G    INFO    General                 (kmer_index_builder.hpp    : 133)   Merging temporary buckets.
  2:14:13.608    64M / 9G    INFO    General                 (stage.cpp                 : 101)   PROCEDURE == Extension index construction
  2:14:13.652    64M / 9G    INFO   K-mer Index Building     (kmer_index_builder.hpp    : 301)   Building kmer index
  2:14:13.652    64M / 9G    INFO    General                 (kmer_index_builder.hpp    : 117)   Splitting kmer instances into 256 files using 16 threads. This might take a while.
  2:14:13.653    64M / 9G    INFO    General                 (file_limit.hpp            :  32)   Open file limit set to 4096
  2:14:13.653    64M / 9G    INFO    General                 (kmer_splitters.hpp        :  89)   Memory available for splitting buffers: 6.2487 Gb
  2:14:13.653    64M / 9G    INFO    General                 (kmer_splitters.hpp        :  97)   Using cell size of 87381
  2:14:17.557     8G / 9G    INFO    General                 (kmer_splitters.hpp        : 380)   Processed 3894446 kmers
  2:14:19.578     8G / 9G    INFO    General                 (kmer_splitters.hpp        : 380)   Processed 7972246 kmers
  2:14:21.612     8G / 9G    INFO    General                 (kmer_splitters.hpp        : 380)   Processed 12082174 kmers
  2:14:23.680     8G / 9G    INFO    General                 (kmer_splitters.hpp        : 380)   Processed 16139407 kmers
  2:14:25.700     8G / 9G    INFO    General                 (kmer_splitters.hpp        : 380)   Processed 20372254 kmers
  2:14:27.651     8G / 9G    INFO    General                 (kmer_splitters.hpp        : 380)   Processed 24511488 kmers
  2:14:29.803     8G / 9G    INFO    General                 (kmer_splitters.hpp        : 380)   Processed 28768387 kmers
  2:14:31.704     8G / 9G    INFO    General                 (kmer_splitters.hpp        : 380)   Processed 32792223 kmers
  2:14:33.287     8G / 9G    INFO    General                 (kmer_splitters.hpp        : 380)   Processed 36764772 kmers
  2:14:35.061     8G / 9G    INFO    General                 (kmer_splitters.hpp        : 380)   Processed 40750888 kmers
  2:14:36.666     8G / 9G    INFO    General                 (kmer_splitters.hpp        : 380)   Processed 44925381 kmers
  2:14:38.250     8G / 9G    INFO    General                 (kmer_splitters.hpp        : 380)   Processed 49327568 kmers
  2:14:40.175     8G / 9G    INFO    General                 (kmer_splitters.hpp        : 380)   Processed 53722850 kmers
  2:14:41.642     8G / 9G    INFO    General                 (kmer_splitters.hpp        : 380)   Processed 57965170 kmers
  2:14:42.908     8G / 9G    INFO    General                 (kmer_splitters.hpp        : 380)   Processed 62255319 kmers
  2:14:44.250     8G / 9G    INFO    General                 (kmer_splitters.hpp        : 380)   Processed 66344395 kmers
  2:14:45.515     8G / 9G    INFO    General                 (kmer_splitters.hpp        : 380)   Processed 70546832 kmers
  2:15:13.387     8G / 9G    INFO    General                 (kmer_splitters.hpp        : 380)   Processed 138164084 kmers
  2:16:07.117     8G / 9G    INFO    General                 (kmer_splitters.hpp        : 380)   Processed 272415213 kmers
  2:18:17.351     8G / 9G    INFO    General                 (kmer_splitters.hpp        : 380)   Processed 538552275 kmers
  2:22:05.546     8G / 9G    INFO    General                 (kmer_splitters.hpp        : 380)   Processed 1077294091 kmers
  2:29:42.582     8G / 9G    INFO    General                 (kmer_splitters.hpp        : 380)   Processed 2147892269 kmers
  2:45:16.757     8G / 9G    INFO    General                 (kmer_splitters.hpp        : 380)   Processed 4298967047 kmers
  2:57:38.402     8G / 9G    INFO    General                 (kmer_splitters.hpp        : 385)   Used 5988881037 kmers.
  2:57:39.445    64M / 9G    INFO    General                 (kmer_index_builder.hpp    : 120)   Starting k-mer counting.
  3:10:06.351    64M / 9G    INFO    General                 (kmer_index_builder.hpp    : 127)   K-mer counting done. There are 5985677832 kmers in total.
  3:10:06.351    64M / 9G    INFO    General                 (kmer_index_builder.hpp    : 133)   Merging temporary buckets.
  3:20:39.025    64M / 9G    INFO   K-mer Index Building     (kmer_index_builder.hpp    : 314)   Building perfect hash indices
  3:29:38.481     2G / 9G    INFO    General                 (kmer_index_builder.hpp    : 150)   Merging final buckets.
  3:32:09.719     2G / 9G    INFO   K-mer Index Building     (kmer_index_builder.hpp    : 336)   Index built. Total 2775624092 bytes occupied (3.70969 bits per kmer).
  3:32:16.287     8G / 9G    INFO   DeBruijnExtensionIndexBu (kmer_extension_index_build:  99)   Building k-mer extensions from k+1-mers
  3:41:19.979     8G / 9G    INFO   DeBruijnExtensionIndexBu (kmer_extension_index_build: 103)   Building k-mer extensions from k+1-mers finished.
  3:41:19.982     8G / 9G    INFO    General                 (stage.cpp                 : 101)   PROCEDURE == Condensing graph
  3:41:20.009     8G / 9G    INFO   UnbranchingPathExtractor (debruijn_graph_constructor: 355)   Extracting unbranching paths
