
module load SPAdes/3.13.1
/usr/bin/modulecmd bash $*
LOADEDMODULES=slurm/19.05.0:openmpi/4.0.1-slurm-19.05.0:ggobi/2.1.11:texlive/2017:pandoc/2.0:netcdf/4.4.1.1:java/8:geos/3.7.1:gdal/2.1.3:hdf5/1.10.1:R/3.6.0:miniconda2/4.4.10:perl/5.20.2:less-highlight/1.0:iigb_utilities/1:vim/8.1:SPAdes/3.13.1 ;export LOADEDMODULES;PATH=/opt/linux/centos/7.x/x86_64/pkgs/SPAdes/3.13.1/bin:/opt/linux/centos/7.x/x86_64/pkgs/vim/8.1/bin:/opt/linux/centos/7.x/x86_64/pkgs/iigb_utilities/1/bin:/opt/linux/centos/7.x/x86_64/pkgs/perl/5.20.2/bin:/opt/linux/centos/7.x/x86_64/pkgs/miniconda2/4.4.10/bin:/opt/linux/centos/7.x/x86_64/pkgs/hdf5/1.10.1/bin:/opt/linux/centos/7.x/x86_64/pkgs/gdal/2.1.3/bin:/opt/linux/centos/7.x/x86_64/pkgs/geos/3.7.1/bin:/opt/linux/centos/7.x/x86_64/pkgs/java/jdk1.8.0_45/bin:/opt/linux/centos/7.x/x86_64/pkgs/netcdf/4.4.1.1/bin:/opt/linux/centos/7.x/x86_64/pkgs/pandoc/2.0/bin:/opt/linux/centos/7.x/x86_64/pkgs/texlive/2017/bin/x86_64-linux:/opt/linux/centos/7.x/x86_64/pkgs/ggobi/2.1.11/bin:/opt/linux/centos/7.x/x86_64/pkgs/R/3.6.0/bin:/opt/linux/centos/7.x/x86_64/pkgs/openmpi/4.0.1-slurm-19.05.0/bin:/opt/linux/centos/7.x/x86_64/pkgs/slurm/19.05.0/bin:/opt/linux/centos/7.x/x86_64/pkgs/slurm/19.05.0/sbin:/usr/bin:/bin:/usr/local/games:/usr/games:/usr/local/bin:/usr/lpp/mmfs/bin:/opt/ibutils/bin ;export PATH;_LMFILES_=/opt/linux/centos/7.x/x86_64/modules/slurm/19.05.0:/opt/linux/centos/7.x/x86_64/modules/openmpi/4.0.1-slurm-19.05.0:/opt/linux/centos/7.x/x86_64/modules/ggobi/2.1.11:/opt/linux/centos/7.x/x86_64/modules/texlive/2017:/opt/linux/centos/7.x/x86_64/modules/pandoc/2.0:/opt/linux/centos/7.x/x86_64/modules/netcdf/4.4.1.1:/opt/linux/centos/7.x/x86_64/modules/java/8:/opt/linux/centos/7.x/x86_64/modules/geos/3.7.1:/opt/linux/centos/7.x/x86_64/modules/gdal/2.1.3:/opt/linux/centos/7.x/x86_64/modules/hdf5/1.10.1:/opt/linux/centos/7.x/x86_64/modules/R/3.6.0:/opt/linux/centos/7.x/x86_64/modules/miniconda2/4.4.10:/opt/linux/centos/7.x/x86_64/modules/perl/5.20.2:/opt/linux/centos/7.x/x86_64/modules/less-highlight/1.0:/opt/linux/centos/7.x/x86_64/modules/iigb_utilities/1:/opt/linux/centos/7.x/x86_64/modules/vim/8.1:/opt/linux/centos/7.x/x86_64/modules/SPAdes/3.13.1 ;export _LMFILES_;

spades.py \
    -o /rhome/arajewski/bigdata/Datura/2_SPAdes \
    --continue

======= SPAdes pipeline continued. Log can be found here: /rhome/arajewski/bigdata/Datura/2_SPAdes/spades.log

Restored from Command line: /opt/linux/centos/7.x/x86_64/pkgs/SPAdes/3.13.1/bin/spades.py	-1	/rhome/arajewski/bigdata/Datura/1_QCQA/DstrTrim_1P.fq	-2	/rhome/arajewski/bigdata/Datura/1_QCQA/DstrTrim_2P.fq	-s	/rhome/arajewski/bigdata/Datura/1_QCQA/DstrTrim_1U.fq	--nanopore	/rhome/arajewski/bigdata/Datura/1_QCQA/Dstr.filt_q10_l500_crop50.fastq.gz	-t	32	-m	300	-o	/rhome/arajewski/bigdata/Datura/2_SPAdes

Command line: /opt/linux/centos/7.x/x86_64/pkgs/SPAdes/3.13.1/bin/spades.py	-1	/rhome/arajewski/bigdata/Datura/1_QCQA/DstrTrim_1P.fq	-2	/rhome/arajewski/bigdata/Datura/1_QCQA/DstrTrim_2P.fq	-s	/rhome/arajewski/bigdata/Datura/1_QCQA/DstrTrim_1U.fq	--nanopore	/rhome/arajewski/bigdata/Datura/1_QCQA/Dstr.filt_q10_l500_crop50.fastq.gz	-t	32	-m	300	-o	/rhome/arajewski/bigdata/Datura/2_SPAdes

System information:
  SPAdes version: 3.13.1
  Python version: 2.7.15
  OS: Linux-3.10.0-957.el7.x86_64-x86_64-with-centos-7.6.1810-Core

Output dir: /rhome/arajewski/bigdata/Datura/2_SPAdes
Mode: read error correction and assembling
Debug mode is turned OFF

Dataset parameters:
  Multi-cell mode (you should set '--sc' flag if input data was obtained with MDA (single-cell) technology or --meta flag if processing metagenomic dataset)
  Reads:
    Library number: 1, library type: paired-end
      orientation: fr
      left reads: ['/rhome/arajewski/bigdata/Datura/1_QCQA/DstrTrim_1P.fq']
      right reads: ['/rhome/arajewski/bigdata/Datura/1_QCQA/DstrTrim_2P.fq']
      interlaced reads: not specified
      single reads: ['/rhome/arajewski/bigdata/Datura/1_QCQA/DstrTrim_1U.fq']
      merged reads: not specified
    Library number: 2, library type: nanopore
      left reads: not specified
      right reads: not specified
      interlaced reads: not specified
      single reads: ['/rhome/arajewski/bigdata/Datura/1_QCQA/Dstr.filt_q10_l500_crop50.fastq.gz']
      merged reads: not specified
Read error correction parameters:
  Iterations: 1
  PHRED offset will be auto-detected
  Corrected reads will be compressed
Assembly parameters:
  k: automatic selection based on read length
  Repeat resolution is enabled
  Mismatch careful mode is turned OFF
  MismatchCorrector will be SKIPPED
  Coverage cutoff is turned OFF
Other parameters:
  Dir for temp files: /rhome/arajewski/bigdata/Datura/2_SPAdes/tmp
  Threads: 32
  Memory limit (in Gb): 300



== Warning ==  It is recommended to specify single reads with --pe<#>-s, --mp<#>-s, --hqmp<#>-s, or --s<#> option instead of -s!



===== Skipping Read error correction (already processed). 


===== Assembling started.


== Skipping assembler: K21 (already processed)
Max read length detected as 151
Default k-mer sizes were set to [21, 33, 55, 77] because estimated read length (151) is equal to or greater than 150

== Skipping assembler: K33 (already processed)

== Skipping assembler: K55 (already processed)

== Running assembler: K77

  0:00:00.000     4M / 4M    INFO    General                 (main.cpp                  :  74)   Loaded config from /rhome/arajewski/bigdata/Datura/2_SPAdes/K77/configs/config.info
  0:00:00.000     4M / 4M    INFO    General                 (memory_limit.cpp          :  49)   Memory limit set to 300 Gb
  0:00:00.000     4M / 4M    INFO    General                 (main.cpp                  :  87)   Starting SPAdes, built from refs/heads/spades_3.13.1, git revision 9a9d54db2ff9abaac718155bf74c12ec9464e8ca
  0:00:00.000     4M / 4M    INFO    General                 (main.cpp                  :  88)   Maximum k-mer length: 128
  0:00:00.000     4M / 4M    INFO    General                 (main.cpp                  :  89)   Assembling dataset (/rhome/arajewski/bigdata/Datura/2_SPAdes/dataset.info) with K=77
  0:00:00.000     4M / 4M    INFO    General                 (main.cpp                  :  90)   Maximum # of threads to use (adjusted due to OMP capabilities): 32
  0:00:00.000     4M / 4M    INFO    General                 (launch.hpp                :  52)   SPAdes started
  0:00:00.000     4M / 4M    INFO    General                 (launch.hpp                :  59)   Starting from stage: construction
  0:00:00.000     4M / 4M    INFO    General                 (launch.hpp                :  66)   Two-step RR enabled: 0
  0:00:00.000     4M / 4M    INFO    General                 (launch.hpp                :  77)   Will need read mapping, kmer mapper will be attached
  0:00:00.001     4M / 4M    INFO   StageManager             (stage.cpp                 : 132)   STAGE == de Bruijn graph construction
  0:00:00.173     4M / 4M    INFO    General                 (read_converter.hpp        :  77)   Converting reads to binary format for library #0 (takes a while)
  0:00:00.173     4M / 4M    INFO    General                 (read_converter.hpp        :  78)   Converting paired reads
  0:00:01.814    76M / 76M   INFO    General                 (binary_converter.hpp      :  93)   16384 reads processed
  0:00:01.943    88M / 88M   INFO    General                 (binary_converter.hpp      :  93)   32768 reads processed
  0:00:02.201   108M / 108M  INFO    General                 (binary_converter.hpp      :  93)   65536 reads processed
  0:00:02.721   148M / 148M  INFO    General                 (binary_converter.hpp      :  93)   131072 reads processed
  0:00:03.783   228M / 228M  INFO    General                 (binary_converter.hpp      :  93)   262144 reads processed
  0:00:05.889   392M / 392M  INFO    General                 (binary_converter.hpp      :  93)   524288 reads processed
  0:00:12.298   648M / 648M  INFO    General                 (binary_converter.hpp      :  93)   1048576 reads processed
  0:00:22.872   648M / 648M  INFO    General                 (binary_converter.hpp      :  93)   2097152 reads processed
  0:00:44.457   648M / 648M  INFO    General                 (binary_converter.hpp      :  93)   4194304 reads processed
  0:01:31.226   652M / 652M  INFO    General                 (binary_converter.hpp      :  93)   8388608 reads processed
  0:03:05.767   652M / 652M  INFO    General                 (binary_converter.hpp      :  93)   16777216 reads processed
  0:06:18.545   652M / 652M  INFO    General                 (binary_converter.hpp      :  93)   33554432 reads processed
  0:15:33.596     1G / 1G    INFO    General                 (binary_converter.hpp      :  93)   67108864 reads processed
  0:35:28.314   936M / 1G    INFO    General                 (binary_converter.hpp      :  93)   134217728 reads processed
  1:15:44.835   944M / 1G    INFO    General                 (binary_converter.hpp      :  93)   268435456 reads processed
  1:28:21.393   924M / 1G    INFO    General                 (binary_converter.hpp      : 117)   309892412 reads written
  1:28:22.512     8M / 1G    INFO    General                 (read_converter.hpp        :  87)   Converting single reads
  1:28:24.507   136M / 1G    INFO    General                 (binary_converter.hpp      :  93)   16384 reads processed
  1:28:24.574   140M / 1G    INFO    General                 (binary_converter.hpp      :  93)   32768 reads processed
  1:28:24.736   152M / 1G    INFO    General                 (binary_converter.hpp      :  93)   65536 reads processed
  1:28:25.117   180M / 1G    INFO    General                 (binary_converter.hpp      :  93)   131072 reads processed
  1:28:25.884   236M / 1G    INFO    General                 (binary_converter.hpp      :  93)   262144 reads processed
  1:28:26.925   316M / 1G    INFO    General                 (binary_converter.hpp      :  93)   524288 reads processed
  1:28:29.016   480M / 1G    INFO    General                 (binary_converter.hpp      :  93)   1048576 reads processed
  1:28:33.101   804M / 1G    INFO    General                 (binary_converter.hpp      :  93)   2097152 reads processed
  1:28:42.350     1G / 1G    INFO    General                 (binary_converter.hpp      :  93)   4194304 reads processed
  1:29:07.743     2G / 2G    INFO    General                 (binary_converter.hpp      :  93)   8388608 reads processed
  1:30:00.369     2G / 2G    INFO    General                 (binary_converter.hpp      :  93)   16777216 reads processed
  1:31:45.470     2G / 2G    INFO    General                 (binary_converter.hpp      :  93)   33554432 reads processed
  1:35:19.999     2G / 2G    INFO    General                 (binary_converter.hpp      :  93)   67108864 reads processed
  1:42:23.526     2G / 2G    INFO    General                 (binary_converter.hpp      :  93)   134217728 reads processed
  1:50:13.023     1G / 2G    INFO    General                 (binary_converter.hpp      : 117)   207410985 reads written
  1:50:15.352     8M / 2G    INFO    General                 (read_converter.hpp        :  95)   Converting merged reads
  1:50:16.772   136M / 2G    INFO    General                 (binary_converter.hpp      : 117)   0 reads written
  1:50:30.810     8M / 2G    INFO    General                 (construction.cpp          : 111)   Max read length 151
  1:50:30.811     8M / 2G    INFO    General                 (construction.cpp          : 117)   Average read length 129.27
  1:50:30.811     8M / 2G    INFO    General                 (stage.cpp                 : 101)   PROCEDURE == k+1-mer counting
  1:50:30.811     8M / 2G    INFO    General                 (kmer_index_builder.hpp    : 117)   Splitting kmer instances into 1024 files using 32 threads. This might take a while.
  1:50:30.813     8M / 2G    INFO    General                 (file_limit.hpp            :  32)   Open file limit set to 4096
  1:50:30.813     8M / 2G    INFO    General                 (kmer_splitters.hpp        :  89)   Memory available for splitting buffers: 3.12492 Gb
  1:50:30.813     8M / 2G    INFO    General                 (kmer_splitters.hpp        :  97)   Using cell size of 21845
  1:51:02.059    17G / 18G   INFO    General                 (kmer_splitters.hpp        : 289)   Processed 57021699 reads
  1:53:42.289    17G / 18G   INFO    General                 (kmer_splitters.hpp        : 289)   Processed 109229800 reads
  1:55:28.387    17G / 18G   INFO    General                 (kmer_splitters.hpp        : 289)   Processed 161578238 reads
  1:58:21.042    17G / 18G   INFO    General                 (kmer_splitters.hpp        : 289)   Processed 219491959 reads
  2:00:47.095    17G / 18G   INFO    General                 (kmer_splitters.hpp        : 289)   Processed 277488707 reads
  2:02:09.841    17G / 18G   INFO    General                 (kmer_splitters.hpp        : 289)   Processed 335049027 reads
  2:04:56.500    17G / 18G   INFO    General                 (kmer_splitters.hpp        : 289)   Processed 392700049 reads
  2:06:46.229    17G / 18G   INFO    General                 (kmer_splitters.hpp        : 289)   Processed 569926800 reads
  2:08:51.596    17G / 18G   INFO    General                 (kmer_splitters.hpp        : 289)   Processed 574210070 reads
  2:11:25.060    17G / 18G   INFO    General                 (kmer_splitters.hpp        : 289)   Processed 578461291 reads
  2:12:19.970    17G / 18G   INFO    General                 (kmer_splitters.hpp        : 289)   Processed 582955229 reads
  2:13:37.105    17G / 18G   INFO    General                 (kmer_splitters.hpp        : 289)   Processed 587636856 reads
  2:15:17.231    17G / 18G   INFO    General                 (kmer_splitters.hpp        : 289)   Processed 592642092 reads
  2:17:06.799    17G / 18G   INFO    General                 (kmer_splitters.hpp        : 289)   Processed 598032407 reads
  2:19:09.487    17G / 18G   INFO    General                 (kmer_splitters.hpp        : 289)   Processed 602587812 reads
  4:36:28.078    17G / 18G   INFO    General                 (kmer_splitters.hpp        : 289)   Processed 1075817262 reads
  7:51:00.569    17G / 18G   INFO    General                 (kmer_splitters.hpp        : 295)   Adding contigs from previous K
  9:09:39.314   132M / 18G   INFO    General                 (kmer_splitters.hpp        : 308)   Used 1654391618 reads
  9:09:39.314   132M / 18G   INFO    General                 (kmer_index_builder.hpp    : 120)   Starting k-mer counting.
  9:38:11.912   132M / 18G   INFO    General                 (kmer_index_builder.hpp    : 127)   K-mer counting done. There are 5988858765 kmers in total.
  9:38:11.912   132M / 18G   INFO    General                 (kmer_index_builder.hpp    : 133)   Merging temporary buckets.
  9:50:04.015   128M / 18G   INFO    General                 (stage.cpp                 : 101)   PROCEDURE == Extension index construction
  9:50:04.079   128M / 18G   INFO   K-mer Index Building     (kmer_index_builder.hpp    : 301)   Building kmer index
  9:50:04.080   128M / 18G   INFO    General                 (kmer_index_builder.hpp    : 117)   Splitting kmer instances into 512 files using 32 threads. This might take a while.
  9:50:04.080   128M / 18G   INFO    General                 (file_limit.hpp            :  32)   Open file limit set to 4096
  9:50:04.080   128M / 18G   INFO    General                 (kmer_splitters.hpp        :  89)   Memory available for splitting buffers: 3.1237 Gb
  9:50:04.080   128M / 18G   INFO    General                 (kmer_splitters.hpp        :  97)   Using cell size of 43690
  9:50:07.848    17G / 18G   INFO    General                 (kmer_splitters.hpp        : 380)   Processed 4019358 kmers
  9:50:10.188    17G / 18G   INFO    General                 (kmer_splitters.hpp        : 380)   Processed 8147435 kmers
  9:50:10.805    17G / 18G   INFO    General                 (kmer_splitters.hpp        : 380)   Processed 12363269 kmers
  9:50:13.579    17G / 18G   INFO    General                 (kmer_splitters.hpp        : 380)   Processed 16544865 kmers
  9:50:18.196    17G / 18G   INFO    General                 (kmer_splitters.hpp        : 380)   Processed 20563309 kmers
  9:50:19.339    17G / 18G   INFO    General                 (kmer_splitters.hpp        : 380)   Processed 24919255 kmers
  9:50:24.694    17G / 18G   INFO    General                 (kmer_splitters.hpp        : 380)   Processed 29274902 kmers
  9:50:30.508    17G / 18G   INFO    General                 (kmer_splitters.hpp        : 380)   Processed 33516918 kmers
  9:50:41.360    17G / 18G   INFO    General                 (kmer_splitters.hpp        : 380)   Processed 37804757 kmers
  9:50:57.392    17G / 18G   INFO    General                 (kmer_splitters.hpp        : 380)   Processed 42102792 kmers
  9:51:02.612    17G / 18G   INFO    General                 (kmer_splitters.hpp        : 380)   Processed 46261833 kmers
  9:51:28.368    17G / 18G   INFO    General                 (kmer_splitters.hpp        : 380)   Processed 50551315 kmers
  9:51:50.382    17G / 18G   INFO    General                 (kmer_splitters.hpp        : 380)   Processed 54772175 kmers
  9:51:54.010    17G / 18G   INFO    General                 (kmer_splitters.hpp        : 380)   Processed 59030223 kmers
  9:52:11.791    17G / 18G   INFO    General                 (kmer_splitters.hpp        : 380)   Processed 63314658 kmers
  9:52:29.012    17G / 18G   INFO    General                 (kmer_splitters.hpp        : 380)   Processed 67635904 kmers
  9:52:32.010    17G / 18G   INFO    General                 (kmer_splitters.hpp        : 380)   Processed 71981777 kmers
  9:57:28.496    17G / 18G   INFO    General                 (kmer_splitters.hpp        : 380)   Processed 137497101 kmers
 10:06:26.806    17G / 18G   INFO    General                 (kmer_splitters.hpp        : 380)   Processed 272258692 kmers
 10:23:33.596    17G / 18G   INFO    General                 (kmer_splitters.hpp        : 380)   Processed 538085196 kmers
 10:57:43.891    17G / 18G   INFO    General                 (kmer_splitters.hpp        : 380)   Processed 1077646958 kmers
 12:18:12.410    17G / 18G   INFO    General                 (kmer_splitters.hpp        : 380)   Processed 2148173910 kmers
 14:32:36.839    17G / 18G   INFO    General                 (kmer_splitters.hpp        : 380)   Processed 4298767986 kmers
 15:48:43.543    17G / 18G   INFO    General                 (kmer_splitters.hpp        : 385)   Used 5988902797 kmers.
 15:48:45.755   132M / 18G   INFO    General                 (kmer_index_builder.hpp    : 120)   Starting k-mer counting.
 16:00:13.694   132M / 18G   INFO    General                 (kmer_index_builder.hpp    : 127)   K-mer counting done. There are 5985677832 kmers in total.
 16:00:13.694   132M / 18G   INFO    General                 (kmer_index_builder.hpp    : 133)   Merging temporary buckets.
 16:09:10.979   132M / 18G   INFO   K-mer Index Building     (kmer_index_builder.hpp    : 314)   Building perfect hash indices
 16:15:28.353     2G / 18G   INFO    General                 (kmer_index_builder.hpp    : 150)   Merging final buckets.
 16:17:28.914     2G / 18G   INFO   K-mer Index Building     (kmer_index_builder.hpp    : 336)   Index built. Total 2775624092 bytes occupied (3.70969 bits per kmer).
 16:17:32.925     8G / 18G   INFO   DeBruijnExtensionIndexBu (kmer_extension_index_build:  99)   Building k-mer extensions from k+1-mers
 16:21:58.718     8G / 18G   INFO   DeBruijnExtensionIndexBu (kmer_extension_index_build: 103)   Building k-mer extensions from k+1-mers finished.
 16:21:58.722     8G / 18G   INFO    General                 (stage.cpp                 : 101)   PROCEDURE == Condensing graph
 16:21:58.744     8G / 18G   INFO   UnbranchingPathExtractor (debruijn_graph_constructor: 355)   Extracting unbranching paths
 30:49:57.892    24G / 32G   INFO   UnbranchingPathExtractor (debruijn_graph_constructor: 374)   Extracting unbranching paths finished. 243550456 sequences extracted
 30:53:23.609    24G / 32G   INFO   UnbranchingPathExtractor (debruijn_graph_constructor: 310)   Collecting perfect loops
 30:55:30.292    24G / 32G   INFO   UnbranchingPathExtractor (debruijn_graph_constructor: 343)   Collecting perfect loops finished. 76 loops collected
 30:57:57.355    84G / 106G  INFO    General                 (stage.cpp                 : 101)   PROCEDURE == Filling coverage indices (PHM)
 30:57:57.356    84G / 106G  INFO   K-mer Index Building     (kmer_index_builder.hpp    : 301)   Building kmer index
 30:57:57.356    84G / 106G  INFO   K-mer Index Building     (kmer_index_builder.hpp    : 314)   Building perfect hash indices
 31:11:04.729    87G / 106G  INFO   K-mer Index Building     (kmer_index_builder.hpp    : 336)   Index built. Total 2777074212 bytes occupied (3.70965 bits per kmer).
 31:11:13.141   109G / 109G  INFO    General                 (construction.cpp          : 388)   Collecting k-mer coverage information from reads, this takes a while.
 31:26:09.180   109G / 109G  INFO    General                 (construction.cpp          : 508)   Filling coverage and flanking coverage from PHM
 31:26:42.939   109G / 109G  INFO    General                 (construction.cpp          : 464)   Processed 32000000 edges
 31:27:00.484   109G / 109G  INFO    General                 (construction.cpp          : 464)   Processed 64000000 edges
 31:27:17.417   109G / 109G  INFO    General                 (construction.cpp          : 464)   Processed 96000000 edges
 31:27:35.451   109G / 109G  INFO    General                 (construction.cpp          : 464)   Processed 128000000 edges
 31:27:52.214   109G / 109G  INFO    General                 (construction.cpp          : 464)   Processed 160000000 edges
 31:28:08.933   109G / 109G  INFO    General                 (construction.cpp          : 464)   Processed 192000000 edges
 31:28:25.960   109G / 109G  INFO    General                 (construction.cpp          : 464)   Processed 224000000 edges
 31:28:43.232   109G / 109G  INFO    General                 (construction.cpp          : 464)   Processed 256000000 edges
 31:29:00.630   109G / 109G  INFO    General                 (construction.cpp          : 464)   Processed 288000000 edges
 31:29:17.528   109G / 109G  INFO    General                 (construction.cpp          : 464)   Processed 320000000 edges
 31:29:34.769   109G / 109G  INFO    General                 (construction.cpp          : 464)   Processed 352000000 edges
 31:29:52.346   109G / 109G  INFO    General                 (construction.cpp          : 464)   Processed 384000000 edges
 31:30:09.124   109G / 109G  INFO    General                 (construction.cpp          : 464)   Processed 416000000 edges
 31:30:27.292   109G / 109G  INFO    General                 (construction.cpp          : 464)   Processed 448000000 edges
 31:30:44.147   109G / 109G  INFO    General                 (construction.cpp          : 464)   Processed 480000000 edges
 31:30:48.080   109G / 109G  INFO    General                 (construction.cpp          : 464)   Processed 487101051 edges
 31:31:15.202    76G / 111G  INFO   StageManager             (stage.cpp                 : 132)   STAGE == EC Threshold Finding
 31:31:25.841    77G / 111G  INFO    General                 (kmer_coverage_model.cpp   : 181)   Kmer coverage valley at: 7
 31:31:25.948    76G / 111G  INFO    General                 (kmer_coverage_model.cpp   : 201)   K-mer histogram maximum: 15
 31:31:25.948    76G / 111G  INFO    General                 (kmer_coverage_model.cpp   : 237)   Estimated median coverage: 16. Coverage mad: 7.413
 31:31:26.069    76G / 111G  INFO    General                 (kmer_coverage_model.cpp   : 259)   Fitting coverage model
 31:31:26.420    77G / 111G  INFO    General                 (kmer_coverage_model.cpp   : 295)   ... iteration 2
 31:31:26.484    77G / 111G  INFO    General                 (kmer_coverage_model.cpp   : 295)   ... iteration 4
 31:31:26.733    77G / 111G  INFO    General                 (kmer_coverage_model.cpp   : 295)   ... iteration 8
 31:31:27.275    77G / 111G  INFO    General                 (kmer_coverage_model.cpp   : 295)   ... iteration 16
 31:31:28.250    77G / 111G  INFO    General                 (kmer_coverage_model.cpp   : 295)   ... iteration 32
 31:31:30.198    77G / 111G  INFO    General                 (kmer_coverage_model.cpp   : 295)   ... iteration 64
 31:31:33.260    77G / 111G  INFO    General                 (kmer_coverage_model.cpp   : 309)   Fitted mean coverage: 20.1056. Fitted coverage std. dev: 8.80104
 31:31:33.261    77G / 111G  INFO    General                 (kmer_coverage_model.cpp   : 334)   Probability of erroneous kmer at valley: 0.476789
 31:31:33.261    77G / 111G  INFO    General                 (kmer_coverage_model.cpp   : 358)   Preliminary threshold calculated as: 14
 31:31:33.261    77G / 111G  INFO    General                 (kmer_coverage_model.cpp   : 362)   Threshold adjusted to: 13
 31:31:33.261    77G / 111G  INFO    General                 (kmer_coverage_model.cpp   : 375)   Estimated genome size (ignoring repeats): 1172854627
 31:31:33.263    76G / 111G  INFO    General                 (genomic_info_filler.cpp   : 112)   Mean coverage was calculated as 20.1056
 31:31:33.263    76G / 111G  INFO    General                 (genomic_info_filler.cpp   : 127)   EC coverage threshold value was calculated as 13
 31:31:33.263    76G / 111G  INFO    General                 (genomic_info_filler.cpp   : 128)   Trusted kmer low bound: 0
 31:31:33.263    76G / 111G  INFO   StageManager             (stage.cpp                 : 132)   STAGE == Gap Closer
 31:31:33.263    76G / 111G  INFO    General                 (graph_pack.hpp            : 101)   Index refill
 31:31:33.265    76G / 111G  INFO   K-mer Index Building     (kmer_index_builder.hpp    : 301)   Building kmer index
 31:31:33.265    76G / 111G  INFO    General                 (kmer_index_builder.hpp    : 117)   Splitting kmer instances into 512 files using 32 threads. This might take a while.
 31:31:33.265    76G / 111G  INFO    General                 (file_limit.hpp            :  32)   Open file limit set to 4096
 31:31:33.265    76G / 111G  INFO    General                 (kmer_splitters.hpp        :  89)   Memory available for splitting buffers: 2.32361 Gb
 31:31:33.265    76G / 111G  INFO    General                 (kmer_splitters.hpp        :  97)   Using cell size of 43690
 31:32:08.453    94G / 111G  INFO    General                 (edge_index_builders.hpp   :  77)   Processed 48479049 edges
 31:33:12.241    94G / 111G  INFO    General                 (edge_index_builders.hpp   :  77)   Processed 96940629 edges
 31:34:07.913    94G / 111G  INFO    General                 (edge_index_builders.hpp   :  77)   Processed 145388064 edges
 31:34:33.930    94G / 111G  INFO    General                 (edge_index_builders.hpp   :  77)   Processed 193845208 edges
 31:35:41.542    94G / 111G  INFO    General                 (edge_index_builders.hpp   :  77)   Processed 242305946 edges
 31:36:41.797    94G / 111G  INFO    General                 (edge_index_builders.hpp   :  77)   Processed 290771175 edges
 31:37:08.063    94G / 111G  INFO    General                 (edge_index_builders.hpp   :  77)   Processed 339218321 edges
 31:38:18.958    94G / 111G  INFO    General                 (edge_index_builders.hpp   :  77)   Processed 387669566 edges
 31:39:21.726    94G / 111G  INFO    General                 (edge_index_builders.hpp   :  77)   Processed 436157202 edges
 31:39:48.773    94G / 111G  INFO    General                 (edge_index_builders.hpp   :  77)   Processed 484661016 edges
 31:40:21.215    94G / 111G  INFO    General                 (edge_index_builders.hpp   :  77)   Processed 487101371 edges
 31:40:21.216    94G / 111G  INFO    General                 (edge_index_builders.hpp   :  82)   Used 487101371 sequences.
 31:40:23.189    76G / 111G  INFO    General                 (kmer_index_builder.hpp    : 120)   Starting k-mer counting.
 31:46:23.348    76G / 111G  INFO    General                 (kmer_index_builder.hpp    : 127)   K-mer counting done. There are 5988858765 kmers in total.
 31:46:23.348    76G / 111G  INFO    General                 (kmer_index_builder.hpp    : 133)   Merging temporary buckets.
 31:55:56.849    76G / 111G  INFO   K-mer Index Building     (kmer_index_builder.hpp    : 314)   Building perfect hash indices
 32:02:21.681    79G / 111G  INFO    General                 (kmer_index_builder.hpp    : 150)   Merging final buckets.
 32:04:22.486    79G / 111G  INFO   K-mer Index Building     (kmer_index_builder.hpp    : 336)   Index built. Total 2777079768 bytes occupied (3.70966 bits per kmer).
 32:05:34.857   213G / 213G  INFO    General                 (edge_index_builders.hpp   : 107)   Collecting edge information from graph, this takes a while.
 32:08:59.059   213G / 213G  INFO    General                 (edge_index.hpp            :  92)   Index refilled
 32:09:00.870   213G / 213G  INFO    General                 (gap_closer.cpp            : 159)   Preparing shift maps
 32:18:31.771   231G / 231G  INFO    General                 (gap_closer.cpp            : 119)   Processing paired reads (takes a while)
 32:25:19.870   242G / 242G  INFO    General                 (gap_closer.cpp            : 138)   Used 309892412 paired reads
 32:25:19.870   242G / 242G  INFO    General                 (gap_closer.cpp            : 140)   Merging paired indices
 32:29:27.221   217G / 242G  INFO   GapCloser                (gap_closer.cpp            : 346)   Closing short gaps
 33:08:15.933   223G / 242G  INFO   GapCloser                (gap_closer.cpp            : 380)   Closing short gaps complete: filled 2670871 gaps after checking 11659872 candidates
 33:19:04.023   215G / 242G  INFO   StageManager             (stage.cpp                 : 132)   STAGE == Raw Simplification
 33:19:15.821    78G / 242G  INFO    General                 (simplification.cpp        : 128)   PROCEDURE == InitialCleaning
 33:19:15.821    78G / 242G  INFO    General                 (graph_simplification.hpp  : 669)   Flanking coverage based disconnection disabled
 33:19:15.821    78G / 242G  INFO   Simplification           (parallel_processing.hpp   : 165)   Running Self conjugate edge remover
 33:19:39.108    78G / 242G  INFO   Simplification           (parallel_processing.hpp   : 167)   Self conjugate edge remover triggered 6 times
 33:19:39.108    78G / 242G  INFO   Simplification           (parallel_processing.hpp   : 165)   Running Initial tip clipper
 34:29:27.923    82G / 242G  INFO   Simplification           (parallel_processing.hpp   : 167)   Initial tip clipper triggered 97959626 times
 34:29:27.923    82G / 242G  INFO   Simplification           (parallel_processing.hpp   : 165)   Running Initial ec remover
 34:40:36.668    81G / 242G  INFO   Simplification           (parallel_processing.hpp   : 167)   Initial ec remover triggered 7146682 times
 34:40:36.668    81G / 242G  INFO   Simplification           (parallel_processing.hpp   : 165)   Running Initial isolated edge remover
 34:42:36.179    79G / 242G  INFO   Simplification           (parallel_processing.hpp   : 167)   Initial isolated edge remover triggered 9569565 times
 34:42:51.840    77G / 242G  INFO   StageManager             (stage.cpp                 : 132)   STAGE == Simplification
 34:42:51.840    77G / 242G  INFO    General                 (simplification.cpp        : 357)   Graph simplification started
 34:42:51.840    77G / 242G  INFO    General                 (graph_simplification.hpp  : 641)   Creating parallel br instance
 34:42:51.840    77G / 242G  INFO    General                 (simplification.cpp        : 362)   PROCEDURE == Simplification cycle, iteration 1
 34:42:51.840    77G / 242G  INFO   Simplification           (parallel_processing.hpp   : 165)   Running Tip clipper
 34:43:08.428    77G / 242G  INFO   Simplification           (parallel_processing.hpp   : 167)   Tip clipper triggered 558873 times
 34:43:08.428    77G / 242G  INFO   Simplification           (parallel_processing.hpp   : 165)   Running Bulge remover
 35:02:38.863    83G / 242G  INFO   Simplification           (parallel_processing.hpp   : 167)   Bulge remover triggered 641551 times
 35:02:38.863    83G / 242G  INFO   Simplification           (parallel_processing.hpp   : 165)   Running Low coverage edge remover
 35:03:08.228    83G / 242G  INFO   Simplification           (parallel_processing.hpp   : 167)   Low coverage edge remover triggered 99410 times
 35:03:08.228    83G / 242G  INFO    General                 (simplification.cpp        : 362)   PROCEDURE == Simplification cycle, iteration 2
 35:03:08.228    83G / 242G  INFO   Simplification           (parallel_processing.hpp   : 165)   Running Tip clipper
 35:03:14.712    83G / 242G  INFO   Simplification           (parallel_processing.hpp   : 167)   Tip clipper triggered 6494 times
 35:03:14.712    83G / 242G  INFO   Simplification           (parallel_processing.hpp   : 165)   Running Bulge remover
 35:03:30.847    83G / 242G  INFO   Simplification           (parallel_processing.hpp   : 167)   Bulge remover triggered 6109 times
 35:03:30.847    83G / 242G  INFO   Simplification           (parallel_processing.hpp   : 165)   Running Low coverage edge remover
 35:05:46.866    81G / 242G  INFO   Simplification           (parallel_processing.hpp   : 167)   Low coverage edge remover triggered 1272340 times
 35:05:46.866    81G / 242G  INFO    General                 (simplification.cpp        : 362)   PROCEDURE == Simplification cycle, iteration 3
 35:05:46.866    81G / 242G  INFO   Simplification           (parallel_processing.hpp   : 165)   Running Tip clipper
 35:05:53.937    81G / 242G  INFO   Simplification           (parallel_processing.hpp   : 167)   Tip clipper triggered 11187 times
 35:05:53.937    81G / 242G  INFO   Simplification           (parallel_processing.hpp   : 165)   Running Bulge remover
 35:09:25.566    82G / 242G  INFO   Simplification           (parallel_processing.hpp   : 167)   Bulge remover triggered 81693 times
 35:09:25.567    82G / 242G  INFO   Simplification           (parallel_processing.hpp   : 165)   Running Low coverage edge remover
 35:12:57.020    78G / 242G  INFO   Simplification           (parallel_processing.hpp   : 167)   Low coverage edge remover triggered 1549428 times
 35:12:57.021    78G / 242G  INFO    General                 (simplification.cpp        : 362)   PROCEDURE == Simplification cycle, iteration 4
 35:12:57.021    78G / 242G  INFO   Simplification           (parallel_processing.hpp   : 165)   Running Tip clipper
 35:13:06.024    77G / 242G  INFO   Simplification           (parallel_processing.hpp   : 167)   Tip clipper triggered 16571 times
 35:13:06.024    77G / 242G  INFO   Simplification           (parallel_processing.hpp   : 165)   Running Bulge remover
 35:19:29.060    79G / 242G  INFO   Simplification           (parallel_processing.hpp   : 167)   Bulge remover triggered 122236 times
 35:19:29.060    79G / 242G  INFO   Simplification           (parallel_processing.hpp   : 165)   Running Low coverage edge remover
 35:21:14.251    77G / 242G  INFO   Simplification           (parallel_processing.hpp   : 167)   Low coverage edge remover triggered 625703 times
 35:21:14.251    77G / 242G  INFO    General                 (simplification.cpp        : 362)   PROCEDURE == Simplification cycle, iteration 5
 35:21:14.251    77G / 242G  INFO   Simplification           (parallel_processing.hpp   : 165)   Running Tip clipper
 35:21:21.358    76G / 242G  INFO   Simplification           (parallel_processing.hpp   : 167)   Tip clipper triggered 7619 times
 35:21:21.358    76G / 242G  INFO   Simplification           (parallel_processing.hpp   : 165)   Running Bulge remover
 35:24:23.159    77G / 242G  INFO   Simplification           (parallel_processing.hpp   : 167)   Bulge remover triggered 59432 times
 35:24:23.159    77G / 242G  INFO   Simplification           (parallel_processing.hpp   : 165)   Running Low coverage edge remover
 35:25:05.940    76G / 242G  INFO   Simplification           (parallel_processing.hpp   : 167)   Low coverage edge remover triggered 281359 times
 35:25:05.940    76G / 242G  INFO    General                 (simplification.cpp        : 362)   PROCEDURE == Simplification cycle, iteration 6
 35:25:05.940    76G / 242G  INFO   Simplification           (parallel_processing.hpp   : 165)   Running Tip clipper
 35:25:09.903    75G / 242G  INFO   Simplification           (parallel_processing.hpp   : 167)   Tip clipper triggered 2253 times
 35:25:09.903    75G / 242G  INFO   Simplification           (parallel_processing.hpp   : 165)   Running Bulge remover
 35:26:38.911    76G / 242G  INFO   Simplification           (parallel_processing.hpp   : 167)   Bulge remover triggered 28469 times
 35:26:38.912    76G / 242G  INFO   Simplification           (parallel_processing.hpp   : 165)   Running Low coverage edge remover
 35:27:04.476    75G / 242G  INFO   Simplification           (parallel_processing.hpp   : 167)   Low coverage edge remover triggered 158513 times
 35:27:04.476    75G / 242G  INFO    General                 (simplification.cpp        : 362)   PROCEDURE == Simplification cycle, iteration 7
 35:27:04.476    75G / 242G  INFO   Simplification           (parallel_processing.hpp   : 165)   Running Tip clipper
 35:27:07.047    75G / 242G  INFO   Simplification           (parallel_processing.hpp   : 167)   Tip clipper triggered 990 times
 35:27:07.047    75G / 242G  INFO   Simplification           (parallel_processing.hpp   : 165)   Running Bulge remover
 35:27:57.340    75G / 242G  INFO   Simplification           (parallel_processing.hpp   : 167)   Bulge remover triggered 15652 times
 35:27:57.341    75G / 242G  INFO   Simplification           (parallel_processing.hpp   : 165)   Running Low coverage edge remover
 35:28:15.210    74G / 242G  INFO   Simplification           (parallel_processing.hpp   : 167)   Low coverage edge remover triggered 122238 times
 35:28:15.211    74G / 242G  INFO    General                 (simplification.cpp        : 362)   PROCEDURE == Simplification cycle, iteration 8
 35:28:15.211    74G / 242G  INFO   Simplification           (parallel_processing.hpp   : 165)   Running Tip clipper
 35:28:16.737    74G / 242G  INFO   Simplification           (parallel_processing.hpp   : 167)   Tip clipper triggered 609 times
 35:28:16.737    74G / 242G  INFO   Simplification           (parallel_processing.hpp   : 165)   Running Bulge remover
 35:28:56.544    74G / 242G  INFO   Simplification           (parallel_processing.hpp   : 167)   Bulge remover triggered 11547 times
 35:28:56.545    74G / 242G  INFO   Simplification           (parallel_processing.hpp   : 165)   Running Low coverage edge remover
 35:29:12.368    74G / 242G  INFO   Simplification           (parallel_processing.hpp   : 167)   Low coverage edge remover triggered 109339 times
 35:29:12.368    74G / 242G  INFO    General                 (simplification.cpp        : 362)   PROCEDURE == Simplification cycle, iteration 9
 35:29:12.368    74G / 242G  INFO   Simplification           (parallel_processing.hpp   : 165)   Running Tip clipper
 35:29:13.266    74G / 242G  INFO   Simplification           (parallel_processing.hpp   : 167)   Tip clipper triggered 295 times
 35:29:13.266    74G / 242G  INFO   Simplification           (parallel_processing.hpp   : 165)   Running Bulge remover
 35:29:49.834    74G / 242G  INFO   Simplification           (parallel_processing.hpp   : 167)   Bulge remover triggered 9775 times
 35:29:49.834    74G / 242G  INFO   Simplification           (parallel_processing.hpp   : 165)   Running Low coverage edge remover
 35:30:07.664    73G / 242G  INFO   Simplification           (parallel_processing.hpp   : 167)   Low coverage edge remover triggered 118192 times
 35:30:07.664    73G / 242G  INFO    General                 (simplification.cpp        : 362)   PROCEDURE == Simplification cycle, iteration 10
 35:30:07.664    73G / 242G  INFO   Simplification           (parallel_processing.hpp   : 165)   Running Tip clipper
 35:30:09.259    73G / 242G  INFO   Simplification           (parallel_processing.hpp   : 167)   Tip clipper triggered 214 times
 35:30:09.259    73G / 242G  INFO   Simplification           (parallel_processing.hpp   : 165)   Running Bulge remover
 35:30:47.943    73G / 242G  INFO   Simplification           (parallel_processing.hpp   : 167)   Bulge remover triggered 10590 times
 35:30:47.944    73G / 242G  INFO   Simplification           (parallel_processing.hpp   : 165)   Running Low coverage edge remover
 35:31:14.449    73G / 242G  INFO   Simplification           (parallel_processing.hpp   : 167)   Low coverage edge remover triggered 141097 times
 35:31:14.449    73G / 242G  INFO    General                 (simplification.cpp        : 362)   PROCEDURE == Simplification cycle, iteration 11
 35:31:14.449    73G / 242G  INFO   Simplification           (parallel_processing.hpp   : 165)   Running Tip clipper
 35:31:18.175    73G / 242G  INFO   Simplification           (parallel_processing.hpp   : 167)   Tip clipper triggered 1259 times
 35:31:18.175    73G / 242G  INFO   Simplification           (parallel_processing.hpp   : 165)   Running Bulge remover
 35:36:55.381    73G / 242G  INFO   Simplification           (parallel_processing.hpp   : 167)   Bulge remover triggered 46785 times
 35:36:55.382    73G / 242G  INFO   Simplification           (parallel_processing.hpp   : 165)   Running Low coverage edge remover
 35:37:02.855    72G / 242G  INFO   Simplification           (parallel_processing.hpp   : 167)   Low coverage edge remover triggered 8 times
 35:37:02.855    72G / 242G  INFO    General                 (simplification.cpp        : 362)   PROCEDURE == Simplification cycle, iteration 12
 35:37:02.855    72G / 242G  INFO   Simplification           (parallel_processing.hpp   : 165)   Running Tip clipper
 35:37:04.171    72G / 242G  INFO   Simplification           (parallel_processing.hpp   : 167)   Tip clipper triggered 3 times
 35:37:04.171    72G / 242G  INFO   Simplification           (parallel_processing.hpp   : 165)   Running Bulge remover
 35:37:04.175    72G / 242G  INFO   Simplification           (parallel_processing.hpp   : 167)   Bulge remover triggered 1 times
 35:37:04.175    72G / 242G  INFO   Simplification           (parallel_processing.hpp   : 165)   Running Low coverage edge remover
 35:37:04.175    72G / 242G  INFO   Simplification           (parallel_processing.hpp   : 167)   Low coverage edge remover triggered 0 times
 35:37:04.175    72G / 242G  INFO    General                 (simplification.cpp        : 362)   PROCEDURE == Simplification cycle, iteration 13
 35:37:04.175    72G / 242G  INFO   Simplification           (parallel_processing.hpp   : 165)   Running Tip clipper
 35:37:04.176    72G / 242G  INFO   Simplification           (parallel_processing.hpp   : 167)   Tip clipper triggered 0 times
 35:37:04.176    72G / 242G  INFO   Simplification           (parallel_processing.hpp   : 165)   Running Bulge remover
 35:37:04.176    72G / 242G  INFO   Simplification           (parallel_processing.hpp   : 167)   Bulge remover triggered 0 times
 35:37:04.176    72G / 242G  INFO   Simplification           (parallel_processing.hpp   : 165)   Running Low coverage edge remover
 35:37:04.176    72G / 242G  INFO   Simplification           (parallel_processing.hpp   : 167)   Low coverage edge remover triggered 0 times
 35:37:04.176    72G / 242G  INFO   StageManager             (stage.cpp                 : 132)   STAGE == Gap Closer
 35:37:04.176    72G / 242G  INFO    General                 (graph_pack.hpp            : 101)   Index refill
 35:37:04.206    72G / 242G  INFO   K-mer Index Building     (kmer_index_builder.hpp    : 301)   Building kmer index
 35:37:04.206    72G / 242G  INFO    General                 (kmer_index_builder.hpp    : 117)   Splitting kmer instances into 512 files using 32 threads. This might take a while.
 35:37:04.206    72G / 242G  INFO    General                 (file_limit.hpp            :  32)   Open file limit set to 4096
 35:37:04.206    72G / 242G  INFO    General                 (kmer_splitters.hpp        :  89)   Memory available for splitting buffers: 2.37 Gb
 35:37:04.206    72G / 242G  INFO    General                 (kmer_splitters.hpp        :  97)   Using cell size of 43690
 35:37:26.928    90G / 242G  INFO    General                 (edge_index_builders.hpp   :  77)   Processed 7789089 edges
 35:38:36.845    90G / 242G  INFO    General                 (edge_index_builders.hpp   :  77)   Processed 15585044 edges
 35:39:34.276    90G / 242G  INFO    General                 (edge_index_builders.hpp   :  77)   Processed 16538289 edges
 35:39:34.276    90G / 242G  INFO    General                 (edge_index_builders.hpp   :  82)   Used 16538289 sequences.
 35:39:39.791    72G / 242G  INFO    General                 (kmer_index_builder.hpp    : 120)   Starting k-mer counting.
 35:41:37.920    72G / 242G  INFO    General                 (kmer_index_builder.hpp    : 127)   K-mer counting done. There are 1467514131 kmers in total.
 35:41:37.920    72G / 242G  INFO    General                 (kmer_index_builder.hpp    : 133)   Merging temporary buckets.
 35:44:37.897    72G / 242G  INFO   K-mer Index Building     (kmer_index_builder.hpp    : 314)   Building perfect hash indices
 35:46:15.772    73G / 242G  INFO    General                 (kmer_index_builder.hpp    : 150)   Merging final buckets.
 35:46:48.557    73G / 242G  INFO   K-mer Index Building     (kmer_index_builder.hpp    : 336)   Index built. Total 680498056 bytes occupied (3.70966 bits per kmer).
 35:47:02.087   106G / 242G  INFO    General                 (edge_index_builders.hpp   : 107)   Collecting edge information from graph, this takes a while.
 35:47:36.468   106G / 242G  INFO    General                 (edge_index.hpp            :  92)   Index refilled
 35:47:39.133   106G / 242G  INFO    General                 (gap_closer.cpp            : 159)   Preparing shift maps
 35:47:57.401   106G / 242G  INFO    General                 (gap_closer.cpp            : 119)   Processing paired reads (takes a while)
 36:03:26.857   106G / 242G  INFO    General                 (gap_closer.cpp            : 138)   Used 309892412 paired reads
 36:03:26.857   106G / 242G  INFO    General                 (gap_closer.cpp            : 140)   Merging paired indices
 36:03:28.956   106G / 242G  INFO   GapCloser                (gap_closer.cpp            : 346)   Closing short gaps
 36:04:09.642   106G / 242G  INFO   GapCloser                (gap_closer.cpp            : 380)   Closing short gaps complete: filled 303 gaps after checking 94667 candidates
 36:04:18.452   106G / 242G  INFO   StageManager             (stage.cpp                 : 132)   STAGE == Simplification Cleanup
 36:04:18.492   106G / 242G  INFO    General                 (simplification.cpp        : 196)   PROCEDURE == Post simplification
 36:04:18.492   106G / 242G  INFO    General                 (graph_simplification.hpp  : 458)   Disconnection of relatively low covered edges disabled
 36:04:18.492   106G / 242G  INFO    General                 (graph_simplification.hpp  : 494)   Complex tip clipping disabled
 36:04:18.492   106G / 242G  INFO    General                 (graph_simplification.hpp  : 641)   Creating parallel br instance
 36:04:18.492   106G / 242G  INFO   Simplification           (parallel_processing.hpp   : 165)   Running Tip clipper
 36:04:20.184   106G / 242G  INFO   Simplification           (parallel_processing.hpp   : 167)   Tip clipper triggered 1 times
 36:04:20.184   106G / 242G  INFO   Simplification           (parallel_processing.hpp   : 165)   Running Bulge remover
 36:06:27.273   106G / 242G  INFO   Simplification           (parallel_processing.hpp   : 167)   Bulge remover triggered 613 times
 36:06:27.273   106G / 242G  INFO   Simplification           (parallel_processing.hpp   : 165)   Running Tip clipper
 36:06:29.628   106G / 242G  INFO   Simplification           (parallel_processing.hpp   : 167)   Tip clipper triggered 0 times
 36:06:29.629   106G / 242G  INFO   Simplification           (parallel_processing.hpp   : 165)   Running Bulge remover
 36:08:30.095   106G / 242G  INFO   Simplification           (parallel_processing.hpp   : 167)   Bulge remover triggered 7 times
 36:08:30.095   106G / 242G  INFO   Simplification           (parallel_processing.hpp   : 165)   Running Tip clipper
 36:08:30.096   106G / 242G  INFO   Simplification           (parallel_processing.hpp   : 167)   Tip clipper triggered 0 times
 36:08:30.096   106G / 242G  INFO   Simplification           (parallel_processing.hpp   : 165)   Running Bulge remover
 36:08:30.096   106G / 242G  INFO   Simplification           (parallel_processing.hpp   : 167)   Bulge remover triggered 0 times
 36:08:30.096   106G / 242G  INFO    General                 (simplification.cpp        : 330)   Disrupting self-conjugate edges
 36:09:04.028   106G / 242G  INFO   Simplification           (parallel_processing.hpp   : 165)   Running Removing isolated edges
 36:09:05.129   106G / 242G  INFO   Simplification           (parallel_processing.hpp   : 167)   Removing isolated edges triggered 154 times
 36:09:05.129   106G / 242G  INFO    General                 (simplification.cpp        : 470)   Counting average coverage
 36:09:14.106   106G / 242G  INFO    General                 (simplification.cpp        : 476)   Average coverage = 24.9613
 36:09:14.106   106G / 242G  INFO   StageManager             (stage.cpp                 : 132)   STAGE == Mismatch Correction
 36:09:14.106   106G / 242G  INFO    General                 (graph_pack.hpp            : 109)   Normalizing k-mer map. Total 214391606 kmers to process
 36:14:04.062   106G / 242G  INFO    General                 (graph_pack.hpp            : 111)   Normalizing done
<jemalloc>: Error in malloc(): out of memory. Requested: 72, active: 299561385984


== Error ==  system call for: "['/bigdata/operations/pkgadmin/opt/linux/centos/7.x/x86_64/pkgs/SPAdes/3.13.1/bin/spades-core', '/rhome/arajewski/bigdata/Datura/2_SPAdes/K77/configs/config.info']" finished abnormally, err code: -6

======= SPAdes pipeline finished abnormally and WITH WARNINGS!

=== Pipeline warnings:
 * It is recommended to specify single reads with --pe<#>-s, --mp<#>-s, --hqmp<#>-s, or --s<#> option instead of -s!
======= Warnings saved to /rhome/arajewski/bigdata/Datura/2_SPAdes/warnings.log

=== ERRORs:
 * system call for: "['/bigdata/operations/pkgadmin/opt/linux/centos/7.x/x86_64/pkgs/SPAdes/3.13.1/bin/spades-core', '/rhome/arajewski/bigdata/Datura/2_SPAdes/K77/configs/config.info']" finished abnormally, err code: -6

In case you have troubles running SPAdes, you can write to spades.support@cab.spbu.ru
or report an issue on our GitHub repository github.com/ablab/spades
Please provide us with params.txt and spades.log files from the output directory.
