
module load SPAdes/3.13.1
/usr/bin/modulecmd bash $*
LOADEDMODULES=slurm/19.05.0:openmpi/4.0.1-slurm-19.05.0:ggobi/2.1.11:texlive/2017:pandoc/2.0:netcdf/4.4.1.1:java/8:geos/3.7.1:gdal/2.1.3:hdf5/1.10.1:R/3.6.0:miniconda2/4.4.10:perl/5.20.2:less-highlight/1.0:iigb_utilities/1:vim/8.1:minimap2/2.17:SPAdes/3.13.1 ;export LOADEDMODULES;PATH=/opt/linux/centos/7.x/x86_64/pkgs/SPAdes/3.13.1/bin:/rhome/arajewski/bin:/opt/linux/centos/7.x/x86_64/pkgs/vim/8.1/bin:/opt/linux/centos/7.x/x86_64/pkgs/iigb_utilities/1/bin:/opt/linux/centos/7.x/x86_64/pkgs/perl/5.20.2/bin:/opt/linux/centos/7.x/x86_64/pkgs/miniconda2/4.4.10/bin:/opt/linux/centos/7.x/x86_64/pkgs/hdf5/1.10.1/bin:/opt/linux/centos/7.x/x86_64/pkgs/gdal/2.1.3/bin:/opt/linux/centos/7.x/x86_64/pkgs/geos/3.7.1/bin:/opt/linux/centos/7.x/x86_64/pkgs/java/jdk1.8.0_45/bin:/opt/linux/centos/7.x/x86_64/pkgs/netcdf/4.4.1.1/bin:/opt/linux/centos/7.x/x86_64/pkgs/pandoc/2.0/bin:/opt/linux/centos/7.x/x86_64/pkgs/texlive/2017/bin/x86_64-linux:/opt/linux/centos/7.x/x86_64/pkgs/ggobi/2.1.11/bin:/opt/linux/centos/7.x/x86_64/pkgs/R/3.6.0/bin:/opt/linux/centos/7.x/x86_64/pkgs/openmpi/4.0.1-slurm-19.05.0/bin:/opt/linux/centos/7.x/x86_64/pkgs/slurm/19.05.0/bin:/opt/linux/centos/7.x/x86_64/pkgs/slurm/19.05.0/sbin:/usr/bin:/bin:/usr/local/games:/usr/games:/usr/local/bin:/usr/lpp/mmfs/bin:/opt/ibutils/bin ;export PATH;_LMFILES_=/opt/linux/centos/7.x/x86_64/modules/slurm/19.05.0:/opt/linux/centos/7.x/x86_64/modules/openmpi/4.0.1-slurm-19.05.0:/opt/linux/centos/7.x/x86_64/modules/ggobi/2.1.11:/opt/linux/centos/7.x/x86_64/modules/texlive/2017:/opt/linux/centos/7.x/x86_64/modules/pandoc/2.0:/opt/linux/centos/7.x/x86_64/modules/netcdf/4.4.1.1:/opt/linux/centos/7.x/x86_64/modules/java/8:/opt/linux/centos/7.x/x86_64/modules/geos/3.7.1:/opt/linux/centos/7.x/x86_64/modules/gdal/2.1.3:/opt/linux/centos/7.x/x86_64/modules/hdf5/1.10.1:/opt/linux/centos/7.x/x86_64/modules/R/3.6.0:/opt/linux/centos/7.x/x86_64/modules/miniconda2/4.4.10:/opt/linux/centos/7.x/x86_64/modules/perl/5.20.2:/opt/linux/centos/7.x/x86_64/modules/less-highlight/1.0:/opt/linux/centos/7.x/x86_64/modules/iigb_utilities/1:/opt/linux/centos/7.x/x86_64/modules/vim/8.1:/opt/linux/centos/7.x/x86_64/modules/minimap2/2.17:/opt/linux/centos/7.x/x86_64/modules/SPAdes/3.13.1 ;export _LMFILES_;

spades.py \
    -t $SLURM_CPUS_PER_TASK \
    -m $((SLURM_MEM_PER_NODE/1024)) \
    -o /rhome/arajewski/bigdata/Datura/2_SPAdes \
    --restart-from k77

======= SPAdes pipeline continued. Log can be found here: /rhome/arajewski/bigdata/Datura/2_SPAdes/spades.log

Restored from Command line: /opt/linux/centos/7.x/x86_64/pkgs/SPAdes/3.13.1/bin/spades.py	-1	/rhome/arajewski/bigdata/Datura/1_QCQA/DstrTrim_1P.fq	-2	/rhome/arajewski/bigdata/Datura/1_QCQA/DstrTrim_2P.fq	-s	/rhome/arajewski/bigdata/Datura/1_QCQA/DstrTrim_1U.fq	--nanopore	/rhome/arajewski/bigdata/Datura/1_QCQA/Dstr.filt_q10_l500_crop50.fastq.gz	-t	30	-m	700	-o	/rhome/arajewski/bigdata/Datura/2_SPAdes
with updated parameters: -t	4	-m	100

Command line: /opt/linux/centos/7.x/x86_64/pkgs/SPAdes/3.13.1/bin/spades.py	-1	/rhome/arajewski/bigdata/Datura/1_QCQA/DstrTrim_1P.fq	-2	/rhome/arajewski/bigdata/Datura/1_QCQA/DstrTrim_2P.fq	-s	/rhome/arajewski/bigdata/Datura/1_QCQA/DstrTrim_1U.fq	--nanopore	/rhome/arajewski/bigdata/Datura/1_QCQA/Dstr.filt_q10_l500_crop50.fastq.gz	-t	30	-m	700	-o	/rhome/arajewski/bigdata/Datura/2_SPAdes	-t	4	-m	100

System information:
  SPAdes version: 3.13.1
  Python version: 2.7.15
  OS: Linux-3.10.0-957.el7.x86_64-x86_64-with-centos-7.6.1810-Core

Output dir: /rhome/arajewski/bigdata/Datura/2_SPAdes
Mode: read error correction and assembling
Debug mode is turned OFF

Dataset parameters:
  Multi-cell mode (you should set '--sc' flag if input data was obtained with MDA (single-cell) technology or --meta flag if processing metagenomic dataset)
  Reads:
    Library number: 1, library type: paired-end
      orientation: fr
      left reads: ['/rhome/arajewski/bigdata/Datura/1_QCQA/DstrTrim_1P.fq']
      right reads: ['/rhome/arajewski/bigdata/Datura/1_QCQA/DstrTrim_2P.fq']
      interlaced reads: not specified
      single reads: ['/rhome/arajewski/bigdata/Datura/1_QCQA/DstrTrim_1U.fq']
      merged reads: not specified
    Library number: 2, library type: nanopore
      left reads: not specified
      right reads: not specified
      interlaced reads: not specified
      single reads: ['/rhome/arajewski/bigdata/Datura/1_QCQA/Dstr.filt_q10_l500_crop50.fastq.gz']
      merged reads: not specified
Read error correction parameters:
  Iterations: 1
  PHRED offset will be auto-detected
  Corrected reads will be compressed
Assembly parameters:
  k: automatic selection based on read length
  Repeat resolution is enabled
  Mismatch careful mode is turned OFF
  MismatchCorrector will be SKIPPED
  Coverage cutoff is turned OFF
Other parameters:
  Dir for temp files: /rhome/arajewski/bigdata/Datura/2_SPAdes/tmp
  Threads: 4
  Memory limit (in Gb): 100



== Warning ==  It is recommended to specify single reads with --pe<#>-s, --mp<#>-s, --hqmp<#>-s, or --s<#> option instead of -s!



===== Skipping Read error correction (already processed). 


===== Assembling started.


== Skipping assembler: K21 (already processed)
Max read length detected as 151
Default k-mer sizes were set to [21, 33, 55, 77] because estimated read length (151) is equal to or greater than 150

== Skipping assembler: K33 (already processed)

== Skipping assembler: K55 (already processed)

== Running assembler: K77

  0:00:00.000     4M / 4M    INFO    General                 (main.cpp                  :  74)   Loaded config from /rhome/arajewski/bigdata/Datura/2_SPAdes/K77/configs/config.info
  0:00:00.001     4M / 4M    INFO    General                 (memory_limit.cpp          :  49)   Memory limit set to 100 Gb
  0:00:00.001     4M / 4M    INFO    General                 (main.cpp                  :  87)   Starting SPAdes, built from refs/heads/spades_3.13.1, git revision 9a9d54db2ff9abaac718155bf74c12ec9464e8ca
  0:00:00.001     4M / 4M    INFO    General                 (main.cpp                  :  88)   Maximum k-mer length: 128
  0:00:00.001     4M / 4M    INFO    General                 (main.cpp                  :  89)   Assembling dataset (/rhome/arajewski/bigdata/Datura/2_SPAdes/dataset.info) with K=77
  0:00:00.001     4M / 4M    INFO    General                 (main.cpp                  :  90)   Maximum # of threads to use (adjusted due to OMP capabilities): 4
  0:00:00.001     4M / 4M    INFO    General                 (launch.hpp                :  52)   SPAdes started
  0:00:00.001     4M / 4M    INFO    General                 (launch.hpp                :  59)   Starting from stage: construction
  0:00:00.001     4M / 4M    INFO    General                 (launch.hpp                :  66)   Two-step RR enabled: 0
  0:00:00.001     4M / 4M    INFO    General                 (launch.hpp                :  77)   Will need read mapping, kmer mapper will be attached
  0:00:00.001     4M / 4M    INFO   StageManager             (stage.cpp                 : 132)   STAGE == de Bruijn graph construction
  0:00:00.183     4M / 4M    INFO    General                 (read_converter.hpp        :  77)   Converting reads to binary format for library #0 (takes a while)
  0:00:00.183     4M / 4M    INFO    General                 (read_converter.hpp        :  78)   Converting paired reads
  0:00:02.374    76M / 84M   INFO    General                 (binary_converter.hpp      :  93)   16384 reads processed
  0:00:02.532    88M / 88M   INFO    General                 (binary_converter.hpp      :  93)   32768 reads processed
  0:00:02.824   108M / 108M  INFO    General                 (binary_converter.hpp      :  93)   65536 reads processed
  0:00:03.338   148M / 148M  INFO    General                 (binary_converter.hpp      :  93)   131072 reads processed
  0:00:04.374   228M / 228M  INFO    General                 (binary_converter.hpp      :  93)   262144 reads processed
  0:00:06.442   392M / 392M  INFO    General                 (binary_converter.hpp      :  93)   524288 reads processed
  0:00:12.655   648M / 648M  INFO    General                 (binary_converter.hpp      :  93)   1048576 reads processed
  0:00:23.613   648M / 648M  INFO    General                 (binary_converter.hpp      :  93)   2097152 reads processed
  0:00:45.746   648M / 648M  INFO    General                 (binary_converter.hpp      :  93)   4194304 reads processed
  0:01:37.523   652M / 652M  INFO    General                 (binary_converter.hpp      :  93)   8388608 reads processed
slurmstepd-i02: error: *** JOB 558835 ON i02 CANCELLED AT 2019-12-13T12:17:05 ***
