ModuleCmd_Switch.c(172):ERROR:152: Module 'python/2.7.5' is currently not loaded
Alex_S85_L002 already trimmed.
Alex_S230_L002 already trimmed.
Running Trim Galore on Alex-1_S9...
Using an excessive number of cores has a diminishing return! It is recommended not to exceed 8 cores per trimming process (you asked for 8 cores). Please consider re-specifying
Path to Cutadapt set as: 'cutadapt' (default)
Cutadapt seems to be working fine (tested command 'cutadapt --version')
Cutadapt version: 2.10
Could not detect version of Python used by Cutadapt from the first line of Cutadapt (but found this: >>>#!/bin/sh<<<)
Letting the (modified) Cutadapt deal with the Python version instead
Parallel gzip (pigz) detected. Proceeding with multicore (de)compression using 8 cores

No quality encoding type selected. Assuming that the data provided uses Sanger encoded Phred scores (default)

Output will be written into the directory: /bigdata/littlab/arajewski/Datura/1_QCQA/


AUTO-DETECTING ADAPTER TYPE
===========================
Attempting to auto-detect adapter type from the first 1 million sequences of the first file (>> /bigdata/littlab/arajewski/Datura/DNA-seq/Alex-1_S9_R1_001.fastq.gz <<)

Found perfect matches for the following adapter sequences:
Adapter type	Count	Sequence	Sequences analysed	Percentage
Illumina	794	AGATCGGAAGAGC	1000000	0.08
smallRNA	1	TGGAATTCTCGG	1000000	0.00
Nextera	1	CTGTCTCTTATA	1000000	0.00
Using Illumina adapter for trimming (count: 794). Second best hit was smallRNA (count: 1)


SUMMARISING RUN PARAMETERS
==========================
Input filename: /bigdata/littlab/arajewski/Datura/DNA-seq/Alex-1_S9_R1_001.fastq.gz
Trimming mode: single-end
Trim Galore version: 0.6.4_dev
Cutadapt version: 2.10
Python version: could not detect
Number of cores used for trimming: 8
Quality Phred score cutoff: 20
Quality encoding type selected: ASCII+33
Adapter sequence: 'AGATCGGAAGAGC' (Illumina TruSeq, Sanger iPCR; auto-detected)
Maximum trimming error rate: 0.1 (default)
Minimum required adapter overlap (stringency): 1 bp
Minimum required sequence length before a sequence gets removed: 20 bp
Output file(s) will be GZIP compressed

Cutadapt seems to be fairly up-to-date (version 2.10). Setting -j 8
Writing final adapter and quality trimmed output to Alex-1_S9_R1_001_trimmed.fq.gz


  >>> Now performing quality (cutoff '-q 20') and adapter trimming in a single pass for the adapter sequence: 'AGATCGGAAGAGC' from file /bigdata/littlab/arajewski/Datura/DNA-seq/Alex-1_S9_R1_001.fastq.gz <<< 
10000000 sequences processed
20000000 sequences processed
30000000 sequences processed
40000000 sequences processed
This is cutadapt 2.10 with Python 3.7.6
Command line parameters: -j 8 -e 0.1 -q 20 -O 1 -a AGATCGGAAGAGC /bigdata/littlab/arajewski/Datura/DNA-seq/Alex-1_S9_R1_001.fastq.gz
Processing reads on 8 cores in single-end mode ...
Finished in 364.57 s (8 us/read; 7.41 M reads/minute).

=== Summary ===

Total reads processed:              44,995,295
Reads with adapters:                 7,558,213 (16.8%)
Reads written (passing filters):    44,995,295 (100.0%)

Total basepairs processed: 3,202,420,399 bp
Quality-trimmed:              97,790,341 bp (3.1%)
Total written (filtered):  3,091,603,889 bp (96.5%)

=== Adapter 1 ===

Sequence: AGATCGGAAGAGC; Type: regular 3'; Length: 13; Trimmed: 7558213 times

No. of allowed errors:
0-9 bp: 0; 10-13 bp: 1

Bases preceding removed adapters:
  A: 34.1%
  C: 21.8%
  G: 17.9%
  T: 26.1%
  none/other: 0.0%

Overview of removed sequences
length	count	expect	max.err	error counts
1	5238440	11248823.8	0	5238440
2	1650771	2812205.9	0	1650771
3	466537	703051.5	0	466537
4	123356	175762.9	0	123356
5	20869	43940.7	0	20869
6	3168	10985.2	0	3168
7	485	2746.3	0	485
8	249	686.6	0	249
9	413	171.6	0	179 234
10	856	42.9	1	98 758
11	1003	10.7	1	110 893
12	326	2.7	1	63 263
13	499	0.7	1	74 425
14	951	0.7	1	60 891
15	965	0.7	1	285 680
16	961	0.7	1	134 827
17	1389	0.7	1	247 1142
18	847	0.7	1	195 652
19	645	0.7	1	149 496
20	457	0.7	1	129 328
21	389	0.7	1	133 256
22	690	0.7	1	422 268
23	1269	0.7	1	879 390
24	1940	0.7	1	1315 625
25	2920	0.7	1	2119 801
26	4129	0.7	1	3456 673
27	3067	0.7	1	2555 512
28	1203	0.7	1	626 577
29	404	0.7	1	206 198
30	397	0.7	1	275 122
31	848	0.7	1	649 199
32	516	0.7	1	314 202
33	492	0.7	1	324 168
34	1611	0.7	1	1325 286
35	217	0.7	1	100 117
36	238	0.7	1	103 135
37	218	0.7	1	87 131
38	213	0.7	1	83 130
39	132	0.7	1	64 68
40	110	0.7	1	51 59
41	123	0.7	1	66 57
42	138	0.7	1	44 94
43	122	0.7	1	43 79
44	97	0.7	1	34 63
45	67	0.7	1	35 32
46	73	0.7	1	28 45
47	62	0.7	1	30 32
48	90	0.7	1	31 59
49	68	0.7	1	24 44
50	57	0.7	1	25 32
51	61	0.7	1	16 45
52	56	0.7	1	24 32
53	69	0.7	1	28 41
54	78	0.7	1	37 41
55	65	0.7	1	39 26
56	74	0.7	1	40 34
57	78	0.7	1	51 27
58	78	0.7	1	49 29
59	119	0.7	1	81 38
60	103	0.7	1	72 31
61	116	0.7	1	69 47
62	115	0.7	1	80 35
63	110	0.7	1	77 33
64	121	0.7	1	88 33
65	119	0.7	1	87 32
66	139	0.7	1	99 40
67	111	0.7	1	89 22
68	116	0.7	1	81 35
69	167	0.7	1	115 52
70	237	0.7	1	160 77
71	209	0.7	1	133 76
72	432	0.7	1	269 163
73	929	0.7	1	608 321
74	2201	0.7	1	1581 620
75	6699	0.7	1	5247 1452
76	10524	0.7	1	8761 1763

RUN STATISTICS FOR INPUT FILE: /bigdata/littlab/arajewski/Datura/DNA-seq/Alex-1_S9_R1_001.fastq.gz
=============================================
44995295 sequences processed in total
Sequences removed because they became shorter than the length cutoff of 20 bp:	2582884 (5.7%)

Done.
Running Trim Galore on Alex-2_S10...
Using an excessive number of cores has a diminishing return! It is recommended not to exceed 8 cores per trimming process (you asked for 8 cores). Please consider re-specifying
Path to Cutadapt set as: 'cutadapt' (default)
Cutadapt seems to be working fine (tested command 'cutadapt --version')
Cutadapt version: 2.10
Could not detect version of Python used by Cutadapt from the first line of Cutadapt (but found this: >>>#!/bin/sh<<<)
Letting the (modified) Cutadapt deal with the Python version instead
Parallel gzip (pigz) detected. Proceeding with multicore (de)compression using 8 cores

No quality encoding type selected. Assuming that the data provided uses Sanger encoded Phred scores (default)

Output will be written into the directory: /bigdata/littlab/arajewski/Datura/1_QCQA/


AUTO-DETECTING ADAPTER TYPE
===========================
Attempting to auto-detect adapter type from the first 1 million sequences of the first file (>> /bigdata/littlab/arajewski/Datura/DNA-seq/Alex-2_S10_R1_001.fastq.gz <<)

Found perfect matches for the following adapter sequences:
Adapter type	Count	Sequence	Sequences analysed	Percentage
Illumina	626	AGATCGGAAGAGC	1000000	0.06
Nextera	2	CTGTCTCTTATA	1000000	0.00
smallRNA	0	TGGAATTCTCGG	1000000	0.00
Using Illumina adapter for trimming (count: 626). Second best hit was Nextera (count: 2)


SUMMARISING RUN PARAMETERS
==========================
Input filename: /bigdata/littlab/arajewski/Datura/DNA-seq/Alex-2_S10_R1_001.fastq.gz
Trimming mode: single-end
Trim Galore version: 0.6.4_dev
Cutadapt version: 2.10
Python version: could not detect
Number of cores used for trimming: 8
Quality Phred score cutoff: 20
Quality encoding type selected: ASCII+33
Adapter sequence: 'AGATCGGAAGAGC' (Illumina TruSeq, Sanger iPCR; auto-detected)
Maximum trimming error rate: 0.1 (default)
Minimum required adapter overlap (stringency): 1 bp
Minimum required sequence length before a sequence gets removed: 20 bp
Output file(s) will be GZIP compressed

Cutadapt seems to be fairly up-to-date (version 2.10). Setting -j 8
Writing final adapter and quality trimmed output to Alex-2_S10_R1_001_trimmed.fq.gz


  >>> Now performing quality (cutoff '-q 20') and adapter trimming in a single pass for the adapter sequence: 'AGATCGGAAGAGC' from file /bigdata/littlab/arajewski/Datura/DNA-seq/Alex-2_S10_R1_001.fastq.gz <<< 
10000000 sequences processed
20000000 sequences processed
30000000 sequences processed
40000000 sequences processed
This is cutadapt 2.10 with Python 3.7.6
Command line parameters: -j 8 -e 0.1 -q 20 -O 1 -a AGATCGGAAGAGC /bigdata/littlab/arajewski/Datura/DNA-seq/Alex-2_S10_R1_001.fastq.gz
Processing reads on 8 cores in single-end mode ...
Finished in 364.39 s (8 us/read; 7.23 M reads/minute).

=== Summary ===

Total reads processed:              43,892,899
Reads with adapters:                 7,784,430 (17.7%)
Reads written (passing filters):    43,892,899 (100.0%)

Total basepairs processed: 3,143,726,945 bp
Quality-trimmed:              67,736,832 bp (2.2%)
Total written (filtered):  3,062,940,661 bp (97.4%)

=== Adapter 1 ===

Sequence: AGATCGGAAGAGC; Type: regular 3'; Length: 13; Trimmed: 7784430 times

No. of allowed errors:
0-9 bp: 0; 10-13 bp: 1

Bases preceding removed adapters:
  A: 34.6%
  C: 21.3%
  G: 17.9%
  T: 26.2%
  none/other: 0.0%

Overview of removed sequences
length	count	expect	max.err	error counts
1	5302734	10973224.8	0	5302734
2	1798120	2743306.2	0	1798120
3	485401	685826.5	0	485401
4	126087	171456.6	0	126087
5	20733	42864.2	0	20733
6	3218	10716.0	0	3218
7	539	2679.0	0	539
8	241	669.8	0	241
9	493	167.4	0	202 291
10	950	41.9	1	91 859
11	1192	10.5	1	142 1050
12	361	2.6	1	74 287
13	537	0.7	1	75 462
14	1063	0.7	1	101 962
15	1140	0.7	1	334 806
16	1145	0.7	1	193 952
17	1588	0.7	1	252 1336
18	947	0.7	1	231 716
19	738	0.7	1	163 575
20	586	0.7	1	186 400
21	472	0.7	1	150 322
22	672	0.7	1	364 308
23	1064	0.7	1	674 390
24	1539	0.7	1	971 568
25	1999	0.7	1	1327 672
26	2390	0.7	1	1819 571
27	1866	0.7	1	1401 465
28	1157	0.7	1	493 664
29	496	0.7	1	269 227
30	364	0.7	1	239 125
31	844	0.7	1	620 224
32	517	0.7	1	314 203
33	510	0.7	1	338 172
34	1549	0.7	1	1224 325
35	274	0.7	1	134 140
36	266	0.7	1	109 157
37	276	0.7	1	112 164
38	290	0.7	1	119 171
39	122	0.7	1	50 72
40	113	0.7	1	58 55
41	149	0.7	1	71 78
42	149	0.7	1	66 83
43	146	0.7	1	57 89
44	124	0.7	1	62 62
45	82	0.7	1	43 39
46	76	0.7	1	39 37
47	85	0.7	1	42 43
48	98	0.7	1	31 67
49	80	0.7	1	29 51
50	60	0.7	1	23 37
51	76	0.7	1	30 46
52	44	0.7	1	23 21
53	73	0.7	1	33 40
54	73	0.7	1	36 37
55	49	0.7	1	24 25
56	77	0.7	1	39 38
57	71	0.7	1	37 34
58	68	0.7	1	49 19
59	97	0.7	1	56 41
60	98	0.7	1	65 33
61	93	0.7	1	54 39
62	110	0.7	1	71 39
63	137	0.7	1	82 55
64	119	0.7	1	84 35
65	103	0.7	1	73 30
66	100	0.7	1	68 32
67	105	0.7	1	75 30
68	112	0.7	1	85 27
69	148	0.7	1	109 39
70	200	0.7	1	150 50
71	209	0.7	1	136 73
72	336	0.7	1	223 113
73	703	0.7	1	487 216
74	1617	0.7	1	1198 419
75	5484	0.7	1	4301 1183
76	8486	0.7	1	7040 1446

RUN STATISTICS FOR INPUT FILE: /bigdata/littlab/arajewski/Datura/DNA-seq/Alex-2_S10_R1_001.fastq.gz
=============================================
43892899 sequences processed in total
Sequences removed because they became shorter than the length cutoff of 20 bp:	1716273 (3.9%)

Done.
