miniconda2/4.4.10(23):ERROR:150: Module 'miniconda2/4.4.10' conflicts with the currently loaded module(s) 'python/2.7.5'
miniconda2/4.4.10(23):ERROR:150: Module 'miniconda2/4.4.10' conflicts with the currently loaded module(s) 'python/2.7.5'
miniconda2/4.4.10(23):ERROR:102: Tcl command execution failed: conflict    python

miniconda2/4.4.10(23):ERROR:150: Module 'miniconda2/4.4.10' conflicts with the currently loaded module(s) 'python/2.7.5'
miniconda2/4.4.10(23):ERROR:102: Tcl command execution failed: conflict    python

miniconda2/4.4.10(23):ERROR:102: Tcl command execution failed: conflict    python

miniconda2/4.4.10(23):ERROR:150: Module 'miniconda2/4.4.10' conflicts with the currently loaded module(s) 'python/2.7.5'
miniconda2/4.4.10(23):ERROR:102: Tcl command execution failed: conflict    python

miniconda2/4.4.10(23):ERROR:150: Module 'miniconda2/4.4.10' conflicts with the currently loaded module(s) 'python/2.7.5'
miniconda2/4.4.10(23):ERROR:102: Tcl command execution failed: conflict    python

miniconda2/4.4.10(23):ERROR:150: Module 'miniconda2/4.4.10' conflicts with the currently loaded module(s) 'python/2.7.5'
miniconda2/4.4.10(23):ERROR:102: Tcl command execution failed: conflict    python

miniconda2/4.4.10(23):ERROR:150: Module 'miniconda2/4.4.10' conflicts with the currently loaded module(s) 'python/2.7.5'
miniconda2/4.4.10(23):ERROR:102: Tcl command execution failed: conflict    python

miniconda2/4.4.10(23):ERROR:150: Module 'miniconda2/4.4.10' conflicts with the currently loaded module(s) 'python/2.7.5'
miniconda2/4.4.10(23):ERROR:102: Tcl command execution failed: conflict    python

Running Trim Galore on Nobt0DPA1...
Running Trim Galore on NobtPre3...
Running Trim Galore on NobtPre2...
Running Trim Galore on Nobt3DPA2...
Running Trim Galore on Nobt0DPA1...
Running Trim Galore on Nobt3DPA3...
Running Trim Galore on Nobt0DPA3...
Running Trim Galore on Nobt3DPA1...
No quality encoding type selected. Assuming that the data provided uses Sanger encoded Phred scores (default)

No quality encoding type selected. Assuming that the data provided uses Sanger encoded Phred scores (default)

No quality encoding type selected. Assuming that the data provided uses Sanger encoded Phred scores (default)

No quality encoding type selected. Assuming that the data provided uses Sanger encoded Phred scores (default)

No quality encoding type selected. Assuming that the data provided uses Sanger encoded Phred scores (default)

No quality encoding type selected. Assuming that the data provided uses Sanger encoded Phred scores (default)

No quality encoding type selected. Assuming that the data provided uses Sanger encoded Phred scores (default)

No quality encoding type selected. Assuming that the data provided uses Sanger encoded Phred scores (default)

gzip: Nobt0DPA3_1.fq.gz: No such file or directory
Input file 'Nobt0DPA3_1.fq.gz' seems to be completely empty. Consider respecifying!

Path to Cutadapt set as: 'cutadapt' (default)
Path to Cutadapt set as: 'cutadapt' (default)
Path to Cutadapt set as: 'cutadapt' (default)
Path to Cutadapt set as: 'cutadapt' (default)
Path to Cutadapt set as: 'cutadapt' (default)
Path to Cutadapt set as: 'cutadapt' (default)
Path to Cutadapt set as: 'cutadapt' (default)
Path to Cutadapt set as: 'cutadapt' (default)
1.14
1.14
1.14
1.14
1.14
1.14
Cutadapt seems to be working fine (tested command 'cutadapt --version')
Cutadapt seems to be working fine (tested command 'cutadapt --version')
Cutadapt seems to be working fine (tested command 'cutadapt --version')
Cutadapt seems to be working fine (tested command 'cutadapt --version')
Cutadapt seems to be working fine (tested command 'cutadapt --version')
Cutadapt seems to be working fine (tested command 'cutadapt --version')


AUTO-DETECTING ADAPTER TYPE
===========================
Attempting to auto-detect adapter type from the first 1 million sequences of the first file (>> Nobt3DPA3_1.fq.gz <<)



AUTO-DETECTING ADAPTER TYPE
===========================


AUTO-DETECTING ADAPTER TYPE
===========================
Attempting to auto-detect adapter type from the first 1 million sequences of the first file (>> Nobt3DPA1_1.fq.gz <<)

Attempting to auto-detect adapter type from the first 1 million sequences of the first file (>> Nobt0DPA3_1.fq.gz <<)



AUTO-DETECTING ADAPTER TYPE
===========================
Attempting to auto-detect adapter type from the first 1 million sequences of the first file (>> Nobt3DPA2_1.fq.gz <<)



AUTO-DETECTING ADAPTER TYPE
===========================
Attempting to auto-detect adapter type from the first 1 million sequences of the first file (>> NobtPre2_1.fq.gz <<)

gzip: Nobt0DPA3_1.fq.gz: No such file or directory
Found perfect matches for the following adapter sequences:
Adapter type	Count	Sequence	Sequences analysed	Percentage
Illegal division by zero at /opt/linux/centos/7.x/x86_64/pkgs/trim_galore/0.4.2/trim_galore line 1214.


AUTO-DETECTING ADAPTER TYPE
===========================
Attempting to auto-detect adapter type from the first 1 million sequences of the first file (>> Nobt0DPA1_1.fq.gz <<)

1.14
1.14
Cutadapt seems to be working fine (tested command 'cutadapt --version')
Cutadapt seems to be working fine (tested command 'cutadapt --version')


AUTO-DETECTING ADAPTER TYPE
===========================
Attempting to auto-detect adapter type from the first 1 million sequences of the first file (>> Nobt0DPA1_1.fq.gz <<)



AUTO-DETECTING ADAPTER TYPE
===========================
Attempting to auto-detect adapter type from the first 1 million sequences of the first file (>> NobtPre3_1.fq.gz <<)

Found perfect matches for the following adapter sequences:
Adapter type	Count	Sequence	Sequences analysed	Percentage
Illumina	8	AGATCGGAAGAGC	1000000	0.00
Nextera	1	CTGTCTCTTATA	1000000	0.00
smallRNA	0	TGGAATTCTCGG	1000000	0.00
Using Illumina adapter for trimming (count: 8). Second best hit was Nextera (count: 1)


SUMMARISING RUN PARAMETERS
==========================
Input filename: Nobt0DPA1_1.fq.gz
Trimming mode: paired-end
Trim Galore version: 0.4.2
Cutadapt version: 1.14
Quality Phred score cutoff: 20
Quality encoding type selected: ASCII+33
Adapter sequence: 'AGATCGGAAGAGC' (Illumina TruSeq, Sanger iPCR; auto-detected)
Maximum trimming error rate: 0.1 (default)
Minimum required adapter overlap (stringency): 1 bp
Minimum required sequence length for both reads before a sequence pair gets removed: 20 bp
Output file(s) will be GZIP compressed

Found perfect matches for the following adapter sequences:
Adapter type	Count	Sequence	Sequences analysed	Percentage
Illumina	12	AGATCGGAAGAGC	1000000	0.00
smallRNA	0	TGGAATTCTCGG	1000000	0.00
Nextera	0	CTGTCTCTTATA	1000000	0.00
Using Illumina adapter for trimming (count: 12). Second best hit was smallRNA (count: 0)


SUMMARISING RUN PARAMETERS
==========================
Input filename: Nobt3DPA3_1.fq.gz
Trimming mode: paired-end
Trim Galore version: 0.4.2
Cutadapt version: 1.14
Quality Phred score cutoff: 20
Quality encoding type selected: ASCII+33
Adapter sequence: 'AGATCGGAAGAGC' (Illumina TruSeq, Sanger iPCR; auto-detected)
Maximum trimming error rate: 0.1 (default)
Minimum required adapter overlap (stringency): 1 bp
Minimum required sequence length for both reads before a sequence pair gets removed: 20 bp
Output file(s) will be GZIP compressed

Found perfect matches for the following adapter sequences:
Adapter type	Count	Sequence	Sequences analysed	Percentage
Illumina	8	AGATCGGAAGAGC	1000000	0.00
smallRNA	0	TGGAATTCTCGG	1000000	0.00
Nextera	0	CTGTCTCTTATA	1000000	0.00
Using Illumina adapter for trimming (count: 8). Second best hit was smallRNA (count: 0)


SUMMARISING RUN PARAMETERS
==========================
Input filename: Nobt3DPA1_1.fq.gz
Trimming mode: paired-end
Trim Galore version: 0.4.2
Cutadapt version: 1.14
Quality Phred score cutoff: 20
Quality encoding type selected: ASCII+33
Adapter sequence: 'AGATCGGAAGAGC' (Illumina TruSeq, Sanger iPCR; auto-detected)
Maximum trimming error rate: 0.1 (default)
Minimum required adapter overlap (stringency): 1 bp
Minimum required sequence length for both reads before a sequence pair gets removed: 20 bp
Output file(s) will be GZIP compressed

Found perfect matches for the following adapter sequences:
Adapter type	Count	Sequence	Sequences analysed	Percentage
Illumina	4	AGATCGGAAGAGC	1000000	0.00
smallRNA	0	TGGAATTCTCGG	1000000	0.00
Nextera	0	CTGTCTCTTATA	1000000	0.00
Using Illumina adapter for trimming (count: 4). Second best hit was smallRNA (count: 0)


SUMMARISING RUN PARAMETERS
==========================
Input filename: Nobt3DPA2_1.fq.gz
Trimming mode: paired-end
Trim Galore version: 0.4.2
Cutadapt version: 1.14
Quality Phred score cutoff: 20
Quality encoding type selected: ASCII+33
Adapter sequence: 'AGATCGGAAGAGC' (Illumina TruSeq, Sanger iPCR; auto-detected)
Maximum trimming error rate: 0.1 (default)
Minimum required adapter overlap (stringency): 1 bp
Minimum required sequence length for both reads before a sequence pair gets removed: 20 bp
Output file(s) will be GZIP compressed

Found perfect matches for the following adapter sequences:
Adapter type	Count	Sequence	Sequences analysed	Percentage
Illumina	23	AGATCGGAAGAGC	1000000	0.00
smallRNA	0	TGGAATTCTCGG	1000000	0.00
Nextera	0	CTGTCTCTTATA	1000000	0.00
Using Illumina adapter for trimming (count: 23). Second best hit was smallRNA (count: 0)


SUMMARISING RUN PARAMETERS
==========================
Input filename: NobtPre2_1.fq.gz
Trimming mode: paired-end
Trim Galore version: 0.4.2
Cutadapt version: 1.14
Quality Phred score cutoff: 20
Quality encoding type selected: ASCII+33
Adapter sequence: 'AGATCGGAAGAGC' (Illumina TruSeq, Sanger iPCR; auto-detected)
Maximum trimming error rate: 0.1 (default)
Minimum required adapter overlap (stringency): 1 bp
Minimum required sequence length for both reads before a sequence pair gets removed: 20 bp
Output file(s) will be GZIP compressed

Found perfect matches for the following adapter sequences:
Adapter type	Count	Sequence	Sequences analysed	Percentage
Illumina	8	AGATCGGAAGAGC	1000000	0.00
Nextera	1	CTGTCTCTTATA	1000000	0.00
smallRNA	0	TGGAATTCTCGG	1000000	0.00
Using Illumina adapter for trimming (count: 8). Second best hit was Nextera (count: 1)


SUMMARISING RUN PARAMETERS
==========================
Input filename: Nobt0DPA1_1.fq.gz
Trimming mode: paired-end
Trim Galore version: 0.4.2
Cutadapt version: 1.14
Quality Phred score cutoff: 20
Quality encoding type selected: ASCII+33
Adapter sequence: 'AGATCGGAAGAGC' (Illumina TruSeq, Sanger iPCR; auto-detected)
Maximum trimming error rate: 0.1 (default)
Minimum required adapter overlap (stringency): 1 bp
Minimum required sequence length for both reads before a sequence pair gets removed: 20 bp
Output file(s) will be GZIP compressed

Found perfect matches for the following adapter sequences:
Adapter type	Count	Sequence	Sequences analysed	Percentage
Illumina	6	AGATCGGAAGAGC	1000000	0.00
smallRNA	0	TGGAATTCTCGG	1000000	0.00
Nextera	0	CTGTCTCTTATA	1000000	0.00
Using Illumina adapter for trimming (count: 6). Second best hit was smallRNA (count: 0)


SUMMARISING RUN PARAMETERS
==========================
Input filename: NobtPre3_1.fq.gz
Trimming mode: paired-end
Trim Galore version: 0.4.2
Cutadapt version: 1.14
Quality Phred score cutoff: 20
Quality encoding type selected: ASCII+33
Adapter sequence: 'AGATCGGAAGAGC' (Illumina TruSeq, Sanger iPCR; auto-detected)
Maximum trimming error rate: 0.1 (default)
Minimum required adapter overlap (stringency): 1 bp
Minimum required sequence length for both reads before a sequence pair gets removed: 20 bp
Output file(s) will be GZIP compressed

Writing final adapter and quality trimmed output to Nobt0DPA1_1_trimmed.fq.gz


  >>> Now performing quality (cutoff 20) and adapter trimming in a single pass for the adapter sequence: 'AGATCGGAAGAGC' from file Nobt0DPA1_1.fq.gz <<< 
Writing final adapter and quality trimmed output to Nobt3DPA3_1_trimmed.fq.gz


  >>> Now performing quality (cutoff 20) and adapter trimming in a single pass for the adapter sequence: 'AGATCGGAAGAGC' from file Nobt3DPA3_1.fq.gz <<< 
Writing final adapter and quality trimmed output to Nobt3DPA1_1_trimmed.fq.gz


  >>> Now performing quality (cutoff 20) and adapter trimming in a single pass for the adapter sequence: 'AGATCGGAAGAGC' from file Nobt3DPA1_1.fq.gz <<< 
Writing final adapter and quality trimmed output to Nobt3DPA2_1_trimmed.fq.gz


  >>> Now performing quality (cutoff 20) and adapter trimming in a single pass for the adapter sequence: 'AGATCGGAAGAGC' from file Nobt3DPA2_1.fq.gz <<< 
Writing final adapter and quality trimmed output to NobtPre2_1_trimmed.fq.gz


  >>> Now performing quality (cutoff 20) and adapter trimming in a single pass for the adapter sequence: 'AGATCGGAAGAGC' from file NobtPre2_1.fq.gz <<< 
Writing final adapter and quality trimmed output to Nobt0DPA1_1_trimmed.fq.gz


  >>> Now performing quality (cutoff 20) and adapter trimming in a single pass for the adapter sequence: 'AGATCGGAAGAGC' from file Nobt0DPA1_1.fq.gz <<< 
Writing final adapter and quality trimmed output to NobtPre3_1_trimmed.fq.gz


  >>> Now performing quality (cutoff 20) and adapter trimming in a single pass for the adapter sequence: 'AGATCGGAAGAGC' from file NobtPre3_1.fq.gz <<< 
10000000 sequences processed
10000000 sequences processed
10000000 sequences processed
10000000 sequences processed
10000000 sequences processed
10000000 sequences processed
10000000 sequences processed
20000000 sequences processed
20000000 sequences processed
20000000 sequences processed
20000000 sequences processed
20000000 sequences processed
20000000 sequences processed
20000000 sequences processed
30000000 sequences processed
30000000 sequences processed
30000000 sequences processed
30000000 sequences processed
30000000 sequences processed
30000000 sequences processed
30000000 sequences processed
40000000 sequences processed
40000000 sequences processed
40000000 sequences processed
40000000 sequences processed
40000000 sequences processed
40000000 sequences processed
40000000 sequences processed
50000000 sequences processed
50000000 sequences processed
50000000 sequences processed
50000000 sequences processed
50000000 sequences processed
50000000 sequences processed
50000000 sequences processed
This is cutadapt 1.14 with Python 2.7.5
Command line parameters: -f fastq -e 0.1 -q 20 -O 1 -a AGATCGGAAGAGC Nobt3DPA1_1.fq.gz
Trimming 1 adapter with at most 10.0% errors in single-end mode ...
Finished in 1351.06 s (25 us/read; 2.41 M reads/minute).

=== Summary ===

Total reads processed:              54,181,061
Reads with adapters:                 7,808,067 (14.4%)
Reads written (passing filters):    54,181,061 (100.0%)

Total basepairs processed: 4,072,018,091 bp
Quality-trimmed:              20,535,056 bp (0.5%)
Total written (filtered):  4,041,452,256 bp (99.2%)

=== Adapter 1 ===

Sequence: AGATCGGAAGAGC; Type: regular 3'; Length: 13; Trimmed: 7808067 times.

No. of allowed errors:
0-9 bp: 0; 10-13 bp: 1

Bases preceding removed adapters:
  A: 34.8%
  C: 30.2%
  G: 17.1%
  T: 17.8%
  none/other: 0.0%

Overview of removed sequences
length	count	expect	max.err	error counts
1	6555650	13545265.2	0	6555650
2	571801	3386316.3	0	571801
3	565981	846579.1	0	565981
4	76800	211644.8	0	76800
5	29964	52911.2	0	29964
6	2701	13227.8	0	2701
7	159	3306.9	0	159
8	62	826.7	0	62
9	86	206.7	0	47 39
10	294	51.7	1	27 267
11	339	12.9	1	20 319
12	116	3.2	1	13 103
13	97	0.8	1	7 90
14	106	0.8	1	5 101
15	98	0.8	1	3 95
16	87	0.8	1	11 76
17	120	0.8	1	8 112
18	91	0.8	1	7 84
19	120	0.8	1	11 109
20	117	0.8	1	6 111
21	141	0.8	1	10 131
22	107	0.8	1	17 90
23	69	0.8	1	6 63
24	113	0.8	1	11 102
25	139	0.8	1	14 125
26	113	0.8	1	20 93
27	93	0.8	1	12 81
28	180	0.8	1	14 166
29	50	0.8	1	3 47
30	111	0.8	1	9 102
31	103	0.8	1	22 81
32	88	0.8	1	13 75
33	64	0.8	1	6 58
34	93	0.8	1	10 83
35	63	0.8	1	6 57
36	71	0.8	1	6 65
37	116	0.8	1	10 106
38	98	0.8	1	11 87
39	56	0.8	1	4 52
40	51	0.8	1	6 45
41	72	0.8	1	4 68
42	36	0.8	1	3 33
43	43	0.8	1	4 39
44	26	0.8	1	2 24
45	35	0.8	1	1 34
46	43	0.8	1	2 41
47	25	0.8	1	5 20
48	38	0.8	1	0 38
49	26	0.8	1	2 24
50	43	0.8	1	3 40
51	26	0.8	1	0 26
52	26	0.8	1	1 25
53	52	0.8	1	0 52
54	24	0.8	1	0 24
55	68	0.8	1	0 68
56	45	0.8	1	0 45
57	48	0.8	1	1 47
58	59	0.8	1	0 59
59	39	0.8	1	0 39
60	19	0.8	1	0 19
61	31	0.8	1	0 31
62	18	0.8	1	0 18
63	32	0.8	1	1 31
64	22	0.8	1	0 22
65	36	0.8	1	0 36
66	26	0.8	1	2 24
67	35	0.8	1	0 35
68	25	0.8	1	0 25
69	21	0.8	1	0 21
70	40	0.8	1	1 39
71	45	0.8	1	1 44
72	53	0.8	1	0 53
73	72	0.8	1	1 71
74	18	0.8	1	0 18
75	27	0.8	1	0 27
76	65	0.8	1	0 65


RUN STATISTICS FOR INPUT FILE: Nobt3DPA1_1.fq.gz
=============================================
54181061 sequences processed in total
The length threshold of paired-end sequences gets evaluated later on (in the validation step)


SUMMARISING RUN PARAMETERS
==========================
Input filename: Nobt3DPA1_2.fq.gz
Trimming mode: paired-end
Trim Galore version: 0.4.2
Cutadapt version: 1.14
Quality Phred score cutoff: 20
Quality encoding type selected: ASCII+33
Adapter sequence: 'AGATCGGAAGAGC' (Illumina TruSeq, Sanger iPCR; auto-detected)
Maximum trimming error rate: 0.1 (default)
Minimum required adapter overlap (stringency): 1 bp
Minimum required sequence length for both reads before a sequence pair gets removed: 20 bp
Output file(s) will be GZIP compressed

Writing final adapter and quality trimmed output to Nobt3DPA1_2_trimmed.fq.gz


  >>> Now performing quality (cutoff 20) and adapter trimming in a single pass for the adapter sequence: 'AGATCGGAAGAGC' from file Nobt3DPA1_2.fq.gz <<< 
This is cutadapt 1.14 with Python 2.7.5
Command line parameters: -f fastq -e 0.1 -q 20 -O 1 -a AGATCGGAAGAGC Nobt3DPA2_1.fq.gz
Trimming 1 adapter with at most 10.0% errors in single-end mode ...
Finished in 1314.18 s (24 us/read; 2.47 M reads/minute).

=== Summary ===

Total reads processed:              54,037,655
Reads with adapters:                 7,803,387 (14.4%)
Reads written (passing filters):    54,037,655 (100.0%)

Total basepairs processed: 4,072,724,542 bp
Quality-trimmed:              12,201,698 bp (0.3%)
Total written (filtered):  4,050,503,656 bp (99.5%)

=== Adapter 1 ===

Sequence: AGATCGGAAGAGC; Type: regular 3'; Length: 13; Trimmed: 7803387 times.

No. of allowed errors:
0-9 bp: 0; 10-13 bp: 1

Bases preceding removed adapters:
  A: 34.9%
  C: 29.9%
  G: 17.2%
  T: 18.0%
  none/other: 0.0%

Overview of removed sequences
length	count	expect	max.err	error counts
1	6562660	13509413.8	0	6562660
2	560844	3377353.4	0	560844
3	562031	844338.4	0	562031
4	79039	211084.6	0	79039
5	30706	52771.1	0	30706
6	2819	13192.8	0	2819
7	168	3298.2	0	168
8	61	824.5	0	61
9	75	206.1	0	49 26
10	272	51.5	1	29 243
11	341	12.9	1	28 313
12	133	3.2	1	19 114
13	109	0.8	1	6 103
14	77	0.8	1	3 74
15	116	0.8	1	6 110
16	90	0.8	1	9 81
17	118	0.8	1	15 103
18	87	0.8	1	7 80
19	110	0.8	1	14 96
20	133	0.8	1	6 127
21	163	0.8	1	13 150
22	105	0.8	1	20 85
23	81	0.8	1	7 74
24	132	0.8	1	13 119
25	130	0.8	1	20 110
26	123	0.8	1	21 102
27	109	0.8	1	20 89
28	179	0.8	1	12 167
29	52	0.8	1	5 47
30	124	0.8	1	8 116
31	91	0.8	1	12 79
32	80	0.8	1	12 68
33	82	0.8	1	15 67
34	80	0.8	1	10 70
35	81	0.8	1	11 70
36	85	0.8	1	11 74
37	118	0.8	1	10 108
38	91	0.8	1	4 87
39	62	0.8	1	2 60
40	64	0.8	1	9 55
41	70	0.8	1	3 67
42	46	0.8	1	4 42
43	59	0.8	1	2 57
44	42	0.8	1	3 39
45	49	0.8	1	1 48
46	54	0.8	1	2 52
47	38	0.8	1	2 36
48	43	0.8	1	1 42
49	21	0.8	1	1 20
50	38	0.8	1	0 38
51	36	0.8	1	0 36
52	16	0.8	1	0 16
53	52	0.8	1	0 52
54	27	0.8	1	1 26
55	63	0.8	1	0 63
56	22	0.8	1	0 22
57	59	0.8	1	0 59
58	61	0.8	1	0 61
59	27	0.8	1	1 26
60	25	0.8	1	0 25
61	36	0.8	1	0 36
62	18	0.8	1	0 18
63	44	0.8	1	0 44
64	19	0.8	1	0 19
65	44	0.8	1	0 44
66	18	0.8	1	1 17
67	40	0.8	1	1 39
68	35	0.8	1	0 35
69	7	0.8	1	0 7
70	28	0.8	1	0 28
71	32	0.8	1	0 32
72	46	0.8	1	0 46
73	77	0.8	1	0 77
74	21	0.8	1	0 21
75	21	0.8	1	0 21
76	32	0.8	1	0 32


RUN STATISTICS FOR INPUT FILE: Nobt3DPA2_1.fq.gz
=============================================
54037655 sequences processed in total
The length threshold of paired-end sequences gets evaluated later on (in the validation step)


SUMMARISING RUN PARAMETERS
==========================
Input filename: Nobt3DPA2_2.fq.gz
Trimming mode: paired-end
Trim Galore version: 0.4.2
Cutadapt version: 1.14
Quality Phred score cutoff: 20
Quality encoding type selected: ASCII+33
Adapter sequence: 'AGATCGGAAGAGC' (Illumina TruSeq, Sanger iPCR; auto-detected)
Maximum trimming error rate: 0.1 (default)
Minimum required adapter overlap (stringency): 1 bp
Minimum required sequence length for both reads before a sequence pair gets removed: 20 bp
Output file(s) will be GZIP compressed

Writing final adapter and quality trimmed output to Nobt3DPA2_2_trimmed.fq.gz


  >>> Now performing quality (cutoff 20) and adapter trimming in a single pass for the adapter sequence: 'AGATCGGAAGAGC' from file Nobt3DPA2_2.fq.gz <<< 
60000000 sequences processed
This is cutadapt 1.14 with Python 2.7.5
Command line parameters: -f fastq -e 0.1 -q 20 -O 1 -a AGATCGGAAGAGC Nobt3DPA3_1.fq.gz
Trimming 1 adapter with at most 10.0% errors in single-end mode ...
Finished in 1434.22 s (25 us/read; 2.44 M reads/minute).

=== Summary ===

Total reads processed:              58,351,470
Reads with adapters:                 8,506,587 (14.6%)
Reads written (passing filters):    58,351,470 (100.0%)

Total basepairs processed: 4,365,647,586 bp
Quality-trimmed:              32,468,953 bp (0.7%)
Total written (filtered):  4,322,165,855 bp (99.0%)

=== Adapter 1 ===

Sequence: AGATCGGAAGAGC; Type: regular 3'; Length: 13; Trimmed: 8506587 times.

No. of allowed errors:
0-9 bp: 0; 10-13 bp: 1

Bases preceding removed adapters:
  A: 34.9%
  C: 30.0%
  G: 17.1%
  T: 17.9%
  none/other: 0.0%

Overview of removed sequences
length	count	expect	max.err	error counts
1	7095903	14587867.5	0	7095903
2	655850	3646966.9	0	655850
3	627034	911741.7	0	627034
4	84816	227935.4	0	84816
5	33185	56983.9	0	33185
6	3174	14246.0	0	3174
7	201	3561.5	0	201
8	85	890.4	0	85
9	102	222.6	0	51 51
10	402	55.6	1	31 371
11	433	13.9	1	26 407
12	164	3.5	1	19 145
13	195	0.9	1	5 190
14	141	0.9	1	6 135
15	139	0.9	1	11 128
16	147	0.9	1	11 136
17	161	0.9	1	21 140
18	160	0.9	1	29 131
19	158	0.9	1	18 140
20	136	0.9	1	8 128
21	181	0.9	1	19 162
22	93	0.9	1	7 86
23	80	0.9	1	15 65
24	156	0.9	1	13 143
25	164	0.9	1	17 147
26	143	0.9	1	18 125
27	140	0.9	1	18 122
28	230	0.9	1	26 204
29	49	0.9	1	7 42
30	140	0.9	1	8 132
31	122	0.9	1	16 106
32	90	0.9	1	23 67
33	73	0.9	1	9 64
34	112	0.9	1	14 98
35	128	0.9	1	23 105
36	60	0.9	1	4 56
37	101	0.9	1	6 95
38	70	0.9	1	6 64
39	82	0.9	1	5 77
40	78	0.9	1	10 68
41	88	0.9	1	4 84
42	66	0.9	1	6 60
43	58	0.9	1	2 56
44	40	0.9	1	3 37
45	51	0.9	1	2 49
46	59	0.9	1	4 55
47	46	0.9	1	4 42
48	45	0.9	1	0 45
49	23	0.9	1	4 19
50	68	0.9	1	2 66
51	49	0.9	1	0 49
52	35	0.9	1	0 35
53	62	0.9	1	0 62
54	29	0.9	1	0 29
55	98	0.9	1	0 98
56	27	0.9	1	0 27
57	66	0.9	1	0 66
58	79	0.9	1	1 78
59	34	0.9	1	1 33
60	25	0.9	1	1 24
61	22	0.9	1	1 21
62	19	0.9	1	0 19
63	32	0.9	1	1 31
64	25	0.9	1	2 23
65	55	0.9	1	0 55
66	26	0.9	1	0 26
67	50	0.9	1	0 50
68	20	0.9	1	1 19
69	30	0.9	1	1 29
70	36	0.9	1	1 35
71	64	0.9	1	0 64
72	67	0.9	1	1 66
73	90	0.9	1	0 90
74	40	0.9	1	1 39
75	25	0.9	1	0 25
76	60	0.9	1	0 60


RUN STATISTICS FOR INPUT FILE: Nobt3DPA3_1.fq.gz
=============================================
58351470 sequences processed in total
The length threshold of paired-end sequences gets evaluated later on (in the validation step)


SUMMARISING RUN PARAMETERS
==========================
Input filename: Nobt3DPA3_2.fq.gz
Trimming mode: paired-end
Trim Galore version: 0.4.2
Cutadapt version: 1.14
Quality Phred score cutoff: 20
Quality encoding type selected: ASCII+33
Adapter sequence: 'AGATCGGAAGAGC' (Illumina TruSeq, Sanger iPCR; auto-detected)
Maximum trimming error rate: 0.1 (default)
Minimum required adapter overlap (stringency): 1 bp
Minimum required sequence length for both reads before a sequence pair gets removed: 20 bp
Output file(s) will be GZIP compressed

This is cutadapt 1.14 with Python 2.7.5
Command line parameters: -f fastq -e 0.1 -q 20 -O 1 -a AGATCGGAAGAGC NobtPre2_1.fq.gz
Trimming 1 adapter with at most 10.0% errors in single-end mode ...
Finished in 1434.35 s (25 us/read; 2.42 M reads/minute).

=== Summary ===

Total reads processed:              57,907,393
Reads with adapters:                 8,491,133 (14.7%)
Reads written (passing filters):    57,907,393 (100.0%)

Total basepairs processed: 4,369,877,969 bp
Quality-trimmed:              10,455,210 bp (0.2%)
Total written (filtered):  4,348,566,434 bp (99.5%)

=== Adapter 1 ===

Sequence: AGATCGGAAGAGC; Type: regular 3'; Length: 13; Trimmed: 8491133 times.

No. of allowed errors:
0-9 bp: 0; 10-13 bp: 1

Bases preceding removed adapters:
  A: 35.3%
  C: 29.9%
  G: 16.1%
  T: 18.6%
  none/other: 0.0%

Overview of removed sequences
length	count	expect	max.err	error counts
1	7191504	14476848.2	0	7191504
2	596738	3619212.1	0	596738
3	566998	904803.0	0	566998
4	90730	226200.8	0	90730
5	34235	56550.2	0	34235
6	3646	14137.5	0	3646
7	184	3534.4	0	184
8	97	883.6	0	97
9	106	220.9	0	84 22
10	312	55.2	1	35 277
11	436	13.8	1	59 377
12	142	3.5	1	15 127
13	118	0.9	1	17 101
14	121	0.9	1	15 106
15	232	0.9	1	11 221
16	172	0.9	1	13 159
17	198	0.9	1	17 181
18	163	0.9	1	24 139
19	190	0.9	1	20 170
20	153	0.9	1	23 130
21	169	0.9	1	17 152
22	127	0.9	1	16 111
23	121	0.9	1	13 108
24	145	0.9	1	25 120
25	220	0.9	1	32 188
26	162	0.9	1	34 128
27	176	0.9	1	34 142
28	218	0.9	1	37 181
29	80	0.9	1	15 65
30	124	0.9	1	21 103
31	168	0.9	1	19 149
32	182	0.9	1	32 150
33	92	0.9	1	15 77
34	129	0.9	1	29 100
35	140	0.9	1	22 118
36	307	0.9	1	69 238
37	188	0.9	1	5 183
38	84	0.9	1	12 72
39	149	0.9	1	23 126
40	127	0.9	1	25 102
41	74	0.9	1	12 62
42	117	0.9	1	14 103
43	89	0.9	1	8 81
44	54	0.9	1	13 41
45	74	0.9	1	9 65
46	55	0.9	1	5 50
47	57	0.9	1	2 55
48	84	0.9	1	3 81
49	29	0.9	1	1 28
50	72	0.9	1	5 67
51	52	0.9	1	2 50
52	27	0.9	1	1 26
53	49	0.9	1	1 48
54	30	0.9	1	0 30
55	48	0.9	1	0 48
56	23	0.9	1	0 23
57	42	0.9	1	0 42
58	35	0.9	1	0 35
59	26	0.9	1	0 26
60	25	0.9	1	0 25
61	35	0.9	1	0 35
62	28	0.9	1	1 27
63	36	0.9	1	0 36
64	29	0.9	1	1 28
65	41	0.9	1	0 41
66	21	0.9	1	0 21
67	33	0.9	1	0 33
68	28	0.9	1	0 28
69	18	0.9	1	1 17
70	43	0.9	1	0 43
71	30	0.9	1	0 30
72	43	0.9	1	0 43
73	51	0.9	1	0 51
74	23	0.9	1	0 23
75	17	0.9	1	0 17
76	12	0.9	1	0 12


RUN STATISTICS FOR INPUT FILE: NobtPre2_1.fq.gz
=============================================
57907393 sequences processed in total
The length threshold of paired-end sequences gets evaluated later on (in the validation step)


SUMMARISING RUN PARAMETERS
==========================
Input filename: NobtPre2_2.fq.gz
Trimming mode: paired-end
Trim Galore version: 0.4.2
Cutadapt version: 1.14
Quality Phred score cutoff: 20
Quality encoding type selected: ASCII+33
Adapter sequence: 'AGATCGGAAGAGC' (Illumina TruSeq, Sanger iPCR; auto-detected)
Maximum trimming error rate: 0.1 (default)
Minimum required adapter overlap (stringency): 1 bp
Minimum required sequence length for both reads before a sequence pair gets removed: 20 bp
Output file(s) will be GZIP compressed

Writing final adapter and quality trimmed output to Nobt3DPA3_2_trimmed.fq.gz


  >>> Now performing quality (cutoff 20) and adapter trimming in a single pass for the adapter sequence: 'AGATCGGAAGAGC' from file Nobt3DPA3_2.fq.gz <<< 
Writing final adapter and quality trimmed output to NobtPre2_2_trimmed.fq.gz


  >>> Now performing quality (cutoff 20) and adapter trimming in a single pass for the adapter sequence: 'AGATCGGAAGAGC' from file NobtPre2_2.fq.gz <<< 
This is cutadapt 1.14 with Python 2.7.5
Command line parameters: -f fastq -e 0.1 -q 20 -O 1 -a AGATCGGAAGAGC NobtPre3_1.fq.gz
Trimming 1 adapter with at most 10.0% errors in single-end mode ...
Finished in 1510.87 s (25 us/read; 2.44 M reads/minute).

=== Summary ===

Total reads processed:              61,356,052
Reads with adapters:                 7,655,280 (12.5%)
Reads written (passing filters):    61,356,052 (100.0%)

Total basepairs processed: 4,632,566,744 bp
Quality-trimmed:               9,744,597 bp (0.2%)
Total written (filtered):  4,613,115,643 bp (99.6%)

=== Adapter 1 ===

Sequence: AGATCGGAAGAGC; Type: regular 3'; Length: 13; Trimmed: 7655280 times.

No. of allowed errors:
0-9 bp: 0; 10-13 bp: 1

Bases preceding removed adapters:
  A: 33.9%
  C: 30.2%
  G: 17.1%
  T: 18.7%
  none/other: 0.0%

Overview of removed sequences
length	count	expect	max.err	error counts
1	6474418	15339013.0	0	6474418
2	569099	3834753.2	0	569099
3	502176	958688.3	0	502176
4	69023	239672.1	0	69023
5	33829	59918.0	0	33829
6	2447	14979.5	0	2447
7	146	3744.9	0	146
8	44	936.2	0	44
9	52	234.1	0	35 17
10	220	58.5	1	21 199
11	272	14.6	1	21 251
12	138	3.7	1	13 125
13	66	0.9	1	6 60
14	73	0.9	1	6 67
15	88	0.9	1	10 78
16	73	0.9	1	6 67
17	102	0.9	1	10 92
18	83	0.9	1	6 77
19	97	0.9	1	10 87
20	99	0.9	1	10 89
21	116	0.9	1	11 105
22	126	0.9	1	22 104
23	60	0.9	1	8 52
24	92	0.9	1	8 84
25	100	0.9	1	11 89
26	91	0.9	1	12 79
27	91	0.9	1	8 83
28	134	0.9	1	8 126
29	44	0.9	1	6 38
30	80	0.9	1	8 72
31	108	0.9	1	16 92
32	89	0.9	1	12 77
33	56	0.9	1	6 50
34	63	0.9	1	7 56
35	71	0.9	1	9 62
36	80	0.9	1	16 64
37	77	0.9	1	2 75
38	82	0.9	1	10 72
39	83	0.9	1	6 77
40	76	0.9	1	10 66
41	75	0.9	1	1 74
42	79	0.9	1	11 68
43	41	0.9	1	3 38
44	25	0.9	1	1 24
45	30	0.9	1	2 28
46	38	0.9	1	4 34
47	27	0.9	1	2 25
48	50	0.9	1	1 49
49	15	0.9	1	2 13
50	45	0.9	1	1 44
51	30	0.9	1	0 30
52	11	0.9	1	0 11
53	31	0.9	1	2 29
54	15	0.9	1	0 15
55	35	0.9	1	0 35
56	15	0.9	1	0 15
57	47	0.9	1	0 47
58	38	0.9	1	0 38
59	17	0.9	1	1 16
60	16	0.9	1	0 16
61	18	0.9	1	0 18
62	18	0.9	1	0 18
63	31	0.9	1	0 31
64	29	0.9	1	1 28
65	35	0.9	1	0 35
66	9	0.9	1	0 9
67	27	0.9	1	0 27
68	22	0.9	1	0 22
69	13	0.9	1	0 13
70	24	0.9	1	0 24
71	21	0.9	1	0 21
72	17	0.9	1	0 17
73	36	0.9	1	0 36
74	13	0.9	1	0 13
75	9	0.9	1	0 9
76	14	0.9	1	0 14


RUN STATISTICS FOR INPUT FILE: NobtPre3_1.fq.gz
=============================================
61356052 sequences processed in total
The length threshold of paired-end sequences gets evaluated later on (in the validation step)


SUMMARISING RUN PARAMETERS
==========================
Input filename: NobtPre3_2.fq.gz
Trimming mode: paired-end
Trim Galore version: 0.4.2
Cutadapt version: 1.14
Quality Phred score cutoff: 20
Quality encoding type selected: ASCII+33
Adapter sequence: 'AGATCGGAAGAGC' (Illumina TruSeq, Sanger iPCR; auto-detected)
Maximum trimming error rate: 0.1 (default)
Minimum required adapter overlap (stringency): 1 bp
Minimum required sequence length for both reads before a sequence pair gets removed: 20 bp
Output file(s) will be GZIP compressed

Writing final adapter and quality trimmed output to NobtPre3_2_trimmed.fq.gz


  >>> Now performing quality (cutoff 20) and adapter trimming in a single pass for the adapter sequence: 'AGATCGGAAGAGC' from file NobtPre3_2.fq.gz <<< 
60000000 sequences processed
60000000 sequences processed
10000000 sequences processed
10000000 sequences processed
10000000 sequences processed
10000000 sequences processed
10000000 sequences processed
slurmstepd-i04: error: *** JOB 938231 ON i04 CANCELLED AT 2020-03-24T19:19:37 ***
70000000 sequences processed
This is cutadapt 1.14 with Python 2.7.5
Command line parameters: -f fastq -e 0.1 -q 20 -O 1 -a AGATCGGAAGAGC Nobt0DPA1_1.fq.gz
Trimming 1 adapter with at most 10.0% errors in single-end mode ...
Finished in 1803.24 s (25 us/read; 2.38 M reads/minute).

=== Summary ===

Total reads processed:              71,492,260
Reads with adapters:                10,350,378 (14.5%)
Reads written (passing filters):    71,492,260 (100.0%)

Total basepairs processed: 5,370,496,570 bp
Quality-trimmed:              29,413,967 bp (0.5%)
Total written (filtered):  5,327,760,871 bp (99.2%)

=== Adapter 1 ===

Sequence: AGATCGGAAGAGC; Type: regular 3'; Length: 13; Trimmed: 10350378 times.

No. of allowed errors:
0-9 bp: 0; 10-13 bp: 1

Bases preceding removed adapters:
  A: 35.1%
  C: 29.9%
  G: 17.1%
  T: 18.0%
  none/other: 0.0%

Overview of removed sequences
length	count	expect	max.err	error counts
1	8693493	17873065.0	0	8693493
2	748836	4468266.2	0	748836
3	750023	1117066.6	0	750023
4	104729	279266.6	0	104729
5	41164	69816.7	0	41164
6	4408	17454.2	0	4408
7	255	4363.5	0	255
8	75	1090.9	0	75
9	92	272.7	0	49 43
10	504	68.2	1	62 442
11	520	17.0	1	43 477
12	281	4.3	1	31 250
13	146	1.1	1	10 136
14	131	1.1	1	12 119
15	152	1.1	1	8 144
16	159	1.1	1	15 144
17	164	1.1	1	16 148
18	146	1.1	1	21 125
19	192	1.1	1	28 164
20	130	1.1	1	14 116
21	255	1.1	1	23 232
22	222	1.1	1	26 196
23	105	1.1	1	20 85
24	129	1.1	1	7 122
25	167	1.1	1	18 149
26	182	1.1	1	27 155
27	159	1.1	1	24 135
28	252	1.1	1	31 221
29	72	1.1	1	12 60
30	141	1.1	1	10 131
31	173	1.1	1	32 141
32	124	1.1	1	27 97
33	92	1.1	1	11 81
34	106	1.1	1	13 93
35	119	1.1	1	26 93
36	166	1.1	1	28 138
37	128	1.1	1	4 124
38	147	1.1	1	9 138
39	115	1.1	1	15 100
40	64	1.1	1	2 62
41	74	1.1	1	2 72
42	90	1.1	1	7 83
43	77	1.1	1	4 73
44	60	1.1	1	3 57
45	56	1.1	1	2 54
46	80	1.1	1	9 71
47	60	1.1	1	7 53
48	60	1.1	1	2 58
49	33	1.1	1	1 32
50	84	1.1	1	0 84
51	44	1.1	1	1 43
52	42	1.1	1	2 40
53	65	1.1	1	0 65
54	30	1.1	1	0 30
55	68	1.1	1	0 68
56	37	1.1	1	0 37
57	62	1.1	1	0 62
58	47	1.1	1	0 47
59	41	1.1	1	1 40
60	39	1.1	1	0 39
61	39	1.1	1	1 38
62	35	1.1	1	1 34
63	55	1.1	1	1 54
64	39	1.1	1	2 37
65	48	1.1	1	0 48
66	18	1.1	1	1 17
67	48	1.1	1	0 48
68	26	1.1	1	1 25
69	17	1.1	1	2 15
70	53	1.1	1	0 53
71	54	1.1	1	1 53
72	56	1.1	1	0 56
73	80	1.1	1	1 79
74	47	1.1	1	0 47
75	25	1.1	1	0 25
76	71	1.1	1	0 71


RUN STATISTICS FOR INPUT FILE: Nobt0DPA1_1.fq.gz
=============================================
71492260 sequences processed in total
The length threshold of paired-end sequences gets evaluated later on (in the validation step)


SUMMARISING RUN PARAMETERS
==========================
Input filename: Nobt0DPA1_2.fq.gz
Trimming mode: paired-end
Trim Galore version: 0.4.2
Cutadapt version: 1.14
Quality Phred score cutoff: 20
Quality encoding type selected: ASCII+33
Adapter sequence: 'AGATCGGAAGAGC' (Illumina TruSeq, Sanger iPCR; auto-detected)
Maximum trimming error rate: 0.1 (default)
Minimum required adapter overlap (stringency): 1 bp
Minimum required sequence length for both reads before a sequence pair gets removed: 20 bp
Output file(s) will be GZIP compressed

Writing final adapter and quality trimmed output to Nobt0DPA1_2_trimmed.fq.gz


  >>> Now performing quality (cutoff 20) and adapter trimming in a single pass for the adapter sequence: 'AGATCGGAAGAGC' from file Nobt0DPA1_2.fq.gz <<< 
20000000 sequences processed
20000000 sequences processed
20000000 sequences processed
20000000 sequences processed
20000000 sequences processed
10000000 sequences processed
30000000 sequences processed
30000000 sequences processed
slurmstepd-i04: error: *** JOB 938227 ON i04 CANCELLED AT 2020-03-24T19:28:34 ***
slurmstepd-i04: error: *** JOB 938234 ON i04 CANCELLED AT 2020-03-24T19:28:34 ***
slurmstepd-i04: error: *** JOB 938230 ON i04 CANCELLED AT 2020-03-24T19:28:34 ***
slurmstepd-i04: error: *** JOB 938233 ON i04 CANCELLED AT 2020-03-24T19:28:34 ***
slurmstepd-i04: error: *** JOB 938229 ON i04 CANCELLED AT 2020-03-24T19:28:34 ***
slurmstepd-i04: error: *** JOB 938228 ON i04 CANCELLED AT 2020-03-24T19:28:35 ***
