ModuleCmd_Switch.c(172):ERROR:152: Module 'python/2.7.5' is currently not loaded
Running Trim Galore on GFP_1. ...
Using an excessive number of cores has a diminishing return! It is recommended not to exceed 8 cores per trimming process (you asked for 16 cores). Please consider re-specifying
Path to Cutadapt set as: 'cutadapt' (default)
Cutadapt seems to be working fine (tested command 'cutadapt --version')
Cutadapt version: 2.10
Could not detect version of Python used by Cutadapt from the first line of Cutadapt (but found this: >>>#!/bin/sh<<<)
Letting the (modified) Cutadapt deal with the Python version instead
Parallel gzip (pigz) detected. Proceeding with multicore (de)compression using 16 cores

No quality encoding type selected. Assuming that the data provided uses Sanger encoded Phred scores (default)

Output will be written into the directory: /bigdata/littlab/arajewski/Datura/1_QCQA/


AUTO-DETECTING ADAPTER TYPE
===========================
Attempting to auto-detect adapter type from the first 1 million sequences of the first file (>> ../DNA-seq/GFP_1_R1.fastq.gz <<)

Found perfect matches for the following adapter sequences:
Adapter type	Count	Sequence	Sequences analysed	Percentage
Illumina	5	AGATCGGAAGAGC	1000000	0.00
Nextera	3	CTGTCTCTTATA	1000000	0.00
smallRNA	1	TGGAATTCTCGG	1000000	0.00
Using Illumina adapter for trimming (count: 5). Second best hit was Nextera (count: 3)

Writing report to '/bigdata/littlab/arajewski/Datura/1_QCQA/GFP_1_R1.fastq.gz_trimming_report.txt'

SUMMARISING RUN PARAMETERS
==========================
Input filename: ../DNA-seq/GFP_1_R1.fastq.gz
Trimming mode: paired-end
Trim Galore version: 0.6.4_dev
Cutadapt version: 2.10
Python version: could not detect
Number of cores used for trimming: 16
Quality Phred score cutoff: 20
Quality encoding type selected: ASCII+33
Adapter sequence: 'AGATCGGAAGAGC' (Illumina TruSeq, Sanger iPCR; auto-detected)
Maximum trimming error rate: 0.1 (default)
Minimum required adapter overlap (stringency): 1 bp
Minimum required sequence length for both reads before a sequence pair gets removed: 20 bp
Output file(s) will be GZIP compressed

Cutadapt seems to be fairly up-to-date (version 2.10). Setting -j 16
Writing final adapter and quality trimmed output to GFP_1_R1_trimmed.fq.gz


  >>> Now performing quality (cutoff '-q 20') and adapter trimming in a single pass for the adapter sequence: 'AGATCGGAAGAGC' from file ../DNA-seq/GFP_1_R1.fastq.gz <<< 
10000000 sequences processed
20000000 sequences processed
30000000 sequences processed
40000000 sequences processed
50000000 sequences processed
60000000 sequences processed
This is cutadapt 2.10 with Python 3.7.6
Command line parameters: -j 16 -e 0.1 -q 20 -O 1 -a AGATCGGAAGAGC ../DNA-seq/GFP_1_R1.fastq.gz
Processing reads on 16 cores in single-end mode ...
Finished in 314.82 s (5 us/read; 11.64 M reads/minute).

=== Summary ===

Total reads processed:              61,071,701
Reads with adapters:                 9,925,969 (16.3%)
Reads written (passing filters):    61,071,701 (100.0%)

Total basepairs processed: 4,607,562,405 bp
Quality-trimmed:              13,178,126 bp (0.3%)
Total written (filtered):  4,581,754,985 bp (99.4%)

=== Adapter 1 ===

Sequence: AGATCGGAAGAGC; Type: regular 3'; Length: 13; Trimmed: 9925969 times

No. of allowed errors:
0-9 bp: 0; 10-13 bp: 1

Bases preceding removed adapters:
  A: 37.1%
  C: 21.9%
  G: 16.0%
  T: 24.9%
  none/other: 0.0%

Overview of removed sequences
length	count	expect	max.err	error counts
1	8305421	15267925.2	0	8305421
2	847555	3816981.3	0	847555
3	592572	954245.3	0	592572
4	143482	238561.3	0	143482
5	29292	59640.3	0	29292
6	3773	14910.1	0	3773
7	266	3727.5	0	266
8	81	931.9	0	81
9	83	233.0	0	13 70
10	321	58.2	1	6 315
11	272	14.6	1	2 270
12	94	3.6	1	6 88
13	74	0.9	1	4 70
14	96	0.9	1	4 92
15	96	0.9	1	9 87
16	94	0.9	1	11 83
17	129	0.9	1	14 115
18	108	0.9	1	14 94
19	81	0.9	1	14 67
20	57	0.9	1	6 51
21	54	0.9	1	6 48
22	57	0.9	1	3 54
23	55	0.9	1	8 47
24	51	0.9	1	8 43
25	80	0.9	1	16 64
26	77	0.9	1	17 60
27	70	0.9	1	9 61
28	110	0.9	1	22 88
29	61	0.9	1	6 55
30	44	0.9	1	4 40
31	60	0.9	1	9 51
32	56	0.9	1	11 45
33	34	0.9	1	4 30
34	59	0.9	1	7 52
35	41	0.9	1	5 36
36	58	0.9	1	10 48
37	40	0.9	1	3 37
38	37	0.9	1	1 36
39	35	0.9	1	1 34
40	25	0.9	1	2 23
41	20	0.9	1	2 18
42	33	0.9	1	2 31
43	21	0.9	1	1 20
44	29	0.9	1	1 28
45	21	0.9	1	0 21
46	33	0.9	1	0 33
47	20	0.9	1	4 16
48	29	0.9	1	0 29
49	27	0.9	1	1 26
50	26	0.9	1	1 25
51	24	0.9	1	0 24
52	30	0.9	1	0 30
53	37	0.9	1	0 37
54	33	0.9	1	0 33
55	34	0.9	1	0 34
56	30	0.9	1	1 29
57	30	0.9	1	1 29
58	23	0.9	1	2 21
59	22	0.9	1	1 21
60	31	0.9	1	2 29
61	30	0.9	1	0 30
62	21	0.9	1	1 20
63	27	0.9	1	1 26
64	29	0.9	1	1 28
65	21	0.9	1	1 20
66	21	0.9	1	0 21
67	24	0.9	1	0 24
68	15	0.9	1	0 15
69	29	0.9	1	0 29
70	25	0.9	1	0 25
71	29	0.9	1	0 29
72	21	0.9	1	0 21
73	31	0.9	1	0 31
74	19	0.9	1	1 18
75	13	0.9	1	0 13
76	10	0.9	1	0 10

RUN STATISTICS FOR INPUT FILE: ../DNA-seq/GFP_1_R1.fastq.gz
=============================================
61071701 sequences processed in total
The length threshold of paired-end sequences gets evaluated later on (in the validation step)

Writing report to '/bigdata/littlab/arajewski/Datura/1_QCQA/GFP_1_R2.fastq.gz_trimming_report.txt'

SUMMARISING RUN PARAMETERS
==========================
Input filename: ../DNA-seq/GFP_1_R2.fastq.gz
Trimming mode: paired-end
Trim Galore version: 0.6.4_dev
Cutadapt version: 2.10
Python version: could not detect
Number of cores used for trimming: 16
Quality Phred score cutoff: 20
Quality encoding type selected: ASCII+33
Adapter sequence: 'AGATCGGAAGAGC' (Illumina TruSeq, Sanger iPCR; auto-detected)
Maximum trimming error rate: 0.1 (default)
Minimum required adapter overlap (stringency): 1 bp
Minimum required sequence length for both reads before a sequence pair gets removed: 20 bp
Output file(s) will be GZIP compressed

Cutadapt seems to be fairly up-to-date (version 2.10). Setting -j -j 16
Writing final adapter and quality trimmed output to GFP_1_R2_trimmed.fq.gz


  >>> Now performing quality (cutoff '-q 20') and adapter trimming in a single pass for the adapter sequence: 'AGATCGGAAGAGC' from file ../DNA-seq/GFP_1_R2.fastq.gz <<< 
10000000 sequences processed
20000000 sequences processed
30000000 sequences processed
40000000 sequences processed
50000000 sequences processed
60000000 sequences processed
This is cutadapt 2.10 with Python 3.7.6
Command line parameters: -j 16 -e 0.1 -q 20 -O 1 -a AGATCGGAAGAGC ../DNA-seq/GFP_1_R2.fastq.gz
Processing reads on 16 cores in single-end mode ...
Finished in 319.78 s (5 us/read; 11.46 M reads/minute).

=== Summary ===

Total reads processed:              61,071,701
Reads with adapters:                10,131,224 (16.6%)
Reads written (passing filters):    61,071,701 (100.0%)

Total basepairs processed: 4,607,705,493 bp
Quality-trimmed:              30,897,658 bp (0.7%)
Total written (filtered):  4,563,784,631 bp (99.0%)

=== Adapter 1 ===

Sequence: AGATCGGAAGAGC; Type: regular 3'; Length: 13; Trimmed: 10131224 times

No. of allowed errors:
0-9 bp: 0; 10-13 bp: 1

Bases preceding removed adapters:
  A: 37.1%
  C: 21.8%
  G: 16.1%
  T: 25.0%
  none/other: 0.0%

Overview of removed sequences
length	count	expect	max.err	error counts
1	8404755	15267925.2	0	8404755
2	941671	3816981.3	0	941671
3	590286	954245.3	0	590286
4	154051	238561.3	0	154051
5	30623	59640.3	0	30623
6	3727	14910.1	0	3727
7	306	3727.5	0	306
8	104	931.9	0	104
9	105	233.0	0	18 87
10	371	58.2	1	13 358
11	309	14.6	1	14 295
12	124	3.6	1	12 112
13	89	0.9	1	14 75
14	86	0.9	1	13 73
15	158	0.9	1	13 145
16	139	0.9	1	29 110
17	165	0.9	1	27 138
18	165	0.9	1	25 140
19	137	0.9	1	24 113
20	115	0.9	1	19 96
21	111	0.9	1	25 86
22	60	0.9	1	11 49
23	135	0.9	1	28 107
24	230	0.9	1	67 163
25	129	0.9	1	35 94
26	246	0.9	1	71 175
27	239	0.9	1	91 148
28	96	0.9	1	20 76
29	153	0.9	1	53 100
30	73	0.9	1	20 53
31	145	0.9	1	46 99
32	143	0.9	1	41 102
33	220	0.9	1	75 145
34	94	0.9	1	26 68
35	56	0.9	1	6 50
36	81	0.9	1	18 63
37	66	0.9	1	12 54
38	57	0.9	1	14 43
39	72	0.9	1	18 54
40	55	0.9	1	14 41
41	52	0.9	1	6 46
42	70	0.9	1	19 51
43	57	0.9	1	9 48
44	56	0.9	1	9 47
45	55	0.9	1	17 38
46	72	0.9	1	12 60
47	45	0.9	1	1 44
48	30	0.9	1	3 27
49	30	0.9	1	3 27
50	50	0.9	1	4 46
51	30	0.9	1	0 30
52	42	0.9	1	1 41
53	37	0.9	1	1 36
54	34	0.9	1	3 31
55	27	0.9	1	1 26
56	32	0.9	1	2 30
57	25	0.9	1	0 25
58	38	0.9	1	2 36
59	35	0.9	1	0 35
60	31	0.9	1	0 31
61	36	0.9	1	5 31
62	33	0.9	1	5 28
63	22	0.9	1	4 18
64	34	0.9	1	0 34
65	40	0.9	1	2 38
66	24	0.9	1	0 24
67	21	0.9	1	1 20
68	31	0.9	1	0 31
69	18	0.9	1	0 18
70	22	0.9	1	0 22
71	32	0.9	1	0 32
72	27	0.9	1	0 27
73	32	0.9	1	0 32
74	28	0.9	1	0 28
75	19	0.9	1	2 17
76	10	0.9	1	0 10

RUN STATISTICS FOR INPUT FILE: ../DNA-seq/GFP_1_R2.fastq.gz
=============================================
61071701 sequences processed in total
The length threshold of paired-end sequences gets evaluated later on (in the validation step)

Validate paired-end files GFP_1_R1_trimmed.fq.gz and GFP_1_R2_trimmed.fq.gz
file_1: GFP_1_R1_trimmed.fq.gz, file_2: GFP_1_R2_trimmed.fq.gz


>>>>> Now validing the length of the 2 paired-end infiles: GFP_1_R1_trimmed.fq.gz and GFP_1_R2_trimmed.fq.gz <<<<<
Writing validated paired-end Read 1 reads to GFP_1_R1_val_1.fq.gz
Writing validated paired-end Read 2 reads to GFP_1_R2_val_2.fq.gz

Total number of sequences analysed: 61071701

Number of sequence pairs removed because at least one read was shorter than the length cutoff (20 bp): 169852 (0.28%)

Deleting both intermediate output files GFP_1_R1_trimmed.fq.gz and GFP_1_R2_trimmed.fq.gz

====================================================================================================

Done.
Running Trim Galore on GFP_2. ...
Using an excessive number of cores has a diminishing return! It is recommended not to exceed 8 cores per trimming process (you asked for 16 cores). Please consider re-specifying
Path to Cutadapt set as: 'cutadapt' (default)
Cutadapt seems to be working fine (tested command 'cutadapt --version')
Cutadapt version: 2.10
Could not detect version of Python used by Cutadapt from the first line of Cutadapt (but found this: >>>#!/bin/sh<<<)
Letting the (modified) Cutadapt deal with the Python version instead
Parallel gzip (pigz) detected. Proceeding with multicore (de)compression using 16 cores

No quality encoding type selected. Assuming that the data provided uses Sanger encoded Phred scores (default)

Output will be written into the directory: /bigdata/littlab/arajewski/Datura/1_QCQA/


AUTO-DETECTING ADAPTER TYPE
===========================
Attempting to auto-detect adapter type from the first 1 million sequences of the first file (>> ../DNA-seq/GFP_2_R1.fastq.gz <<)

Found perfect matches for the following adapter sequences:
Adapter type	Count	Sequence	Sequences analysed	Percentage
Illumina	6	AGATCGGAAGAGC	1000000	0.00
smallRNA	1	TGGAATTCTCGG	1000000	0.00
Nextera	1	CTGTCTCTTATA	1000000	0.00
Using Illumina adapter for trimming (count: 6). Second best hit was smallRNA (count: 1)

Writing report to '/bigdata/littlab/arajewski/Datura/1_QCQA/GFP_2_R1.fastq.gz_trimming_report.txt'

SUMMARISING RUN PARAMETERS
==========================
Input filename: ../DNA-seq/GFP_2_R1.fastq.gz
Trimming mode: paired-end
Trim Galore version: 0.6.4_dev
Cutadapt version: 2.10
Python version: could not detect
Number of cores used for trimming: 16
Quality Phred score cutoff: 20
Quality encoding type selected: ASCII+33
Adapter sequence: 'AGATCGGAAGAGC' (Illumina TruSeq, Sanger iPCR; auto-detected)
Maximum trimming error rate: 0.1 (default)
Minimum required adapter overlap (stringency): 1 bp
Minimum required sequence length for both reads before a sequence pair gets removed: 20 bp
Output file(s) will be GZIP compressed

Cutadapt seems to be fairly up-to-date (version 2.10). Setting -j 16
Writing final adapter and quality trimmed output to GFP_2_R1_trimmed.fq.gz


  >>> Now performing quality (cutoff '-q 20') and adapter trimming in a single pass for the adapter sequence: 'AGATCGGAAGAGC' from file ../DNA-seq/GFP_2_R1.fastq.gz <<< 
10000000 sequences processed
20000000 sequences processed
30000000 sequences processed
40000000 sequences processed
50000000 sequences processed
This is cutadapt 2.10 with Python 3.7.6
Command line parameters: -j 16 -e 0.1 -q 20 -O 1 -a AGATCGGAAGAGC ../DNA-seq/GFP_2_R1.fastq.gz
Processing reads on 16 cores in single-end mode ...
Finished in 255.64 s (5 us/read; 11.89 M reads/minute).

=== Summary ===

Total reads processed:              50,647,588
Reads with adapters:                 8,317,346 (16.4%)
Reads written (passing filters):    50,647,588 (100.0%)

Total basepairs processed: 3,818,947,541 bp
Quality-trimmed:              10,986,827 bp (0.3%)
Total written (filtered):  3,797,351,089 bp (99.4%)

=== Adapter 1 ===

Sequence: AGATCGGAAGAGC; Type: regular 3'; Length: 13; Trimmed: 8317346 times

No. of allowed errors:
0-9 bp: 0; 10-13 bp: 1

Bases preceding removed adapters:
  A: 37.3%
  C: 21.8%
  G: 15.9%
  T: 24.9%
  none/other: 0.0%

Overview of removed sequences
length	count	expect	max.err	error counts
1	6962114	12661897.0	0	6962114
2	704779	3165474.2	0	704779
3	497458	791368.6	0	497458
4	121005	197842.1	0	121005
5	24524	49460.5	0	24524
6	3041	12365.1	0	3041
7	247	3091.3	0	247
8	83	772.8	0	83
9	73	193.2	0	12 61
10	272	48.3	1	10 262
11	284	12.1	1	13 271
12	106	3.0	1	3 103
13	82	0.8	1	4 78
14	106	0.8	1	3 103
15	128	0.8	1	9 119
16	114	0.8	1	14 100
17	188	0.8	1	20 168
18	169	0.8	1	31 138
19	146	0.8	1	16 130
20	87	0.8	1	10 77
21	79	0.8	1	11 68
22	82	0.8	1	15 67
23	82	0.8	1	16 66
24	79	0.8	1	15 64
25	116	0.8	1	24 92
26	78	0.8	1	15 63
27	115	0.8	1	21 94
28	162	0.8	1	35 127
29	56	0.8	1	12 44
30	44	0.8	1	5 39
31	51	0.8	1	13 38
32	77	0.8	1	20 57
33	45	0.8	1	6 39
34	69	0.8	1	11 58
35	40	0.8	1	7 33
36	54	0.8	1	7 47
37	57	0.8	1	12 45
38	31	0.8	1	2 29
39	43	0.8	1	3 40
40	54	0.8	1	7 47
41	31	0.8	1	5 26
42	42	0.8	1	4 38
43	30	0.8	1	2 28
44	36	0.8	1	8 28
45	27	0.8	1	0 27
46	41	0.8	1	4 37
47	23	0.8	1	1 22
48	26	0.8	1	1 25
49	27	0.8	1	1 26
50	19	0.8	1	2 17
51	20	0.8	1	0 20
52	22	0.8	1	0 22
53	31	0.8	1	3 28
54	28	0.8	1	1 27
55	26	0.8	1	1 25
56	44	0.8	1	1 43
57	30	0.8	1	4 26
58	31	0.8	1	0 31
59	34	0.8	1	1 33
60	33	0.8	1	0 33
61	25	0.8	1	1 24
62	27	0.8	1	1 26
63	21	0.8	1	6 15
64	20	0.8	1	2 18
65	19	0.8	1	2 17
66	28	0.8	1	2 26
67	12	0.8	1	0 12
68	13	0.8	1	0 13
69	26	0.8	1	1 25
70	31	0.8	1	4 27
71	15	0.8	1	0 15
72	20	0.8	1	0 20
73	36	0.8	1	0 36
74	13	0.8	1	0 13
75	16	0.8	1	0 16
76	3	0.8	1	0 3

RUN STATISTICS FOR INPUT FILE: ../DNA-seq/GFP_2_R1.fastq.gz
=============================================
50647588 sequences processed in total
The length threshold of paired-end sequences gets evaluated later on (in the validation step)

Writing report to '/bigdata/littlab/arajewski/Datura/1_QCQA/GFP_2_R2.fastq.gz_trimming_report.txt'

SUMMARISING RUN PARAMETERS
==========================
Input filename: ../DNA-seq/GFP_2_R2.fastq.gz
Trimming mode: paired-end
Trim Galore version: 0.6.4_dev
Cutadapt version: 2.10
Python version: could not detect
Number of cores used for trimming: 16
Quality Phred score cutoff: 20
Quality encoding type selected: ASCII+33
Adapter sequence: 'AGATCGGAAGAGC' (Illumina TruSeq, Sanger iPCR; auto-detected)
Maximum trimming error rate: 0.1 (default)
Minimum required adapter overlap (stringency): 1 bp
Minimum required sequence length for both reads before a sequence pair gets removed: 20 bp
Output file(s) will be GZIP compressed

Cutadapt seems to be fairly up-to-date (version 2.10). Setting -j -j 16
Writing final adapter and quality trimmed output to GFP_2_R2_trimmed.fq.gz


  >>> Now performing quality (cutoff '-q 20') and adapter trimming in a single pass for the adapter sequence: 'AGATCGGAAGAGC' from file ../DNA-seq/GFP_2_R2.fastq.gz <<< 
10000000 sequences processed
20000000 sequences processed
30000000 sequences processed
40000000 sequences processed
50000000 sequences processed
This is cutadapt 2.10 with Python 3.7.6
Command line parameters: -j 16 -e 0.1 -q 20 -O 1 -a AGATCGGAAGAGC ../DNA-seq/GFP_2_R2.fastq.gz
Processing reads on 16 cores in single-end mode ...
Finished in 262.90 s (5 us/read; 11.56 M reads/minute).

=== Summary ===

Total reads processed:              50,647,588
Reads with adapters:                 8,451,453 (16.7%)
Reads written (passing filters):    50,647,588 (100.0%)

Total basepairs processed: 3,819,236,137 bp
Quality-trimmed:              27,005,198 bp (0.7%)
Total written (filtered):  3,781,296,769 bp (99.0%)

=== Adapter 1 ===

Sequence: AGATCGGAAGAGC; Type: regular 3'; Length: 13; Trimmed: 8451453 times

No. of allowed errors:
0-9 bp: 0; 10-13 bp: 1

Bases preceding removed adapters:
  A: 37.0%
  C: 21.7%
  G: 16.1%
  T: 25.2%
  none/other: 0.0%

Overview of removed sequences
length	count	expect	max.err	error counts
1	6991300	12661897.0	0	6991300
2	802616	3165474.2	0	802616
3	493342	791368.6	0	493342
4	128104	197842.1	0	128104
5	25817	49460.5	0	25817
6	3018	12365.1	0	3018
7	309	3091.3	0	309
8	95	772.8	0	95
9	106	193.2	0	30 76
10	354	48.3	1	20 334
11	329	12.1	1	28 301
12	147	3.0	1	12 135
13	115	0.8	1	17 98
14	145	0.8	1	11 134
15	171	0.8	1	14 157
16	195	0.8	1	25 170
17	229	0.8	1	32 197
18	208	0.8	1	40 168
19	227	0.8	1	40 187
20	166	0.8	1	27 139
21	152	0.8	1	26 126
22	91	0.8	1	20 71
23	222	0.8	1	53 169
24	391	0.8	1	113 278
25	149	0.8	1	48 101
26	307	0.8	1	104 203
27	314	0.8	1	132 182
28	136	0.8	1	53 83
29	161	0.8	1	55 106
30	75	0.8	1	15 60
31	186	0.8	1	49 137
32	194	0.8	1	73 121
33	285	0.8	1	89 196
34	105	0.8	1	30 75
35	77	0.8	1	21 56
36	98	0.8	1	32 66
37	102	0.8	1	23 79
38	68	0.8	1	17 51
39	71	0.8	1	23 48
40	63	0.8	1	11 52
41	43	0.8	1	13 30
42	88	0.8	1	25 63
43	42	0.8	1	7 35
44	51	0.8	1	8 43
45	59	0.8	1	15 44
46	51	0.8	1	10 41
47	38	0.8	1	2 36
48	27	0.8	1	2 25
49	29	0.8	1	2 27
50	35	0.8	1	6 29
51	36	0.8	1	2 34
52	29	0.8	1	0 29
53	35	0.8	1	5 30
54	26	0.8	1	3 23
55	38	0.8	1	5 33
56	24	0.8	1	0 24
57	31	0.8	1	5 26
58	50	0.8	1	7 43
59	45	0.8	1	7 38
60	29	0.8	1	4 25
61	49	0.8	1	8 41
62	32	0.8	1	5 27
63	21	0.8	1	4 17
64	35	0.8	1	8 27
65	26	0.8	1	2 24
66	23	0.8	1	4 19
67	30	0.8	1	3 27
68	18	0.8	1	0 18
69	23	0.8	1	0 23
70	19	0.8	1	0 19
71	35	0.8	1	0 35
72	26	0.8	1	2 24
73	22	0.8	1	0 22
74	21	0.8	1	1 20
75	18	0.8	1	0 18
76	9	0.8	1	0 9

RUN STATISTICS FOR INPUT FILE: ../DNA-seq/GFP_2_R2.fastq.gz
=============================================
50647588 sequences processed in total
The length threshold of paired-end sequences gets evaluated later on (in the validation step)

Validate paired-end files GFP_2_R1_trimmed.fq.gz and GFP_2_R2_trimmed.fq.gz
file_1: GFP_2_R1_trimmed.fq.gz, file_2: GFP_2_R2_trimmed.fq.gz


>>>>> Now validing the length of the 2 paired-end infiles: GFP_2_R1_trimmed.fq.gz and GFP_2_R2_trimmed.fq.gz <<<<<
Writing validated paired-end Read 1 reads to GFP_2_R1_val_1.fq.gz
Writing validated paired-end Read 2 reads to GFP_2_R2_val_2.fq.gz

Total number of sequences analysed: 50647588

Number of sequence pairs removed because at least one read was shorter than the length cutoff (20 bp): 156950 (0.31%)

Deleting both intermediate output files GFP_2_R1_trimmed.fq.gz and GFP_2_R2_trimmed.fq.gz

====================================================================================================

Done.
Running Trim Galore on GFP_3. ...
Using an excessive number of cores has a diminishing return! It is recommended not to exceed 8 cores per trimming process (you asked for 16 cores). Please consider re-specifying
Path to Cutadapt set as: 'cutadapt' (default)
Cutadapt seems to be working fine (tested command 'cutadapt --version')
Cutadapt version: 2.10
Could not detect version of Python used by Cutadapt from the first line of Cutadapt (but found this: >>>#!/bin/sh<<<)
Letting the (modified) Cutadapt deal with the Python version instead
Parallel gzip (pigz) detected. Proceeding with multicore (de)compression using 16 cores

No quality encoding type selected. Assuming that the data provided uses Sanger encoded Phred scores (default)

Output will be written into the directory: /bigdata/littlab/arajewski/Datura/1_QCQA/


AUTO-DETECTING ADAPTER TYPE
===========================
Attempting to auto-detect adapter type from the first 1 million sequences of the first file (>> ../DNA-seq/GFP_3_R1.fastq.gz <<)

Found perfect matches for the following adapter sequences:
Adapter type	Count	Sequence	Sequences analysed	Percentage
Illumina	6	AGATCGGAAGAGC	1000000	0.00
Nextera	3	CTGTCTCTTATA	1000000	0.00
smallRNA	1	TGGAATTCTCGG	1000000	0.00
Using Illumina adapter for trimming (count: 6). Second best hit was Nextera (count: 3)

Writing report to '/bigdata/littlab/arajewski/Datura/1_QCQA/GFP_3_R1.fastq.gz_trimming_report.txt'

SUMMARISING RUN PARAMETERS
==========================
Input filename: ../DNA-seq/GFP_3_R1.fastq.gz
Trimming mode: paired-end
Trim Galore version: 0.6.4_dev
Cutadapt version: 2.10
Python version: could not detect
Number of cores used for trimming: 16
Quality Phred score cutoff: 20
Quality encoding type selected: ASCII+33
Adapter sequence: 'AGATCGGAAGAGC' (Illumina TruSeq, Sanger iPCR; auto-detected)
Maximum trimming error rate: 0.1 (default)
Minimum required adapter overlap (stringency): 1 bp
Minimum required sequence length for both reads before a sequence pair gets removed: 20 bp
Output file(s) will be GZIP compressed

Cutadapt seems to be fairly up-to-date (version 2.10). Setting -j 16
Writing final adapter and quality trimmed output to GFP_3_R1_trimmed.fq.gz


  >>> Now performing quality (cutoff '-q 20') and adapter trimming in a single pass for the adapter sequence: 'AGATCGGAAGAGC' from file ../DNA-seq/GFP_3_R1.fastq.gz <<< 
10000000 sequences processed
20000000 sequences processed
This is cutadapt 2.10 with Python 3.7.6
Command line parameters: -j 16 -e 0.1 -q 20 -O 1 -a AGATCGGAAGAGC ../DNA-seq/GFP_3_R1.fastq.gz
Processing reads on 16 cores in single-end mode ...
Finished in 143.23 s (5 us/read; 11.88 M reads/minute).

=== Summary ===

Total reads processed:              28,360,416
Reads with adapters:                 4,735,630 (16.7%)
Reads written (passing filters):    28,360,416 (100.0%)

Total basepairs processed: 2,131,431,964 bp
Quality-trimmed:               5,841,763 bp (0.3%)
Total written (filtered):  2,119,472,358 bp (99.4%)

=== Adapter 1 ===

Sequence: AGATCGGAAGAGC; Type: regular 3'; Length: 13; Trimmed: 4735630 times

No. of allowed errors:
0-9 bp: 0; 10-13 bp: 1

Bases preceding removed adapters:
  A: 37.5%
  C: 21.8%
  G: 15.9%
  T: 24.8%
  none/other: 0.0%

Overview of removed sequences
length	count	expect	max.err	error counts
1	3951761	7090104.0	0	3951761
2	406995	1772526.0	0	406995
3	286330	443131.5	0	286330
4	69020	110782.9	0	69020
5	14070	27695.7	0	14070
6	1946	6923.9	0	1946
7	229	1731.0	0	229
8	91	432.7	0	91
9	79	108.2	0	30 49
10	244	27.0	1	13 231
11	235	6.8	1	19 216
12	112	1.7	1	6 106
13	127	0.4	1	7 120
14	167	0.4	1	4 163
15	219	0.4	1	28 191
16	228	0.4	1	32 196
17	314	0.4	1	38 276
18	289	0.4	1	54 235
19	257	0.4	1	43 214
20	112	0.4	1	22 90
21	133	0.4	1	22 111
22	123	0.4	1	22 101
23	132	0.4	1	27 105
24	112	0.4	1	29 83
25	190	0.4	1	42 148
26	155	0.4	1	44 111
27	198	0.4	1	50 148
28	284	0.4	1	82 202
29	81	0.4	1	15 66
30	57	0.4	1	16 41
31	94	0.4	1	24 70
32	112	0.4	1	26 86
33	57	0.4	1	8 49
34	99	0.4	1	20 79
35	80	0.4	1	14 66
36	59	0.4	1	14 45
37	39	0.4	1	8 31
38	65	0.4	1	7 58
39	68	0.4	1	20 48
40	46	0.4	1	5 41
41	34	0.4	1	5 29
42	36	0.4	1	4 32
43	21	0.4	1	4 17
44	18	0.4	1	1 17
45	19	0.4	1	3 16
46	28	0.4	1	4 24
47	28	0.4	1	1 27
48	12	0.4	1	0 12
49	17	0.4	1	1 16
50	19	0.4	1	1 18
51	10	0.4	1	1 9
52	17	0.4	1	2 15
53	18	0.4	1	2 16
54	21	0.4	1	3 18
55	13	0.4	1	2 11
56	23	0.4	1	4 19
57	19	0.4	1	3 16
58	17	0.4	1	0 17
59	23	0.4	1	2 21
60	28	0.4	1	0 28
61	22	0.4	1	1 21
62	16	0.4	1	3 13
63	18	0.4	1	2 16
64	8	0.4	1	1 7
65	8	0.4	1	0 8
66	11	0.4	1	0 11
67	11	0.4	1	0 11
68	13	0.4	1	0 13
69	14	0.4	1	1 13
70	9	0.4	1	0 9
71	11	0.4	1	0 11
72	15	0.4	1	0 15
73	23	0.4	1	0 23
74	10	0.4	1	0 10
75	3	0.4	1	0 3
76	8	0.4	1	0 8

RUN STATISTICS FOR INPUT FILE: ../DNA-seq/GFP_3_R1.fastq.gz
=============================================
28360416 sequences processed in total
The length threshold of paired-end sequences gets evaluated later on (in the validation step)

Writing report to '/bigdata/littlab/arajewski/Datura/1_QCQA/GFP_3_R2.fastq.gz_trimming_report.txt'

SUMMARISING RUN PARAMETERS
==========================
Input filename: ../DNA-seq/GFP_3_R2.fastq.gz
Trimming mode: paired-end
Trim Galore version: 0.6.4_dev
Cutadapt version: 2.10
Python version: could not detect
Number of cores used for trimming: 16
Quality Phred score cutoff: 20
Quality encoding type selected: ASCII+33
Adapter sequence: 'AGATCGGAAGAGC' (Illumina TruSeq, Sanger iPCR; auto-detected)
Maximum trimming error rate: 0.1 (default)
Minimum required adapter overlap (stringency): 1 bp
Minimum required sequence length for both reads before a sequence pair gets removed: 20 bp
Output file(s) will be GZIP compressed

Cutadapt seems to be fairly up-to-date (version 2.10). Setting -j -j 16
Writing final adapter and quality trimmed output to GFP_3_R2_trimmed.fq.gz


  >>> Now performing quality (cutoff '-q 20') and adapter trimming in a single pass for the adapter sequence: 'AGATCGGAAGAGC' from file ../DNA-seq/GFP_3_R2.fastq.gz <<< 
10000000 sequences processed
20000000 sequences processed
This is cutadapt 2.10 with Python 3.7.6
Command line parameters: -j 16 -e 0.1 -q 20 -O 1 -a AGATCGGAAGAGC ../DNA-seq/GFP_3_R2.fastq.gz
Processing reads on 16 cores in single-end mode ...
Finished in 147.40 s (5 us/read; 11.54 M reads/minute).

=== Summary ===

Total reads processed:              28,360,416
Reads with adapters:                 4,781,953 (16.9%)
Reads written (passing filters):    28,360,416 (100.0%)

Total basepairs processed: 2,131,914,995 bp
Quality-trimmed:              17,183,851 bp (0.8%)
Total written (filtered):  2,108,381,897 bp (98.9%)

=== Adapter 1 ===

Sequence: AGATCGGAAGAGC; Type: regular 3'; Length: 13; Trimmed: 4781953 times

No. of allowed errors:
0-9 bp: 0; 10-13 bp: 1

Bases preceding removed adapters:
  A: 37.6%
  C: 21.6%
  G: 16.0%
  T: 24.8%
  none/other: 0.0%

Overview of removed sequences
length	count	expect	max.err	error counts
1	3944029	7090104.0	0	3944029
2	454066	1772526.0	0	454066
3	283409	443131.5	0	283409
4	73535	110782.9	0	73535
5	14657	27695.7	0	14657
6	1886	6923.9	0	1886
7	272	1731.0	0	272
8	108	432.7	0	108
9	103	108.2	0	50 53
10	364	27.0	1	40 324
11	332	6.8	1	55 277
12	188	1.7	1	29 159
13	167	0.4	1	18 149
14	232	0.4	1	23 209
15	289	0.4	1	23 266
16	324	0.4	1	41 283
17	333	0.4	1	66 267
18	344	0.4	1	46 298
19	390	0.4	1	76 314
20	259	0.4	1	53 206
21	253	0.4	1	65 188
22	143	0.4	1	31 112
23	353	0.4	1	87 266
24	657	0.4	1	185 472
25	299	0.4	1	72 227
26	579	0.4	1	214 365
27	580	0.4	1	232 348
28	176	0.4	1	54 122
29	301	0.4	1	101 200
30	141	0.4	1	48 93
31	339	0.4	1	117 222
32	364	0.4	1	134 230
33	500	0.4	1	184 316
34	155	0.4	1	55 100
35	143	0.4	1	49 94
36	146	0.4	1	49 97
37	152	0.4	1	47 105
38	110	0.4	1	32 78
39	136	0.4	1	48 88
40	108	0.4	1	37 71
41	70	0.4	1	21 49
42	95	0.4	1	30 65
43	86	0.4	1	27 59
44	64	0.4	1	18 46
45	85	0.4	1	28 57
46	70	0.4	1	19 51
47	19	0.4	1	2 17
48	24	0.4	1	2 22
49	30	0.4	1	7 23
50	26	0.4	1	5 21
51	22	0.4	1	2 20
52	28	0.4	1	1 27
53	21	0.4	1	3 18
54	26	0.4	1	6 20
55	24	0.4	1	3 21
56	12	0.4	1	1 11
57	22	0.4	1	3 19
58	28	0.4	1	4 24
59	29	0.4	1	4 25
60	21	0.4	1	4 17
61	23	0.4	1	5 18
62	25	0.4	1	4 21
63	21	0.4	1	3 18
64	22	0.4	1	8 14
65	25	0.4	1	3 22
66	13	0.4	1	1 12
67	14	0.4	1	1 13
68	8	0.4	1	1 7
69	5	0.4	1	0 5
70	13	0.4	1	0 13
71	17	0.4	1	0 17
72	11	0.4	1	0 11
73	10	0.4	1	1 9
74	6	0.4	1	0 6
75	7	0.4	1	1 6
76	9	0.4	1	1 8

RUN STATISTICS FOR INPUT FILE: ../DNA-seq/GFP_3_R2.fastq.gz
=============================================
28360416 sequences processed in total
The length threshold of paired-end sequences gets evaluated later on (in the validation step)

Validate paired-end files GFP_3_R1_trimmed.fq.gz and GFP_3_R2_trimmed.fq.gz
file_1: GFP_3_R1_trimmed.fq.gz, file_2: GFP_3_R2_trimmed.fq.gz


>>>>> Now validing the length of the 2 paired-end infiles: GFP_3_R1_trimmed.fq.gz and GFP_3_R2_trimmed.fq.gz <<<<<
Writing validated paired-end Read 1 reads to GFP_3_R1_val_1.fq.gz
Writing validated paired-end Read 2 reads to GFP_3_R2_val_2.fq.gz

Total number of sequences analysed: 28360416

Number of sequence pairs removed because at least one read was shorter than the length cutoff (20 bp): 119839 (0.42%)

Deleting both intermediate output files GFP_3_R1_trimmed.fq.gz and GFP_3_R2_trimmed.fq.gz

====================================================================================================

Done.
