miniconda2/4.4.10(23):ERROR:150: Module 'miniconda2/4.4.10' conflicts with the currently loaded module(s) 'python/2.7.5'
miniconda2/4.4.10(23):ERROR:102: Tcl command execution failed: conflict    python

Running Trim Galore on AC1DPA1...
No quality encoding type selected. Assuming that the data provided uses Sanger encoded Phred scores (default)

Path to Cutadapt set as: 'cutadapt' (default)
1.14
Cutadapt seems to be working fine (tested command 'cutadapt --version')


AUTO-DETECTING ADAPTER TYPE
===========================
Attempting to auto-detect adapter type from the first 1 million sequences of the first file (>> AC1DPA1LEFT.gz <<)

Found perfect matches for the following adapter sequences:
Adapter type	Count	Sequence	Sequences analysed	Percentage
Illumina	26	AGATCGGAAGAGC	1000000	0.00
Nextera	1	CTGTCTCTTATA	1000000	0.00
smallRNA	0	TGGAATTCTCGG	1000000	0.00
Using Illumina adapter for trimming (count: 26). Second best hit was Nextera (count: 1)


SUMMARISING RUN PARAMETERS
==========================
Input filename: AC1DPA1LEFT.gz
Trimming mode: paired-end
Trim Galore version: 0.4.2
Cutadapt version: 1.14
Quality Phred score cutoff: 20
Quality encoding type selected: ASCII+33
Adapter sequence: 'AGATCGGAAGAGC' (Illumina TruSeq, Sanger iPCR; auto-detected)
Maximum trimming error rate: 0.1 (default)
Minimum required adapter overlap (stringency): 1 bp
Minimum required sequence length for both reads before a sequence pair gets removed: 20 bp
Output file(s) will be GZIP compressed

Writing final adapter and quality trimmed output to AC1DPA1LEFT.gz_trimmed.fq.gz


  >>> Now performing quality (cutoff 20) and adapter trimming in a single pass for the adapter sequence: 'AGATCGGAAGAGC' from file AC1DPA1LEFT.gz <<< 
10000000 sequences processed
20000000 sequences processed
30000000 sequences processed
40000000 sequences processed
This is cutadapt 1.14 with Python 2.7.5
Command line parameters: -f fastq -e 0.1 -q 20 -O 1 -a AGATCGGAAGAGC AC1DPA1LEFT.gz
Trimming 1 adapter with at most 10.0% errors in single-end mode ...
Finished in 972.46 s (23 us/read; 2.55 M reads/minute).

=== Summary ===

Total reads processed:              41,405,474
Reads with adapters:                 6,130,068 (14.8%)
Reads written (passing filters):    41,405,474 (100.0%)

Total basepairs processed: 3,124,553,030 bp
Quality-trimmed:               9,952,731 bp (0.3%)
Total written (filtered):  3,106,732,507 bp (99.4%)

=== Adapter 1 ===

Sequence: AGATCGGAAGAGC; Type: regular 3'; Length: 13; Trimmed: 6130068 times.

No. of allowed errors:
0-9 bp: 0; 10-13 bp: 1

Bases preceding removed adapters:
  A: 36.1%
  C: 30.6%
  G: 14.7%
  T: 18.6%
  none/other: 0.0%

Overview of removed sequences
length	count	expect	max.err	error counts
1	5175344	10351368.5	0	5175344
2	458272	2587842.1	0	458272
3	399356	646960.5	0	399356
4	64271	161740.1	0	64271
5	23943	40435.0	0	23943
6	2080	10108.8	0	2080
7	188	2527.2	0	188
8	98	631.8	0	98
9	71	157.9	0	51 20
10	291	39.5	1	31 260
11	378	9.9	1	35 343
12	243	2.5	1	31 212
13	145	0.6	1	18 127
14	147	0.6	1	18 129
15	131	0.6	1	19 112
16	124	0.6	1	14 110
17	184	0.6	1	21 163
18	145	0.6	1	20 125
19	213	0.6	1	22 191
20	130	0.6	1	11 119
21	170	0.6	1	21 149
22	144	0.6	1	18 126
23	126	0.6	1	21 105
24	118	0.6	1	26 92
25	183	0.6	1	37 146
26	226	0.6	1	52 174
27	227	0.6	1	39 188
28	178	0.6	1	29 149
29	87	0.6	1	23 64
30	78	0.6	1	18 60
31	195	0.6	1	47 148
32	185	0.6	1	39 146
33	124	0.6	1	17 107
34	184	0.6	1	31 153
35	132	0.6	1	23 109
36	223	0.6	1	45 178
37	180	0.6	1	27 153
38	113	0.6	1	17 96
39	175	0.6	1	41 134
40	116	0.6	1	25 91
41	103	0.6	1	8 95
42	84	0.6	1	20 64
43	46	0.6	1	4 42
44	113	0.6	1	15 98
45	79	0.6	1	12 67
46	63	0.6	1	19 44
47	85	0.6	1	17 68
48	41	0.6	1	1 40
49	51	0.6	1	11 40
50	34	0.6	1	3 31
51	53	0.6	1	2 51
52	30	0.6	1	4 26
53	19	0.6	1	2 17
54	23	0.6	1	3 20
55	12	0.6	1	0 12
56	10	0.6	1	0 10
57	21	0.6	1	0 21
58	14	0.6	1	1 13
59	9	0.6	1	0 9
60	9	0.6	1	1 8
61	8	0.6	1	0 8
62	12	0.6	1	0 12
63	24	0.6	1	0 24
64	18	0.6	1	0 18
65	16	0.6	1	0 16
66	20	0.6	1	0 20
67	17	0.6	1	0 17
68	21	0.6	1	0 21
69	14	0.6	1	0 14
70	12	0.6	1	0 12
71	14	0.6	1	0 14
72	8	0.6	1	0 8
73	37	0.6	1	1 36
74	7	0.6	1	0 7
75	12	0.6	1	0 12
76	11	0.6	1	0 11


RUN STATISTICS FOR INPUT FILE: AC1DPA1LEFT.gz
=============================================
41405474 sequences processed in total
The length threshold of paired-end sequences gets evaluated later on (in the validation step)


SUMMARISING RUN PARAMETERS
==========================
Input filename: AC1DPA1RIGHT.gz
Trimming mode: paired-end
Trim Galore version: 0.4.2
Cutadapt version: 1.14
Quality Phred score cutoff: 20
Quality encoding type selected: ASCII+33
Adapter sequence: 'AGATCGGAAGAGC' (Illumina TruSeq, Sanger iPCR; auto-detected)
Maximum trimming error rate: 0.1 (default)
Minimum required adapter overlap (stringency): 1 bp
Minimum required sequence length for both reads before a sequence pair gets removed: 20 bp
Output file(s) will be GZIP compressed

Writing final adapter and quality trimmed output to AC1DPA1RIGHT.gz_trimmed.fq.gz


  >>> Now performing quality (cutoff 20) and adapter trimming in a single pass for the adapter sequence: 'AGATCGGAAGAGC' from file AC1DPA1RIGHT.gz <<< 
10000000 sequences processed
20000000 sequences processed
30000000 sequences processed
40000000 sequences processed
This is cutadapt 1.14 with Python 2.7.5
Command line parameters: -f fastq -e 0.1 -q 20 -O 1 -a AGATCGGAAGAGC AC1DPA1RIGHT.gz
Trimming 1 adapter with at most 10.0% errors in single-end mode ...
Finished in 962.91 s (23 us/read; 2.58 M reads/minute).

=== Summary ===

Total reads processed:              41,405,474
Reads with adapters:                 6,344,159 (15.3%)
Reads written (passing filters):    41,405,474 (100.0%)

Total basepairs processed: 3,125,748,917 bp
Quality-trimmed:              22,127,137 bp (0.7%)
Total written (filtered):  3,094,993,596 bp (99.0%)

=== Adapter 1 ===

Sequence: AGATCGGAAGAGC; Type: regular 3'; Length: 13; Trimmed: 6344159 times.

No. of allowed errors:
0-9 bp: 0; 10-13 bp: 1

Bases preceding removed adapters:
  A: 37.0%
  C: 25.1%
  G: 21.9%
  T: 15.9%
  none/other: 0.1%

Overview of removed sequences
length	count	expect	max.err	error counts
1	5087304	10351368.5	0	5087304
2	641652	2587842.1	0	641652
3	507094	646960.5	0	507094
4	72777	161740.1	0	72777
5	22383	40435.0	0	22383
6	2259	10108.8	0	2259
7	141	2527.2	0	141
8	76	631.8	0	76
9	174	157.9	0	58 116
10	848	39.5	1	59 789
11	603	9.9	1	85 518
12	308	2.5	1	56 252
13	171	0.6	1	32 139
14	166	0.6	1	12 154
15	305	0.6	1	19 286
16	188	0.6	1	26 162
17	207	0.6	1	24 183
18	240	0.6	1	31 209
19	180	0.6	1	34 146
20	180	0.6	1	14 166
21	204	0.6	1	31 173
22	162	0.6	1	26 136
23	296	0.6	1	37 259
24	280	0.6	1	48 232
25	197	0.6	1	30 167
26	342	0.6	1	69 273
27	302	0.6	1	47 255
28	185	0.6	1	27 158
29	232	0.6	1	36 196
30	187	0.6	1	28 159
31	223	0.6	1	42 181
32	263	0.6	1	32 231
33	346	0.6	1	59 287
34	135	0.6	1	25 110
35	91	0.6	1	18 73
36	156	0.6	1	24 132
37	206	0.6	1	50 156
38	141	0.6	1	25 116
39	226	0.6	1	59 167
40	111	0.6	1	20 91
41	102	0.6	1	12 90
42	168	0.6	1	25 143
43	140	0.6	1	20 120
44	170	0.6	1	20 150
45	163	0.6	1	27 136
46	161	0.6	1	21 140
47	90	0.6	1	14 76
48	109	0.6	1	10 99
49	106	0.6	1	6 100
50	98	0.6	1	13 85
51	59	0.6	1	8 51
52	46	0.6	1	9 37
53	58	0.6	1	1 57
54	35	0.6	1	2 33
55	33	0.6	1	2 31
56	57	0.6	1	0 57
57	29	0.6	1	0 29
58	47	0.6	1	0 47
59	46	0.6	1	0 46
60	50	0.6	1	0 50
61	56	0.6	1	0 56
62	37	0.6	1	0 37
63	26	0.6	1	0 26
64	29	0.6	1	0 29
65	31	0.6	1	0 31
66	31	0.6	1	0 31
67	71	0.6	1	0 71
68	68	0.6	1	0 68
69	19	0.6	1	0 19
70	54	0.6	1	0 54
71	67	0.6	1	0 67
72	121	0.6	1	0 121
73	94	0.6	1	0 94
74	90	0.6	1	0 90
75	39	0.6	1	0 39
76	18	0.6	1	1 17


RUN STATISTICS FOR INPUT FILE: AC1DPA1RIGHT.gz
=============================================
41405474 sequences processed in total
The length threshold of paired-end sequences gets evaluated later on (in the validation step)

Validate paired-end files AC1DPA1LEFT.gz_trimmed.fq.gz and AC1DPA1RIGHT.gz_trimmed.fq.gz
file_1: AC1DPA1LEFT.gz_trimmed.fq.gz, file_2: AC1DPA1RIGHT.gz_trimmed.fq.gz


>>>>> Now validing the length of the 2 paired-end infiles: AC1DPA1LEFT.gz_trimmed.fq.gz and AC1DPA1RIGHT.gz_trimmed.fq.gz <<<<<
Writing validated paired-end read 1 reads to AC1DPA1LEFT.gz_val_1.fq.gz
Writing validated paired-end read 2 reads to AC1DPA1RIGHT.gz_val_2.fq.gz

Total number of sequences analysed: 41405474

Number of sequence pairs removed because at least one read was shorter than the length cutoff (20 bp): 213739 (0.52%)

Deleting both intermediate output files AC1DPA1LEFT.gz_trimmed.fq.gz and AC1DPA1RIGHT.gz_trimmed.fq.gz

====================================================================================================

Done.
Renaming to make it more standard...
mv: cannot stat 'AC1DPA1LEFT.gz_val_1.fq.gz': No such file or directory
