miniconda2/4.4.10(23):ERROR:150: Module 'miniconda2/4.4.10' conflicts with the currently loaded module(s) 'python/2.7.5'
miniconda2/4.4.10(23):ERROR:150: Module 'miniconda2/4.4.10' conflicts with the currently loaded module(s) 'python/2.7.5'
miniconda2/4.4.10(23):ERROR:150: Module 'miniconda2/4.4.10' conflicts with the currently loaded module(s) 'python/2.7.5'
miniconda2/4.4.10(23):ERROR:150: Module 'miniconda2/4.4.10' conflicts with the currently loaded module(s) 'python/2.7.5'
miniconda2/4.4.10(23):ERROR:102: Tcl command execution failed: conflict    python

miniconda2/4.4.10(23):ERROR:150: Module 'miniconda2/4.4.10' conflicts with the currently loaded module(s) 'python/2.7.5'
miniconda2/4.4.10(23):ERROR:102: Tcl command execution failed: conflict    python

miniconda2/4.4.10(23):ERROR:150: Module 'miniconda2/4.4.10' conflicts with the currently loaded module(s) 'python/2.7.5'
miniconda2/4.4.10(23):ERROR:102: Tcl command execution failed: conflict    python

miniconda2/4.4.10(23):ERROR:150: Module 'miniconda2/4.4.10' conflicts with the currently loaded module(s) 'python/2.7.5'
miniconda2/4.4.10(23):ERROR:102: Tcl command execution failed: conflict    python

miniconda2/4.4.10(23):ERROR:102: Tcl command execution failed: conflict    python

miniconda2/4.4.10(23):ERROR:102: Tcl command execution failed: conflict    python

miniconda2/4.4.10(23):ERROR:102: Tcl command execution failed: conflict    python

miniconda2/4.4.10(23):ERROR:150: Module 'miniconda2/4.4.10' conflicts with the currently loaded module(s) 'python/2.7.5'
miniconda2/4.4.10(23):ERROR:102: Tcl command execution failed: conflict    python

miniconda2/4.4.10(23):ERROR:150: Module 'miniconda2/4.4.10' conflicts with the currently loaded module(s) 'python/2.7.5'
miniconda2/4.4.10(23):ERROR:102: Tcl command execution failed: conflict    python

Running Trim Galore on Nobt6DPA3...
Running Trim Galore on Nobt3DPA3...
Running Trim Galore on Nobt3DPA2...
Running Trim Galore on NobtPre1...
Running Trim Galore on Nobt6DPA1...
Running Trim Galore on Nobt3DPA1...
Running Trim Galore on NobtPre2...
Running Trim Galore on Nobt6DPA2...
Running Trim Galore on NobtPre3...
No quality encoding type selected. Assuming that the data provided uses Sanger encoded Phred scores (default)

No quality encoding type selected. Assuming that the data provided uses Sanger encoded Phred scores (default)

No quality encoding type selected. Assuming that the data provided uses Sanger encoded Phred scores (default)

No quality encoding type selected. Assuming that the data provided uses Sanger encoded Phred scores (default)

No quality encoding type selected. Assuming that the data provided uses Sanger encoded Phred scores (default)

No quality encoding type selected. Assuming that the data provided uses Sanger encoded Phred scores (default)

No quality encoding type selected. Assuming that the data provided uses Sanger encoded Phred scores (default)

No quality encoding type selected. Assuming that the data provided uses Sanger encoded Phred scores (default)

No quality encoding type selected. Assuming that the data provided uses Sanger encoded Phred scores (default)

Path to Cutadapt set as: 'cutadapt' (default)
Path to Cutadapt set as: 'cutadapt' (default)
Path to Cutadapt set as: 'cutadapt' (default)
Path to Cutadapt set as: 'cutadapt' (default)
Path to Cutadapt set as: 'cutadapt' (default)
Path to Cutadapt set as: 'cutadapt' (default)
Path to Cutadapt set as: 'cutadapt' (default)
Path to Cutadapt set as: 'cutadapt' (default)
Path to Cutadapt set as: 'cutadapt' (default)
1.14
1.14
1.14
1.14
1.14
1.14
1.14
1.14
1.14
Cutadapt seems to be working fine (tested command 'cutadapt --version')
Cutadapt seems to be working fine (tested command 'cutadapt --version')
Cutadapt seems to be working fine (tested command 'cutadapt --version')
Cutadapt seems to be working fine (tested command 'cutadapt --version')
Cutadapt seems to be working fine (tested command 'cutadapt --version')
Cutadapt seems to be working fine (tested command 'cutadapt --version')
Cutadapt seems to be working fine (tested command 'cutadapt --version')
Cutadapt seems to be working fine (tested command 'cutadapt --version')
Cutadapt seems to be working fine (tested command 'cutadapt --version')


AUTO-DETECTING ADAPTER TYPE
===========================
Attempting to auto-detect adapter type from the first 1 million sequences of the first file (>> Nobt3DPA1_1.fq.gz <<)



AUTO-DETECTING ADAPTER TYPE
===========================
Attempting to auto-detect adapter type from the first 1 million sequences of the first file (>> Nobt3DPA3_1.fq.gz <<)



AUTO-DETECTING ADAPTER TYPE
===========================
Attempting to auto-detect adapter type from the first 1 million sequences of the first file (>> Nobt3DPA2_1.fq.gz <<)



AUTO-DETECTING ADAPTER TYPE
===========================
Attempting to auto-detect adapter type from the first 1 million sequences of the first file (>> Nobt6DPA3_1.fq.gz <<)



AUTO-DETECTING ADAPTER TYPE
===========================
Attempting to auto-detect adapter type from the first 1 million sequences of the first file (>> NobtPre1_1.fq.gz <<)



AUTO-DETECTING ADAPTER TYPE
===========================
Attempting to auto-detect adapter type from the first 1 million sequences of the first file (>> Nobt6DPA2_1.fq.gz <<)



AUTO-DETECTING ADAPTER TYPE
===========================
Attempting to auto-detect adapter type from the first 1 million sequences of the first file (>> Nobt6DPA1_1.fq.gz <<)



AUTO-DETECTING ADAPTER TYPE
===========================
Attempting to auto-detect adapter type from the first 1 million sequences of the first file (>> NobtPre3_1.fq.gz <<)



AUTO-DETECTING ADAPTER TYPE
===========================
Attempting to auto-detect adapter type from the first 1 million sequences of the first file (>> NobtPre2_1.fq.gz <<)

Found perfect matches for the following adapter sequences:
Adapter type	Count	Sequence	Sequences analysed	Percentage
Illumina	4	AGATCGGAAGAGC	1000000	0.00
smallRNA	0	TGGAATTCTCGG	1000000	0.00
Nextera	0	CTGTCTCTTATA	1000000	0.00
Using Illumina adapter for trimming (count: 4). Second best hit was smallRNA (count: 0)


SUMMARISING RUN PARAMETERS
==========================
Input filename: Nobt6DPA2_1.fq.gz
Trimming mode: paired-end
Trim Galore version: 0.4.2
Cutadapt version: 1.14
Quality Phred score cutoff: 20
Quality encoding type selected: ASCII+33
Adapter sequence: 'AGATCGGAAGAGC' (Illumina TruSeq, Sanger iPCR; auto-detected)
Maximum trimming error rate: 0.1 (default)
Minimum required adapter overlap (stringency): 1 bp
Minimum required sequence length for both reads before a sequence pair gets removed: 20 bp
Output file(s) will be GZIP compressed

Found perfect matches for the following adapter sequences:
Adapter type	Count	Sequence	Sequences analysed	Percentage
Illumina	8	AGATCGGAAGAGC	1000000	0.00
Nextera	1	CTGTCTCTTATA	1000000	0.00
smallRNA	0	TGGAATTCTCGG	1000000	0.00
Using Illumina adapter for trimming (count: 8). Second best hit was Nextera (count: 1)


SUMMARISING RUN PARAMETERS
==========================
Input filename: Nobt6DPA1_1.fq.gz
Trimming mode: paired-end
Trim Galore version: 0.4.2
Cutadapt version: 1.14
Quality Phred score cutoff: 20
Quality encoding type selected: ASCII+33
Adapter sequence: 'AGATCGGAAGAGC' (Illumina TruSeq, Sanger iPCR; auto-detected)
Maximum trimming error rate: 0.1 (default)
Minimum required adapter overlap (stringency): 1 bp
Minimum required sequence length for both reads before a sequence pair gets removed: 20 bp
Output file(s) will be GZIP compressed

Found perfect matches for the following adapter sequences:
Adapter type	Count	Sequence	Sequences analysed	Percentage
Illumina	12	AGATCGGAAGAGC	1000000	0.00
smallRNA	0	TGGAATTCTCGG	1000000	0.00
Nextera	0	CTGTCTCTTATA	1000000	0.00
Using Illumina adapter for trimming (count: 12). Second best hit was smallRNA (count: 0)


SUMMARISING RUN PARAMETERS
==========================
Input filename: Nobt3DPA3_1.fq.gz
Trimming mode: paired-end
Trim Galore version: 0.4.2
Cutadapt version: 1.14
Quality Phred score cutoff: 20
Quality encoding type selected: ASCII+33
Adapter sequence: 'AGATCGGAAGAGC' (Illumina TruSeq, Sanger iPCR; auto-detected)
Maximum trimming error rate: 0.1 (default)
Minimum required adapter overlap (stringency): 1 bp
Minimum required sequence length for both reads before a sequence pair gets removed: 20 bp
Output file(s) will be GZIP compressed

Found perfect matches for the following adapter sequences:
Adapter type	Count	Sequence	Sequences analysed	Percentage
Illumina	8	AGATCGGAAGAGC	1000000	0.00
smallRNA	0	TGGAATTCTCGG	1000000	0.00
Nextera	0	CTGTCTCTTATA	1000000	0.00
Using Illumina adapter for trimming (count: 8). Second best hit was smallRNA (count: 0)


SUMMARISING RUN PARAMETERS
==========================
Input filename: Nobt6DPA3_1.fq.gz
Trimming mode: paired-end
Trim Galore version: 0.4.2
Cutadapt version: 1.14
Quality Phred score cutoff: 20
Quality encoding type selected: ASCII+33
Adapter sequence: 'AGATCGGAAGAGC' (Illumina TruSeq, Sanger iPCR; auto-detected)
Maximum trimming error rate: 0.1 (default)
Minimum required adapter overlap (stringency): 1 bp
Minimum required sequence length for both reads before a sequence pair gets removed: 20 bp
Output file(s) will be GZIP compressed

Found perfect matches for the following adapter sequences:
Adapter type	Count	Sequence	Sequences analysed	Percentage
Illumina	6	AGATCGGAAGAGC	1000000	0.00
smallRNA	0	TGGAATTCTCGG	1000000	0.00
Nextera	0	CTGTCTCTTATA	1000000	0.00
Using Illumina adapter for trimming (count: 6). Second best hit was smallRNA (count: 0)


SUMMARISING RUN PARAMETERS
==========================
Input filename: Nobt3DPA1_1.fq.gz
Trimming mode: paired-end
Trim Galore version: 0.4.2
Cutadapt version: 1.14
Quality Phred score cutoff: 20
Quality encoding type selected: ASCII+33
Adapter sequence: 'AGATCGGAAGAGC' (Illumina TruSeq, Sanger iPCR; auto-detected)
Maximum trimming error rate: 0.1 (default)
Minimum required adapter overlap (stringency): 1 bp
Minimum required sequence length for both reads before a sequence pair gets removed: 20 bp
Output file(s) will be GZIP compressed

Found perfect matches for the following adapter sequences:
Adapter type	Count	Sequence	Sequences analysed	Percentage
Illumina	10	AGATCGGAAGAGC	1000000	0.00
smallRNA	0	TGGAATTCTCGG	1000000	0.00
Nextera	0	CTGTCTCTTATA	1000000	0.00
Using Illumina adapter for trimming (count: 10). Second best hit was smallRNA (count: 0)


SUMMARISING RUN PARAMETERS
==========================
Input filename: NobtPre1_1.fq.gz
Trimming mode: paired-end
Trim Galore version: 0.4.2
Cutadapt version: 1.14
Quality Phred score cutoff: 20
Quality encoding type selected: ASCII+33
Adapter sequence: 'AGATCGGAAGAGC' (Illumina TruSeq, Sanger iPCR; auto-detected)
Maximum trimming error rate: 0.1 (default)
Minimum required adapter overlap (stringency): 1 bp
Minimum required sequence length for both reads before a sequence pair gets removed: 20 bp
Output file(s) will be GZIP compressed

Found perfect matches for the following adapter sequences:
Adapter type	Count	Sequence	Sequences analysed	Percentage
Illumina	3	AGATCGGAAGAGC	1000000	0.00
smallRNA	0	TGGAATTCTCGG	1000000	0.00
Nextera	0	CTGTCTCTTATA	1000000	0.00
Using Illumina adapter for trimming (count: 3). Second best hit was smallRNA (count: 0)


SUMMARISING RUN PARAMETERS
==========================
Input filename: Nobt3DPA2_1.fq.gz
Trimming mode: paired-end
Trim Galore version: 0.4.2
Cutadapt version: 1.14
Quality Phred score cutoff: 20
Quality encoding type selected: ASCII+33
Adapter sequence: 'AGATCGGAAGAGC' (Illumina TruSeq, Sanger iPCR; auto-detected)
Maximum trimming error rate: 0.1 (default)
Minimum required adapter overlap (stringency): 1 bp
Minimum required sequence length for both reads before a sequence pair gets removed: 20 bp
Output file(s) will be GZIP compressed

Found perfect matches for the following adapter sequences:
Adapter type	Count	Sequence	Sequences analysed	Percentage
Illumina	23	AGATCGGAAGAGC	1000000	0.00
smallRNA	0	TGGAATTCTCGG	1000000	0.00
Nextera	0	CTGTCTCTTATA	1000000	0.00
Using Illumina adapter for trimming (count: 23). Second best hit was smallRNA (count: 0)


SUMMARISING RUN PARAMETERS
==========================
Input filename: NobtPre2_1.fq.gz
Trimming mode: paired-end
Trim Galore version: 0.4.2
Cutadapt version: 1.14
Quality Phred score cutoff: 20
Quality encoding type selected: ASCII+33
Adapter sequence: 'AGATCGGAAGAGC' (Illumina TruSeq, Sanger iPCR; auto-detected)
Maximum trimming error rate: 0.1 (default)
Minimum required adapter overlap (stringency): 1 bp
Minimum required sequence length for both reads before a sequence pair gets removed: 20 bp
Output file(s) will be GZIP compressed

Found perfect matches for the following adapter sequences:
Adapter type	Count	Sequence	Sequences analysed	Percentage
Illumina	12	AGATCGGAAGAGC	1000000	0.00
Nextera	1	CTGTCTCTTATA	1000000	0.00
smallRNA	0	TGGAATTCTCGG	1000000	0.00
Using Illumina adapter for trimming (count: 12). Second best hit was Nextera (count: 1)


SUMMARISING RUN PARAMETERS
==========================
Input filename: NobtPre3_1.fq.gz
Trimming mode: paired-end
Trim Galore version: 0.4.2
Cutadapt version: 1.14
Quality Phred score cutoff: 20
Quality encoding type selected: ASCII+33
Adapter sequence: 'AGATCGGAAGAGC' (Illumina TruSeq, Sanger iPCR; auto-detected)
Maximum trimming error rate: 0.1 (default)
Minimum required adapter overlap (stringency): 1 bp
Minimum required sequence length for both reads before a sequence pair gets removed: 20 bp
Output file(s) will be GZIP compressed

Writing final adapter and quality trimmed output to Nobt6DPA2_1_trimmed.fq.gz


  >>> Now performing quality (cutoff 20) and adapter trimming in a single pass for the adapter sequence: 'AGATCGGAAGAGC' from file Nobt6DPA2_1.fq.gz <<< 
Writing final adapter and quality trimmed output to Nobt6DPA1_1_trimmed.fq.gz


  >>> Now performing quality (cutoff 20) and adapter trimming in a single pass for the adapter sequence: 'AGATCGGAAGAGC' from file Nobt6DPA1_1.fq.gz <<< 
Writing final adapter and quality trimmed output to Nobt3DPA3_1_trimmed.fq.gz


  >>> Now performing quality (cutoff 20) and adapter trimming in a single pass for the adapter sequence: 'AGATCGGAAGAGC' from file Nobt3DPA3_1.fq.gz <<< 
Writing final adapter and quality trimmed output to Nobt6DPA3_1_trimmed.fq.gz


  >>> Now performing quality (cutoff 20) and adapter trimming in a single pass for the adapter sequence: 'AGATCGGAAGAGC' from file Nobt6DPA3_1.fq.gz <<< 
Writing final adapter and quality trimmed output to Nobt3DPA1_1_trimmed.fq.gz


  >>> Now performing quality (cutoff 20) and adapter trimming in a single pass for the adapter sequence: 'AGATCGGAAGAGC' from file Nobt3DPA1_1.fq.gz <<< 
Writing final adapter and quality trimmed output to NobtPre1_1_trimmed.fq.gz


  >>> Now performing quality (cutoff 20) and adapter trimming in a single pass for the adapter sequence: 'AGATCGGAAGAGC' from file NobtPre1_1.fq.gz <<< 
Writing final adapter and quality trimmed output to Nobt3DPA2_1_trimmed.fq.gz


  >>> Now performing quality (cutoff 20) and adapter trimming in a single pass for the adapter sequence: 'AGATCGGAAGAGC' from file Nobt3DPA2_1.fq.gz <<< 
Writing final adapter and quality trimmed output to NobtPre2_1_trimmed.fq.gz


  >>> Now performing quality (cutoff 20) and adapter trimming in a single pass for the adapter sequence: 'AGATCGGAAGAGC' from file NobtPre2_1.fq.gz <<< 
Writing final adapter and quality trimmed output to NobtPre3_1_trimmed.fq.gz


  >>> Now performing quality (cutoff 20) and adapter trimming in a single pass for the adapter sequence: 'AGATCGGAAGAGC' from file NobtPre3_1.fq.gz <<< 
10000000 sequences processed
10000000 sequences processed
10000000 sequences processed
10000000 sequences processed
10000000 sequences processed
10000000 sequences processed
10000000 sequences processed
10000000 sequences processed
10000000 sequences processed
20000000 sequences processed
20000000 sequences processed
20000000 sequences processed
20000000 sequences processed
20000000 sequences processed
20000000 sequences processed
20000000 sequences processed
20000000 sequences processed
20000000 sequences processed
30000000 sequences processed
30000000 sequences processed
30000000 sequences processed
30000000 sequences processed
30000000 sequences processed
30000000 sequences processed
30000000 sequences processed
30000000 sequences processed
30000000 sequences processed
40000000 sequences processed
40000000 sequences processed
40000000 sequences processed
40000000 sequences processed
40000000 sequences processed
40000000 sequences processed
40000000 sequences processed
40000000 sequences processed
40000000 sequences processed
50000000 sequences processed
50000000 sequences processed
50000000 sequences processed
50000000 sequences processed
50000000 sequences processed
50000000 sequences processed
50000000 sequences processed
50000000 sequences processed
50000000 sequences processed
This is cutadapt 1.14 with Python 2.7.5
Command line parameters: -f fastq -e 0.1 -q 20 -O 1 -a AGATCGGAAGAGC NobtPre1_1.fq.gz
Trimming 1 adapter with at most 10.0% errors in single-end mode ...
Finished in 772.86 s (15 us/read; 3.97 M reads/minute).

=== Summary ===

Total reads processed:              51,149,720
Reads with adapters:                 7,171,569 (14.0%)
Reads written (passing filters):    51,149,720 (100.0%)

Total basepairs processed: 3,854,831,293 bp
Quality-trimmed:              12,200,081 bp (0.3%)
Total written (filtered):  3,833,498,269 bp (99.4%)

=== Adapter 1 ===

Sequence: AGATCGGAAGAGC; Type: regular 3'; Length: 13; Trimmed: 7171569 times.

No. of allowed errors:
0-9 bp: 0; 10-13 bp: 1

Bases preceding removed adapters:
  A: 34.7%
  C: 30.3%
  G: 16.6%
  T: 18.4%
  none/other: 0.0%

Overview of removed sequences
length	count	expect	max.err	error counts
1	6077529	12787430.0	0	6077529
2	491561	3196857.5	0	491561
3	492270	799214.4	0	492270
4	74115	199803.6	0	74115
5	28627	49950.9	0	28627
6	3098	12487.7	0	3098
7	123	3121.9	0	123
8	56	780.5	0	56
9	63	195.1	0	43 20
10	210	48.8	1	18 192
11	332	12.2	1	33 299
12	69	3.0	1	5 64
13	56	0.8	1	6 50
14	69	0.8	1	8 61
15	107	0.8	1	7 100
16	76	0.8	1	0 76
17	121	0.8	1	17 104
18	77	0.8	1	5 72
19	77	0.8	1	11 66
20	93	0.8	1	12 81
21	123	0.8	1	14 109
22	60	0.8	1	12 48
23	50	0.8	1	6 44
24	93	0.8	1	12 81
25	118	0.8	1	16 102
26	80	0.8	1	11 69
27	103	0.8	1	12 91
28	127	0.8	1	18 109
29	42	0.8	1	0 42
30	78	0.8	1	4 74
31	72	0.8	1	11 61
32	80	0.8	1	9 71
33	65	0.8	1	9 56
34	89	0.8	1	9 80
35	38	0.8	1	2 36
36	94	0.8	1	14 80
37	125	0.8	1	9 116
38	52	0.8	1	3 49
39	80	0.8	1	9 71
40	59	0.8	1	7 52
41	46	0.8	1	2 44
42	56	0.8	1	0 56
43	44	0.8	1	3 41
44	39	0.8	1	3 36
45	53	0.8	1	2 51
46	31	0.8	1	1 30
47	34	0.8	1	5 29
48	68	0.8	1	0 68
49	20	0.8	1	0 20
50	39	0.8	1	1 38
51	48	0.8	1	1 47
52	15	0.8	1	0 15
53	33	0.8	1	0 33
54	19	0.8	1	0 19
55	58	0.8	1	1 57
56	21	0.8	1	0 21
57	68	0.8	1	1 67
58	23	0.8	1	0 23
59	34	0.8	1	0 34
60	19	0.8	1	0 19
61	29	0.8	1	0 29
62	26	0.8	1	0 26
63	31	0.8	1	0 31
64	18	0.8	1	0 18
65	39	0.8	1	0 39
66	18	0.8	1	0 18
67	23	0.8	1	0 23
68	44	0.8	1	0 44
69	14	0.8	1	0 14
70	33	0.8	1	0 33
71	21	0.8	1	0 21
72	41	0.8	1	0 41
73	41	0.8	1	0 41
74	18	0.8	1	0 18
75	14	0.8	1	0 14
76	34	0.8	1	0 34


RUN STATISTICS FOR INPUT FILE: NobtPre1_1.fq.gz
=============================================
51149720 sequences processed in total
The length threshold of paired-end sequences gets evaluated later on (in the validation step)


SUMMARISING RUN PARAMETERS
==========================
Input filename: NobtPre1_2.fq.gz
Trimming mode: paired-end
Trim Galore version: 0.4.2
Cutadapt version: 1.14
Quality Phred score cutoff: 20
Quality encoding type selected: ASCII+33
Adapter sequence: 'AGATCGGAAGAGC' (Illumina TruSeq, Sanger iPCR; auto-detected)
Maximum trimming error rate: 0.1 (default)
Minimum required adapter overlap (stringency): 1 bp
Minimum required sequence length for both reads before a sequence pair gets removed: 20 bp
Output file(s) will be GZIP compressed

Writing final adapter and quality trimmed output to NobtPre1_2_trimmed.fq.gz


  >>> Now performing quality (cutoff 20) and adapter trimming in a single pass for the adapter sequence: 'AGATCGGAAGAGC' from file NobtPre1_2.fq.gz <<< 
This is cutadapt 1.14 with Python 2.7.5
Command line parameters: -f fastq -e 0.1 -q 20 -O 1 -a AGATCGGAAGAGC Nobt6DPA2_1.fq.gz
Trimming 1 adapter with at most 10.0% errors in single-end mode ...
Finished in 815.69 s (15 us/read; 3.97 M reads/minute).

=== Summary ===

Total reads processed:              54,037,655
Reads with adapters:                 7,803,387 (14.4%)
Reads written (passing filters):    54,037,655 (100.0%)

Total basepairs processed: 4,072,724,542 bp
Quality-trimmed:              12,201,698 bp (0.3%)
Total written (filtered):  4,050,503,656 bp (99.5%)

=== Adapter 1 ===

Sequence: AGATCGGAAGAGC; Type: regular 3'; Length: 13; Trimmed: 7803387 times.

No. of allowed errors:
0-9 bp: 0; 10-13 bp: 1

Bases preceding removed adapters:
  A: 34.9%
  C: 29.9%
  G: 17.2%
  T: 18.0%
  none/other: 0.0%

Overview of removed sequences
length	count	expect	max.err	error counts
1	6562660	13509413.8	0	6562660
2	560844	3377353.4	0	560844
3	562031	844338.4	0	562031
4	79039	211084.6	0	79039
5	30706	52771.1	0	30706
6	2819	13192.8	0	2819
7	168	3298.2	0	168
8	61	824.5	0	61
9	75	206.1	0	49 26
10	272	51.5	1	29 243
11	341	12.9	1	28 313
12	133	3.2	1	19 114
13	109	0.8	1	6 103
14	77	0.8	1	3 74
15	116	0.8	1	6 110
16	90	0.8	1	9 81
17	118	0.8	1	15 103
18	87	0.8	1	7 80
19	110	0.8	1	14 96
20	133	0.8	1	6 127
21	163	0.8	1	13 150
22	105	0.8	1	20 85
23	81	0.8	1	7 74
24	132	0.8	1	13 119
25	130	0.8	1	20 110
26	123	0.8	1	21 102
27	109	0.8	1	20 89
28	179	0.8	1	12 167
29	52	0.8	1	5 47
30	124	0.8	1	8 116
31	91	0.8	1	12 79
32	80	0.8	1	12 68
33	82	0.8	1	15 67
34	80	0.8	1	10 70
35	81	0.8	1	11 70
36	85	0.8	1	11 74
37	118	0.8	1	10 108
38	91	0.8	1	4 87
39	62	0.8	1	2 60
40	64	0.8	1	9 55
41	70	0.8	1	3 67
42	46	0.8	1	4 42
43	59	0.8	1	2 57
44	42	0.8	1	3 39
45	49	0.8	1	1 48
46	54	0.8	1	2 52
47	38	0.8	1	2 36
48	43	0.8	1	1 42
49	21	0.8	1	1 20
50	38	0.8	1	0 38
51	36	0.8	1	0 36
52	16	0.8	1	0 16
53	52	0.8	1	0 52
54	27	0.8	1	1 26
55	63	0.8	1	0 63
56	22	0.8	1	0 22
57	59	0.8	1	0 59
58	61	0.8	1	0 61
59	27	0.8	1	1 26
60	25	0.8	1	0 25
61	36	0.8	1	0 36
62	18	0.8	1	0 18
63	44	0.8	1	0 44
64	19	0.8	1	0 19
65	44	0.8	1	0 44
66	18	0.8	1	1 17
67	40	0.8	1	1 39
68	35	0.8	1	0 35
69	7	0.8	1	0 7
70	28	0.8	1	0 28
71	32	0.8	1	0 32
72	46	0.8	1	0 46
73	77	0.8	1	0 77
74	21	0.8	1	0 21
75	21	0.8	1	0 21
76	32	0.8	1	0 32


RUN STATISTICS FOR INPUT FILE: Nobt6DPA2_1.fq.gz
=============================================
54037655 sequences processed in total
The length threshold of paired-end sequences gets evaluated later on (in the validation step)


SUMMARISING RUN PARAMETERS
==========================
Input filename: Nobt6DPA2_2.fq.gz
Trimming mode: paired-end
Trim Galore version: 0.4.2
Cutadapt version: 1.14
Quality Phred score cutoff: 20
Quality encoding type selected: ASCII+33
Adapter sequence: 'AGATCGGAAGAGC' (Illumina TruSeq, Sanger iPCR; auto-detected)
Maximum trimming error rate: 0.1 (default)
Minimum required adapter overlap (stringency): 1 bp
Minimum required sequence length for both reads before a sequence pair gets removed: 20 bp
Output file(s) will be GZIP compressed

Writing final adapter and quality trimmed output to Nobt6DPA2_2_trimmed.fq.gz


  >>> Now performing quality (cutoff 20) and adapter trimming in a single pass for the adapter sequence: 'AGATCGGAAGAGC' from file Nobt6DPA2_2.fq.gz <<< 
This is cutadapt 1.14 with Python 2.7.5
Command line parameters: -f fastq -e 0.1 -q 20 -O 1 -a AGATCGGAAGAGC Nobt6DPA3_1.fq.gz
Trimming 1 adapter with at most 10.0% errors in single-end mode ...
Finished in 871.86 s (16 us/read; 3.73 M reads/minute).

=== Summary ===

Total reads processed:              54,181,061
Reads with adapters:                 7,808,067 (14.4%)
Reads written (passing filters):    54,181,061 (100.0%)

Total basepairs processed: 4,072,018,091 bp
Quality-trimmed:              20,535,056 bp (0.5%)
Total written (filtered):  4,041,452,256 bp (99.2%)

=== Adapter 1 ===

Sequence: AGATCGGAAGAGC; Type: regular 3'; Length: 13; Trimmed: 7808067 times.

No. of allowed errors:
0-9 bp: 0; 10-13 bp: 1

Bases preceding removed adapters:
  A: 34.8%
  C: 30.2%
  G: 17.1%
  T: 17.8%
  none/other: 0.0%

Overview of removed sequences
length	count	expect	max.err	error counts
1	6555650	13545265.2	0	6555650
2	571801	3386316.3	0	571801
3	565981	846579.1	0	565981
4	76800	211644.8	0	76800
5	29964	52911.2	0	29964
6	2701	13227.8	0	2701
7	159	3306.9	0	159
8	62	826.7	0	62
9	86	206.7	0	47 39
10	294	51.7	1	27 267
11	339	12.9	1	20 319
12	116	3.2	1	13 103
13	97	0.8	1	7 90
14	106	0.8	1	5 101
15	98	0.8	1	3 95
16	87	0.8	1	11 76
17	120	0.8	1	8 112
18	91	0.8	1	7 84
19	120	0.8	1	11 109
20	117	0.8	1	6 111
21	141	0.8	1	10 131
22	107	0.8	1	17 90
23	69	0.8	1	6 63
24	113	0.8	1	11 102
25	139	0.8	1	14 125
26	113	0.8	1	20 93
27	93	0.8	1	12 81
28	180	0.8	1	14 166
29	50	0.8	1	3 47
30	111	0.8	1	9 102
31	103	0.8	1	22 81
32	88	0.8	1	13 75
33	64	0.8	1	6 58
34	93	0.8	1	10 83
35	63	0.8	1	6 57
36	71	0.8	1	6 65
37	116	0.8	1	10 106
38	98	0.8	1	11 87
39	56	0.8	1	4 52
40	51	0.8	1	6 45
41	72	0.8	1	4 68
42	36	0.8	1	3 33
43	43	0.8	1	4 39
44	26	0.8	1	2 24
45	35	0.8	1	1 34
46	43	0.8	1	2 41
47	25	0.8	1	5 20
48	38	0.8	1	0 38
49	26	0.8	1	2 24
50	43	0.8	1	3 40
51	26	0.8	1	0 26
52	26	0.8	1	1 25
53	52	0.8	1	0 52
54	24	0.8	1	0 24
55	68	0.8	1	0 68
56	45	0.8	1	0 45
57	48	0.8	1	1 47
58	59	0.8	1	0 59
59	39	0.8	1	0 39
60	19	0.8	1	0 19
61	31	0.8	1	0 31
62	18	0.8	1	0 18
63	32	0.8	1	1 31
64	22	0.8	1	0 22
65	36	0.8	1	0 36
66	26	0.8	1	2 24
67	35	0.8	1	0 35
68	25	0.8	1	0 25
69	21	0.8	1	0 21
70	40	0.8	1	1 39
71	45	0.8	1	1 44
72	53	0.8	1	0 53
73	72	0.8	1	1 71
74	18	0.8	1	0 18
75	27	0.8	1	0 27
76	65	0.8	1	0 65


RUN STATISTICS FOR INPUT FILE: Nobt6DPA3_1.fq.gz
=============================================
54181061 sequences processed in total
The length threshold of paired-end sequences gets evaluated later on (in the validation step)


SUMMARISING RUN PARAMETERS
==========================
Input filename: Nobt6DPA3_2.fq.gz
Trimming mode: paired-end
Trim Galore version: 0.4.2
Cutadapt version: 1.14
Quality Phred score cutoff: 20
Quality encoding type selected: ASCII+33
Adapter sequence: 'AGATCGGAAGAGC' (Illumina TruSeq, Sanger iPCR; auto-detected)
Maximum trimming error rate: 0.1 (default)
Minimum required adapter overlap (stringency): 1 bp
Minimum required sequence length for both reads before a sequence pair gets removed: 20 bp
Output file(s) will be GZIP compressed

Writing final adapter and quality trimmed output to Nobt6DPA3_2_trimmed.fq.gz


  >>> Now performing quality (cutoff 20) and adapter trimming in a single pass for the adapter sequence: 'AGATCGGAAGAGC' from file Nobt6DPA3_2.fq.gz <<< 
This is cutadapt 1.14 with Python 2.7.5
Command line parameters: -f fastq -e 0.1 -q 20 -O 1 -a AGATCGGAAGAGC Nobt3DPA2_1.fq.gz
Trimming 1 adapter with at most 10.0% errors in single-end mode ...
Finished in 845.67 s (15 us/read; 3.95 M reads/minute).

=== Summary ===

Total reads processed:              55,668,975
Reads with adapters:                 8,380,847 (15.1%)
Reads written (passing filters):    55,668,975 (100.0%)

Total basepairs processed: 4,177,828,190 bp
Quality-trimmed:              32,493,314 bp (0.8%)
Total written (filtered):  4,134,780,923 bp (99.0%)

=== Adapter 1 ===

Sequence: AGATCGGAAGAGC; Type: regular 3'; Length: 13; Trimmed: 8380847 times.

No. of allowed errors:
0-9 bp: 0; 10-13 bp: 1

Bases preceding removed adapters:
  A: 37.4%
  C: 29.7%
  G: 14.7%
  T: 18.2%
  none/other: 0.0%

Overview of removed sequences
length	count	expect	max.err	error counts
1	7168990	13917243.8	0	7168990
2	515033	3479310.9	0	515033
3	574280	869827.7	0	574280
4	84549	217456.9	0	84549
5	31042	54364.2	0	31042
6	3471	13591.1	0	3471
7	102	3397.8	0	102
8	45	849.4	0	45
9	45	212.4	0	25 20
10	167	53.1	1	13 154
11	288	13.3	1	15 273
12	84	3.3	1	9 75
13	70	0.8	1	6 64
14	52	0.8	1	1 51
15	65	0.8	1	4 61
16	63	0.8	1	7 56
17	74	0.8	1	7 67
18	50	0.8	1	8 42
19	67	0.8	1	8 59
20	75	0.8	1	6 69
21	68	0.8	1	6 62
22	55	0.8	1	2 53
23	41	0.8	1	5 36
24	48	0.8	1	5 43
25	81	0.8	1	8 73
26	84	0.8	1	5 79
27	52	0.8	1	14 38
28	76	0.8	1	5 71
29	18	0.8	1	0 18
30	40	0.8	1	3 37
31	77	0.8	1	15 62
32	48	0.8	1	8 40
33	34	0.8	1	5 29
34	44	0.8	1	6 38
35	34	0.8	1	0 34
36	54	0.8	1	2 52
37	69	0.8	1	2 67
38	30	0.8	1	1 29
39	65	0.8	1	1 64
40	37	0.8	1	3 34
41	26	0.8	1	1 25
42	40	0.8	1	5 35
43	45	0.8	1	0 45
44	31	0.8	1	4 27
45	48	0.8	1	1 47
46	19	0.8	1	1 18
47	20	0.8	1	1 19
48	45	0.8	1	0 45
49	11	0.8	1	0 11
50	39	0.8	1	0 39
51	35	0.8	1	0 35
52	26	0.8	1	1 25
53	20	0.8	1	0 20
54	35	0.8	1	0 35
55	37	0.8	1	0 37
56	24	0.8	1	0 24
57	51	0.8	1	0 51
58	32	0.8	1	0 32
59	24	0.8	1	0 24
60	18	0.8	1	0 18
61	14	0.8	1	0 14
62	16	0.8	1	0 16
63	19	0.8	1	0 19
64	17	0.8	1	0 17
65	30	0.8	1	0 30
66	21	0.8	1	0 21
67	31	0.8	1	0 31
68	19	0.8	1	0 19
69	25	0.8	1	0 25
70	48	0.8	1	0 48
71	58	0.8	1	0 58
72	62	0.8	1	0 62
73	64	0.8	1	0 64
74	22	0.8	1	1 21
75	35	0.8	1	1 34
76	73	0.8	1	0 73


RUN STATISTICS FOR INPUT FILE: Nobt3DPA2_1.fq.gz
=============================================
55668975 sequences processed in total
The length threshold of paired-end sequences gets evaluated later on (in the validation step)


SUMMARISING RUN PARAMETERS
==========================
Input filename: Nobt3DPA2_2.fq.gz
Trimming mode: paired-end
Trim Galore version: 0.4.2
Cutadapt version: 1.14
Quality Phred score cutoff: 20
Quality encoding type selected: ASCII+33
Adapter sequence: 'AGATCGGAAGAGC' (Illumina TruSeq, Sanger iPCR; auto-detected)
Maximum trimming error rate: 0.1 (default)
Minimum required adapter overlap (stringency): 1 bp
Minimum required sequence length for both reads before a sequence pair gets removed: 20 bp
Output file(s) will be GZIP compressed

Writing final adapter and quality trimmed output to Nobt3DPA2_2_trimmed.fq.gz


  >>> Now performing quality (cutoff 20) and adapter trimming in a single pass for the adapter sequence: 'AGATCGGAAGAGC' from file Nobt3DPA2_2.fq.gz <<< 
60000000 sequences processed
This is cutadapt 1.14 with Python 2.7.5
Command line parameters: -f fastq -e 0.1 -q 20 -O 1 -a AGATCGGAAGAGC NobtPre3_1.fq.gz
Trimming 1 adapter with at most 10.0% errors in single-end mode ...
Finished in 877.09 s (15 us/read; 3.97 M reads/minute).

=== Summary ===

Total reads processed:              58,034,907
Reads with adapters:                 8,415,352 (14.5%)
Reads written (passing filters):    58,034,907 (100.0%)

Total basepairs processed: 4,380,426,846 bp
Quality-trimmed:              11,024,248 bp (0.3%)
Total written (filtered):  4,358,721,554 bp (99.5%)

=== Adapter 1 ===

Sequence: AGATCGGAAGAGC; Type: regular 3'; Length: 13; Trimmed: 8415352 times.

No. of allowed errors:
0-9 bp: 0; 10-13 bp: 1

Bases preceding removed adapters:
  A: 36.0%
  C: 29.7%
  G: 15.9%
  T: 18.3%
  none/other: 0.0%

Overview of removed sequences
length	count	expect	max.err	error counts
1	7158166	14508726.8	0	7158166
2	563635	3627181.7	0	563635
3	564103	906795.4	0	564103
4	87644	226698.9	0	87644
5	32703	56674.7	0	32703
6	3424	14168.7	0	3424
7	180	3542.2	0	180
8	80	885.5	0	80
9	93	221.4	0	63 30
10	285	55.3	1	29 256
11	417	13.8	1	40 377
12	112	3.5	1	7 105
13	81	0.9	1	5 76
14	81	0.9	1	5 76
15	160	0.9	1	10 150
16	100	0.9	1	13 87
17	145	0.9	1	12 133
18	103	0.9	1	18 85
19	110	0.9	1	16 94
20	123	0.9	1	13 110
21	148	0.9	1	17 131
22	108	0.9	1	12 96
23	87	0.9	1	13 74
24	104	0.9	1	16 88
25	183	0.9	1	19 164
26	139	0.9	1	24 115
27	128	0.9	1	19 109
28	167	0.9	1	26 141
29	63	0.9	1	5 58
30	99	0.9	1	16 83
31	139	0.9	1	21 118
32	105	0.9	1	18 87
33	82	0.9	1	11 71
34	118	0.9	1	18 100
35	79	0.9	1	15 64
36	89	0.9	1	8 81
37	163	0.9	1	13 150
38	122	0.9	1	20 102
39	123	0.9	1	12 111
40	60	0.9	1	3 57
41	50	0.9	1	2 48
42	74	0.9	1	6 68
43	67	0.9	1	4 63
44	33	0.9	1	6 27
45	49	0.9	1	1 48
46	41	0.9	1	4 37
47	38	0.9	1	4 34
48	66	0.9	1	0 66
49	14	0.9	1	1 13
50	45	0.9	1	3 42
51	58	0.9	1	0 58
52	20	0.9	1	0 20
53	43	0.9	1	0 43
54	35	0.9	1	0 35
55	56	0.9	1	0 56
56	16	0.9	1	0 16
57	52	0.9	1	0 52
58	38	0.9	1	0 38
59	28	0.9	1	0 28
60	25	0.9	1	1 24
61	49	0.9	1	0 49
62	22	0.9	1	0 22
63	27	0.9	1	0 27
64	21	0.9	1	0 21
65	32	0.9	1	0 32
66	19	0.9	1	0 19
67	31	0.9	1	0 31
68	39	0.9	1	0 39
69	13	0.9	1	0 13
70	40	0.9	1	1 39
71	16	0.9	1	0 16
72	52	0.9	1	0 52
73	45	0.9	1	0 45
74	23	0.9	1	1 22
75	13	0.9	1	0 13
76	11	0.9	1	0 11


RUN STATISTICS FOR INPUT FILE: NobtPre3_1.fq.gz
=============================================
58034907 sequences processed in total
The length threshold of paired-end sequences gets evaluated later on (in the validation step)


SUMMARISING RUN PARAMETERS
==========================
Input filename: NobtPre3_2.fq.gz
Trimming mode: paired-end
Trim Galore version: 0.4.2
Cutadapt version: 1.14
Quality Phred score cutoff: 20
Quality encoding type selected: ASCII+33
Adapter sequence: 'AGATCGGAAGAGC' (Illumina TruSeq, Sanger iPCR; auto-detected)
Maximum trimming error rate: 0.1 (default)
Minimum required adapter overlap (stringency): 1 bp
Minimum required sequence length for both reads before a sequence pair gets removed: 20 bp
Output file(s) will be GZIP compressed

Writing final adapter and quality trimmed output to NobtPre3_2_trimmed.fq.gz


  >>> Now performing quality (cutoff 20) and adapter trimming in a single pass for the adapter sequence: 'AGATCGGAAGAGC' from file NobtPre3_2.fq.gz <<< 
This is cutadapt 1.14 with Python 2.7.5
Command line parameters: -f fastq -e 0.1 -q 20 -O 1 -a AGATCGGAAGAGC Nobt3DPA3_1.fq.gz
Trimming 1 adapter with at most 10.0% errors in single-end mode ...
Finished in 867.05 s (15 us/read; 4.04 M reads/minute).

=== Summary ===

Total reads processed:              58,351,470
Reads with adapters:                 8,506,587 (14.6%)
Reads written (passing filters):    58,351,470 (100.0%)

Total basepairs processed: 4,365,647,586 bp
Quality-trimmed:              32,468,953 bp (0.7%)
Total written (filtered):  4,322,165,855 bp (99.0%)

=== Adapter 1 ===

Sequence: AGATCGGAAGAGC; Type: regular 3'; Length: 13; Trimmed: 8506587 times.

No. of allowed errors:
0-9 bp: 0; 10-13 bp: 1

Bases preceding removed adapters:
  A: 34.9%
  C: 30.0%
  G: 17.1%
  T: 17.9%
  none/other: 0.0%

Overview of removed sequences
length	count	expect	max.err	error counts
1	7095903	14587867.5	0	7095903
2	655850	3646966.9	0	655850
3	627034	911741.7	0	627034
4	84816	227935.4	0	84816
5	33185	56983.9	0	33185
6	3174	14246.0	0	3174
7	201	3561.5	0	201
8	85	890.4	0	85
9	102	222.6	0	51 51
10	402	55.6	1	31 371
11	433	13.9	1	26 407
12	164	3.5	1	19 145
13	195	0.9	1	5 190
14	141	0.9	1	6 135
15	139	0.9	1	11 128
16	147	0.9	1	11 136
17	161	0.9	1	21 140
18	160	0.9	1	29 131
19	158	0.9	1	18 140
20	136	0.9	1	8 128
21	181	0.9	1	19 162
22	93	0.9	1	7 86
23	80	0.9	1	15 65
24	156	0.9	1	13 143
25	164	0.9	1	17 147
26	143	0.9	1	18 125
27	140	0.9	1	18 122
28	230	0.9	1	26 204
29	49	0.9	1	7 42
30	140	0.9	1	8 132
31	122	0.9	1	16 106
32	90	0.9	1	23 67
33	73	0.9	1	9 64
34	112	0.9	1	14 98
35	128	0.9	1	23 105
36	60	0.9	1	4 56
37	101	0.9	1	6 95
38	70	0.9	1	6 64
39	82	0.9	1	5 77
40	78	0.9	1	10 68
41	88	0.9	1	4 84
42	66	0.9	1	6 60
43	58	0.9	1	2 56
44	40	0.9	1	3 37
45	51	0.9	1	2 49
46	59	0.9	1	4 55
47	46	0.9	1	4 42
48	45	0.9	1	0 45
49	23	0.9	1	4 19
50	68	0.9	1	2 66
51	49	0.9	1	0 49
52	35	0.9	1	0 35
53	62	0.9	1	0 62
54	29	0.9	1	0 29
55	98	0.9	1	0 98
56	27	0.9	1	0 27
57	66	0.9	1	0 66
58	79	0.9	1	1 78
59	34	0.9	1	1 33
60	25	0.9	1	1 24
61	22	0.9	1	1 21
62	19	0.9	1	0 19
63	32	0.9	1	1 31
64	25	0.9	1	2 23
65	55	0.9	1	0 55
66	26	0.9	1	0 26
67	50	0.9	1	0 50
68	20	0.9	1	1 19
69	30	0.9	1	1 29
70	36	0.9	1	1 35
71	64	0.9	1	0 64
72	67	0.9	1	1 66
73	90	0.9	1	0 90
74	40	0.9	1	1 39
75	25	0.9	1	0 25
76	60	0.9	1	0 60


RUN STATISTICS FOR INPUT FILE: Nobt3DPA3_1.fq.gz
=============================================
58351470 sequences processed in total
The length threshold of paired-end sequences gets evaluated later on (in the validation step)


SUMMARISING RUN PARAMETERS
==========================
Input filename: Nobt3DPA3_2.fq.gz
Trimming mode: paired-end
Trim Galore version: 0.4.2
Cutadapt version: 1.14
Quality Phred score cutoff: 20
Quality encoding type selected: ASCII+33
Adapter sequence: 'AGATCGGAAGAGC' (Illumina TruSeq, Sanger iPCR; auto-detected)
Maximum trimming error rate: 0.1 (default)
Minimum required adapter overlap (stringency): 1 bp
Minimum required sequence length for both reads before a sequence pair gets removed: 20 bp
Output file(s) will be GZIP compressed

Writing final adapter and quality trimmed output to Nobt3DPA3_2_trimmed.fq.gz


  >>> Now performing quality (cutoff 20) and adapter trimming in a single pass for the adapter sequence: 'AGATCGGAAGAGC' from file Nobt3DPA3_2.fq.gz <<< 
This is cutadapt 1.14 with Python 2.7.5
Command line parameters: -f fastq -e 0.1 -q 20 -O 1 -a AGATCGGAAGAGC NobtPre2_1.fq.gz
Trimming 1 adapter with at most 10.0% errors in single-end mode ...
Finished in 879.76 s (15 us/read; 3.95 M reads/minute).

=== Summary ===

Total reads processed:              57,907,393
Reads with adapters:                 8,491,133 (14.7%)
Reads written (passing filters):    57,907,393 (100.0%)

Total basepairs processed: 4,369,877,969 bp
Quality-trimmed:              10,455,210 bp (0.2%)
Total written (filtered):  4,348,566,434 bp (99.5%)

=== Adapter 1 ===

Sequence: AGATCGGAAGAGC; Type: regular 3'; Length: 13; Trimmed: 8491133 times.

No. of allowed errors:
0-9 bp: 0; 10-13 bp: 1

Bases preceding removed adapters:
  A: 35.3%
  C: 29.9%
  G: 16.1%
  T: 18.6%
  none/other: 0.0%

Overview of removed sequences
length	count	expect	max.err	error counts
1	7191504	14476848.2	0	7191504
2	596738	3619212.1	0	596738
3	566998	904803.0	0	566998
4	90730	226200.8	0	90730
5	34235	56550.2	0	34235
6	3646	14137.5	0	3646
7	184	3534.4	0	184
8	97	883.6	0	97
9	106	220.9	0	84 22
10	312	55.2	1	35 277
11	436	13.8	1	59 377
12	142	3.5	1	15 127
13	118	0.9	1	17 101
14	121	0.9	1	15 106
15	232	0.9	1	11 221
16	172	0.9	1	13 159
17	198	0.9	1	17 181
18	163	0.9	1	24 139
19	190	0.9	1	20 170
20	153	0.9	1	23 130
21	169	0.9	1	17 152
22	127	0.9	1	16 111
23	121	0.9	1	13 108
24	145	0.9	1	25 120
25	220	0.9	1	32 188
26	162	0.9	1	34 128
27	176	0.9	1	34 142
28	218	0.9	1	37 181
29	80	0.9	1	15 65
30	124	0.9	1	21 103
31	168	0.9	1	19 149
32	182	0.9	1	32 150
33	92	0.9	1	15 77
34	129	0.9	1	29 100
35	140	0.9	1	22 118
36	307	0.9	1	69 238
37	188	0.9	1	5 183
38	84	0.9	1	12 72
39	149	0.9	1	23 126
40	127	0.9	1	25 102
41	74	0.9	1	12 62
42	117	0.9	1	14 103
43	89	0.9	1	8 81
44	54	0.9	1	13 41
45	74	0.9	1	9 65
46	55	0.9	1	5 50
47	57	0.9	1	2 55
48	84	0.9	1	3 81
49	29	0.9	1	1 28
50	72	0.9	1	5 67
51	52	0.9	1	2 50
52	27	0.9	1	1 26
53	49	0.9	1	1 48
54	30	0.9	1	0 30
55	48	0.9	1	0 48
56	23	0.9	1	0 23
57	42	0.9	1	0 42
58	35	0.9	1	0 35
59	26	0.9	1	0 26
60	25	0.9	1	0 25
61	35	0.9	1	0 35
62	28	0.9	1	1 27
63	36	0.9	1	0 36
64	29	0.9	1	1 28
65	41	0.9	1	0 41
66	21	0.9	1	0 21
67	33	0.9	1	0 33
68	28	0.9	1	0 28
69	18	0.9	1	1 17
70	43	0.9	1	0 43
71	30	0.9	1	0 30
72	43	0.9	1	0 43
73	51	0.9	1	0 51
74	23	0.9	1	0 23
75	17	0.9	1	0 17
76	12	0.9	1	0 12


RUN STATISTICS FOR INPUT FILE: NobtPre2_1.fq.gz
=============================================
57907393 sequences processed in total
The length threshold of paired-end sequences gets evaluated later on (in the validation step)


SUMMARISING RUN PARAMETERS
==========================
Input filename: NobtPre2_2.fq.gz
Trimming mode: paired-end
Trim Galore version: 0.4.2
Cutadapt version: 1.14
Quality Phred score cutoff: 20
Quality encoding type selected: ASCII+33
Adapter sequence: 'AGATCGGAAGAGC' (Illumina TruSeq, Sanger iPCR; auto-detected)
Maximum trimming error rate: 0.1 (default)
Minimum required adapter overlap (stringency): 1 bp
Minimum required sequence length for both reads before a sequence pair gets removed: 20 bp
Output file(s) will be GZIP compressed

Writing final adapter and quality trimmed output to NobtPre2_2_trimmed.fq.gz


  >>> Now performing quality (cutoff 20) and adapter trimming in a single pass for the adapter sequence: 'AGATCGGAAGAGC' from file NobtPre2_2.fq.gz <<< 
This is cutadapt 1.14 with Python 2.7.5
Command line parameters: -f fastq -e 0.1 -q 20 -O 1 -a AGATCGGAAGAGC Nobt3DPA1_1.fq.gz
Trimming 1 adapter with at most 10.0% errors in single-end mode ...
Finished in 885.81 s (14 us/read; 4.16 M reads/minute).

=== Summary ===

Total reads processed:              61,356,052
Reads with adapters:                 7,655,280 (12.5%)
Reads written (passing filters):    61,356,052 (100.0%)

Total basepairs processed: 4,632,566,744 bp
Quality-trimmed:               9,744,597 bp (0.2%)
Total written (filtered):  4,613,115,643 bp (99.6%)

=== Adapter 1 ===

Sequence: AGATCGGAAGAGC; Type: regular 3'; Length: 13; Trimmed: 7655280 times.

No. of allowed errors:
0-9 bp: 0; 10-13 bp: 1

Bases preceding removed adapters:
  A: 33.9%
  C: 30.2%
  G: 17.1%
  T: 18.7%
  none/other: 0.0%

Overview of removed sequences
length	count	expect	max.err	error counts
1	6474418	15339013.0	0	6474418
2	569099	3834753.2	0	569099
3	502176	958688.3	0	502176
4	69023	239672.1	0	69023
5	33829	59918.0	0	33829
6	2447	14979.5	0	2447
7	146	3744.9	0	146
8	44	936.2	0	44
9	52	234.1	0	35 17
10	220	58.5	1	21 199
11	272	14.6	1	21 251
12	138	3.7	1	13 125
13	66	0.9	1	6 60
14	73	0.9	1	6 67
15	88	0.9	1	10 78
16	73	0.9	1	6 67
17	102	0.9	1	10 92
18	83	0.9	1	6 77
19	97	0.9	1	10 87
20	99	0.9	1	10 89
21	116	0.9	1	11 105
22	126	0.9	1	22 104
23	60	0.9	1	8 52
24	92	0.9	1	8 84
25	100	0.9	1	11 89
26	91	0.9	1	12 79
27	91	0.9	1	8 83
28	134	0.9	1	8 126
29	44	0.9	1	6 38
30	80	0.9	1	8 72
31	108	0.9	1	16 92
32	89	0.9	1	12 77
33	56	0.9	1	6 50
34	63	0.9	1	7 56
35	71	0.9	1	9 62
36	80	0.9	1	16 64
37	77	0.9	1	2 75
38	82	0.9	1	10 72
39	83	0.9	1	6 77
40	76	0.9	1	10 66
41	75	0.9	1	1 74
42	79	0.9	1	11 68
43	41	0.9	1	3 38
44	25	0.9	1	1 24
45	30	0.9	1	2 28
46	38	0.9	1	4 34
47	27	0.9	1	2 25
48	50	0.9	1	1 49
49	15	0.9	1	2 13
50	45	0.9	1	1 44
51	30	0.9	1	0 30
52	11	0.9	1	0 11
53	31	0.9	1	2 29
54	15	0.9	1	0 15
55	35	0.9	1	0 35
56	15	0.9	1	0 15
57	47	0.9	1	0 47
58	38	0.9	1	0 38
59	17	0.9	1	1 16
60	16	0.9	1	0 16
61	18	0.9	1	0 18
62	18	0.9	1	0 18
63	31	0.9	1	0 31
64	29	0.9	1	1 28
65	35	0.9	1	0 35
66	9	0.9	1	0 9
67	27	0.9	1	0 27
68	22	0.9	1	0 22
69	13	0.9	1	0 13
70	24	0.9	1	0 24
71	21	0.9	1	0 21
72	17	0.9	1	0 17
73	36	0.9	1	0 36
74	13	0.9	1	0 13
75	9	0.9	1	0 9
76	14	0.9	1	0 14


RUN STATISTICS FOR INPUT FILE: Nobt3DPA1_1.fq.gz
=============================================
61356052 sequences processed in total
The length threshold of paired-end sequences gets evaluated later on (in the validation step)


SUMMARISING RUN PARAMETERS
==========================
Input filename: Nobt3DPA1_2.fq.gz
Trimming mode: paired-end
Trim Galore version: 0.4.2
Cutadapt version: 1.14
Quality Phred score cutoff: 20
Quality encoding type selected: ASCII+33
Adapter sequence: 'AGATCGGAAGAGC' (Illumina TruSeq, Sanger iPCR; auto-detected)
Maximum trimming error rate: 0.1 (default)
Minimum required adapter overlap (stringency): 1 bp
Minimum required sequence length for both reads before a sequence pair gets removed: 20 bp
Output file(s) will be GZIP compressed

Writing final adapter and quality trimmed output to Nobt3DPA1_2_trimmed.fq.gz


  >>> Now performing quality (cutoff 20) and adapter trimming in a single pass for the adapter sequence: 'AGATCGGAAGAGC' from file Nobt3DPA1_2.fq.gz <<< 
60000000 sequences processed
10000000 sequences processed
10000000 sequences processed
10000000 sequences processed
10000000 sequences processed
10000000 sequences processed
10000000 sequences processed
10000000 sequences processed
10000000 sequences processed
70000000 sequences processed
20000000 sequences processed
This is cutadapt 1.14 with Python 2.7.5
Command line parameters: -f fastq -e 0.1 -q 20 -O 1 -a AGATCGGAAGAGC Nobt6DPA1_1.fq.gz
Trimming 1 adapter with at most 10.0% errors in single-end mode ...
Finished in 1078.14 s (15 us/read; 3.98 M reads/minute).

=== Summary ===

Total reads processed:              71,492,260
Reads with adapters:                10,350,378 (14.5%)
Reads written (passing filters):    71,492,260 (100.0%)

Total basepairs processed: 5,370,496,570 bp
Quality-trimmed:              29,413,967 bp (0.5%)
Total written (filtered):  5,327,760,871 bp (99.2%)

=== Adapter 1 ===

Sequence: AGATCGGAAGAGC; Type: regular 3'; Length: 13; Trimmed: 10350378 times.

No. of allowed errors:
0-9 bp: 0; 10-13 bp: 1

Bases preceding removed adapters:
  A: 35.1%
  C: 29.9%
  G: 17.1%
  T: 18.0%
  none/other: 0.0%

Overview of removed sequences
length	count	expect	max.err	error counts
1	8693493	17873065.0	0	8693493
2	748836	4468266.2	0	748836
3	750023	1117066.6	0	750023
4	104729	279266.6	0	104729
5	41164	69816.7	0	41164
6	4408	17454.2	0	4408
7	255	4363.5	0	255
8	75	1090.9	0	75
9	92	272.7	0	49 43
10	504	68.2	1	62 442
11	520	17.0	1	43 477
12	281	4.3	1	31 250
13	146	1.1	1	10 136
14	131	1.1	1	12 119
15	152	1.1	1	8 144
16	159	1.1	1	15 144
17	164	1.1	1	16 148
18	146	1.1	1	21 125
19	192	1.1	1	28 164
20	130	1.1	1	14 116
21	255	1.1	1	23 232
22	222	1.1	1	26 196
23	105	1.1	1	20 85
24	129	1.1	1	7 122
25	167	1.1	1	18 149
26	182	1.1	1	27 155
27	159	1.1	1	24 135
28	252	1.1	1	31 221
29	72	1.1	1	12 60
30	141	1.1	1	10 131
31	173	1.1	1	32 141
32	124	1.1	1	27 97
33	92	1.1	1	11 81
34	106	1.1	1	13 93
35	119	1.1	1	26 93
36	166	1.1	1	28 138
37	128	1.1	1	4 124
38	147	1.1	1	9 138
39	115	1.1	1	15 100
40	64	1.1	1	2 62
41	74	1.1	1	2 72
42	90	1.1	1	7 83
43	77	1.1	1	4 73
44	60	1.1	1	3 57
45	56	1.1	1	2 54
46	80	1.1	1	9 71
47	60	1.1	1	7 53
48	60	1.1	1	2 58
49	33	1.1	1	1 32
50	84	1.1	1	0 84
51	44	1.1	1	1 43
52	42	1.1	1	2 40
53	65	1.1	1	0 65
54	30	1.1	1	0 30
55	68	1.1	1	0 68
56	37	1.1	1	0 37
57	62	1.1	1	0 62
58	47	1.1	1	0 47
59	41	1.1	1	1 40
60	39	1.1	1	0 39
61	39	1.1	1	1 38
62	35	1.1	1	1 34
63	55	1.1	1	1 54
64	39	1.1	1	2 37
65	48	1.1	1	0 48
66	18	1.1	1	1 17
67	48	1.1	1	0 48
68	26	1.1	1	1 25
69	17	1.1	1	2 15
70	53	1.1	1	0 53
71	54	1.1	1	1 53
72	56	1.1	1	0 56
73	80	1.1	1	1 79
74	47	1.1	1	0 47
75	25	1.1	1	0 25
76	71	1.1	1	0 71


RUN STATISTICS FOR INPUT FILE: Nobt6DPA1_1.fq.gz
=============================================
71492260 sequences processed in total
The length threshold of paired-end sequences gets evaluated later on (in the validation step)


SUMMARISING RUN PARAMETERS
==========================
Input filename: Nobt6DPA1_2.fq.gz
Trimming mode: paired-end
Trim Galore version: 0.4.2
Cutadapt version: 1.14
Quality Phred score cutoff: 20
Quality encoding type selected: ASCII+33
Adapter sequence: 'AGATCGGAAGAGC' (Illumina TruSeq, Sanger iPCR; auto-detected)
Maximum trimming error rate: 0.1 (default)
Minimum required adapter overlap (stringency): 1 bp
Minimum required sequence length for both reads before a sequence pair gets removed: 20 bp
Output file(s) will be GZIP compressed

Writing final adapter and quality trimmed output to Nobt6DPA1_2_trimmed.fq.gz


  >>> Now performing quality (cutoff 20) and adapter trimming in a single pass for the adapter sequence: 'AGATCGGAAGAGC' from file Nobt6DPA1_2.fq.gz <<< 
20000000 sequences processed
20000000 sequences processed
20000000 sequences processed
20000000 sequences processed
20000000 sequences processed
20000000 sequences processed
20000000 sequences processed
30000000 sequences processed
10000000 sequences processed
30000000 sequences processed
30000000 sequences processed
30000000 sequences processed
30000000 sequences processed
30000000 sequences processed
30000000 sequences processed
30000000 sequences processed
40000000 sequences processed
20000000 sequences processed
40000000 sequences processed
40000000 sequences processed
40000000 sequences processed
40000000 sequences processed
40000000 sequences processed
40000000 sequences processed
40000000 sequences processed
50000000 sequences processed
30000000 sequences processed
This is cutadapt 1.14 with Python 2.7.5
Command line parameters: -f fastq -e 0.1 -q 20 -O 1 -a AGATCGGAAGAGC NobtPre1_2.fq.gz
Trimming 1 adapter with at most 10.0% errors in single-end mode ...
Finished in 772.43 s (15 us/read; 3.97 M reads/minute).

=== Summary ===

Total reads processed:              51,149,720
Reads with adapters:                 7,511,332 (14.7%)
Reads written (passing filters):    51,149,720 (100.0%)

Total basepairs processed: 3,861,364,856 bp
Quality-trimmed:              60,509,241 bp (1.6%)
Total written (filtered):  3,790,706,468 bp (98.2%)

=== Adapter 1 ===

Sequence: AGATCGGAAGAGC; Type: regular 3'; Length: 13; Trimmed: 7511332 times.

No. of allowed errors:
0-9 bp: 0; 10-13 bp: 1

Bases preceding removed adapters:
  A: 36.6%
  C: 25.1%
  G: 22.9%
  T: 15.4%
  none/other: 0.0%

Overview of removed sequences
length	count	expect	max.err	error counts
1	6047370	12787430.0	0	6047370
2	632146	3196857.5	0	632146
3	714137	799214.4	0	714137
4	81847	199803.6	0	81847
5	25234	49950.9	0	25234
6	3120	12487.7	0	3120
7	120	3121.9	0	120
8	56	780.5	0	56
9	208	195.1	0	144 64
10	358	48.8	1	28 330
11	629	12.2	1	36 593
12	223	3.0	1	22 201
13	110	0.8	1	14 96
14	206	0.8	1	22 184
15	159	0.8	1	16 143
16	200	0.8	1	21 179
17	146	0.8	1	21 125
18	189	0.8	1	29 160
19	202	0.8	1	26 176
20	118	0.8	1	12 106
21	196	0.8	1	35 161
22	134	0.8	1	22 112
23	104	0.8	1	9 95
24	180	0.8	1	39 141
25	127	0.8	1	23 104
26	209	0.8	1	52 157
27	222	0.8	1	52 170
28	93	0.8	1	25 68
29	105	0.8	1	24 81
30	86	0.8	1	22 64
31	141	0.8	1	22 119
32	125	0.8	1	21 104
33	213	0.8	1	41 172
34	185	0.8	1	33 152
35	70	0.8	1	10 60
36	102	0.8	1	23 79
37	109	0.8	1	21 88
38	94	0.8	1	21 73
39	149	0.8	1	24 125
40	83	0.8	1	11 72
41	72	0.8	1	14 58
42	91	0.8	1	13 78
43	52	0.8	1	15 37
44	82	0.8	1	14 68
45	120	0.8	1	20 100
46	89	0.8	1	23 66
47	85	0.8	1	8 77
48	54	0.8	1	8 46
49	66	0.8	1	3 63
50	34	0.8	1	2 32
51	33	0.8	1	1 32
52	27	0.8	1	1 26
53	30	0.8	1	4 26
54	43	0.8	1	11 32
55	36	0.8	1	10 26
56	82	0.8	1	2 80
57	26	0.8	1	1 25
58	26	0.8	1	2 24
59	13	0.8	1	1 12
60	35	0.8	1	2 33
61	70	0.8	1	10 60
62	35	0.8	1	1 34
63	41	0.8	1	4 37
64	23	0.8	1	5 18
65	46	0.8	1	2 44
66	38	0.8	1	5 33
67	38	0.8	1	4 34
68	38	0.8	1	4 34
69	18	0.8	1	2 16
70	23	0.8	1	0 23
71	80	0.8	1	2 78
72	95	0.8	1	8 87
73	67	0.8	1	5 62
74	63	0.8	1	2 61
75	41	0.8	1	0 41
76	15	0.8	1	1 14


RUN STATISTICS FOR INPUT FILE: NobtPre1_2.fq.gz
=============================================
51149720 sequences processed in total
The length threshold of paired-end sequences gets evaluated later on (in the validation step)

Validate paired-end files NobtPre1_1_trimmed.fq.gz and NobtPre1_2_trimmed.fq.gz
file_1: NobtPre1_1_trimmed.fq.gz, file_2: NobtPre1_2_trimmed.fq.gz


>>>>> Now validing the length of the 2 paired-end infiles: NobtPre1_1_trimmed.fq.gz and NobtPre1_2_trimmed.fq.gz <<<<<
Writing validated paired-end read 1 reads to NobtPre1_1_val_1.fq.gz
Writing validated paired-end read 2 reads to NobtPre1_2_val_2.fq.gz

50000000 sequences processed
50000000 sequences processed
50000000 sequences processed
50000000 sequences processed
50000000 sequences processed
50000000 sequences processed
50000000 sequences processed
This is cutadapt 1.14 with Python 2.7.5
Command line parameters: -f fastq -e 0.1 -q 20 -O 1 -a AGATCGGAAGAGC Nobt6DPA3_2.fq.gz
Trimming 1 adapter with at most 10.0% errors in single-end mode ...
Finished in 879.24 s (16 us/read; 3.70 M reads/minute).

=== Summary ===

Total reads processed:              54,181,061
Reads with adapters:                 8,223,810 (15.2%)
Reads written (passing filters):    54,181,061 (100.0%)

Total basepairs processed: 4,086,165,984 bp
Quality-trimmed:              41,158,203 bp (1.0%)
Total written (filtered):  4,033,990,628 bp (98.7%)

=== Adapter 1 ===

Sequence: AGATCGGAAGAGC; Type: regular 3'; Length: 13; Trimmed: 8223810 times.

No. of allowed errors:
0-9 bp: 0; 10-13 bp: 1

Bases preceding removed adapters:
  A: 36.5%
  C: 26.4%
  G: 22.0%
  T: 15.1%
  none/other: 0.0%

Overview of removed sequences
length	count	expect	max.err	error counts
1	6678549	13545265.2	0	6678549
2	699952	3386316.3	0	699952
3	714284	846579.1	0	714284
4	89252	211644.8	0	89252
5	29995	52911.2	0	29995
6	3246	13227.8	0	3246
7	166	3306.9	0	166
8	69	826.7	0	69
9	143	206.7	0	81 62
10	438	51.7	1	36 402
11	591	12.9	1	47 544
12	211	3.2	1	30 181
13	143	0.8	1	22 121
14	177	0.8	1	15 162
15	168	0.8	1	16 152
16	311	0.8	1	37 274
17	180	0.8	1	29 151
18	165	0.8	1	26 139
19	149	0.8	1	31 118
20	108	0.8	1	15 93
21	171	0.8	1	36 135
22	115	0.8	1	19 96
23	128	0.8	1	18 110
24	140	0.8	1	31 109
25	126	0.8	1	24 102
26	237	0.8	1	58 179
27	261	0.8	1	77 184
28	101	0.8	1	16 85
29	177	0.8	1	64 113
30	93	0.8	1	24 69
31	142	0.8	1	21 121
32	149	0.8	1	29 120
33	199	0.8	1	40 159
34	218	0.8	1	38 180
35	106	0.8	1	20 86
36	151	0.8	1	39 112
37	120	0.8	1	25 95
38	102	0.8	1	16 86
39	99	0.8	1	17 82
40	102	0.8	1	25 77
41	78	0.8	1	18 60
42	79	0.8	1	17 62
43	66	0.8	1	15 51
44	134	0.8	1	20 114
45	403	0.8	1	169 234
46	271	0.8	1	120 151
47	96	0.8	1	21 75
48	60	0.8	1	11 49
49	56	0.8	1	8 48
50	48	0.8	1	5 43
51	29	0.8	1	2 27
52	27	0.8	1	3 24
53	33	0.8	1	2 31
54	55	0.8	1	11 44
55	45	0.8	1	13 32
56	140	0.8	1	5 135
57	23	0.8	1	2 21
58	33	0.8	1	3 30
59	13	0.8	1	1 12
60	35	0.8	1	3 32
61	48	0.8	1	5 43
62	26	0.8	1	1 25
63	41	0.8	1	5 36
64	28	0.8	1	10 18
65	61	0.8	1	5 56
66	32	0.8	1	7 25
67	49	0.8	1	4 45
68	40	0.8	1	3 37
69	21	0.8	1	3 18
70	29	0.8	1	1 28
71	51	0.8	1	1 50
72	80	0.8	1	4 76
73	65	0.8	1	3 62
74	61	0.8	1	4 57
75	196	0.8	1	1 195
76	24	0.8	1	3 21


RUN STATISTICS FOR INPUT FILE: Nobt6DPA3_2.fq.gz
=============================================
54181061 sequences processed in total
The length threshold of paired-end sequences gets evaluated later on (in the validation step)

Validate paired-end files Nobt6DPA3_1_trimmed.fq.gz and Nobt6DPA3_2_trimmed.fq.gz
file_1: Nobt6DPA3_1_trimmed.fq.gz, file_2: Nobt6DPA3_2_trimmed.fq.gz


>>>>> Now validing the length of the 2 paired-end infiles: Nobt6DPA3_1_trimmed.fq.gz and Nobt6DPA3_2_trimmed.fq.gz <<<<<
Writing validated paired-end read 1 reads to Nobt6DPA3_1_val_1.fq.gz
Writing validated paired-end read 2 reads to Nobt6DPA3_2_val_2.fq.gz

This is cutadapt 1.14 with Python 2.7.5
Command line parameters: -f fastq -e 0.1 -q 20 -O 1 -a AGATCGGAAGAGC Nobt6DPA2_2.fq.gz
Trimming 1 adapter with at most 10.0% errors in single-end mode ...
Finished in 826.23 s (15 us/read; 3.92 M reads/minute).

=== Summary ===

Total reads processed:              54,037,655
Reads with adapters:                 8,130,258 (15.0%)
Reads written (passing filters):    54,037,655 (100.0%)

Total basepairs processed: 4,077,904,825 bp
Quality-trimmed:              26,121,985 bp (0.6%)
Total written (filtered):  4,040,901,794 bp (99.1%)

=== Adapter 1 ===

Sequence: AGATCGGAAGAGC; Type: regular 3'; Length: 13; Trimmed: 8130258 times.

No. of allowed errors:
0-9 bp: 0; 10-13 bp: 1

Bases preceding removed adapters:
  A: 36.2%
  C: 26.4%
  G: 22.1%
  T: 15.2%
  none/other: 0.0%

Overview of removed sequences
length	count	expect	max.err	error counts
1	6591603	13509413.8	0	6591603
2	707627	3377353.4	0	707627
3	699785	844338.4	0	699785
4	89487	211084.6	0	89487
5	30150	52771.1	0	30150
6	3386	13192.8	0	3386
7	232	3298.2	0	232
8	72	824.5	0	72
9	194	206.1	0	136 58
10	427	51.5	1	38 389
11	610	12.9	1	58 552
12	216	3.2	1	22 194
13	120	0.8	1	19 101
14	201	0.8	1	31 170
15	188	0.8	1	17 171
16	243	0.8	1	31 212
17	155	0.8	1	31 124
18	193	0.8	1	21 172
19	194	0.8	1	18 176
20	122	0.8	1	20 102
21	167	0.8	1	38 129
22	131	0.8	1	18 113
23	142	0.8	1	16 126
24	171	0.8	1	30 141
25	149	0.8	1	23 126
26	250	0.8	1	46 204
27	223	0.8	1	61 162
28	111	0.8	1	25 86
29	152	0.8	1	45 107
30	79	0.8	1	23 56
31	148	0.8	1	31 117
32	145	0.8	1	26 119
33	179	0.8	1	33 146
34	212	0.8	1	41 171
35	102	0.8	1	13 89
36	126	0.8	1	24 102
37	116	0.8	1	22 94
38	94	0.8	1	11 83
39	132	0.8	1	22 110
40	106	0.8	1	28 78
41	81	0.8	1	15 66
42	82	0.8	1	19 63
43	93	0.8	1	22 71
44	88	0.8	1	13 75
45	212	0.8	1	81 131
46	115	0.8	1	33 82
47	86	0.8	1	6 80
48	63	0.8	1	10 53
49	63	0.8	1	9 54
50	56	0.8	1	3 53
51	38	0.8	1	3 35
52	22	0.8	1	1 21
53	39	0.8	1	1 38
54	46	0.8	1	11 35
55	55	0.8	1	9 46
56	137	0.8	1	3 134
57	25	0.8	1	0 25
58	26	0.8	1	0 26
59	18	0.8	1	1 17
60	48	0.8	1	3 45
61	68	0.8	1	5 63
62	34	0.8	1	2 32
63	25	0.8	1	1 24
64	34	0.8	1	8 26
65	73	0.8	1	8 65
66	35	0.8	1	5 30
67	45	0.8	1	3 42
68	41	0.8	1	3 38
69	17	0.8	1	2 15
70	24	0.8	1	0 24
71	48	0.8	1	3 45
72	91	0.8	1	11 80
73	63	0.8	1	7 56
74	46	0.8	1	2 44
75	68	0.8	1	1 67
76	13	0.8	1	2 11


RUN STATISTICS FOR INPUT FILE: Nobt6DPA2_2.fq.gz
=============================================
54037655 sequences processed in total
The length threshold of paired-end sequences gets evaluated later on (in the validation step)

Validate paired-end files Nobt6DPA2_1_trimmed.fq.gz and Nobt6DPA2_2_trimmed.fq.gz
file_1: Nobt6DPA2_1_trimmed.fq.gz, file_2: Nobt6DPA2_2_trimmed.fq.gz


>>>>> Now validing the length of the 2 paired-end infiles: Nobt6DPA2_1_trimmed.fq.gz and Nobt6DPA2_2_trimmed.fq.gz <<<<<
Writing validated paired-end read 1 reads to Nobt6DPA2_1_val_1.fq.gz
Writing validated paired-end read 2 reads to Nobt6DPA2_2_val_2.fq.gz

This is cutadapt 1.14 with Python 2.7.5
Command line parameters: -f fastq -e 0.1 -q 20 -O 1 -a AGATCGGAAGAGC Nobt3DPA2_2.fq.gz
Trimming 1 adapter with at most 10.0% errors in single-end mode ...
Finished in 833.75 s (15 us/read; 4.01 M reads/minute).

=== Summary ===

Total reads processed:              55,668,975
Reads with adapters:                 8,592,779 (15.4%)
Reads written (passing filters):    55,668,975 (100.0%)

Total basepairs processed: 4,201,114,479 bp
Quality-trimmed:              58,347,282 bp (1.4%)
Total written (filtered):  4,131,253,279 bp (98.3%)

=== Adapter 1 ===

Sequence: AGATCGGAAGAGC; Type: regular 3'; Length: 13; Trimmed: 8592779 times.

No. of allowed errors:
0-9 bp: 0; 10-13 bp: 1

Bases preceding removed adapters:
  A: 37.9%
  C: 24.2%
  G: 21.9%
  T: 15.9%
  none/other: 0.0%

Overview of removed sequences
length	count	expect	max.err	error counts
1	6976075	13917243.8	0	6976075
2	703751	3479310.9	0	703751
3	778660	869827.7	0	778660
4	94430	217456.9	0	94430
5	28971	54364.2	0	28971
6	3409	13591.1	0	3409
7	125	3397.8	0	125
8	42	849.4	0	42
9	121	212.4	0	62 59
10	343	53.1	1	14 329
11	732	13.3	1	37 695
12	217	3.3	1	23 194
13	94	0.8	1	17 77
14	147	0.8	1	9 138
15	105	0.8	1	12 93
16	274	0.8	1	25 249
17	118	0.8	1	29 89
18	116	0.8	1	22 94
19	123	0.8	1	19 104
20	77	0.8	1	6 71
21	115	0.8	1	21 94
22	81	0.8	1	6 75
23	101	0.8	1	15 86
24	117	0.8	1	26 91
25	97	0.8	1	13 84
26	147	0.8	1	21 126
27	151	0.8	1	34 117
28	92	0.8	1	10 82
29	132	0.8	1	36 96
30	59	0.8	1	11 48
31	105	0.8	1	23 82
32	105	0.8	1	16 89
33	179	0.8	1	31 148
34	134	0.8	1	28 106
35	62	0.8	1	14 48
36	113	0.8	1	37 76
37	94	0.8	1	24 70
38	80	0.8	1	9 71
39	195	0.8	1	19 176
40	85	0.8	1	24 61
41	59	0.8	1	17 42
42	82	0.8	1	15 67
43	46	0.8	1	8 38
44	62	0.8	1	10 52
45	406	0.8	1	153 253
46	250	0.8	1	101 149
47	57	0.8	1	12 45
48	71	0.8	1	13 58
49	76	0.8	1	4 72
50	52	0.8	1	7 45
51	18	0.8	1	0 18
52	23	0.8	1	2 21
53	30	0.8	1	4 26
54	48	0.8	1	17 31
55	59	0.8	1	16 43
56	122	0.8	1	1 121
57	18	0.8	1	0 18
58	27	0.8	1	2 25
59	28	0.8	1	0 28
60	17	0.8	1	1 16
61	53	0.8	1	8 45
62	29	0.8	1	2 27
63	34	0.8	1	6 28
64	22	0.8	1	11 11
65	24	0.8	1	2 22
66	29	0.8	1	9 20
67	52	0.8	1	6 46
68	52	0.8	1	0 52
69	18	0.8	1	0 18
70	25	0.8	1	1 24
71	94	0.8	1	1 93
72	153	0.8	1	9 144
73	70	0.8	1	5 65
74	144	0.8	1	3 141
75	219	0.8	1	2 217
76	36	0.8	1	6 30


RUN STATISTICS FOR INPUT FILE: Nobt3DPA2_2.fq.gz
=============================================
55668975 sequences processed in total
The length threshold of paired-end sequences gets evaluated later on (in the validation step)

Validate paired-end files Nobt3DPA2_1_trimmed.fq.gz and Nobt3DPA2_2_trimmed.fq.gz
file_1: Nobt3DPA2_1_trimmed.fq.gz, file_2: Nobt3DPA2_2_trimmed.fq.gz


>>>>> Now validing the length of the 2 paired-end infiles: Nobt3DPA2_1_trimmed.fq.gz and Nobt3DPA2_2_trimmed.fq.gz <<<<<
Writing validated paired-end read 1 reads to Nobt3DPA2_1_val_1.fq.gz
Writing validated paired-end read 2 reads to Nobt3DPA2_2_val_2.fq.gz

40000000 sequences processed
This is cutadapt 1.14 with Python 2.7.5
Command line parameters: -f fastq -e 0.1 -q 20 -O 1 -a AGATCGGAAGAGC NobtPre3_2.fq.gz
Trimming 1 adapter with at most 10.0% errors in single-end mode ...
Finished in 871.61 s (15 us/read; 4.00 M reads/minute).

=== Summary ===

Total reads processed:              58,034,907
Reads with adapters:                 8,991,740 (15.5%)
Reads written (passing filters):    58,034,907 (100.0%)

Total basepairs processed: 4,380,028,487 bp
Quality-trimmed:              24,239,050 bp (0.6%)
Total written (filtered):  4,343,526,973 bp (99.2%)

=== Adapter 1 ===

Sequence: AGATCGGAAGAGC; Type: regular 3'; Length: 13; Trimmed: 8991740 times.

No. of allowed errors:
0-9 bp: 0; 10-13 bp: 1

Bases preceding removed adapters:
  A: 37.7%
  C: 24.9%
  G: 22.3%
  T: 15.1%
  none/other: 0.0%

Overview of removed sequences
length	count	expect	max.err	error counts
1	7192999	14508726.8	0	7192999
2	769044	3627181.7	0	769044
3	886937	906795.4	0	886937
4	98105	226698.9	0	98105
5	30469	56674.7	0	30469
6	3829	14168.7	0	3829
7	177	3542.2	0	177
8	68	885.5	0	68
9	303	221.4	0	233 70
10	503	55.3	1	47 456
11	843	13.8	1	68 775
12	306	3.5	1	34 272
13	124	0.9	1	16 108
14	294	0.9	1	27 267
15	249	0.9	1	20 229
16	241	0.9	1	13 228
17	189	0.9	1	35 154
18	289	0.9	1	51 238
19	250	0.9	1	41 209
20	138	0.9	1	20 118
21	231	0.9	1	46 185
22	204	0.9	1	26 178
23	176	0.9	1	29 147
24	260	0.9	1	70 190
25	184	0.9	1	42 142
26	323	0.9	1	57 266
27	327	0.9	1	96 231
28	137	0.9	1	24 113
29	148	0.9	1	28 120
30	123	0.9	1	32 91
31	219	0.9	1	38 181
32	193	0.9	1	29 164
33	342	0.9	1	80 262
34	220	0.9	1	54 166
35	123	0.9	1	28 95
36	177	0.9	1	39 138
37	165	0.9	1	37 128
38	145	0.9	1	25 120
39	248	0.9	1	42 206
40	115	0.9	1	26 89
41	106	0.9	1	19 87
42	114	0.9	1	22 92
43	119	0.9	1	24 95
44	92	0.9	1	14 78
45	161	0.9	1	23 138
46	124	0.9	1	31 93
47	80	0.9	1	6 74
48	91	0.9	1	12 79
49	89	0.9	1	7 82
50	40	0.9	1	7 33
51	32	0.9	1	4 28
52	34	0.9	1	1 33
53	35	0.9	1	2 33
54	62	0.9	1	18 44
55	62	0.9	1	22 40
56	98	0.9	1	3 95
57	34	0.9	1	1 33
58	37	0.9	1	3 34
59	23	0.9	1	0 23
60	40	0.9	1	3 37
61	67	0.9	1	7 60
62	41	0.9	1	0 41
63	57	0.9	1	6 51
64	25	0.9	1	4 21
65	58	0.9	1	9 49
66	46	0.9	1	14 32
67	52	0.9	1	4 48
68	47	0.9	1	7 40
69	17	0.9	1	3 14
70	18	0.9	1	1 17
71	85	0.9	1	1 84
72	105	0.9	1	9 96
73	107	0.9	1	13 94
74	87	0.9	1	0 87
75	19	0.9	1	1 18
76	19	0.9	1	2 17


RUN STATISTICS FOR INPUT FILE: NobtPre3_2.fq.gz
=============================================
58034907 sequences processed in total
The length threshold of paired-end sequences gets evaluated later on (in the validation step)

Validate paired-end files NobtPre3_1_trimmed.fq.gz and NobtPre3_2_trimmed.fq.gz
file_1: NobtPre3_1_trimmed.fq.gz, file_2: NobtPre3_2_trimmed.fq.gz


>>>>> Now validing the length of the 2 paired-end infiles: NobtPre3_1_trimmed.fq.gz and NobtPre3_2_trimmed.fq.gz <<<<<
Writing validated paired-end read 1 reads to NobtPre3_1_val_1.fq.gz
Writing validated paired-end read 2 reads to NobtPre3_2_val_2.fq.gz

60000000 sequences processed
This is cutadapt 1.14 with Python 2.7.5
Command line parameters: -f fastq -e 0.1 -q 20 -O 1 -a AGATCGGAAGAGC Nobt3DPA3_2.fq.gz
Trimming 1 adapter with at most 10.0% errors in single-end mode ...
Finished in 887.78 s (15 us/read; 3.94 M reads/minute).

=== Summary ===

Total reads processed:              58,351,470
Reads with adapters:                 8,880,358 (15.2%)
Reads written (passing filters):    58,351,470 (100.0%)

Total basepairs processed: 4,391,957,596 bp
Quality-trimmed:              56,741,083 bp (1.3%)
Total written (filtered):  4,323,096,149 bp (98.4%)

=== Adapter 1 ===

Sequence: AGATCGGAAGAGC; Type: regular 3'; Length: 13; Trimmed: 8880358 times.

No. of allowed errors:
0-9 bp: 0; 10-13 bp: 1

Bases preceding removed adapters:
  A: 36.3%
  C: 26.3%
  G: 22.1%
  T: 15.2%
  none/other: 0.0%

Overview of removed sequences
length	count	expect	max.err	error counts
1	7164661	14587867.5	0	7164661
2	802448	3646966.9	0	802448
3	767536	911741.7	0	767536
4	96222	227935.4	0	96222
5	31484	56983.9	0	31484
6	3680	14246.0	0	3680
7	231	3561.5	0	231
8	77	890.4	0	77
9	284	222.6	0	154 130
10	530	55.6	1	42 488
11	763	13.9	1	85 678
12	314	3.5	1	70 244
13	297	0.9	1	33 264
14	240	0.9	1	24 216
15	235	0.9	1	22 213
16	363	0.9	1	68 295
17	225	0.9	1	55 170
18	292	0.9	1	49 243
19	226	0.9	1	50 176
20	146	0.9	1	41 105
21	215	0.9	1	50 165
22	137	0.9	1	16 121
23	177	0.9	1	27 150
24	288	0.9	1	85 203
25	152	0.9	1	36 116
26	300	0.9	1	78 222
27	334	0.9	1	119 215
28	96	0.9	1	18 78
29	439	0.9	1	191 248
30	149	0.9	1	44 105
31	175	0.9	1	39 136
32	230	0.9	1	37 193
33	376	0.9	1	94 282
34	351	0.9	1	93 258
35	121	0.9	1	23 98
36	257	0.9	1	90 167
37	216	0.9	1	54 162
38	96	0.9	1	20 76
39	166	0.9	1	48 118
40	130	0.9	1	28 102
41	82	0.9	1	11 71
42	113	0.9	1	31 82
43	99	0.9	1	28 71
44	145	0.9	1	37 108
45	1794	0.9	1	944 850
46	1145	0.9	1	523 622
47	214	0.9	1	61 153
48	133	0.9	1	39 94
49	76	0.9	1	8 68
50	79	0.9	1	13 66
51	42	0.9	1	4 38
52	40	0.9	1	5 35
53	33	0.9	1	0 33
54	52	0.9	1	17 35
55	62	0.9	1	18 44
56	136	0.9	1	7 129
57	35	0.9	1	2 33
58	50	0.9	1	12 38
59	20	0.9	1	0 20
60	46	0.9	1	5 41
61	72	0.9	1	11 61
62	40	0.9	1	7 33
63	52	0.9	1	12 40
64	42	0.9	1	16 26
65	100	0.9	1	21 79
66	85	0.9	1	44 41
67	90	0.9	1	23 67
68	62	0.9	1	13 49
69	47	0.9	1	14 33
70	41	0.9	1	2 39
71	77	0.9	1	8 69
72	105	0.9	1	17 88
73	99	0.9	1	13 86
74	58	0.9	1	8 50
75	295	0.9	1	1 294
76	38	0.9	1	12 26


RUN STATISTICS FOR INPUT FILE: Nobt3DPA3_2.fq.gz
=============================================
58351470 sequences processed in total
The length threshold of paired-end sequences gets evaluated later on (in the validation step)

Validate paired-end files Nobt3DPA3_1_trimmed.fq.gz and Nobt3DPA3_2_trimmed.fq.gz
file_1: Nobt3DPA3_1_trimmed.fq.gz, file_2: Nobt3DPA3_2_trimmed.fq.gz


>>>>> Now validing the length of the 2 paired-end infiles: Nobt3DPA3_1_trimmed.fq.gz and Nobt3DPA3_2_trimmed.fq.gz <<<<<
Writing validated paired-end read 1 reads to Nobt3DPA3_1_val_1.fq.gz
Writing validated paired-end read 2 reads to Nobt3DPA3_2_val_2.fq.gz

This is cutadapt 1.14 with Python 2.7.5
Command line parameters: -f fastq -e 0.1 -q 20 -O 1 -a AGATCGGAAGAGC NobtPre2_2.fq.gz
Trimming 1 adapter with at most 10.0% errors in single-end mode ...
Finished in 882.34 s (15 us/read; 3.94 M reads/minute).

=== Summary ===

Total reads processed:              57,907,393
Reads with adapters:                 8,898,167 (15.4%)
Reads written (passing filters):    57,907,393 (100.0%)

Total basepairs processed: 4,370,762,091 bp
Quality-trimmed:              25,914,491 bp (0.6%)
Total written (filtered):  4,332,645,520 bp (99.1%)

=== Adapter 1 ===

Sequence: AGATCGGAAGAGC; Type: regular 3'; Length: 13; Trimmed: 8898167 times.

No. of allowed errors:
0-9 bp: 0; 10-13 bp: 1

Bases preceding removed adapters:
  A: 37.0%
  C: 25.2%
  G: 22.5%
  T: 15.3%
  none/other: 0.0%

Overview of removed sequences
length	count	expect	max.err	error counts
1	7107119	14476848.2	0	7107119
2	773350	3619212.1	0	773350
3	872377	904803.0	0	872377
4	98491	226200.8	0	98491
5	30418	56550.2	0	30418
6	3718	14137.5	0	3718
7	181	3534.4	0	181
8	101	883.6	0	101
9	384	220.9	0	336 48
10	562	55.2	1	69 493
11	937	13.8	1	96 841
12	317	3.5	1	36 281
13	184	0.9	1	36 148
14	414	0.9	1	64 350
15	312	0.9	1	32 280
16	292	0.9	1	28 264
17	272	0.9	1	48 224
18	306	0.9	1	34 272
19	355	0.9	1	55 300
20	197	0.9	1	30 167
21	354	0.9	1	73 281
22	213	0.9	1	34 179
23	210	0.9	1	35 175
24	363	0.9	1	73 290
25	236	0.9	1	50 186
26	383	0.9	1	81 302
27	398	0.9	1	103 295
28	183	0.9	1	34 149
29	190	0.9	1	46 144
30	170	0.9	1	37 133
31	294	0.9	1	63 231
32	271	0.9	1	50 221
33	467	0.9	1	115 352
34	307	0.9	1	59 248
35	145	0.9	1	33 112
36	214	0.9	1	43 171
37	223	0.9	1	55 168
38	171	0.9	1	40 131
39	355	0.9	1	72 283
40	136	0.9	1	29 107
41	157	0.9	1	43 114
42	154	0.9	1	30 124
43	139	0.9	1	37 102
44	140	0.9	1	29 111
45	215	0.9	1	37 178
46	174	0.9	1	34 140
47	91	0.9	1	12 79
48	126	0.9	1	23 103
49	84	0.9	1	9 75
50	48	0.9	1	8 40
51	61	0.9	1	11 50
52	37	0.9	1	5 32
53	39	0.9	1	3 36
54	64	0.9	1	24 40
55	56	0.9	1	17 39
56	88	0.9	1	3 85
57	28	0.9	1	0 28
58	26	0.9	1	1 25
59	24	0.9	1	0 24
60	35	0.9	1	0 35
61	55	0.9	1	9 46
62	46	0.9	1	0 46
63	52	0.9	1	7 45
64	24	0.9	1	1 23
65	52	0.9	1	8 44
66	36	0.9	1	7 29
67	45	0.9	1	3 42
68	54	0.9	1	4 50
69	11	0.9	1	2 9
70	23	0.9	1	1 22
71	69	0.9	1	0 69
72	101	0.9	1	3 98
73	101	0.9	1	4 97
74	91	0.9	1	3 88
75	32	0.9	1	0 32
76	19	0.9	1	1 18


RUN STATISTICS FOR INPUT FILE: NobtPre2_2.fq.gz
=============================================
57907393 sequences processed in total
The length threshold of paired-end sequences gets evaluated later on (in the validation step)

Validate paired-end files NobtPre2_1_trimmed.fq.gz and NobtPre2_2_trimmed.fq.gz
file_1: NobtPre2_1_trimmed.fq.gz, file_2: NobtPre2_2_trimmed.fq.gz


>>>>> Now validing the length of the 2 paired-end infiles: NobtPre2_1_trimmed.fq.gz and NobtPre2_2_trimmed.fq.gz <<<<<
Writing validated paired-end read 1 reads to NobtPre2_1_val_1.fq.gz
Writing validated paired-end read 2 reads to NobtPre2_2_val_2.fq.gz

This is cutadapt 1.14 with Python 2.7.5
Command line parameters: -f fastq -e 0.1 -q 20 -O 1 -a AGATCGGAAGAGC Nobt3DPA1_2.fq.gz
Trimming 1 adapter with at most 10.0% errors in single-end mode ...
Finished in 909.04 s (15 us/read; 4.05 M reads/minute).

=== Summary ===

Total reads processed:              61,356,052
Reads with adapters:                 8,175,459 (13.3%)
Reads written (passing filters):    61,356,052 (100.0%)

Total basepairs processed: 4,632,563,587 bp
Quality-trimmed:              19,320,650 bp (0.4%)
Total written (filtered):  4,602,500,878 bp (99.4%)

=== Adapter 1 ===

Sequence: AGATCGGAAGAGC; Type: regular 3'; Length: 13; Trimmed: 8175459 times.

No. of allowed errors:
0-9 bp: 0; 10-13 bp: 1

Bases preceding removed adapters:
  A: 33.6%
  C: 26.2%
  G: 24.7%
  T: 15.5%
  none/other: 0.0%

Overview of removed sequences
length	count	expect	max.err	error counts
1	6684702	15339013.0	0	6684702
2	745837	3834753.2	0	745837
3	628593	958688.3	0	628593
4	82577	239672.1	0	82577
5	23912	59918.0	0	23912
6	2688	14979.5	0	2688
7	137	3744.9	0	137
8	44	936.2	0	44
9	190	234.1	0	82 108
10	342	58.5	1	28 314
11	487	14.6	1	36 451
12	279	3.7	1	22 257
13	131	0.9	1	20 111
14	153	0.9	1	14 139
15	137	0.9	1	15 122
16	286	0.9	1	40 246
17	149	0.9	1	35 114
18	138	0.9	1	20 118
19	118	0.9	1	21 97
20	97	0.9	1	13 84
21	155	0.9	1	27 128
22	119	0.9	1	21 98
23	117	0.9	1	25 92
24	138	0.9	1	24 114
25	127	0.9	1	23 104
26	227	0.9	1	46 181
27	227	0.9	1	55 172
28	87	0.9	1	18 69
29	183	0.9	1	35 148
30	73	0.9	1	18 55
31	123	0.9	1	20 103
32	129	0.9	1	33 96
33	175	0.9	1	33 142
34	157	0.9	1	23 134
35	71	0.9	1	7 64
36	101	0.9	1	17 84
37	97	0.9	1	13 84
38	122	0.9	1	20 102
39	118	0.9	1	33 85
40	122	0.9	1	34 88
41	73	0.9	1	12 61
42	67	0.9	1	18 49
43	80	0.9	1	14 66
44	62	0.9	1	10 52
45	191	0.9	1	63 128
46	88	0.9	1	25 63
47	75	0.9	1	10 65
48	56	0.9	1	9 47
49	83	0.9	1	11 72
50	51	0.9	1	7 44
51	31	0.9	1	3 28
52	35	0.9	1	2 33
53	24	0.9	1	2 22
54	40	0.9	1	11 29
55	41	0.9	1	14 27
56	72	0.9	1	3 69
57	27	0.9	1	0 27
58	26	0.9	1	4 22
59	24	0.9	1	3 21
60	33	0.9	1	1 32
61	44	0.9	1	3 41
62	37	0.9	1	4 33
63	39	0.9	1	4 35
64	30	0.9	1	8 22
65	43	0.9	1	9 34
66	29	0.9	1	11 18
67	48	0.9	1	11 37
68	27	0.9	1	4 23
69	18	0.9	1	2 16
70	19	0.9	1	2 17
71	50	0.9	1	4 46
72	72	0.9	1	11 61
73	64	0.9	1	4 60
74	54	0.9	1	6 48
75	27	0.9	1	0 27
76	14	0.9	1	2 12


RUN STATISTICS FOR INPUT FILE: Nobt3DPA1_2.fq.gz
=============================================
61356052 sequences processed in total
The length threshold of paired-end sequences gets evaluated later on (in the validation step)

Validate paired-end files Nobt3DPA1_1_trimmed.fq.gz and Nobt3DPA1_2_trimmed.fq.gz
file_1: Nobt3DPA1_1_trimmed.fq.gz, file_2: Nobt3DPA1_2_trimmed.fq.gz


>>>>> Now validing the length of the 2 paired-end infiles: Nobt3DPA1_1_trimmed.fq.gz and Nobt3DPA1_2_trimmed.fq.gz <<<<<
Writing validated paired-end read 1 reads to Nobt3DPA1_1_val_1.fq.gz
Writing validated paired-end read 2 reads to Nobt3DPA1_2_val_2.fq.gz

50000000 sequences processed
60000000 sequences processed
70000000 sequences processed
This is cutadapt 1.14 with Python 2.7.5
Command line parameters: -f fastq -e 0.1 -q 20 -O 1 -a AGATCGGAAGAGC Nobt6DPA1_2.fq.gz
Trimming 1 adapter with at most 10.0% errors in single-end mode ...
Finished in 1080.96 s (15 us/read; 3.97 M reads/minute).

=== Summary ===

Total reads processed:              71,492,260
Reads with adapters:                10,794,990 (15.1%)
Reads written (passing filters):    71,492,260 (100.0%)

Total basepairs processed: 5,391,220,012 bp
Quality-trimmed:              54,560,148 bp (1.0%)
Total written (filtered):  5,322,116,442 bp (98.7%)

=== Adapter 1 ===

Sequence: AGATCGGAAGAGC; Type: regular 3'; Length: 13; Trimmed: 10794990 times.

No. of allowed errors:
0-9 bp: 0; 10-13 bp: 1

Bases preceding removed adapters:
  A: 36.4%
  C: 26.4%
  G: 22.0%
  T: 15.2%
  none/other: 0.0%

Overview of removed sequences
length	count	expect	max.err	error counts
1	8760460	17873065.0	0	8760460
2	921261	4468266.2	0	921261
3	938287	1117066.6	0	938287
4	118098	279266.6	0	118098
5	39127	69816.7	0	39127
6	4452	17454.2	0	4452
7	231	4363.5	0	231
8	75	1090.9	0	75
9	239	272.7	0	147 92
10	529	68.2	1	55 474
11	865	17.0	1	71 794
12	335	4.3	1	48 287
13	258	1.1	1	32 226
14	234	1.1	1	16 218
15	191	1.1	1	21 170
16	545	1.1	1	101 444
17	257	1.1	1	50 207
18	275	1.1	1	32 243
19	206	1.1	1	38 168
20	155	1.1	1	17 138
21	269	1.1	1	50 219
22	170	1.1	1	31 139
23	188	1.1	1	26 162
24	220	1.1	1	51 169
25	211	1.1	1	47 164
26	356	1.1	1	71 285
27	429	1.1	1	127 302
28	123	1.1	1	19 104
29	383	1.1	1	123 260
30	98	1.1	1	24 74
31	183	1.1	1	34 149
32	213	1.1	1	42 171
33	375	1.1	1	67 308
34	319	1.1	1	68 251
35	136	1.1	1	21 115
36	236	1.1	1	83 153
37	157	1.1	1	30 127
38	186	1.1	1	42 144
39	220	1.1	1	25 195
40	238	1.1	1	63 175
41	120	1.1	1	27 93
42	124	1.1	1	28 96
43	137	1.1	1	25 112
44	108	1.1	1	23 85
45	744	1.1	1	347 397
46	503	1.1	1	224 279
47	157	1.1	1	42 115
48	105	1.1	1	11 94
49	111	1.1	1	12 99
50	97	1.1	1	18 79
51	56	1.1	1	7 49
52	54	1.1	1	5 49
53	52	1.1	1	6 46
54	74	1.1	1	11 63
55	71	1.1	1	9 62
56	121	1.1	1	5 116
57	28	1.1	1	0 28
58	42	1.1	1	2 40
59	37	1.1	1	3 34
60	51	1.1	1	6 45
61	75	1.1	1	11 64
62	51	1.1	1	4 47
63	61	1.1	1	8 53
64	55	1.1	1	9 46
65	101	1.1	1	13 88
66	74	1.1	1	31 43
67	91	1.1	1	21 70
68	84	1.1	1	14 70
69	25	1.1	1	7 18
70	46	1.1	1	3 43
71	116	1.1	1	4 112
72	119	1.1	1	12 107
73	111	1.1	1	11 100
74	103	1.1	1	5 98
75	239	1.1	1	1 238
76	57	1.1	1	17 40


RUN STATISTICS FOR INPUT FILE: Nobt6DPA1_2.fq.gz
=============================================
71492260 sequences processed in total
The length threshold of paired-end sequences gets evaluated later on (in the validation step)

Validate paired-end files Nobt6DPA1_1_trimmed.fq.gz and Nobt6DPA1_2_trimmed.fq.gz
file_1: Nobt6DPA1_1_trimmed.fq.gz, file_2: Nobt6DPA1_2_trimmed.fq.gz


>>>>> Now validing the length of the 2 paired-end infiles: Nobt6DPA1_1_trimmed.fq.gz and Nobt6DPA1_2_trimmed.fq.gz <<<<<
Writing validated paired-end read 1 reads to Nobt6DPA1_1_val_1.fq.gz
Writing validated paired-end read 2 reads to Nobt6DPA1_2_val_2.fq.gz

Total number of sequences analysed: 51149720

Number of sequence pairs removed because at least one read was shorter than the length cutoff (20 bp): 653547 (1.28%)

Deleting both intermediate output files NobtPre1_1_trimmed.fq.gz and NobtPre1_2_trimmed.fq.gz

====================================================================================================

Done.
Total number of sequences analysed: 54181061

Number of sequence pairs removed because at least one read was shorter than the length cutoff (20 bp): 527314 (0.97%)

Deleting both intermediate output files Nobt6DPA3_1_trimmed.fq.gz and Nobt6DPA3_2_trimmed.fq.gz

====================================================================================================

Done.
Total number of sequences analysed: 54037655

Number of sequence pairs removed because at least one read was shorter than the length cutoff (20 bp): 266787 (0.49%)

Deleting both intermediate output files Nobt6DPA2_1_trimmed.fq.gz and Nobt6DPA2_2_trimmed.fq.gz

====================================================================================================

Done.
Total number of sequences analysed: 55668975

Number of sequence pairs removed because at least one read was shorter than the length cutoff (20 bp): 787678 (1.41%)

Deleting both intermediate output files Nobt3DPA2_1_trimmed.fq.gz and Nobt3DPA2_2_trimmed.fq.gz

====================================================================================================

Done.
Total number of sequences analysed: 58034907

Number of sequence pairs removed because at least one read was shorter than the length cutoff (20 bp): 180450 (0.31%)

Deleting both intermediate output files NobtPre3_1_trimmed.fq.gz and NobtPre3_2_trimmed.fq.gz

====================================================================================================

Done.
Total number of sequences analysed: 57907393

Number of sequence pairs removed because at least one read was shorter than the length cutoff (20 bp): 218014 (0.38%)

Deleting both intermediate output files NobtPre2_1_trimmed.fq.gz and NobtPre2_2_trimmed.fq.gz

====================================================================================================

Total number of sequences analysed: 58351470

Number of sequence pairs removed because at least one read was shorter than the length cutoff (20 bp): 832555 (1.43%)

Deleting both intermediate output files Nobt3DPA3_1_trimmed.fq.gz and Nobt3DPA3_2_trimmed.fq.gz

====================================================================================================

Done.
Done.
Total number of sequences analysed: 61356052

Number of sequence pairs removed because at least one read was shorter than the length cutoff (20 bp): 139501 (0.23%)

Deleting both intermediate output files Nobt3DPA1_1_trimmed.fq.gz and Nobt3DPA1_2_trimmed.fq.gz

====================================================================================================

Done.
Total number of sequences analysed: 71492260

Number of sequence pairs removed because at least one read was shorter than the length cutoff (20 bp): 726211 (1.02%)

Deleting both intermediate output files Nobt6DPA1_1_trimmed.fq.gz and Nobt6DPA1_2_trimmed.fq.gz

====================================================================================================

Done.
