

     ______  ____   ____  ____   ____  ______  __ __
    |      ||    \ |    ||    \ |    ||      ||  |  |
    |      ||  D  ) |  | |  _  | |  | |      ||  |  |
    |_|  |_||    /  |  | |  |  | |  | |_|  |_||  ~  |
      |  |  |    \  |  | |  |  | |  |   |  |  |___, |
      |  |  |  .  \ |  | |  |  | |  |   |  |  |     |
      |__|  |__|\_||____||__|__||____|  |__|  |____/

    Trinity-v2.8.5



Left read files: $VAR1 = [
          '/rhome/arajewski/bigdata/Datura/Alkaloids/Abel_trinity/Rcorrector/ERR2040625_1_val_1.cor.fq.gz',
          '/rhome/arajewski/bigdata/Datura/Alkaloids/Abel_trinity/Rcorrector/unfixrm_SRR118430_1_val_1.cor.fq.gz',
          '/rhome/arajewski/bigdata/Datura/Alkaloids/Abel_trinity/Rcorrector/unfixrm_SRR192881_1_val_1.cor.fq.gz',
          '/rhome/arajewski/bigdata/Datura/Alkaloids/Abel_trinity/Rcorrector/unfixrm_SRR9888536_1_val_1.cor.fq.gz',
          '/rhome/arajewski/bigdata/Datura/Alkaloids/Abel_trinity/Rcorrector/unfixrm_SRR192882_1_val_1.cor.fq.gz',
          '/rhome/arajewski/bigdata/Datura/Alkaloids/Abel_trinity/Rcorrector/unfixrm_SRR118431_1_val_1.cor.fq.gz',
          '/rhome/arajewski/bigdata/Datura/Alkaloids/Abel_trinity/Rcorrector/unfixrm_SRR118439_1_trimmed.cor.fq.gz',
          '/rhome/arajewski/bigdata/Datura/Alkaloids/Abel_trinity/Rcorrector/unfixrm_SRR118440_1_trimmed.cor.fq.gz',
          '/rhome/arajewski/bigdata/Datura/Alkaloids/Abel_trinity/Rcorrector/unfixrm_SRR118438_1_trimmed.cor.fq.gz',
          '/rhome/arajewski/bigdata/Datura/Alkaloids/Abel_trinity/Rcorrector/unfixrm_SRR118432_1_trimmed.cor.fq.gz',
          '/rhome/arajewski/bigdata/Datura/Alkaloids/Abel_trinity/Rcorrector/unfixrm_SRR118435_1_trimmed.cor.fq.gz',
          '/rhome/arajewski/bigdata/Datura/Alkaloids/Abel_trinity/Rcorrector/unfixrm_SRR118436_1_trimmed.cor.fq.gz',
          '/rhome/arajewski/bigdata/Datura/Alkaloids/Abel_trinity/Rcorrector/unfixrm_SRR118437_1_trimmed.cor.fq.gz',
          '/rhome/arajewski/bigdata/Datura/Alkaloids/Abel_trinity/Rcorrector/unfixrm_SRR118433_1_trimmed.cor.fq.gz',
          '/rhome/arajewski/bigdata/Datura/Alkaloids/Abel_trinity/Rcorrector/unfixrm_SRR118429_1_trimmed.cor.fq.gz',
          '/rhome/arajewski/bigdata/Datura/Alkaloids/Abel_trinity/Rcorrector/unfixrm_SRR118441_1_trimmed.cor.fq.gz',
          '/rhome/arajewski/bigdata/Datura/Alkaloids/Abel_trinity/Rcorrector/unfixrm_SRR118434_1_trimmed.cor.fq.gz'
        ];
Right read files: $VAR1 = [
          '/rhome/arajewski/bigdata/Datura/Alkaloids/Abel_trinity/Rcorrector/ERR2040625_2_val_2.cor.fq.gz',
          '/rhome/arajewski/bigdata/Datura/Alkaloids/Abel_trinity/Rcorrector/unfixrm_SRR118430_2_val_2.cor.fq.gz',
          '/rhome/arajewski/bigdata/Datura/Alkaloids/Abel_trinity/Rcorrector/unfixrm_SRR192881_2_val_2.cor.fq.gz',
          '/rhome/arajewski/bigdata/Datura/Alkaloids/Abel_trinity/Rcorrector/unfixrm_SRR9888536_2_val_2.cor.fq.gz',
          '/rhome/arajewski/bigdata/Datura/Alkaloids/Abel_trinity/Rcorrector/unfixrm_SRR192882_2_val_2.cor.fq.gz',
          '/rhome/arajewski/bigdata/Datura/Alkaloids/Abel_trinity/Rcorrector/unfixrm_SRR118431_2_val_2.cor.fq.gz'
        ];
Trinity version: Trinity-v2.8.5
** NOTE: Latest version of Trinity is v2.10.0, and can be obtained at:
	https://github.com/trinityrnaseq/trinityrnaseq/releases

Error, output directory must contain the word 'trinity' as a safety precaution, given that auto-deletion can take place.
