

     ______  ____   ____  ____   ____  ______  __ __
    |      ||    \ |    ||    \ |    ||      ||  |  |
    |      ||  D  ) |  | |  _  | |  | |      ||  |  |
    |_|  |_||    /  |  | |  |  | |  | |_|  |_||  ~  |
      |  |  |    \  |  | |  |  | |  |   |  |  |___, |
      |  |  |  .  \ |  | |  |  | |  |   |  |  |     |
      |__|  |__|\_||____||__|__||____|  |__|  |____/

    Trinity-v2.8.5



Left read files: $VAR1 = [
          'ExternalData/Abel/ERR2040625_1.fastq.gz',
          'ExternalData/Abel/SRR118429_1.fastq.gz',
          'ExternalData/Abel/SRR118430_1.fastq.gz',
          'ExternalData/Abel/SRR118431_1.fastq.gz',
          'ExternalData/Abel/SRR118432_1.fastq.gz',
          'ExternalData/Abel/SRR118433_1.fastq.gz',
          'ExternalData/Abel/SRR118434_1.fastq.gz',
          'ExternalData/Abel/SRR118435_1.fastq.gz',
          'ExternalData/Abel/SRR118436_1.fastq.gz',
          'ExternalData/Abel/SRR118437_1.fastq.gz',
          'ExternalData/Abel/SRR118438_1.fastq.gz',
          'ExternalData/Abel/SRR118439_1.fastq.gz',
          'ExternalData/Abel/SRR118440_1.fastq.gz',
          'ExternalData/Abel/SRR118441_1.fastq.gz',
          'ExternalData/Abel/SRR192881_1.fastq.gz',
          'ExternalData/Abel/SRR192882_1.fastq.gz',
          'ExternalData/Abel/SRR9888536_1.fastq.gz'
        ];
Right read files: $VAR1 = [
          'ExternalData/Abel/ERR2040625_2.fastq.gz',
          'ExternalData/Abel/SRR118430_2.fastq.gz',
          'ExternalData/Abel/SRR118431_2.fastq.gz',
          'ExternalData/Abel/SRR192881_2.fastq.gz',
          'ExternalData/Abel/SRR192882_2.fastq.gz',
          'ExternalData/Abel/SRR9888536_2.fastq.gz'
        ];
Trinity version: Trinity-v2.8.5
** NOTE: Latest version of Trinity is v2.10.0, and can be obtained at:
	https://github.com/trinityrnaseq/trinityrnaseq/releases

Sunday, March 22, 2020: 18:18:36	CMD: java -Xmx64m -XX:ParallelGCThreads=2  -jar /bigdata/operations/pkgadmin/opt/linux/centos/7.x/x86_64/pkgs/trinity-rnaseq/2.8.5/util/support_scripts/ExitTester.jar 0
Sunday, March 22, 2020: 18:18:37	CMD: java -Xmx4g -XX:ParallelGCThreads=2  -jar /bigdata/operations/pkgadmin/opt/linux/centos/7.x/x86_64/pkgs/trinity-rnaseq/2.8.5/util/support_scripts/ExitTester.jar 1
Sunday, March 22, 2020: 18:18:37	CMD: mkdir -p /bigdata/littlab/arajewski/Datura/Alkaloids/Abel_trinity
Sunday, March 22, 2020: 18:18:37	CMD: mkdir -p /bigdata/littlab/arajewski/Datura/Alkaloids/Abel_trinity/chrysalis


----------------------------------------------------------------------------------
-------------- Trinity Phase 1: Clustering of RNA-Seq Reads  ---------------------
----------------------------------------------------------------------------------

---------------------------------------------------------------
------ Quality Trimming Via Trimmomatic  ---------------------
<< ILLUMINACLIP:/bigdata/operations/pkgadmin/opt/linux/centos/7.x/x86_64/pkgs/trinity-rnaseq/2.8.5/trinity-plugins/Trimmomatic/adapters/TruSeq3-PE.fa:2:30:10 SLIDINGWINDOW:4:5 LEADING:5 TRAILING:5 MINLEN:25 >>
---------------------------------------------------------------


## Running Trimmomatic on read files: /bigdata/littlab/arajewski/Datura/Alkaloids/ExternalData/Abel/ERR2040625_1.fastq.gz, /bigdata/littlab/arajewski/Datura/Alkaloids/ExternalData/Abel/ERR2040625_2.fastq.gz
Sunday, March 22, 2020: 18:18:37	CMD: java  -jar /bigdata/operations/pkgadmin/opt/linux/centos/7.x/x86_64/pkgs/trinity-rnaseq/2.8.5/trinity-plugins/Trimmomatic/trimmomatic.jar PE -threads 32  /bigdata/littlab/arajewski/Datura/Alkaloids/ExternalData/Abel/ERR2040625_1.fastq.gz /bigdata/littlab/arajewski/Datura/Alkaloids/ExternalData/Abel/ERR2040625_2.fastq.gz  ERR2040625_1.fastq.gz.P.qtrim ERR2040625_1.fastq.gz.U.qtrim  ERR2040625_2.fastq.gz.P.qtrim ERR2040625_2.fastq.gz.U.qtrim  ILLUMINACLIP:/bigdata/operations/pkgadmin/opt/linux/centos/7.x/x86_64/pkgs/trinity-rnaseq/2.8.5/trinity-plugins/Trimmomatic/adapters/TruSeq3-PE.fa:2:30:10 SLIDINGWINDOW:4:5 LEADING:5 TRAILING:5 MINLEN:25 
TrimmomaticPE: Started with arguments:
 -threads 32 /bigdata/littlab/arajewski/Datura/Alkaloids/ExternalData/Abel/ERR2040625_1.fastq.gz /bigdata/littlab/arajewski/Datura/Alkaloids/ExternalData/Abel/ERR2040625_2.fastq.gz ERR2040625_1.fastq.gz.P.qtrim ERR2040625_1.fastq.gz.U.qtrim ERR2040625_2.fastq.gz.P.qtrim ERR2040625_2.fastq.gz.U.qtrim ILLUMINACLIP:/bigdata/operations/pkgadmin/opt/linux/centos/7.x/x86_64/pkgs/trinity-rnaseq/2.8.5/trinity-plugins/Trimmomatic/adapters/TruSeq3-PE.fa:2:30:10 SLIDINGWINDOW:4:5 LEADING:5 TRAILING:5 MINLEN:25
Using PrefixPair: 'TACACTCTTTCCCTACACGACGCTCTTCCGATCT' and 'GTGACTGGAGTTCAGACGTGTGCTCTTCCGATCT'
ILLUMINACLIP: Using 1 prefix pairs, 0 forward/reverse sequences, 0 forward only sequences, 0 reverse only sequences
Quality encoding detected as phred33
Input Read Pairs: 12478877 Both Surviving: 12473269 (99.96%) Forward Only Surviving: 5608 (0.04%) Reverse Only Surviving: 0 (0.00%) Dropped: 0 (0.00%)
TrimmomaticPE: Completed successfully
Sunday, March 22, 2020: 18:19:27	CMD: cp ERR2040625_1.fastq.gz.P.qtrim ERR2040625_1.fastq.gz.PwU.qtrim.fq
Sunday, March 22, 2020: 18:19:28	CMD: cp ERR2040625_2.fastq.gz.P.qtrim ERR2040625_2.fastq.gz.PwU.qtrim.fq
Sunday, March 22, 2020: 18:19:30	CMD: touch trimmomatic.ok
Sunday, March 22, 2020: 18:19:30	CMD: gzip ERR2040625_1.fastq.gz.P.qtrim ERR2040625_1.fastq.gz.U.qtrim ERR2040625_2.fastq.gz.P.qtrim ERR2040625_2.fastq.gz.U.qtrim &

## Running Trimmomatic on read files: /bigdata/littlab/arajewski/Datura/Alkaloids/ExternalData/Abel/SRR118429_1.fastq.gz, /bigdata/littlab/arajewski/Datura/Alkaloids/ExternalData/Abel/SRR118430_2.fastq.gz
Sunday, March 22, 2020: 18:19:30	CMD: java  -jar /bigdata/operations/pkgadmin/opt/linux/centos/7.x/x86_64/pkgs/trinity-rnaseq/2.8.5/trinity-plugins/Trimmomatic/trimmomatic.jar PE -threads 32  /bigdata/littlab/arajewski/Datura/Alkaloids/ExternalData/Abel/SRR118429_1.fastq.gz /bigdata/littlab/arajewski/Datura/Alkaloids/ExternalData/Abel/SRR118430_2.fastq.gz  SRR118429_1.fastq.gz.P.qtrim SRR118429_1.fastq.gz.U.qtrim  SRR118430_2.fastq.gz.P.qtrim SRR118430_2.fastq.gz.U.qtrim  ILLUMINACLIP:/bigdata/operations/pkgadmin/opt/linux/centos/7.x/x86_64/pkgs/trinity-rnaseq/2.8.5/trinity-plugins/Trimmomatic/adapters/TruSeq3-PE.fa:2:30:10 SLIDINGWINDOW:4:5 LEADING:5 TRAILING:5 MINLEN:25 
TrimmomaticPE: Started with arguments:
 -threads 32 /bigdata/littlab/arajewski/Datura/Alkaloids/ExternalData/Abel/SRR118429_1.fastq.gz /bigdata/littlab/arajewski/Datura/Alkaloids/ExternalData/Abel/SRR118430_2.fastq.gz SRR118429_1.fastq.gz.P.qtrim SRR118429_1.fastq.gz.U.qtrim SRR118430_2.fastq.gz.P.qtrim SRR118430_2.fastq.gz.U.qtrim ILLUMINACLIP:/bigdata/operations/pkgadmin/opt/linux/centos/7.x/x86_64/pkgs/trinity-rnaseq/2.8.5/trinity-plugins/Trimmomatic/adapters/TruSeq3-PE.fa:2:30:10 SLIDINGWINDOW:4:5 LEADING:5 TRAILING:5 MINLEN:25
Using PrefixPair: 'TACACTCTTTCCCTACACGACGCTCTTCCGATCT' and 'GTGACTGGAGTTCAGACGTGTGCTCTTCCGATCT'
ILLUMINACLIP: Using 1 prefix pairs, 0 forward/reverse sequences, 0 forward only sequences, 0 reverse only sequences
Quality encoding detected as phred33
Input Read Pairs: 27791917 Both Surviving: 25380380 (91.32%) Forward Only Surviving: 1965221 (7.07%) Reverse Only Surviving: 413982 (1.49%) Dropped: 32334 (0.12%)
TrimmomaticPE: Completed successfully
Sunday, March 22, 2020: 18:21:21	CMD: cp SRR118429_1.fastq.gz.P.qtrim SRR118429_1.fastq.gz.PwU.qtrim.fq
Sunday, March 22, 2020: 18:21:24	CMD: cp SRR118430_2.fastq.gz.P.qtrim SRR118430_2.fastq.gz.PwU.qtrim.fq
Sunday, March 22, 2020: 18:21:27	CMD: touch trimmomatic.ok
Sunday, March 22, 2020: 18:21:27	CMD: gzip SRR118429_1.fastq.gz.P.qtrim SRR118429_1.fastq.gz.U.qtrim SRR118430_2.fastq.gz.P.qtrim SRR118430_2.fastq.gz.U.qtrim &

## Running Trimmomatic on read files: /bigdata/littlab/arajewski/Datura/Alkaloids/ExternalData/Abel/SRR118430_1.fastq.gz, /bigdata/littlab/arajewski/Datura/Alkaloids/ExternalData/Abel/SRR118431_2.fastq.gz
Sunday, March 22, 2020: 18:21:27	CMD: java  -jar /bigdata/operations/pkgadmin/opt/linux/centos/7.x/x86_64/pkgs/trinity-rnaseq/2.8.5/trinity-plugins/Trimmomatic/trimmomatic.jar PE -threads 32  /bigdata/littlab/arajewski/Datura/Alkaloids/ExternalData/Abel/SRR118430_1.fastq.gz /bigdata/littlab/arajewski/Datura/Alkaloids/ExternalData/Abel/SRR118431_2.fastq.gz  SRR118430_1.fastq.gz.P.qtrim SRR118430_1.fastq.gz.U.qtrim  SRR118431_2.fastq.gz.P.qtrim SRR118431_2.fastq.gz.U.qtrim  ILLUMINACLIP:/bigdata/operations/pkgadmin/opt/linux/centos/7.x/x86_64/pkgs/trinity-rnaseq/2.8.5/trinity-plugins/Trimmomatic/adapters/TruSeq3-PE.fa:2:30:10 SLIDINGWINDOW:4:5 LEADING:5 TRAILING:5 MINLEN:25 
TrimmomaticPE: Started with arguments:
 -threads 32 /bigdata/littlab/arajewski/Datura/Alkaloids/ExternalData/Abel/SRR118430_1.fastq.gz /bigdata/littlab/arajewski/Datura/Alkaloids/ExternalData/Abel/SRR118431_2.fastq.gz SRR118430_1.fastq.gz.P.qtrim SRR118430_1.fastq.gz.U.qtrim SRR118431_2.fastq.gz.P.qtrim SRR118431_2.fastq.gz.U.qtrim ILLUMINACLIP:/bigdata/operations/pkgadmin/opt/linux/centos/7.x/x86_64/pkgs/trinity-rnaseq/2.8.5/trinity-plugins/Trimmomatic/adapters/TruSeq3-PE.fa:2:30:10 SLIDINGWINDOW:4:5 LEADING:5 TRAILING:5 MINLEN:25
Using PrefixPair: 'TACACTCTTTCCCTACACGACGCTCTTCCGATCT' and 'GTGACTGGAGTTCAGACGTGTGCTCTTCCGATCT'
ILLUMINACLIP: Using 1 prefix pairs, 0 forward/reverse sequences, 0 forward only sequences, 0 reverse only sequences
Quality encoding detected as phred33
slurmstepd-i35: error: *** JOB 935173 ON i35 CANCELLED AT 2020-03-22T18:23:36 ***
