[2020-05-11 15:45:19] INFO: Starting Flye 2.5-release
[2020-05-11 15:45:19] INFO: >>>STAGE: configure
[2020-05-11 15:45:19] INFO: Configuring run
[2020-05-11 15:45:19] WARNING: Input contain non-ACGT characters - they will be converted to arbitrary ACGTs
[2020-05-11 15:45:39] INFO: Total read length: 5686380875
[2020-05-11 15:45:39] INFO: Input genome size: 1743565324
[2020-05-11 15:45:39] INFO: Estimated coverage: 3
[2020-05-11 15:45:39] WARNING: Expected read coverage is 3, the assembly is not guaranteed to be optimal in this setting. Are you sure that the genome size was entered correctly?
[2020-05-11 15:45:39] INFO: Reads N50/N90: 24738 / 6300
[2020-05-11 15:45:39] INFO: Selected minimum overlap: 2500
[2020-05-11 15:45:39] INFO: Selected k-mer size: 21
[2020-05-11 15:45:39] INFO: >>>STAGE: assembly
[2020-05-11 15:45:39] INFO: Assembling disjointigs
[2020-05-11 15:45:40] INFO: Reading sequences
[2020-05-11 15:46:19] INFO: Generating solid k-mer index
[2020-05-11 15:51:01] INFO: Counting k-mers (1/2):
0% 10% 20% 30% 40% 50% 60% 70% 80% 90% 100% 
[2020-05-11 15:51:19] INFO: Counting k-mers (2/2):
0% 10% 20% 30% 40% 50% 60% 70% 80% 90% 100% 
[2020-05-11 15:52:19] INFO: Filling index table
0% 10% 20% 30% 40% 50% 60% 70% 80% 90% 100% 
[2020-05-11 15:55:09] INFO: Extending reads
[2020-05-11 15:56:26] INFO: Overlap-based coverage: 4
[2020-05-11 15:56:26] INFO: Median overlap divergence: -0.00445377
0% 10% 20% 30% 40% 50% 60% 70% 80% 90% 100% 
[2020-05-11 16:15:49] INFO: Assembled 11011 disjointigs
[2020-05-11 16:15:53] INFO: Generating sequence
0% 10% 20% 30% 40% 50% 60% 70% 80% 90% 100% 
[2020-05-11 16:28:40] INFO: >>>STAGE: consensus
[2020-05-11 16:28:59] INFO: Running Minimap2
[2020-05-11 16:55:41] INFO: Computing consensus
[2020-05-11 17:14:03] INFO: Alignment error rate: 0.0898030569212
[2020-05-11 17:14:12] INFO: >>>STAGE: repeat
[2020-05-11 17:14:13] INFO: Building and resolving repeat graph
[2020-05-11 17:14:13] INFO: Reading sequences
[2020-05-11 17:15:00] INFO: Building repeat graph
0% 10% 20% 30% 40% 50% 60% 70% 80% 90% 100% 
[2020-05-11 22:45:58] INFO: Median overlap divergence: 0.0867728
[2020-05-11 22:51:40] INFO: Aligning reads to the graph
0% 10% 20% 30% 40% 50% 60% 70% 80% 90% 100% 
[2020-05-12 00:27:21] INFO: Aligned read sequence: 5042970861 / 5512837411 (0.914769)
[2020-05-12 00:27:21] INFO: Median overlap divergence: 0.0973763
[2020-05-12 00:27:27] INFO: Mean edge coverage: 5
[2020-05-12 00:27:56] INFO: Resolving repeats
[2020-05-12 00:38:50] INFO: >>>STAGE: contigger
[2020-05-12 00:38:50] INFO: Generating contigs
[2020-05-12 00:38:50] INFO: Reading sequences
[2020-05-12 00:40:04] INFO: Generated 12286 contigs
[2020-05-12 00:45:14] INFO: >>>STAGE: finalize
[2020-05-12 00:45:44] INFO: Assembly statistics:

	Total length:	806102755
	Fragments:	12266
	Fragments N50:	107892
	Largest frg:	1310830
	Scaffolds:	20
	Mean coverage:	4

[2020-05-12 00:45:44] INFO: Final assembly: /bigdata/littlab/arajewski/Datura/2_MaSuRCA338/flye/assembly.fasta
