Command line: /opt/linux/centos/7.x/x86_64/pkgs/SPAdes/3.13.1/bin/spades.py	-o	/bigdata/littlab/arajewski/Datura/2_Fast-Plast/Dstr/3_Spades_Assembly/spades_iter1	-1	/bigdata/littlab/arajewski/Datura/2_Fast-Plast/Dstr/2_Bowtie_Mapping/map_pair_hits.1.fq	-2	/bigdata/littlab/arajewski/Datura/2_Fast-Plast/Dstr/2_Bowtie_Mapping/map_pair_hits.2.fq	-s	/bigdata/littlab/arajewski/Datura/2_Fast-Plast/Dstr/2_Bowtie_Mapping/map_hits.fq	--only-assembler	-k	31,37,43	-t	16	

System information:
  SPAdes version: 3.13.1
  Python version: 2.7.15
  OS: Linux-3.10.0-957.el7.x86_64-x86_64-with-centos-7.6.1810-Core

Output dir: /bigdata/littlab/arajewski/Datura/2_Fast-Plast/Dstr/3_Spades_Assembly/spades_iter1
Mode: ONLY assembling (without read error correction)
Debug mode is turned OFF

Dataset parameters:
  Multi-cell mode (you should set '--sc' flag if input data was obtained with MDA (single-cell) technology or --meta flag if processing metagenomic dataset)
  Reads:
    Library number: 1, library type: paired-end
      orientation: fr
      left reads: ['/bigdata/littlab/arajewski/Datura/2_Fast-Plast/Dstr/2_Bowtie_Mapping/map_pair_hits.1.fq']
      right reads: ['/bigdata/littlab/arajewski/Datura/2_Fast-Plast/Dstr/2_Bowtie_Mapping/map_pair_hits.2.fq']
      interlaced reads: not specified
      single reads: ['/bigdata/littlab/arajewski/Datura/2_Fast-Plast/Dstr/2_Bowtie_Mapping/map_hits.fq']
      merged reads: not specified
Assembly parameters:
  k: [31, 37, 43]
  Repeat resolution is enabled
  Mismatch careful mode is turned OFF
  MismatchCorrector will be SKIPPED
  Coverage cutoff is turned OFF
Other parameters:
  Dir for temp files: /bigdata/littlab/arajewski/Datura/2_Fast-Plast/Dstr/3_Spades_Assembly/spades_iter1/tmp
  Threads: 16
  Memory limit (in Gb): 250


======= SPAdes pipeline started. Log can be found here: /bigdata/littlab/arajewski/Datura/2_Fast-Plast/Dstr/3_Spades_Assembly/spades_iter1/spades.log


===== Assembling started.


== Running assembler: K31

  0:00:00.000     4M / 4M    INFO    General                 (main.cpp                  :  74)   Loaded config from /bigdata/littlab/arajewski/Datura/2_Fast-Plast/Dstr/3_Spades_Assembly/spades_iter1/K31/configs/config.info
  0:00:00.000     4M / 4M    INFO    General                 (memory_limit.cpp          :  49)   Memory limit set to 250 Gb
  0:00:00.000     4M / 4M    INFO    General                 (main.cpp                  :  87)   Starting SPAdes, built from refs/heads/spades_3.13.1, git revision 9a9d54db2ff9abaac718155bf74c12ec9464e8ca
  0:00:00.000     4M / 4M    INFO    General                 (main.cpp                  :  88)   Maximum k-mer length: 128
  0:00:00.000     4M / 4M    INFO    General                 (main.cpp                  :  89)   Assembling dataset (/bigdata/littlab/arajewski/Datura/2_Fast-Plast/Dstr/3_Spades_Assembly/spades_iter1/dataset.info) with K=31
  0:00:00.000     4M / 4M    INFO    General                 (main.cpp                  :  90)   Maximum # of threads to use (adjusted due to OMP capabilities): 16
  0:00:00.000     4M / 4M    INFO    General                 (launch.hpp                :  52)   SPAdes started
  0:00:00.000     4M / 4M    INFO    General                 (launch.hpp                :  59)   Starting from stage: construction
  0:00:00.001     4M / 4M    INFO    General                 (launch.hpp                :  66)   Two-step RR enabled: 0
  0:00:00.001     4M / 4M    INFO   StageManager             (stage.cpp                 : 132)   STAGE == de Bruijn graph construction
  0:00:00.002     4M / 4M    INFO    General                 (read_converter.hpp        :  77)   Converting reads to binary format for library #0 (takes a while)
  0:00:00.002     4M / 4M    INFO    General                 (read_converter.hpp        :  78)   Converting paired reads
  0:00:00.079    68M / 72M   INFO    General                 (binary_converter.hpp      : 117)   23 reads written
  0:00:00.080     4M / 72M   INFO    General                 (read_converter.hpp        :  87)   Converting single reads
  0:00:00.254   136M / 140M  INFO    General                 (binary_converter.hpp      :  93)   16384 reads processed
  0:00:00.309   140M / 140M  INFO    General                 (binary_converter.hpp      :  93)   32768 reads processed
  0:00:00.495   148M / 148M  INFO    General                 (binary_converter.hpp      : 117)   59994 reads written
  0:00:00.525     4M / 148M  INFO    General                 (read_converter.hpp        :  95)   Converting merged reads
  0:00:00.672   132M / 148M  INFO    General                 (binary_converter.hpp      : 117)   0 reads written
  0:00:00.683     4M / 148M  INFO    General                 (construction.cpp          : 111)   Max read length 76
  0:00:00.683     4M / 148M  INFO    General                 (construction.cpp          : 117)   Average read length 73.2496
  0:00:00.683     4M / 148M  INFO    General                 (stage.cpp                 : 101)   PROCEDURE == k+1-mer counting
  0:00:00.683     4M / 148M  INFO    General                 (kmer_index_builder.hpp    : 117)   Splitting kmer instances into 256 files using 16 threads. This might take a while.
  0:00:00.684     4M / 148M  INFO    General                 (file_limit.hpp            :  32)   Open file limit set to 4096
  0:00:00.684     4M / 148M  INFO    General                 (kmer_splitters.hpp        :  89)   Memory available for splitting buffers: 5.20825 Gb
  0:00:00.684     4M / 148M  INFO    General                 (kmer_splitters.hpp        :  97)   Using cell size of 262144
  0:00:02.853     8G / 8G    INFO    General                 (kmer_splitters.hpp        : 289)   Processed 120080 reads
  0:00:02.854     8G / 8G    INFO    General                 (kmer_splitters.hpp        : 295)   Adding contigs from previous K
  0:00:04.197    64M / 8G    INFO    General                 (kmer_splitters.hpp        : 308)   Used 120080 reads
  0:00:04.197    64M / 8G    INFO    General                 (kmer_index_builder.hpp    : 120)   Starting k-mer counting.
  0:00:04.749    64M / 8G    INFO    General                 (kmer_index_builder.hpp    : 127)   K-mer counting done. There are 473126 kmers in total.
  0:00:04.749    64M / 8G    INFO    General                 (kmer_index_builder.hpp    : 133)   Merging temporary buckets.
  0:00:04.916    64M / 8G    INFO    General                 (stage.cpp                 : 101)   PROCEDURE == Extension index construction
  0:00:04.917    64M / 8G    INFO   K-mer Index Building     (kmer_index_builder.hpp    : 301)   Building kmer index
  0:00:04.917    64M / 8G    INFO    General                 (kmer_index_builder.hpp    : 117)   Splitting kmer instances into 256 files using 16 threads. This might take a while.
  0:00:04.918    64M / 8G    INFO    General                 (file_limit.hpp            :  32)   Open file limit set to 4096
  0:00:04.918    64M / 8G    INFO    General                 (kmer_splitters.hpp        :  89)   Memory available for splitting buffers: 5.20703 Gb
  0:00:04.918    64M / 8G    INFO    General                 (kmer_splitters.hpp        :  97)   Using cell size of 262144
  0:00:06.856     8G / 8G    INFO    General                 (kmer_splitters.hpp        : 380)   Processed 473126 kmers
  0:00:06.857     8G / 8G    INFO    General                 (kmer_splitters.hpp        : 385)   Used 473126 kmers.
  0:00:08.119    64M / 8G    INFO    General                 (kmer_index_builder.hpp    : 120)   Starting k-mer counting.
  0:00:08.542    64M / 8G    INFO    General                 (kmer_index_builder.hpp    : 127)   K-mer counting done. There are 474051 kmers in total.
  0:00:08.542    64M / 8G    INFO    General                 (kmer_index_builder.hpp    : 133)   Merging temporary buckets.
  0:00:08.636    64M / 8G    INFO   K-mer Index Building     (kmer_index_builder.hpp    : 314)   Building perfect hash indices
  0:00:08.714    64M / 8G    INFO    General                 (kmer_index_builder.hpp    : 150)   Merging final buckets.
  0:00:08.734    64M / 8G    INFO   K-mer Index Building     (kmer_index_builder.hpp    : 336)   Index built. Total 228488 bytes occupied (3.85592 bits per kmer).
  0:00:08.735    64M / 8G    INFO   DeBruijnExtensionIndexBu (kmer_extension_index_build:  99)   Building k-mer extensions from k+1-mers
  0:00:08.789    64M / 8G    INFO   DeBruijnExtensionIndexBu (kmer_extension_index_build: 103)   Building k-mer extensions from k+1-mers finished.
  0:00:08.790    64M / 8G    INFO    General                 (stage.cpp                 : 101)   PROCEDURE == Early tip clipping
  0:00:08.790    64M / 8G    INFO    General                 (construction.cpp          : 253)   Early tip clipper length bound set as (RL - K)
  0:00:08.790    64M / 8G    INFO   Early tip clipping       (early_simplification.hpp  : 181)   Early tip clipping
  0:00:09.064    64M / 8G    INFO   Early tip clipping       (early_simplification.hpp  : 184)   234370 32-mers were removed by early tip clipper
  0:00:09.064    64M / 8G    INFO    General                 (stage.cpp                 : 101)   PROCEDURE == Condensing graph
  0:00:09.066    64M / 8G    INFO   UnbranchingPathExtractor (debruijn_graph_constructor: 355)   Extracting unbranching paths
  0:00:09.113    64M / 8G    INFO   UnbranchingPathExtractor (debruijn_graph_constructor: 374)   Extracting unbranching paths finished. 4823 sequences extracted
  0:00:09.132    64M / 8G    INFO   UnbranchingPathExtractor (debruijn_graph_constructor: 310)   Collecting perfect loops
  0:00:09.146    64M / 8G    INFO   UnbranchingPathExtractor (debruijn_graph_constructor: 343)   Collecting perfect loops finished. 1 loops collected
  0:00:09.168    64M / 8G    INFO    General                 (stage.cpp                 : 101)   PROCEDURE == Filling coverage indices (PHM)
  0:00:09.168    64M / 8G    INFO   K-mer Index Building     (kmer_index_builder.hpp    : 301)   Building kmer index
  0:00:09.168    64M / 8G    INFO   K-mer Index Building     (kmer_index_builder.hpp    : 314)   Building perfect hash indices
  0:00:09.210    64M / 8G    INFO   K-mer Index Building     (kmer_index_builder.hpp    : 336)   Index built. Total 227968 bytes occupied (3.85467 bits per kmer).
  0:00:09.212    68M / 8G    INFO    General                 (construction.cpp          : 388)   Collecting k-mer coverage information from reads, this takes a while.
  0:00:09.330    68M / 8G    INFO    General                 (construction.cpp          : 508)   Filling coverage and flanking coverage from PHM
  0:00:09.358    68M / 8G    INFO    General                 (construction.cpp          : 464)   Processed 9647 edges
  0:00:09.366    64M / 8G    INFO   StageManager             (stage.cpp                 : 132)   STAGE == EC Threshold Finding
  0:00:09.366    64M / 8G    INFO    General                 (kmer_coverage_model.cpp   : 181)   Kmer coverage valley at: 0
  0:00:09.366    64M / 8G    INFO    General                 (kmer_coverage_model.cpp   : 201)   K-mer histogram maximum: 11
  0:00:09.366    64M / 8G    INFO    General                 (kmer_coverage_model.cpp   : 237)   Estimated median coverage: 12. Coverage mad: 7.413
  0:00:09.366    64M / 8G    INFO    General                 (kmer_coverage_model.cpp   : 259)   Fitting coverage model
  0:00:09.387    64M / 8G    INFO    General                 (kmer_coverage_model.cpp   : 295)   ... iteration 2
  0:00:09.438    64M / 8G    INFO    General                 (kmer_coverage_model.cpp   : 295)   ... iteration 4
  0:00:09.647    64M / 8G    INFO    General                 (kmer_coverage_model.cpp   : 295)   ... iteration 8
  0:00:10.168    64M / 8G    INFO    General                 (kmer_coverage_model.cpp   : 295)   ... iteration 16
  0:00:11.000    64M / 8G    INFO    General                 (kmer_coverage_model.cpp   : 295)   ... iteration 32
  0:00:12.572    64M / 8G    INFO    General                 (kmer_coverage_model.cpp   : 295)   ... iteration 64
  0:00:12.856    64M / 8G    INFO    General                 (kmer_coverage_model.cpp   : 309)   Fitted mean coverage: 16.0491. Fitted coverage std. dev: 7.74398
  0:00:12.857    64M / 8G    INFO    General                 (kmer_coverage_model.cpp   : 334)   Probability of erroneous kmer at valley: 0.999721
  0:00:12.857    64M / 8G    INFO    General                 (kmer_coverage_model.cpp   : 358)   Preliminary threshold calculated as: 7
  0:00:12.857    64M / 8G    INFO    General                 (kmer_coverage_model.cpp   : 362)   Threshold adjusted to: 7
  0:00:12.857    64M / 8G    INFO    General                 (kmer_coverage_model.cpp   : 375)   Estimated genome size (ignoring repeats): 120838
  0:00:12.857    64M / 8G    INFO    General                 (genomic_info_filler.cpp   : 112)   Mean coverage was calculated as 16.0491
  0:00:12.857    64M / 8G    INFO    General                 (genomic_info_filler.cpp   : 127)   EC coverage threshold value was calculated as 7
  0:00:12.857    64M / 8G    INFO    General                 (genomic_info_filler.cpp   : 128)   Trusted kmer low bound: 0
  0:00:12.857    64M / 8G    INFO   StageManager             (stage.cpp                 : 132)   STAGE == Raw Simplification
  0:00:12.857    64M / 8G    INFO    General                 (simplification.cpp        : 128)   PROCEDURE == InitialCleaning
  0:00:12.858    64M / 8G    INFO    General                 (graph_simplification.hpp  : 669)   Flanking coverage based disconnection disabled
  0:00:12.858    64M / 8G    INFO   Simplification           (parallel_processing.hpp   : 165)   Running Self conjugate edge remover
  0:00:12.865    64M / 8G    INFO   Simplification           (parallel_processing.hpp   : 167)   Self conjugate edge remover triggered 0 times
  0:00:12.865    64M / 8G    INFO   Simplification           (parallel_processing.hpp   : 165)   Running Initial tip clipper
  0:00:12.873    64M / 8G    INFO   Simplification           (parallel_processing.hpp   : 167)   Initial tip clipper triggered 283 times
  0:00:12.873    64M / 8G    INFO   Simplification           (parallel_processing.hpp   : 165)   Running Initial ec remover
  0:00:12.900    64M / 8G    INFO   Simplification           (parallel_processing.hpp   : 167)   Initial ec remover triggered 770 times
  0:00:12.900    64M / 8G    INFO   Simplification           (parallel_processing.hpp   : 165)   Running Initial isolated edge remover
  0:00:12.909    64M / 8G    INFO   Simplification           (parallel_processing.hpp   : 167)   Initial isolated edge remover triggered 1735 times
  0:00:12.909    64M / 8G    INFO   StageManager             (stage.cpp                 : 132)   STAGE == Simplification
  0:00:12.909    64M / 8G    INFO    General                 (simplification.cpp        : 357)   Graph simplification started
  0:00:12.909    64M / 8G    INFO    General                 (graph_simplification.hpp  : 641)   Creating parallel br instance
  0:00:12.909    64M / 8G    INFO    General                 (simplification.cpp        : 362)   PROCEDURE == Simplification cycle, iteration 1
  0:00:12.909    64M / 8G    INFO   Simplification           (parallel_processing.hpp   : 165)   Running Tip clipper
  0:00:12.912    64M / 8G    INFO   Simplification           (parallel_processing.hpp   : 167)   Tip clipper triggered 18 times
  0:00:12.912    64M / 8G    INFO   Simplification           (parallel_processing.hpp   : 165)   Running Bulge remover
  0:00:12.919    64M / 8G    INFO   Simplification           (parallel_processing.hpp   : 167)   Bulge remover triggered 47 times
  0:00:12.919    64M / 8G    INFO   Simplification           (parallel_processing.hpp   : 165)   Running Low coverage edge remover
  0:00:12.921    64M / 8G    INFO   Simplification           (parallel_processing.hpp   : 167)   Low coverage edge remover triggered 0 times
  0:00:12.921    64M / 8G    INFO    General                 (simplification.cpp        : 362)   PROCEDURE == Simplification cycle, iteration 2
  0:00:12.921    64M / 8G    INFO   Simplification           (parallel_processing.hpp   : 165)   Running Tip clipper
  0:00:12.921    64M / 8G    INFO   Simplification           (parallel_processing.hpp   : 167)   Tip clipper triggered 1 times
  0:00:12.921    64M / 8G    INFO   Simplification           (parallel_processing.hpp   : 165)   Running Bulge remover
  0:00:12.921    64M / 8G    INFO   Simplification           (parallel_processing.hpp   : 167)   Bulge remover triggered 0 times
  0:00:12.921    64M / 8G    INFO   Simplification           (parallel_processing.hpp   : 165)   Running Low coverage edge remover
  0:00:12.922    64M / 8G    INFO   Simplification           (parallel_processing.hpp   : 167)   Low coverage edge remover triggered 3 times
  0:00:12.922    64M / 8G    INFO    General                 (simplification.cpp        : 362)   PROCEDURE == Simplification cycle, iteration 3
  0:00:12.922    64M / 8G    INFO   Simplification           (parallel_processing.hpp   : 165)   Running Tip clipper
  0:00:12.922    64M / 8G    INFO   Simplification           (parallel_processing.hpp   : 167)   Tip clipper triggered 0 times
  0:00:12.922    64M / 8G    INFO   Simplification           (parallel_processing.hpp   : 165)   Running Bulge remover
  0:00:12.922    64M / 8G    INFO   Simplification           (parallel_processing.hpp   : 167)   Bulge remover triggered 0 times
  0:00:12.922    64M / 8G    INFO   Simplification           (parallel_processing.hpp   : 165)   Running Low coverage edge remover
  0:00:12.922    64M / 8G    INFO   Simplification           (parallel_processing.hpp   : 167)   Low coverage edge remover triggered 0 times
  0:00:12.922    64M / 8G    INFO    General                 (simplification.cpp        : 362)   PROCEDURE == Simplification cycle, iteration 4
  0:00:12.922    64M / 8G    INFO   Simplification           (parallel_processing.hpp   : 165)   Running Tip clipper
  0:00:12.922    64M / 8G    INFO   Simplification           (parallel_processing.hpp   : 167)   Tip clipper triggered 0 times
  0:00:12.922    64M / 8G    INFO   Simplification           (parallel_processing.hpp   : 165)   Running Bulge remover
  0:00:12.922    64M / 8G    INFO   Simplification           (parallel_processing.hpp   : 167)   Bulge remover triggered 0 times
  0:00:12.922    64M / 8G    INFO   Simplification           (parallel_processing.hpp   : 165)   Running Low coverage edge remover
  0:00:12.922    64M / 8G    INFO   Simplification           (parallel_processing.hpp   : 167)   Low coverage edge remover triggered 2 times
  0:00:12.922    64M / 8G    INFO    General                 (simplification.cpp        : 362)   PROCEDURE == Simplification cycle, iteration 5
  0:00:12.922    64M / 8G    INFO   Simplification           (parallel_processing.hpp   : 165)   Running Tip clipper
  0:00:12.922    64M / 8G    INFO   Simplification           (parallel_processing.hpp   : 167)   Tip clipper triggered 0 times
  0:00:12.922    64M / 8G    INFO   Simplification           (parallel_processing.hpp   : 165)   Running Bulge remover
  0:00:12.922    64M / 8G    INFO   Simplification           (parallel_processing.hpp   : 167)   Bulge remover triggered 0 times
  0:00:12.922    64M / 8G    INFO   Simplification           (parallel_processing.hpp   : 165)   Running Low coverage edge remover
  0:00:12.922    64M / 8G    INFO   Simplification           (parallel_processing.hpp   : 167)   Low coverage edge remover triggered 0 times
  0:00:12.922    64M / 8G    INFO    General                 (simplification.cpp        : 362)   PROCEDURE == Simplification cycle, iteration 6
  0:00:12.922    64M / 8G    INFO   Simplification           (parallel_processing.hpp   : 165)   Running Tip clipper
  0:00:12.922    64M / 8G    INFO   Simplification           (parallel_processing.hpp   : 167)   Tip clipper triggered 0 times
  0:00:12.922    64M / 8G    INFO   Simplification           (parallel_processing.hpp   : 165)   Running Bulge remover
  0:00:12.922    64M / 8G    INFO   Simplification           (parallel_processing.hpp   : 167)   Bulge remover triggered 0 times
  0:00:12.922    64M / 8G    INFO   Simplification           (parallel_processing.hpp   : 165)   Running Low coverage edge remover
  0:00:12.922    64M / 8G    INFO   Simplification           (parallel_processing.hpp   : 167)   Low coverage edge remover triggered 1 times
  0:00:12.922    64M / 8G    INFO    General                 (simplification.cpp        : 362)   PROCEDURE == Simplification cycle, iteration 7
  0:00:12.922    64M / 8G    INFO   Simplification           (parallel_processing.hpp   : 165)   Running Tip clipper
  0:00:12.922    64M / 8G    INFO   Simplification           (parallel_processing.hpp   : 167)   Tip clipper triggered 0 times
  0:00:12.922    64M / 8G    INFO   Simplification           (parallel_processing.hpp   : 165)   Running Bulge remover
  0:00:12.922    64M / 8G    INFO   Simplification           (parallel_processing.hpp   : 167)   Bulge remover triggered 0 times
  0:00:12.922    64M / 8G    INFO   Simplification           (parallel_processing.hpp   : 165)   Running Low coverage edge remover
  0:00:12.922    64M / 8G    INFO   Simplification           (parallel_processing.hpp   : 167)   Low coverage edge remover triggered 0 times
  0:00:12.922    64M / 8G    INFO    General                 (simplification.cpp        : 362)   PROCEDURE == Simplification cycle, iteration 8
  0:00:12.922    64M / 8G    INFO   Simplification           (parallel_processing.hpp   : 165)   Running Tip clipper
  0:00:12.922    64M / 8G    INFO   Simplification           (parallel_processing.hpp   : 167)   Tip clipper triggered 0 times
  0:00:12.922    64M / 8G    INFO   Simplification           (parallel_processing.hpp   : 165)   Running Bulge remover
  0:00:12.923    64M / 8G    INFO   Simplification           (parallel_processing.hpp   : 167)   Bulge remover triggered 0 times
  0:00:12.923    64M / 8G    INFO   Simplification           (parallel_processing.hpp   : 165)   Running Low coverage edge remover
  0:00:12.923    64M / 8G    INFO   Simplification           (parallel_processing.hpp   : 167)   Low coverage edge remover triggered 0 times
  0:00:12.923    64M / 8G    INFO    General                 (simplification.cpp        : 362)   PROCEDURE == Simplification cycle, iteration 9
  0:00:12.923    64M / 8G    INFO   Simplification           (parallel_processing.hpp   : 165)   Running Tip clipper
  0:00:12.923    64M / 8G    INFO   Simplification           (parallel_processing.hpp   : 167)   Tip clipper triggered 0 times
  0:00:12.923    64M / 8G    INFO   Simplification           (parallel_processing.hpp   : 165)   Running Bulge remover
  0:00:12.923    64M / 8G    INFO   Simplification           (parallel_processing.hpp   : 167)   Bulge remover triggered 0 times
  0:00:12.923    64M / 8G    INFO   Simplification           (parallel_processing.hpp   : 165)   Running Low coverage edge remover
  0:00:12.923    64M / 8G    INFO   Simplification           (parallel_processing.hpp   : 167)   Low coverage edge remover triggered 0 times
  0:00:12.923    64M / 8G    INFO    General                 (simplification.cpp        : 362)   PROCEDURE == Simplification cycle, iteration 10
  0:00:12.923    64M / 8G    INFO   Simplification           (parallel_processing.hpp   : 165)   Running Tip clipper
  0:00:12.923    64M / 8G    INFO   Simplification           (parallel_processing.hpp   : 167)   Tip clipper triggered 0 times
  0:00:12.923    64M / 8G    INFO   Simplification           (parallel_processing.hpp   : 165)   Running Bulge remover
  0:00:12.923    64M / 8G    INFO   Simplification           (parallel_processing.hpp   : 167)   Bulge remover triggered 0 times
  0:00:12.923    64M / 8G    INFO   Simplification           (parallel_processing.hpp   : 165)   Running Low coverage edge remover
  0:00:12.923    64M / 8G    INFO   Simplification           (parallel_processing.hpp   : 167)   Low coverage edge remover triggered 0 times
  0:00:12.923    64M / 8G    INFO    General                 (simplification.cpp        : 362)   PROCEDURE == Simplification cycle, iteration 11
  0:00:12.923    64M / 8G    INFO   Simplification           (parallel_processing.hpp   : 165)   Running Tip clipper
  0:00:12.925    64M / 8G    INFO   Simplification           (parallel_processing.hpp   : 167)   Tip clipper triggered 0 times
  0:00:12.925    64M / 8G    INFO   Simplification           (parallel_processing.hpp   : 165)   Running Bulge remover
  0:00:12.928    64M / 8G    INFO   Simplification           (parallel_processing.hpp   : 167)   Bulge remover triggered 0 times
  0:00:12.928    64M / 8G    INFO   Simplification           (parallel_processing.hpp   : 165)   Running Low coverage edge remover
  0:00:12.930    64M / 8G    INFO   Simplification           (parallel_processing.hpp   : 167)   Low coverage edge remover triggered 0 times
  0:00:12.930    64M / 8G    INFO   StageManager             (stage.cpp                 : 132)   STAGE == Simplification Cleanup
  0:00:12.930    64M / 8G    INFO    General                 (simplification.cpp        : 196)   PROCEDURE == Post simplification
  0:00:12.930    64M / 8G    INFO    General                 (graph_simplification.hpp  : 458)   Disconnection of relatively low covered edges disabled
  0:00:12.930    64M / 8G    INFO    General                 (graph_simplification.hpp  : 494)   Complex tip clipping disabled
  0:00:12.930    64M / 8G    INFO    General                 (graph_simplification.hpp  : 641)   Creating parallel br instance
  0:00:12.930    64M / 8G    INFO   Simplification           (parallel_processing.hpp   : 165)   Running Tip clipper
  0:00:12.932    64M / 8G    INFO   Simplification           (parallel_processing.hpp   : 167)   Tip clipper triggered 0 times
  0:00:12.932    64M / 8G    INFO   Simplification           (parallel_processing.hpp   : 165)   Running Bulge remover
  0:00:12.934    64M / 8G    INFO   Simplification           (parallel_processing.hpp   : 167)   Bulge remover triggered 0 times
  0:00:12.934    64M / 8G    INFO   Simplification           (parallel_processing.hpp   : 165)   Running Tip clipper
  0:00:12.937    64M / 8G    INFO   Simplification           (parallel_processing.hpp   : 167)   Tip clipper triggered 0 times
  0:00:12.937    64M / 8G    INFO   Simplification           (parallel_processing.hpp   : 165)   Running Bulge remover
  0:00:12.939    64M / 8G    INFO   Simplification           (parallel_processing.hpp   : 167)   Bulge remover triggered 0 times
  0:00:12.939    64M / 8G    INFO    General                 (simplification.cpp        : 330)   Disrupting self-conjugate edges
  0:00:12.939    64M / 8G    INFO   Simplification           (parallel_processing.hpp   : 165)   Running Removing isolated edges
  0:00:12.942    64M / 8G    INFO   Simplification           (parallel_processing.hpp   : 167)   Removing isolated edges triggered 9 times
  0:00:12.942    64M / 8G    INFO    General                 (simplification.cpp        : 470)   Counting average coverage
  0:00:12.942    64M / 8G    INFO    General                 (simplification.cpp        : 476)   Average coverage = 16.7762
  0:00:12.942    64M / 8G    INFO   StageManager             (stage.cpp                 : 132)   STAGE == Contig Output
  0:00:12.942    64M / 8G    INFO    General                 (contig_output.hpp         :  22)   Outputting contigs to /bigdata/littlab/arajewski/Datura/2_Fast-Plast/Dstr/3_Spades_Assembly/spades_iter1//K31/simplified_contigs.fasta
  0:00:12.955    64M / 8G    INFO    General                 (launch.hpp                : 151)   SPAdes finished
  0:00:12.955    64M / 8G    INFO    General                 (main.cpp                  : 109)   Assembling time: 0 hours 0 minutes 12 seconds
Max read length detected as 76

== Running assembler: K37

  0:00:00.000     4M / 4M    INFO    General                 (main.cpp                  :  74)   Loaded config from /bigdata/littlab/arajewski/Datura/2_Fast-Plast/Dstr/3_Spades_Assembly/spades_iter1/K37/configs/config.info
  0:00:00.000     4M / 4M    INFO    General                 (memory_limit.cpp          :  49)   Memory limit set to 250 Gb
  0:00:00.000     4M / 4M    INFO    General                 (main.cpp                  :  87)   Starting SPAdes, built from refs/heads/spades_3.13.1, git revision 9a9d54db2ff9abaac718155bf74c12ec9464e8ca
  0:00:00.000     4M / 4M    INFO    General                 (main.cpp                  :  88)   Maximum k-mer length: 128
  0:00:00.000     4M / 4M    INFO    General                 (main.cpp                  :  89)   Assembling dataset (/bigdata/littlab/arajewski/Datura/2_Fast-Plast/Dstr/3_Spades_Assembly/spades_iter1/dataset.info) with K=37
  0:00:00.000     4M / 4M    INFO    General                 (main.cpp                  :  90)   Maximum # of threads to use (adjusted due to OMP capabilities): 16
  0:00:00.000     4M / 4M    INFO    General                 (launch.hpp                :  52)   SPAdes started
  0:00:00.000     4M / 4M    INFO    General                 (launch.hpp                :  59)   Starting from stage: construction
  0:00:00.000     4M / 4M    INFO    General                 (launch.hpp                :  66)   Two-step RR enabled: 0
  0:00:00.000     4M / 4M    INFO   StageManager             (stage.cpp                 : 132)   STAGE == de Bruijn graph construction
  0:00:00.001     4M / 4M    INFO    General                 (read_converter.hpp        :  59)   Binary reads detected
  0:00:00.003     4M / 4M    INFO    General                 (construction.cpp          : 111)   Max read length 76
  0:00:00.003     4M / 4M    INFO    General                 (construction.cpp          : 117)   Average read length 73.2496
  0:00:00.003     4M / 4M    INFO    General                 (stage.cpp                 : 101)   PROCEDURE == k+1-mer counting
  0:00:00.004     4M / 4M    INFO    General                 (kmer_index_builder.hpp    : 117)   Splitting kmer instances into 256 files using 16 threads. This might take a while.
  0:00:00.004     4M / 4M    INFO    General                 (file_limit.hpp            :  32)   Open file limit set to 4096
  0:00:00.004     4M / 4M    INFO    General                 (kmer_splitters.hpp        :  89)   Memory available for splitting buffers: 5.20825 Gb
  0:00:00.004     4M / 4M    INFO    General                 (kmer_splitters.hpp        :  97)   Using cell size of 131072
  0:00:02.050     8G / 8G    INFO    General                 (kmer_splitters.hpp        : 289)   Processed 120080 reads
  0:00:02.050     8G / 8G    INFO    General                 (kmer_splitters.hpp        : 295)   Adding contigs from previous K
  0:00:03.754    64M / 8G    INFO    General                 (kmer_splitters.hpp        : 308)   Used 120080 reads
  0:00:03.755    64M / 8G    INFO    General                 (kmer_index_builder.hpp    : 120)   Starting k-mer counting.
  0:00:04.331    64M / 8G    INFO    General                 (kmer_index_builder.hpp    : 127)   K-mer counting done. There are 459570 kmers in total.
  0:00:04.332    64M / 8G    INFO    General                 (kmer_index_builder.hpp    : 133)   Merging temporary buckets.
  0:00:04.431    64M / 8G    INFO    General                 (stage.cpp                 : 101)   PROCEDURE == Extension index construction
  0:00:04.431    64M / 8G    INFO   K-mer Index Building     (kmer_index_builder.hpp    : 301)   Building kmer index
  0:00:04.431    64M / 8G    INFO    General                 (kmer_index_builder.hpp    : 117)   Splitting kmer instances into 256 files using 16 threads. This might take a while.
  0:00:04.431    64M / 8G    INFO    General                 (file_limit.hpp            :  32)   Open file limit set to 4096
  0:00:04.431    64M / 8G    INFO    General                 (kmer_splitters.hpp        :  89)   Memory available for splitting buffers: 5.20703 Gb
  0:00:04.431    64M / 8G    INFO    General                 (kmer_splitters.hpp        :  97)   Using cell size of 131072
  0:00:06.296     8G / 8G    INFO    General                 (kmer_splitters.hpp        : 380)   Processed 459570 kmers
  0:00:06.296     8G / 8G    INFO    General                 (kmer_splitters.hpp        : 385)   Used 459570 kmers.
  0:00:08.089    64M / 8G    INFO    General                 (kmer_index_builder.hpp    : 120)   Starting k-mer counting.
  0:00:08.520    64M / 8G    INFO    General                 (kmer_index_builder.hpp    : 127)   K-mer counting done. There are 462719 kmers in total.
  0:00:08.521    64M / 8G    INFO    General                 (kmer_index_builder.hpp    : 133)   Merging temporary buckets.
  0:00:08.631    64M / 8G    INFO   K-mer Index Building     (kmer_index_builder.hpp    : 314)   Building perfect hash indices
  0:00:08.712    64M / 8G    INFO    General                 (kmer_index_builder.hpp    : 150)   Merging final buckets.
  0:00:08.734    64M / 8G    INFO   K-mer Index Building     (kmer_index_builder.hpp    : 336)   Index built. Total 223192 bytes occupied (3.85879 bits per kmer).
  0:00:08.735    64M / 8G    INFO   DeBruijnExtensionIndexBu (kmer_extension_index_build:  99)   Building k-mer extensions from k+1-mers
  0:00:08.781    64M / 8G    INFO   DeBruijnExtensionIndexBu (kmer_extension_index_build: 103)   Building k-mer extensions from k+1-mers finished.
  0:00:08.782    64M / 8G    INFO    General                 (stage.cpp                 : 101)   PROCEDURE == Early tip clipping
  0:00:08.782    64M / 8G    INFO    General                 (construction.cpp          : 253)   Early tip clipper length bound set as (RL - K)
  0:00:08.782    64M / 8G    INFO   Early tip clipping       (early_simplification.hpp  : 181)   Early tip clipping
  0:00:09.276    64M / 8G    INFO   Early tip clipping       (early_simplification.hpp  : 184)   200272 38-mers were removed by early tip clipper
  0:00:09.276    64M / 8G    INFO    General                 (stage.cpp                 : 101)   PROCEDURE == Condensing graph
  0:00:09.278    64M / 8G    INFO   UnbranchingPathExtractor (debruijn_graph_constructor: 355)   Extracting unbranching paths
  0:00:09.318    64M / 8G    INFO   UnbranchingPathExtractor (debruijn_graph_constructor: 374)   Extracting unbranching paths finished. 4207 sequences extracted
  0:00:09.338    64M / 8G    INFO   UnbranchingPathExtractor (debruijn_graph_constructor: 310)   Collecting perfect loops
  0:00:09.350    64M / 8G    INFO   UnbranchingPathExtractor (debruijn_graph_constructor: 343)   Collecting perfect loops finished. 1 loops collected
  0:00:09.368    64M / 8G    INFO    General                 (stage.cpp                 : 101)   PROCEDURE == Filling coverage indices (PHM)
  0:00:09.368    64M / 8G    INFO   K-mer Index Building     (kmer_index_builder.hpp    : 301)   Building kmer index
  0:00:09.368    64M / 8G    INFO   K-mer Index Building     (kmer_index_builder.hpp    : 314)   Building perfect hash indices
  0:00:09.406    64M / 8G    INFO   K-mer Index Building     (kmer_index_builder.hpp    : 336)   Index built. Total 221712 bytes occupied (3.85947 bits per kmer).
  0:00:09.407    68M / 8G    INFO    General                 (construction.cpp          : 388)   Collecting k-mer coverage information from reads, this takes a while.
  0:00:09.520    68M / 8G    INFO    General                 (construction.cpp          : 508)   Filling coverage and flanking coverage from PHM
  0:00:09.535    68M / 8G    INFO    General                 (construction.cpp          : 464)   Processed 8415 edges
  0:00:09.543    64M / 8G    INFO   StageManager             (stage.cpp                 : 132)   STAGE == EC Threshold Finding
  0:00:09.543    64M / 8G    INFO    General                 (kmer_coverage_model.cpp   : 181)   Kmer coverage valley at: 0
  0:00:09.543    64M / 8G    INFO    General                 (kmer_coverage_model.cpp   : 201)   K-mer histogram maximum: 9
  0:00:09.543    64M / 8G    INFO    General                 (kmer_coverage_model.cpp   : 237)   Estimated median coverage: 10. Coverage mad: 7.413
  0:00:09.543    64M / 8G    INFO    General                 (kmer_coverage_model.cpp   : 259)   Fitting coverage model
  0:00:09.560    64M / 8G    INFO    General                 (kmer_coverage_model.cpp   : 295)   ... iteration 2
  0:00:09.609    64M / 8G    INFO    General                 (kmer_coverage_model.cpp   : 295)   ... iteration 4
  0:00:09.793    64M / 8G    INFO    General                 (kmer_coverage_model.cpp   : 295)   ... iteration 8
  0:00:10.210    64M / 8G    INFO    General                 (kmer_coverage_model.cpp   : 295)   ... iteration 16
  0:00:10.929    64M / 8G    INFO    General                 (kmer_coverage_model.cpp   : 295)   ... iteration 32
  0:00:12.292    64M / 8G    INFO    General                 (kmer_coverage_model.cpp   : 295)   ... iteration 64
  0:00:12.336    64M / 8G    INFO    General                 (kmer_coverage_model.cpp   : 309)   Fitted mean coverage: 13.5411. Fitted coverage std. dev: 6.72121
  0:00:12.337    64M / 8G    INFO    General                 (kmer_coverage_model.cpp   : 334)   Probability of erroneous kmer at valley: 0.9995
  0:00:12.337    64M / 8G    INFO    General                 (kmer_coverage_model.cpp   : 358)   Preliminary threshold calculated as: 6
  0:00:12.337    64M / 8G    INFO    General                 (kmer_coverage_model.cpp   : 362)   Threshold adjusted to: 6
  0:00:12.337    64M / 8G    INFO    General                 (kmer_coverage_model.cpp   : 375)   Estimated genome size (ignoring repeats): 119092
  0:00:12.337    64M / 8G    INFO    General                 (genomic_info_filler.cpp   : 112)   Mean coverage was calculated as 13.5411
  0:00:12.337    64M / 8G    INFO    General                 (genomic_info_filler.cpp   : 127)   EC coverage threshold value was calculated as 6
  0:00:12.337    64M / 8G    INFO    General                 (genomic_info_filler.cpp   : 128)   Trusted kmer low bound: 0
  0:00:12.337    64M / 8G    INFO   StageManager             (stage.cpp                 : 132)   STAGE == Raw Simplification
  0:00:12.337    64M / 8G    INFO    General                 (simplification.cpp        : 128)   PROCEDURE == InitialCleaning
  0:00:12.337    64M / 8G    INFO    General                 (graph_simplification.hpp  : 669)   Flanking coverage based disconnection disabled
  0:00:12.337    64M / 8G    INFO   Simplification           (parallel_processing.hpp   : 165)   Running Self conjugate edge remover
  0:00:12.340    64M / 8G    INFO   Simplification           (parallel_processing.hpp   : 167)   Self conjugate edge remover triggered 0 times
  0:00:12.341    64M / 8G    INFO   Simplification           (parallel_processing.hpp   : 165)   Running Initial tip clipper
  0:00:12.349    64M / 8G    INFO   Simplification           (parallel_processing.hpp   : 167)   Initial tip clipper triggered 257 times
  0:00:12.349    64M / 8G    INFO   Simplification           (parallel_processing.hpp   : 165)   Running Initial ec remover
  0:00:12.357    64M / 8G    INFO   Simplification           (parallel_processing.hpp   : 167)   Initial ec remover triggered 110 times
  0:00:12.358    64M / 8G    INFO   Simplification           (parallel_processing.hpp   : 165)   Running Initial isolated edge remover
  0:00:12.372    64M / 8G    INFO   Simplification           (parallel_processing.hpp   : 167)   Initial isolated edge remover triggered 3266 times
  0:00:12.372    64M / 8G    INFO   StageManager             (stage.cpp                 : 132)   STAGE == Simplification
  0:00:12.372    64M / 8G    INFO    General                 (simplification.cpp        : 357)   Graph simplification started
  0:00:12.372    64M / 8G    INFO    General                 (graph_simplification.hpp  : 641)   Creating parallel br instance
  0:00:12.372    64M / 8G    INFO    General                 (simplification.cpp        : 362)   PROCEDURE == Simplification cycle, iteration 1
  0:00:12.372    64M / 8G    INFO   Simplification           (parallel_processing.hpp   : 165)   Running Tip clipper
  0:00:12.375    64M / 8G    INFO   Simplification           (parallel_processing.hpp   : 167)   Tip clipper triggered 8 times
  0:00:12.375    64M / 8G    INFO   Simplification           (parallel_processing.hpp   : 165)   Running Bulge remover
  0:00:12.380    64M / 8G    INFO   Simplification           (parallel_processing.hpp   : 167)   Bulge remover triggered 19 times
  0:00:12.380    64M / 8G    INFO   Simplification           (parallel_processing.hpp   : 165)   Running Low coverage edge remover
  0:00:12.381    64M / 8G    INFO   Simplification           (parallel_processing.hpp   : 167)   Low coverage edge remover triggered 0 times
  0:00:12.381    64M / 8G    INFO    General                 (simplification.cpp        : 362)   PROCEDURE == Simplification cycle, iteration 2
  0:00:12.382    64M / 8G    INFO   Simplification           (parallel_processing.hpp   : 165)   Running Tip clipper
  0:00:12.382    64M / 8G    INFO   Simplification           (parallel_processing.hpp   : 167)   Tip clipper triggered 0 times
  0:00:12.382    64M / 8G    INFO   Simplification           (parallel_processing.hpp   : 165)   Running Bulge remover
  0:00:12.383    64M / 8G    INFO   Simplification           (parallel_processing.hpp   : 167)   Bulge remover triggered 0 times
  0:00:12.383    64M / 8G    INFO   Simplification           (parallel_processing.hpp   : 165)   Running Low coverage edge remover
  0:00:12.383    64M / 8G    INFO   Simplification           (parallel_processing.hpp   : 167)   Low coverage edge remover triggered 0 times
  0:00:12.384    64M / 8G    INFO    General                 (simplification.cpp        : 362)   PROCEDURE == Simplification cycle, iteration 3
  0:00:12.384    64M / 8G    INFO   Simplification           (parallel_processing.hpp   : 165)   Running Tip clipper
  0:00:12.384    64M / 8G    INFO   Simplification           (parallel_processing.hpp   : 167)   Tip clipper triggered 0 times
  0:00:12.384    64M / 8G    INFO   Simplification           (parallel_processing.hpp   : 165)   Running Bulge remover
  0:00:12.384    64M / 8G    INFO   Simplification           (parallel_processing.hpp   : 167)   Bulge remover triggered 0 times
  0:00:12.384    64M / 8G    INFO   Simplification           (parallel_processing.hpp   : 165)   Running Low coverage edge remover
  0:00:12.384    64M / 8G    INFO   Simplification           (parallel_processing.hpp   : 167)   Low coverage edge remover triggered 0 times
  0:00:12.384    64M / 8G    INFO    General                 (simplification.cpp        : 362)   PROCEDURE == Simplification cycle, iteration 4
  0:00:12.384    64M / 8G    INFO   Simplification           (parallel_processing.hpp   : 165)   Running Tip clipper
  0:00:12.384    64M / 8G    INFO   Simplification           (parallel_processing.hpp   : 167)   Tip clipper triggered 0 times
  0:00:12.384    64M / 8G    INFO   Simplification           (parallel_processing.hpp   : 165)   Running Bulge remover
  0:00:12.384    64M / 8G    INFO   Simplification           (parallel_processing.hpp   : 167)   Bulge remover triggered 0 times
  0:00:12.384    64M / 8G    INFO   Simplification           (parallel_processing.hpp   : 165)   Running Low coverage edge remover
  0:00:12.384    64M / 8G    INFO   Simplification           (parallel_processing.hpp   : 167)   Low coverage edge remover triggered 1 times
  0:00:12.384    64M / 8G    INFO    General                 (simplification.cpp        : 362)   PROCEDURE == Simplification cycle, iteration 5
  0:00:12.384    64M / 8G    INFO   Simplification           (parallel_processing.hpp   : 165)   Running Tip clipper
  0:00:12.384    64M / 8G    INFO   Simplification           (parallel_processing.hpp   : 167)   Tip clipper triggered 0 times
  0:00:12.384    64M / 8G    INFO   Simplification           (parallel_processing.hpp   : 165)   Running Bulge remover
  0:00:12.384    64M / 8G    INFO   Simplification           (parallel_processing.hpp   : 167)   Bulge remover triggered 0 times
  0:00:12.384    64M / 8G    INFO   Simplification           (parallel_processing.hpp   : 165)   Running Low coverage edge remover
  0:00:12.384    64M / 8G    INFO   Simplification           (parallel_processing.hpp   : 167)   Low coverage edge remover triggered 0 times
  0:00:12.384    64M / 8G    INFO    General                 (simplification.cpp        : 362)   PROCEDURE == Simplification cycle, iteration 6
  0:00:12.384    64M / 8G    INFO   Simplification           (parallel_processing.hpp   : 165)   Running Tip clipper
  0:00:12.384    64M / 8G    INFO   Simplification           (parallel_processing.hpp   : 167)   Tip clipper triggered 0 times
  0:00:12.384    64M / 8G    INFO   Simplification           (parallel_processing.hpp   : 165)   Running Bulge remover
  0:00:12.384    64M / 8G    INFO   Simplification           (parallel_processing.hpp   : 167)   Bulge remover triggered 0 times
  0:00:12.384    64M / 8G    INFO   Simplification           (parallel_processing.hpp   : 165)   Running Low coverage edge remover
  0:00:12.384    64M / 8G    INFO   Simplification           (parallel_processing.hpp   : 167)   Low coverage edge remover triggered 0 times
  0:00:12.384    64M / 8G    INFO    General                 (simplification.cpp        : 362)   PROCEDURE == Simplification cycle, iteration 7
  0:00:12.384    64M / 8G    INFO   Simplification           (parallel_processing.hpp   : 165)   Running Tip clipper
  0:00:12.384    64M / 8G    INFO   Simplification           (parallel_processing.hpp   : 167)   Tip clipper triggered 0 times
  0:00:12.384    64M / 8G    INFO   Simplification           (parallel_processing.hpp   : 165)   Running Bulge remover
  0:00:12.384    64M / 8G    INFO   Simplification           (parallel_processing.hpp   : 167)   Bulge remover triggered 0 times
  0:00:12.384    64M / 8G    INFO   Simplification           (parallel_processing.hpp   : 165)   Running Low coverage edge remover
  0:00:12.385    64M / 8G    INFO   Simplification           (parallel_processing.hpp   : 167)   Low coverage edge remover triggered 1 times
  0:00:12.385    64M / 8G    INFO    General                 (simplification.cpp        : 362)   PROCEDURE == Simplification cycle, iteration 8
  0:00:12.385    64M / 8G    INFO   Simplification           (parallel_processing.hpp   : 165)   Running Tip clipper
  0:00:12.385    64M / 8G    INFO   Simplification           (parallel_processing.hpp   : 167)   Tip clipper triggered 0 times
  0:00:12.385    64M / 8G    INFO   Simplification           (parallel_processing.hpp   : 165)   Running Bulge remover
  0:00:12.385    64M / 8G    INFO   Simplification           (parallel_processing.hpp   : 167)   Bulge remover triggered 0 times
  0:00:12.385    64M / 8G    INFO   Simplification           (parallel_processing.hpp   : 165)   Running Low coverage edge remover
  0:00:12.385    64M / 8G    INFO   Simplification           (parallel_processing.hpp   : 167)   Low coverage edge remover triggered 1 times
  0:00:12.385    64M / 8G    INFO    General                 (simplification.cpp        : 362)   PROCEDURE == Simplification cycle, iteration 9
  0:00:12.385    64M / 8G    INFO   Simplification           (parallel_processing.hpp   : 165)   Running Tip clipper
  0:00:12.385    64M / 8G    INFO   Simplification           (parallel_processing.hpp   : 167)   Tip clipper triggered 0 times
  0:00:12.385    64M / 8G    INFO   Simplification           (parallel_processing.hpp   : 165)   Running Bulge remover
  0:00:12.385    64M / 8G    INFO   Simplification           (parallel_processing.hpp   : 167)   Bulge remover triggered 0 times
  0:00:12.385    64M / 8G    INFO   Simplification           (parallel_processing.hpp   : 165)   Running Low coverage edge remover
  0:00:12.385    64M / 8G    INFO   Simplification           (parallel_processing.hpp   : 167)   Low coverage edge remover triggered 0 times
  0:00:12.385    64M / 8G    INFO    General                 (simplification.cpp        : 362)   PROCEDURE == Simplification cycle, iteration 10
  0:00:12.385    64M / 8G    INFO   Simplification           (parallel_processing.hpp   : 165)   Running Tip clipper
  0:00:12.385    64M / 8G    INFO   Simplification           (parallel_processing.hpp   : 167)   Tip clipper triggered 0 times
  0:00:12.385    64M / 8G    INFO   Simplification           (parallel_processing.hpp   : 165)   Running Bulge remover
  0:00:12.385    64M / 8G    INFO   Simplification           (parallel_processing.hpp   : 167)   Bulge remover triggered 0 times
  0:00:12.385    64M / 8G    INFO   Simplification           (parallel_processing.hpp   : 165)   Running Low coverage edge remover
  0:00:12.385    64M / 8G    INFO   Simplification           (parallel_processing.hpp   : 167)   Low coverage edge remover triggered 0 times
  0:00:12.385    64M / 8G    INFO    General                 (simplification.cpp        : 362)   PROCEDURE == Simplification cycle, iteration 11
  0:00:12.385    64M / 8G    INFO   Simplification           (parallel_processing.hpp   : 165)   Running Tip clipper
  0:00:12.386    64M / 8G    INFO   Simplification           (parallel_processing.hpp   : 167)   Tip clipper triggered 0 times
  0:00:12.386    64M / 8G    INFO   Simplification           (parallel_processing.hpp   : 165)   Running Bulge remover
  0:00:12.388    64M / 8G    INFO   Simplification           (parallel_processing.hpp   : 167)   Bulge remover triggered 0 times
  0:00:12.388    64M / 8G    INFO   Simplification           (parallel_processing.hpp   : 165)   Running Low coverage edge remover
  0:00:12.392    64M / 8G    INFO   Simplification           (parallel_processing.hpp   : 167)   Low coverage edge remover triggered 0 times
  0:00:12.392    64M / 8G    INFO   StageManager             (stage.cpp                 : 132)   STAGE == Simplification Cleanup
  0:00:12.392    64M / 8G    INFO    General                 (simplification.cpp        : 196)   PROCEDURE == Post simplification
  0:00:12.392    64M / 8G    INFO    General                 (graph_simplification.hpp  : 458)   Disconnection of relatively low covered edges disabled
  0:00:12.392    64M / 8G    INFO    General                 (graph_simplification.hpp  : 494)   Complex tip clipping disabled
  0:00:12.392    64M / 8G    INFO    General                 (graph_simplification.hpp  : 641)   Creating parallel br instance
  0:00:12.392    64M / 8G    INFO   Simplification           (parallel_processing.hpp   : 165)   Running Tip clipper
  0:00:12.395    64M / 8G    INFO   Simplification           (parallel_processing.hpp   : 167)   Tip clipper triggered 0 times
  0:00:12.395    64M / 8G    INFO   Simplification           (parallel_processing.hpp   : 165)   Running Bulge remover
  0:00:12.397    64M / 8G    INFO   Simplification           (parallel_processing.hpp   : 167)   Bulge remover triggered 0 times
  0:00:12.397    64M / 8G    INFO   Simplification           (parallel_processing.hpp   : 165)   Running Tip clipper
  0:00:12.400    64M / 8G    INFO   Simplification           (parallel_processing.hpp   : 167)   Tip clipper triggered 0 times
  0:00:12.400    64M / 8G    INFO   Simplification           (parallel_processing.hpp   : 165)   Running Bulge remover
  0:00:12.402    64M / 8G    INFO   Simplification           (parallel_processing.hpp   : 167)   Bulge remover triggered 0 times
  0:00:12.402    64M / 8G    INFO    General                 (simplification.cpp        : 330)   Disrupting self-conjugate edges
  0:00:12.403    64M / 8G    INFO   Simplification           (parallel_processing.hpp   : 165)   Running Removing isolated edges
  0:00:12.405    64M / 8G    INFO   Simplification           (parallel_processing.hpp   : 167)   Removing isolated edges triggered 9 times
  0:00:12.405    64M / 8G    INFO    General                 (simplification.cpp        : 470)   Counting average coverage
  0:00:12.406    64M / 8G    INFO    General                 (simplification.cpp        : 476)   Average coverage = 14.1236
  0:00:12.406    64M / 8G    INFO   StageManager             (stage.cpp                 : 132)   STAGE == Contig Output
  0:00:12.406    64M / 8G    INFO    General                 (contig_output.hpp         :  22)   Outputting contigs to /bigdata/littlab/arajewski/Datura/2_Fast-Plast/Dstr/3_Spades_Assembly/spades_iter1//K37/simplified_contigs.fasta
  0:00:12.419    64M / 8G    INFO    General                 (launch.hpp                : 151)   SPAdes finished
  0:00:12.419    64M / 8G    INFO    General                 (main.cpp                  : 109)   Assembling time: 0 hours 0 minutes 12 seconds

== Running assembler: K43

  0:00:00.000     4M / 4M    INFO    General                 (main.cpp                  :  74)   Loaded config from /bigdata/littlab/arajewski/Datura/2_Fast-Plast/Dstr/3_Spades_Assembly/spades_iter1/K43/configs/config.info
  0:00:00.000     4M / 4M    INFO    General                 (memory_limit.cpp          :  49)   Memory limit set to 250 Gb
  0:00:00.000     4M / 4M    INFO    General                 (main.cpp                  :  87)   Starting SPAdes, built from refs/heads/spades_3.13.1, git revision 9a9d54db2ff9abaac718155bf74c12ec9464e8ca
  0:00:00.000     4M / 4M    INFO    General                 (main.cpp                  :  88)   Maximum k-mer length: 128
  0:00:00.000     4M / 4M    INFO    General                 (main.cpp                  :  89)   Assembling dataset (/bigdata/littlab/arajewski/Datura/2_Fast-Plast/Dstr/3_Spades_Assembly/spades_iter1/dataset.info) with K=43
  0:00:00.000     4M / 4M    INFO    General                 (main.cpp                  :  90)   Maximum # of threads to use (adjusted due to OMP capabilities): 16
  0:00:00.000     4M / 4M    INFO    General                 (launch.hpp                :  52)   SPAdes started
  0:00:00.000     4M / 4M    INFO    General                 (launch.hpp                :  59)   Starting from stage: construction
  0:00:00.000     4M / 4M    INFO    General                 (launch.hpp                :  66)   Two-step RR enabled: 0
  0:00:00.000     4M / 4M    INFO    General                 (launch.hpp                :  77)   Will need read mapping, kmer mapper will be attached
  0:00:00.000     4M / 4M    INFO   StageManager             (stage.cpp                 : 132)   STAGE == de Bruijn graph construction
  0:00:00.001     4M / 4M    INFO    General                 (read_converter.hpp        :  59)   Binary reads detected
  0:00:00.003     4M / 4M    INFO    General                 (construction.cpp          : 111)   Max read length 76
  0:00:00.003     4M / 4M    INFO    General                 (construction.cpp          : 117)   Average read length 73.2496
  0:00:00.003     4M / 4M    INFO    General                 (stage.cpp                 : 101)   PROCEDURE == k+1-mer counting
  0:00:00.003     4M / 4M    INFO    General                 (kmer_index_builder.hpp    : 117)   Splitting kmer instances into 256 files using 16 threads. This might take a while.
  0:00:00.004     4M / 4M    INFO    General                 (file_limit.hpp            :  32)   Open file limit set to 4096
  0:00:00.004     4M / 4M    INFO    General                 (kmer_splitters.hpp        :  89)   Memory available for splitting buffers: 5.20825 Gb
  0:00:00.004     4M / 4M    INFO    General                 (kmer_splitters.hpp        :  97)   Using cell size of 131072
  0:00:02.060     8G / 8G    INFO    General                 (kmer_splitters.hpp        : 289)   Processed 120080 reads
  0:00:02.061     8G / 8G    INFO    General                 (kmer_splitters.hpp        : 295)   Adding contigs from previous K
  0:00:03.685    64M / 8G    INFO    General                 (kmer_splitters.hpp        : 308)   Used 120080 reads
  0:00:03.685    64M / 8G    INFO    General                 (kmer_index_builder.hpp    : 120)   Starting k-mer counting.
  0:00:04.138    64M / 8G    INFO    General                 (kmer_index_builder.hpp    : 127)   K-mer counting done. There are 433706 kmers in total.
  0:00:04.138    64M / 8G    INFO    General                 (kmer_index_builder.hpp    : 133)   Merging temporary buckets.
  0:00:04.237    64M / 8G    INFO    General                 (stage.cpp                 : 101)   PROCEDURE == Extension index construction
  0:00:04.237    64M / 8G    INFO   K-mer Index Building     (kmer_index_builder.hpp    : 301)   Building kmer index
  0:00:04.237    64M / 8G    INFO    General                 (kmer_index_builder.hpp    : 117)   Splitting kmer instances into 256 files using 16 threads. This might take a while.
  0:00:04.237    64M / 8G    INFO    General                 (file_limit.hpp            :  32)   Open file limit set to 4096
  0:00:04.237    64M / 8G    INFO    General                 (kmer_splitters.hpp        :  89)   Memory available for splitting buffers: 5.20703 Gb
  0:00:04.237    64M / 8G    INFO    General                 (kmer_splitters.hpp        :  97)   Using cell size of 131072
  0:00:06.231     8G / 8G    INFO    General                 (kmer_splitters.hpp        : 380)   Processed 433706 kmers
  0:00:06.231     8G / 8G    INFO    General                 (kmer_splitters.hpp        : 385)   Used 433706 kmers.
  0:00:07.942    64M / 8G    INFO    General                 (kmer_index_builder.hpp    : 120)   Starting k-mer counting.
  0:00:08.373    64M / 8G    INFO    General                 (kmer_index_builder.hpp    : 127)   K-mer counting done. There are 438784 kmers in total.
  0:00:08.373    64M / 8G    INFO    General                 (kmer_index_builder.hpp    : 133)   Merging temporary buckets.
  0:00:08.476    64M / 8G    INFO   K-mer Index Building     (kmer_index_builder.hpp    : 314)   Building perfect hash indices
  0:00:08.556    64M / 8G    INFO    General                 (kmer_index_builder.hpp    : 150)   Merging final buckets.
  0:00:08.579    64M / 8G    INFO   K-mer Index Building     (kmer_index_builder.hpp    : 336)   Index built. Total 212192 bytes occupied (3.86873 bits per kmer).
  0:00:08.580    64M / 8G    INFO   DeBruijnExtensionIndexBu (kmer_extension_index_build:  99)   Building k-mer extensions from k+1-mers
  0:00:08.625    64M / 8G    INFO   DeBruijnExtensionIndexBu (kmer_extension_index_build: 103)   Building k-mer extensions from k+1-mers finished.
  0:00:08.625    64M / 8G    INFO    General                 (stage.cpp                 : 101)   PROCEDURE == Condensing graph
  0:00:08.640    64M / 8G    INFO   UnbranchingPathExtractor (debruijn_graph_constructor: 355)   Extracting unbranching paths
  0:00:09.059    64M / 8G    INFO   UnbranchingPathExtractor (debruijn_graph_constructor: 374)   Extracting unbranching paths finished. 27314 sequences extracted
  0:00:09.091    64M / 8G    INFO   UnbranchingPathExtractor (debruijn_graph_constructor: 310)   Collecting perfect loops
  0:00:09.104    64M / 8G    INFO   UnbranchingPathExtractor (debruijn_graph_constructor: 343)   Collecting perfect loops finished. 0 loops collected
  0:00:09.141    64M / 8G    INFO    General                 (stage.cpp                 : 101)   PROCEDURE == Filling coverage indices (PHM)
  0:00:09.141    64M / 8G    INFO   K-mer Index Building     (kmer_index_builder.hpp    : 301)   Building kmer index
  0:00:09.141    64M / 8G    INFO   K-mer Index Building     (kmer_index_builder.hpp    : 314)   Building perfect hash indices
  0:00:09.180    64M / 8G    INFO   K-mer Index Building     (kmer_index_builder.hpp    : 336)   Index built. Total 209800 bytes occupied (3.8699 bits per kmer).
  0:00:09.182    68M / 8G    INFO    General                 (construction.cpp          : 388)   Collecting k-mer coverage information from reads, this takes a while.
  0:00:09.272    68M / 8G    INFO    General                 (construction.cpp          : 508)   Filling coverage and flanking coverage from PHM
  0:00:09.301    68M / 8G    INFO    General                 (construction.cpp          : 464)   Processed 54627 edges
  0:00:09.308    64M / 8G    INFO   StageManager             (stage.cpp                 : 132)   STAGE == EC Threshold Finding
  0:00:09.308    64M / 8G    INFO    General                 (kmer_coverage_model.cpp   : 181)   Kmer coverage valley at: 2
  0:00:09.308    64M / 8G    INFO    General                 (kmer_coverage_model.cpp   : 201)   K-mer histogram maximum: 7
  0:00:09.308    64M / 8G    INFO    General                 (kmer_coverage_model.cpp   : 237)   Estimated median coverage: 8. Coverage mad: 4.4478
  0:00:09.308    64M / 8G    INFO    General                 (kmer_coverage_model.cpp   : 259)   Fitting coverage model
  0:00:09.323    64M / 8G    INFO    General                 (kmer_coverage_model.cpp   : 295)   ... iteration 2
  0:00:09.358    64M / 8G    INFO    General                 (kmer_coverage_model.cpp   : 295)   ... iteration 4
  0:00:09.497    64M / 8G    INFO    General                 (kmer_coverage_model.cpp   : 295)   ... iteration 8
  0:00:09.831    64M / 8G    INFO    General                 (kmer_coverage_model.cpp   : 295)   ... iteration 16
  0:00:10.432    64M / 8G    INFO    General                 (kmer_coverage_model.cpp   : 295)   ... iteration 32
  0:00:11.493    64M / 8G    INFO    General                 (kmer_coverage_model.cpp   : 295)   ... iteration 64
  0:00:11.852    64M / 8G    INFO    General                 (kmer_coverage_model.cpp   : 309)   Fitted mean coverage: 11.1801. Fitted coverage std. dev: 5.71481
  0:00:11.853    64M / 8G    INFO    General                 (kmer_coverage_model.cpp   : 334)   Probability of erroneous kmer at valley: 0.358543
  0:00:11.853    64M / 8G    INFO    General                 (kmer_coverage_model.cpp   : 358)   Preliminary threshold calculated as: 5
  0:00:11.853    64M / 8G    INFO    General                 (kmer_coverage_model.cpp   : 362)   Threshold adjusted to: 5
  0:00:11.853    64M / 8G    INFO    General                 (kmer_coverage_model.cpp   : 375)   Estimated genome size (ignoring repeats): 116923
  0:00:11.853    64M / 8G    INFO    General                 (genomic_info_filler.cpp   : 112)   Mean coverage was calculated as 11.1801
  0:00:11.853    64M / 8G    INFO    General                 (genomic_info_filler.cpp   : 127)   EC coverage threshold value was calculated as 5
  0:00:11.853    64M / 8G    INFO    General                 (genomic_info_filler.cpp   : 128)   Trusted kmer low bound: 0
  0:00:11.853    64M / 8G    INFO   StageManager             (stage.cpp                 : 132)   STAGE == Gap Closer
  0:00:11.853    64M / 8G    INFO    General                 (graph_pack.hpp            : 101)   Index refill
  0:00:11.854    64M / 8G    INFO   K-mer Index Building     (kmer_index_builder.hpp    : 301)   Building kmer index
  0:00:11.854    64M / 8G    INFO    General                 (kmer_index_builder.hpp    : 117)   Splitting kmer instances into 256 files using 16 threads. This might take a while.
  0:00:11.854    64M / 8G    INFO    General                 (file_limit.hpp            :  32)   Open file limit set to 4096
  0:00:11.854    64M / 8G    INFO    General                 (kmer_splitters.hpp        :  89)   Memory available for splitting buffers: 5.20703 Gb
  0:00:11.854    64M / 8G    INFO    General                 (kmer_splitters.hpp        :  97)   Using cell size of 131072
  0:00:13.900     8G / 8G    INFO    General                 (edge_index_builders.hpp   :  77)   Processed 54627 edges
  0:00:13.900     8G / 8G    INFO    General                 (edge_index_builders.hpp   :  82)   Used 54627 sequences.
  0:00:15.302    64M / 8G    INFO    General                 (kmer_index_builder.hpp    : 120)   Starting k-mer counting.
  0:00:15.727    64M / 8G    INFO    General                 (kmer_index_builder.hpp    : 127)   K-mer counting done. There are 433706 kmers in total.
  0:00:15.727    64M / 8G    INFO    General                 (kmer_index_builder.hpp    : 133)   Merging temporary buckets.
  0:00:15.821    64M / 8G    INFO   K-mer Index Building     (kmer_index_builder.hpp    : 314)   Building perfect hash indices
  0:00:15.886    64M / 8G    INFO    General                 (kmer_index_builder.hpp    : 150)   Merging final buckets.
  0:00:15.910    64M / 8G    INFO   K-mer Index Building     (kmer_index_builder.hpp    : 336)   Index built. Total 209800 bytes occupied (3.8699 bits per kmer).
  0:00:15.913    76M / 8G    INFO    General                 (edge_index_builders.hpp   : 107)   Collecting edge information from graph, this takes a while.
  0:00:15.960    76M / 8G    INFO    General                 (edge_index.hpp            :  92)   Index refilled
  0:00:15.961    76M / 8G    INFO    General                 (gap_closer.cpp            : 159)   Preparing shift maps
  0:00:15.994    80M / 8G    INFO    General                 (gap_closer.cpp            : 119)   Processing paired reads (takes a while)
  0:00:16.000    80M / 8G    INFO    General                 (gap_closer.cpp            : 138)   Used 23 paired reads
  0:00:16.000    80M / 8G    INFO    General                 (gap_closer.cpp            : 140)   Merging paired indices
  0:00:16.007    76M / 8G    INFO   GapCloser                (gap_closer.cpp            : 346)   Closing short gaps
  0:00:16.046    76M / 8G    INFO   GapCloser                (gap_closer.cpp            : 380)   Closing short gaps complete: filled 0 gaps after checking 0 candidates
  0:00:16.050    76M / 8G    INFO   StageManager             (stage.cpp                 : 132)   STAGE == Raw Simplification
  0:00:16.051    64M / 8G    INFO    General                 (simplification.cpp        : 128)   PROCEDURE == InitialCleaning
  0:00:16.051    64M / 8G    INFO    General                 (graph_simplification.hpp  : 669)   Flanking coverage based disconnection disabled
  0:00:16.051    64M / 8G    INFO   Simplification           (parallel_processing.hpp   : 165)   Running Self conjugate edge remover
  0:00:16.055    64M / 8G    INFO   Simplification           (parallel_processing.hpp   : 167)   Self conjugate edge remover triggered 0 times
  0:00:16.055    64M / 8G    INFO   Simplification           (parallel_processing.hpp   : 165)   Running Initial tip clipper
  0:00:16.227    64M / 8G    INFO   Simplification           (parallel_processing.hpp   : 167)   Initial tip clipper triggered 11349 times
  0:00:16.227    64M / 8G    INFO   Simplification           (parallel_processing.hpp   : 165)   Running Initial ec remover
  0:00:16.232    64M / 8G    INFO   Simplification           (parallel_processing.hpp   : 167)   Initial ec remover triggered 13 times
  0:00:16.232    64M / 8G    INFO   Simplification           (parallel_processing.hpp   : 165)   Running Initial isolated edge remover
  0:00:16.259    64M / 8G    INFO   Simplification           (parallel_processing.hpp   : 167)   Initial isolated edge remover triggered 5087 times
  0:00:16.259    64M / 8G    INFO   StageManager             (stage.cpp                 : 132)   STAGE == Simplification
  0:00:16.259    64M / 8G    INFO    General                 (simplification.cpp        : 357)   Graph simplification started
  0:00:16.259    64M / 8G    INFO    General                 (graph_simplification.hpp  : 641)   Creating parallel br instance
  0:00:16.259    64M / 8G    INFO    General                 (simplification.cpp        : 362)   PROCEDURE == Simplification cycle, iteration 1
  0:00:16.259    64M / 8G    INFO   Simplification           (parallel_processing.hpp   : 165)   Running Tip clipper
  0:00:16.261    64M / 8G    INFO   Simplification           (parallel_processing.hpp   : 167)   Tip clipper triggered 1 times
  0:00:16.261    64M / 8G    INFO   Simplification           (parallel_processing.hpp   : 165)   Running Bulge remover
  0:00:16.267    64M / 8G    INFO   Simplification           (parallel_processing.hpp   : 167)   Bulge remover triggered 9 times
  0:00:16.267    64M / 8G    INFO   Simplification           (parallel_processing.hpp   : 165)   Running Low coverage edge remover
  0:00:16.269    64M / 8G    INFO   Simplification           (parallel_processing.hpp   : 167)   Low coverage edge remover triggered 0 times
  0:00:16.269    64M / 8G    INFO    General                 (simplification.cpp        : 362)   PROCEDURE == Simplification cycle, iteration 2
  0:00:16.269    64M / 8G    INFO   Simplification           (parallel_processing.hpp   : 165)   Running Tip clipper
  0:00:16.269    64M / 8G    INFO   Simplification           (parallel_processing.hpp   : 167)   Tip clipper triggered 0 times
  0:00:16.269    64M / 8G    INFO   Simplification           (parallel_processing.hpp   : 165)   Running Bulge remover
  0:00:16.269    64M / 8G    INFO   Simplification           (parallel_processing.hpp   : 167)   Bulge remover triggered 0 times
  0:00:16.269    64M / 8G    INFO   Simplification           (parallel_processing.hpp   : 165)   Running Low coverage edge remover
  0:00:16.269    64M / 8G    INFO   Simplification           (parallel_processing.hpp   : 167)   Low coverage edge remover triggered 0 times
  0:00:16.269    64M / 8G    INFO    General                 (simplification.cpp        : 362)   PROCEDURE == Simplification cycle, iteration 3
  0:00:16.269    64M / 8G    INFO   Simplification           (parallel_processing.hpp   : 165)   Running Tip clipper
  0:00:16.269    64M / 8G    INFO   Simplification           (parallel_processing.hpp   : 167)   Tip clipper triggered 0 times
  0:00:16.269    64M / 8G    INFO   Simplification           (parallel_processing.hpp   : 165)   Running Bulge remover
  0:00:16.269    64M / 8G    INFO   Simplification           (parallel_processing.hpp   : 167)   Bulge remover triggered 0 times
  0:00:16.269    64M / 8G    INFO   Simplification           (parallel_processing.hpp   : 165)   Running Low coverage edge remover
  0:00:16.269    64M / 8G    INFO   Simplification           (parallel_processing.hpp   : 167)   Low coverage edge remover triggered 0 times
  0:00:16.269    64M / 8G    INFO    General                 (simplification.cpp        : 362)   PROCEDURE == Simplification cycle, iteration 4
  0:00:16.269    64M / 8G    INFO   Simplification           (parallel_processing.hpp   : 165)   Running Tip clipper
  0:00:16.269    64M / 8G    INFO   Simplification           (parallel_processing.hpp   : 167)   Tip clipper triggered 0 times
  0:00:16.269    64M / 8G    INFO   Simplification           (parallel_processing.hpp   : 165)   Running Bulge remover
  0:00:16.269    64M / 8G    INFO   Simplification           (parallel_processing.hpp   : 167)   Bulge remover triggered 0 times
  0:00:16.269    64M / 8G    INFO   Simplification           (parallel_processing.hpp   : 165)   Running Low coverage edge remover
  0:00:16.269    64M / 8G    INFO   Simplification           (parallel_processing.hpp   : 167)   Low coverage edge remover triggered 0 times
  0:00:16.269    64M / 8G    INFO    General                 (simplification.cpp        : 362)   PROCEDURE == Simplification cycle, iteration 5
  0:00:16.269    64M / 8G    INFO   Simplification           (parallel_processing.hpp   : 165)   Running Tip clipper
  0:00:16.269    64M / 8G    INFO   Simplification           (parallel_processing.hpp   : 167)   Tip clipper triggered 0 times
  0:00:16.269    64M / 8G    INFO   Simplification           (parallel_processing.hpp   : 165)   Running Bulge remover
  0:00:16.269    64M / 8G    INFO   Simplification           (parallel_processing.hpp   : 167)   Bulge remover triggered 0 times
  0:00:16.269    64M / 8G    INFO   Simplification           (parallel_processing.hpp   : 165)   Running Low coverage edge remover
  0:00:16.269    64M / 8G    INFO   Simplification           (parallel_processing.hpp   : 167)   Low coverage edge remover triggered 0 times
  0:00:16.269    64M / 8G    INFO    General                 (simplification.cpp        : 362)   PROCEDURE == Simplification cycle, iteration 6
  0:00:16.269    64M / 8G    INFO   Simplification           (parallel_processing.hpp   : 165)   Running Tip clipper
  0:00:16.269    64M / 8G    INFO   Simplification           (parallel_processing.hpp   : 167)   Tip clipper triggered 0 times
  0:00:16.269    64M / 8G    INFO   Simplification           (parallel_processing.hpp   : 165)   Running Bulge remover
  0:00:16.269    64M / 8G    INFO   Simplification           (parallel_processing.hpp   : 167)   Bulge remover triggered 0 times
  0:00:16.269    64M / 8G    INFO   Simplification           (parallel_processing.hpp   : 165)   Running Low coverage edge remover
  0:00:16.269    64M / 8G    INFO   Simplification           (parallel_processing.hpp   : 167)   Low coverage edge remover triggered 0 times
  0:00:16.269    64M / 8G    INFO    General                 (simplification.cpp        : 362)   PROCEDURE == Simplification cycle, iteration 7
  0:00:16.269    64M / 8G    INFO   Simplification           (parallel_processing.hpp   : 165)   Running Tip clipper
  0:00:16.269    64M / 8G    INFO   Simplification           (parallel_processing.hpp   : 167)   Tip clipper triggered 0 times
  0:00:16.269    64M / 8G    INFO   Simplification           (parallel_processing.hpp   : 165)   Running Bulge remover
  0:00:16.269    64M / 8G    INFO   Simplification           (parallel_processing.hpp   : 167)   Bulge remover triggered 0 times
  0:00:16.269    64M / 8G    INFO   Simplification           (parallel_processing.hpp   : 165)   Running Low coverage edge remover
  0:00:16.269    64M / 8G    INFO   Simplification           (parallel_processing.hpp   : 167)   Low coverage edge remover triggered 1 times
  0:00:16.270    64M / 8G    INFO    General                 (simplification.cpp        : 362)   PROCEDURE == Simplification cycle, iteration 8
  0:00:16.270    64M / 8G    INFO   Simplification           (parallel_processing.hpp   : 165)   Running Tip clipper
  0:00:16.270    64M / 8G    INFO   Simplification           (parallel_processing.hpp   : 167)   Tip clipper triggered 0 times
  0:00:16.270    64M / 8G    INFO   Simplification           (parallel_processing.hpp   : 165)   Running Bulge remover
  0:00:16.270    64M / 8G    INFO   Simplification           (parallel_processing.hpp   : 167)   Bulge remover triggered 0 times
  0:00:16.270    64M / 8G    INFO   Simplification           (parallel_processing.hpp   : 165)   Running Low coverage edge remover
  0:00:16.270    64M / 8G    INFO   Simplification           (parallel_processing.hpp   : 167)   Low coverage edge remover triggered 0 times
  0:00:16.270    64M / 8G    INFO    General                 (simplification.cpp        : 362)   PROCEDURE == Simplification cycle, iteration 9
  0:00:16.270    64M / 8G    INFO   Simplification           (parallel_processing.hpp   : 165)   Running Tip clipper
  0:00:16.270    64M / 8G    INFO   Simplification           (parallel_processing.hpp   : 167)   Tip clipper triggered 0 times
  0:00:16.270    64M / 8G    INFO   Simplification           (parallel_processing.hpp   : 165)   Running Bulge remover
  0:00:16.270    64M / 8G    INFO   Simplification           (parallel_processing.hpp   : 167)   Bulge remover triggered 0 times
  0:00:16.270    64M / 8G    INFO   Simplification           (parallel_processing.hpp   : 165)   Running Low coverage edge remover
  0:00:16.270    64M / 8G    INFO   Simplification           (parallel_processing.hpp   : 167)   Low coverage edge remover triggered 0 times
  0:00:16.270    64M / 8G    INFO    General                 (simplification.cpp        : 362)   PROCEDURE == Simplification cycle, iteration 10
  0:00:16.270    64M / 8G    INFO   Simplification           (parallel_processing.hpp   : 165)   Running Tip clipper
  0:00:16.270    64M / 8G    INFO   Simplification           (parallel_processing.hpp   : 167)   Tip clipper triggered 0 times
  0:00:16.270    64M / 8G    INFO   Simplification           (parallel_processing.hpp   : 165)   Running Bulge remover
  0:00:16.270    64M / 8G    INFO   Simplification           (parallel_processing.hpp   : 167)   Bulge remover triggered 0 times
  0:00:16.270    64M / 8G    INFO   Simplification           (parallel_processing.hpp   : 165)   Running Low coverage edge remover
  0:00:16.270    64M / 8G    INFO   Simplification           (parallel_processing.hpp   : 167)   Low coverage edge remover triggered 0 times
  0:00:16.270    64M / 8G    INFO    General                 (simplification.cpp        : 362)   PROCEDURE == Simplification cycle, iteration 11
  0:00:16.270    64M / 8G    INFO   Simplification           (parallel_processing.hpp   : 165)   Running Tip clipper
  0:00:16.271    64M / 8G    INFO   Simplification           (parallel_processing.hpp   : 167)   Tip clipper triggered 0 times
  0:00:16.271    64M / 8G    INFO   Simplification           (parallel_processing.hpp   : 165)   Running Bulge remover
  0:00:16.273    64M / 8G    INFO   Simplification           (parallel_processing.hpp   : 167)   Bulge remover triggered 0 times
  0:00:16.273    64M / 8G    INFO   Simplification           (parallel_processing.hpp   : 165)   Running Low coverage edge remover
  0:00:16.277    64M / 8G    INFO   Simplification           (parallel_processing.hpp   : 167)   Low coverage edge remover triggered 0 times
  0:00:16.277    64M / 8G    INFO   StageManager             (stage.cpp                 : 132)   STAGE == Gap Closer
  0:00:16.277    64M / 8G    INFO    General                 (graph_pack.hpp            : 101)   Index refill
  0:00:16.278    64M / 8G    INFO   K-mer Index Building     (kmer_index_builder.hpp    : 301)   Building kmer index
  0:00:16.278    64M / 8G    INFO    General                 (kmer_index_builder.hpp    : 117)   Splitting kmer instances into 256 files using 16 threads. This might take a while.
  0:00:16.278    64M / 8G    INFO    General                 (file_limit.hpp            :  32)   Open file limit set to 4096
  0:00:16.278    64M / 8G    INFO    General                 (kmer_splitters.hpp        :  89)   Memory available for splitting buffers: 5.20703 Gb
  0:00:16.278    64M / 8G    INFO    General                 (kmer_splitters.hpp        :  97)   Using cell size of 131072
  0:00:18.254     8G / 8G    INFO    General                 (edge_index_builders.hpp   :  82)   Used 37 sequences.
  0:00:19.718    64M / 8G    INFO    General                 (kmer_index_builder.hpp    : 120)   Starting k-mer counting.
  0:00:20.238    64M / 8G    INFO    General                 (kmer_index_builder.hpp    : 127)   K-mer counting done. There are 130703 kmers in total.
  0:00:20.238    64M / 8G    INFO    General                 (kmer_index_builder.hpp    : 133)   Merging temporary buckets.
  0:00:20.317    64M / 8G    INFO   K-mer Index Building     (kmer_index_builder.hpp    : 314)   Building perfect hash indices
  0:00:20.352    64M / 8G    INFO    General                 (kmer_index_builder.hpp    : 150)   Merging final buckets.
  0:00:20.368    64M / 8G    INFO   K-mer Index Building     (kmer_index_builder.hpp    : 336)   Index built. Total 69392 bytes occupied (4.24731 bits per kmer).
  0:00:20.372    68M / 8G    INFO    General                 (edge_index_builders.hpp   : 107)   Collecting edge information from graph, this takes a while.
  0:00:20.411    68M / 8G    INFO    General                 (edge_index.hpp            :  92)   Index refilled
  0:00:20.412    68M / 8G    INFO    General                 (gap_closer.cpp            : 159)   Preparing shift maps
  0:00:20.412    68M / 8G    INFO    General                 (gap_closer.cpp            : 119)   Processing paired reads (takes a while)
  0:00:20.413    68M / 8G    INFO    General                 (gap_closer.cpp            : 138)   Used 23 paired reads
  0:00:20.415    68M / 8G    INFO    General                 (gap_closer.cpp            : 140)   Merging paired indices
  0:00:20.415    68M / 8G    INFO   GapCloser                (gap_closer.cpp            : 346)   Closing short gaps
  0:00:20.415    68M / 8G    INFO   GapCloser                (gap_closer.cpp            : 380)   Closing short gaps complete: filled 0 gaps after checking 0 candidates
  0:00:20.417    68M / 8G    INFO   StageManager             (stage.cpp                 : 132)   STAGE == Simplification Cleanup
  0:00:20.417    68M / 8G    INFO    General                 (simplification.cpp        : 196)   PROCEDURE == Post simplification
  0:00:20.417    68M / 8G    INFO    General                 (graph_simplification.hpp  : 458)   Disconnection of relatively low covered edges disabled
  0:00:20.417    68M / 8G    INFO    General                 (graph_simplification.hpp  : 494)   Complex tip clipping disabled
  0:00:20.417    68M / 8G    INFO    General                 (graph_simplification.hpp  : 641)   Creating parallel br instance
  0:00:20.417    68M / 8G    INFO   Simplification           (parallel_processing.hpp   : 165)   Running Tip clipper
  0:00:20.418    68M / 8G    INFO   Simplification           (parallel_processing.hpp   : 167)   Tip clipper triggered 0 times
  0:00:20.418    68M / 8G    INFO   Simplification           (parallel_processing.hpp   : 165)   Running Bulge remover
  0:00:20.422    68M / 8G    INFO   Simplification           (parallel_processing.hpp   : 167)   Bulge remover triggered 0 times
  0:00:20.422    68M / 8G    INFO   Simplification           (parallel_processing.hpp   : 165)   Running Tip clipper
  0:00:20.424    68M / 8G    INFO   Simplification           (parallel_processing.hpp   : 167)   Tip clipper triggered 0 times
  0:00:20.424    68M / 8G    INFO   Simplification           (parallel_processing.hpp   : 165)   Running Bulge remover
  0:00:20.427    68M / 8G    INFO   Simplification           (parallel_processing.hpp   : 167)   Bulge remover triggered 0 times
  0:00:20.427    68M / 8G    INFO    General                 (simplification.cpp        : 330)   Disrupting self-conjugate edges
  0:00:20.436    68M / 8G    INFO   Simplification           (parallel_processing.hpp   : 165)   Running Removing isolated edges
  0:00:20.437    68M / 8G    INFO   Simplification           (parallel_processing.hpp   : 167)   Removing isolated edges triggered 6 times
  0:00:20.437    68M / 8G    INFO    General                 (simplification.cpp        : 470)   Counting average coverage
  0:00:20.437    68M / 8G    INFO    General                 (simplification.cpp        : 476)   Average coverage = 11.5763
  0:00:20.437    68M / 8G    INFO   StageManager             (stage.cpp                 : 132)   STAGE == Mismatch Correction
  0:00:20.437    68M / 8G    INFO    General                 (graph_pack.hpp            : 109)   Normalizing k-mer map. Total 792 kmers to process
  0:00:20.438    68M / 8G    INFO    General                 (graph_pack.hpp            : 111)   Normalizing done
  0:00:20.541    68M / 8G    INFO    General                 (mismatch_shall_not_pass.hp: 189)   Finished collecting potential mismatches positions
  0:00:20.544    68M / 8G    INFO    General                 (mismatch_shall_not_pass.hp: 290)   All edges processed
  0:00:20.544    68M / 8G    INFO    General                 (mismatch_correction.cpp   :  27)   Corrected 0 nucleotides
  0:00:20.545    68M / 8G    INFO   StageManager             (stage.cpp                 : 132)   STAGE == Contig Output
  0:00:20.545    68M / 8G    INFO    General                 (contig_output_stage.cpp   :  45)   Writing GFA to /bigdata/littlab/arajewski/Datura/2_Fast-Plast/Dstr/3_Spades_Assembly/spades_iter1//K43/assembly_graph_with_scaffolds.gfa
  0:00:20.547    68M / 8G    INFO    General                 (contig_output.hpp         :  22)   Outputting contigs to /bigdata/littlab/arajewski/Datura/2_Fast-Plast/Dstr/3_Spades_Assembly/spades_iter1//K43/before_rr.fasta
  0:00:20.557    68M / 8G    INFO    General                 (contig_output_stage.cpp   :  56)   Outputting FastG graph to /bigdata/littlab/arajewski/Datura/2_Fast-Plast/Dstr/3_Spades_Assembly/spades_iter1//K43/assembly_graph.fastg
  0:00:20.564    68M / 8G    INFO    General                 (contig_output.hpp         :  22)   Outputting contigs to /bigdata/littlab/arajewski/Datura/2_Fast-Plast/Dstr/3_Spades_Assembly/spades_iter1//K43/final_contigs.fasta
  0:00:20.573    68M / 8G    INFO   StageManager             (stage.cpp                 : 132)   STAGE == Paired Information Counting
  0:00:20.573    68M / 8G    INFO    General                 (graph_pack.hpp            : 109)   Normalizing k-mer map. Total 792 kmers to process
  0:00:20.573    68M / 8G    INFO    General                 (graph_pack.hpp            : 111)   Normalizing done
  0:00:20.573    68M / 8G    INFO    General                 (pair_info_count.cpp       : 323)   Min edge length for estimation: 13589
  0:00:20.573    68M / 8G    INFO    General                 (pair_info_count.cpp       : 334)   Estimating insert size for library #0
  0:00:20.573    68M / 8G    INFO    General                 (pair_info_count.cpp       : 190)   Estimating insert size (takes a while)
  0:00:20.711   340M / 8G    INFO    General                 (pair_info_count.cpp       :  39)   Selecting usual mapper
  0:00:21.568   340M / 8G    INFO    General                 (sequence_mapper_notifier.h:  98)   Total 23 reads processed
  0:00:22.091   340M / 8G    INFO    General                 (pair_info_count.cpp       : 209)   Edge pairs: 67108864 (rough upper limit)
  0:00:22.091   340M / 8G    INFO    General                 (pair_info_count.cpp       : 213)   14 paired reads (60.8696% of all) aligned to long edges
  0:00:22.093    68M / 8G    INFO    General                 (pair_info_count.cpp       : 357)     Insert size = 281.357, deviation = 137.491, left quantile = 76, right quantile = 448, read length = 76
  0:00:22.156   260M / 8G    INFO    General                 (pair_info_count.cpp       : 374)   Filtering data for library #0
  0:00:22.157   260M / 8G    INFO    General                 (pair_info_count.cpp       :  39)   Selecting usual mapper
  0:00:22.160   260M / 8G    INFO    General                 (sequence_mapper_notifier.h:  98)   Total 23 reads processed
  0:00:22.160   260M / 8G    INFO    General                 (pair_info_count.cpp       : 386)   Mapping library #0
  0:00:22.160   260M / 8G    INFO    General                 (pair_info_count.cpp       : 388)   Mapping paired reads (takes a while)
  0:00:22.160   260M / 8G    INFO    General                 (pair_info_count.cpp       : 289)   Left insert size quantile 76, right insert size quantile 448, filtering threshold 2, rounding threshold 0
  0:00:22.172   272M / 8G    INFO    General                 (pair_info_count.cpp       :  39)   Selecting usual mapper
  0:00:22.192   272M / 8G    INFO    General                 (sequence_mapper_notifier.h:  98)   Total 23 reads processed
  0:00:22.204    68M / 8G    INFO   StageManager             (stage.cpp                 : 132)   STAGE == Distance Estimation
  0:00:22.205    68M / 8G    INFO    General                 (distance_estimation.cpp   : 173)   Processing library #0
  0:00:22.205    68M / 8G    INFO    General                 (distance_estimation.cpp   : 149)   Weight Filter Done
  0:00:22.205    68M / 8G    INFO   DistanceEstimator        (distance_estimation.hpp   : 116)   Using SIMPLE distance estimator
  0:00:22.206    68M / 8G    INFO    General                 (distance_estimation.cpp   :  34)   Filtering info
  0:00:22.206    68M / 8G    INFO    General                 (pair_info_filters.hpp     : 242)   Start filtering; index size: 26
  0:00:22.207    68M / 8G    INFO    General                 (pair_info_filters.hpp     : 263)   Done filtering
  0:00:22.207    68M / 8G    INFO    General                 (distance_estimation.cpp   : 156)   Refining clustered pair information
  0:00:22.207    68M / 8G    INFO    General                 (distance_estimation.cpp   : 158)   The refining of clustered pair information has been finished
  0:00:22.207    68M / 8G    INFO    General                 (distance_estimation.cpp   : 160)   Improving paired information
  0:00:22.211    68M / 8G    INFO   PairInfoImprover         (pair_info_improver.hpp    : 103)   Paired info stats: missing = 0; contradictional = 0
  0:00:22.217    68M / 8G    INFO   PairInfoImprover         (pair_info_improver.hpp    : 103)   Paired info stats: missing = 0; contradictional = 0
  0:00:22.217    68M / 8G    INFO    General                 (distance_estimation.cpp   : 103)   Filling scaffolding index
  0:00:22.217    68M / 8G    INFO   DistanceEstimator        (distance_estimation.hpp   : 116)   Using SMOOTHING distance estimator
  0:00:22.221    68M / 8G    INFO    General                 (distance_estimation.cpp   :  34)   Filtering info
  0:00:22.221    68M / 8G    INFO    General                 (pair_info_filters.hpp     : 242)   Start filtering; index size: 26
  0:00:22.221    68M / 8G    INFO    General                 (pair_info_filters.hpp     : 263)   Done filtering
  0:00:22.221    68M / 8G    INFO    General                 (distance_estimation.cpp   : 182)   Clearing raw paired index
  0:00:22.221    68M / 8G    INFO   StageManager             (stage.cpp                 : 132)   STAGE == Repeat Resolving
  0:00:22.221    68M / 8G    INFO    General                 (repeat_resolving.cpp      :  69)   Using Path-Extend repeat resolving
  0:00:22.221    68M / 8G    INFO    General                 (launcher.cpp              : 481)   ExSPAnder repeat resolving tool started
  0:00:22.222    68M / 8G    INFO    General                 (launcher.cpp              : 392)   Creating main extenders, unique edge length = 2000
  0:00:22.222    68M / 8G    INFO    General                 (extenders_logic.cpp       : 278)   Estimated coverage of library #0 is 11.5763
  0:00:22.222    68M / 8G    INFO    General                 (extenders_logic.cpp       : 278)   Estimated coverage of library #0 is 11.5763
  0:00:22.223    68M / 8G    INFO    General                 (extenders_logic.cpp       : 475)   Using 1 paired-end library
  0:00:22.223    68M / 8G    INFO    General                 (extenders_logic.cpp       : 476)   Using 1 paired-end scaffolding library
  0:00:22.223    68M / 8G    INFO    General                 (extenders_logic.cpp       : 477)   Using 0 single read libraries
  0:00:22.223    68M / 8G    INFO    General                 (launcher.cpp              : 420)   Total number of extenders is 3
  0:00:22.223    68M / 8G    INFO    General                 (path_extender.hpp         : 885)   Processed 0 paths from 13 (0%)
  0:00:22.224    68M / 8G    INFO    General                 (path_extender.hpp         : 885)   Processed 2 paths from 13 (15%)
  0:00:22.224    68M / 8G    INFO    General                 (path_extender.hpp         : 885)   Processed 4 paths from 13 (30%)
  0:00:22.224    68M / 8G    INFO    General                 (path_extender.hpp         : 885)   Processed 6 paths from 13 (46%)
  0:00:22.225    68M / 8G    INFO    General                 (path_extender.hpp         : 885)   Processed 8 paths from 13 (61%)
  0:00:22.225    68M / 8G    INFO    General                 (path_extender.hpp         : 885)   Processed 10 paths from 13 (76%)
  0:00:22.225    68M / 8G    INFO    General                 (path_extender.hpp         : 885)   Processed 12 paths from 13 (92%)
  0:00:22.225    68M / 8G    INFO    General                 (launcher.cpp              : 234)   Finalizing paths
  0:00:22.225    68M / 8G    INFO    General                 (launcher.cpp              : 236)   Deduplicating paths
  0:00:22.225    68M / 8G    INFO    General                 (launcher.cpp              : 240)   Paths deduplicated
  0:00:22.225    68M / 8G    INFO   PEResolver               (pe_resolver.hpp           : 295)   Removing overlaps
  0:00:22.225    68M / 8G    INFO   PEResolver               (pe_resolver.hpp           : 298)   Sorting paths
  0:00:22.225    68M / 8G    INFO   PEResolver               (pe_resolver.hpp           : 305)   Marking overlaps
  0:00:22.225    68M / 8G    INFO   OverlapRemover           (pe_resolver.hpp           : 130)   Marking start/end overlaps
  0:00:22.225    68M / 8G    INFO   OverlapRemover           (pe_resolver.hpp           : 133)   Marking remaining overlaps
  0:00:22.225    68M / 8G    INFO   PEResolver               (pe_resolver.hpp           : 308)   Splitting paths
  0:00:22.225    68M / 8G    INFO   PEResolver               (pe_resolver.hpp           : 313)   Deduplicating paths
  0:00:22.225    68M / 8G    INFO   PEResolver               (pe_resolver.hpp           : 315)   Overlaps removed
  0:00:22.225    68M / 8G    INFO    General                 (launcher.cpp              : 257)   Paths finalized
  0:00:22.226    68M / 8G    INFO    General                 (launcher.cpp              : 427)   Closing gaps in paths
  0:00:22.226    68M / 8G    INFO    General                 (launcher.cpp              : 455)   Gap closing completed
  0:00:22.226    68M / 8G    INFO    General                 (launcher.cpp              : 286)   Traversing tandem repeats
  0:00:22.226    68M / 8G    INFO    General                 (launcher.cpp              : 296)   Traversed 0 loops
  0:00:22.226    68M / 8G    INFO    General                 (launcher.cpp              : 234)   Finalizing paths
  0:00:22.226    68M / 8G    INFO    General                 (launcher.cpp              : 236)   Deduplicating paths
  0:00:22.226    68M / 8G    INFO    General                 (launcher.cpp              : 240)   Paths deduplicated
  0:00:22.226    68M / 8G    INFO   PEResolver               (pe_resolver.hpp           : 295)   Removing overlaps
  0:00:22.226    68M / 8G    INFO   PEResolver               (pe_resolver.hpp           : 298)   Sorting paths
  0:00:22.226    68M / 8G    INFO   PEResolver               (pe_resolver.hpp           : 305)   Marking overlaps
  0:00:22.226    68M / 8G    INFO   OverlapRemover           (pe_resolver.hpp           : 130)   Marking start/end overlaps
  0:00:22.226    68M / 8G    INFO   OverlapRemover           (pe_resolver.hpp           : 133)   Marking remaining overlaps
  0:00:22.226    68M / 8G    INFO   PEResolver               (pe_resolver.hpp           : 308)   Splitting paths
  0:00:22.226    68M / 8G    INFO   PEResolver               (pe_resolver.hpp           : 313)   Deduplicating paths
  0:00:22.226    68M / 8G    INFO   PEResolver               (pe_resolver.hpp           : 315)   Overlaps removed
  0:00:22.226    68M / 8G    INFO    General                 (launcher.cpp              : 257)   Paths finalized
  0:00:22.226    68M / 8G    INFO    General                 (launcher.cpp              : 534)   ExSPAnder repeat resolving tool finished
  0:00:22.226    68M / 8G    INFO   StageManager             (stage.cpp                 : 132)   STAGE == Contig Output
  0:00:22.226    68M / 8G    INFO    General                 (contig_output_stage.cpp   :  45)   Writing GFA to /bigdata/littlab/arajewski/Datura/2_Fast-Plast/Dstr/3_Spades_Assembly/spades_iter1//K43/assembly_graph_with_scaffolds.gfa
  0:00:22.230    68M / 8G    INFO    General                 (contig_output.hpp         :  22)   Outputting contigs to /bigdata/littlab/arajewski/Datura/2_Fast-Plast/Dstr/3_Spades_Assembly/spades_iter1//K43/before_rr.fasta
  0:00:22.240    68M / 8G    INFO    General                 (contig_output_stage.cpp   :  56)   Outputting FastG graph to /bigdata/littlab/arajewski/Datura/2_Fast-Plast/Dstr/3_Spades_Assembly/spades_iter1//K43/assembly_graph.fastg
  0:00:22.248    68M / 8G    INFO    General                 (contig_output_stage.cpp   :  20)   Outputting FastG paths to /bigdata/littlab/arajewski/Datura/2_Fast-Plast/Dstr/3_Spades_Assembly/spades_iter1//K43/final_contigs.paths
  0:00:22.253    68M / 8G    INFO    General                 (contig_output_stage.cpp   :  20)   Outputting FastG paths to /bigdata/littlab/arajewski/Datura/2_Fast-Plast/Dstr/3_Spades_Assembly/spades_iter1//K43/scaffolds.paths
  0:00:22.259    68M / 8G    INFO    General                 (launch.hpp                : 151)   SPAdes finished
  0:00:22.262    64M / 8G    INFO    General                 (main.cpp                  : 109)   Assembling time: 0 hours 0 minutes 22 seconds

===== Assembling finished. Used k-mer sizes: 31, 37, 43 

 * Assembled contigs are in /bigdata/littlab/arajewski/Datura/2_Fast-Plast/Dstr/3_Spades_Assembly/spades_iter1/contigs.fasta
 * Assembled scaffolds are in /bigdata/littlab/arajewski/Datura/2_Fast-Plast/Dstr/3_Spades_Assembly/spades_iter1/scaffolds.fasta
 * Paths in the assembly graph corresponding to the contigs are in /bigdata/littlab/arajewski/Datura/2_Fast-Plast/Dstr/3_Spades_Assembly/spades_iter1/contigs.paths
 * Paths in the assembly graph corresponding to the scaffolds are in /bigdata/littlab/arajewski/Datura/2_Fast-Plast/Dstr/3_Spades_Assembly/spades_iter1/scaffolds.paths
 * Assembly graph is in /bigdata/littlab/arajewski/Datura/2_Fast-Plast/Dstr/3_Spades_Assembly/spades_iter1/assembly_graph.fastg
 * Assembly graph in GFA format is in /bigdata/littlab/arajewski/Datura/2_Fast-Plast/Dstr/3_Spades_Assembly/spades_iter1/assembly_graph_with_scaffolds.gfa

======= SPAdes pipeline finished.

SPAdes log can be found here: /bigdata/littlab/arajewski/Datura/2_Fast-Plast/Dstr/3_Spades_Assembly/spades_iter1/spades.log

Thank you for using SPAdes!
